-------------------------------------------------------------------------------
Test set: com.kaknnea.pos.controller.CartControllerIntegrationTest
-------------------------------------------------------------------------------
Tests run: 9, Failures: 1, Errors: 0, Skipped: 0, Time elapsed: 0.587 s <<< FAILURE! -- in com.kaknnea.pos.controller.CartControllerIntegrationTest
com.kaknnea.pos.controller.CartControllerIntegrationTest.testAddItemToCart_Success -- Time elapsed: 0.079 s <<< FAILURE!
java.lang.AssertionError: Status expected:<201> but was:<500>
	at org.springframework.test.util.AssertionErrors.fail(AssertionErrors.java:59)
	at org.springframework.test.util.AssertionErrors.assertEquals(AssertionErrors.java:122)
	at org.springframework.test.web.servlet.result.StatusResultMatchers.lambda$matcher$9(StatusResultMatchers.java:637)
	at org.springframework.test.web.servlet.MockMvc$1.andExpect(MockMvc.java:214)
	at com.kaknnea.pos.controller.CartControllerIntegrationTest.testAddItemToCart_Success(CartControllerIntegrationTest.java:161)
	at java.base/java.lang.reflect.Method.invoke(Method.java:569)
	at java.base/java.util.ArrayList.forEach(ArrayList.java:1511)
	at java.base/java.util.ArrayList.forEach(ArrayList.java:1511)

