-------------------------------------------------------------------------------
Test set: com.kaknnea.pos.controller.CustomerCreditCollectionIntegrationTest
-------------------------------------------------------------------------------
Tests run: 5, Failures: 3, Errors: 0, Skipped: 0, Time elapsed: 0.148 s <<< FAILURE! -- in com.kaknnea.pos.controller.CustomerCreditCollectionIntegrationTest
com.kaknnea.pos.controller.CustomerCreditCollectionIntegrationTest.collectCollection_withSameIdempotencyKey_returnsSamePayment -- Time elapsed: 0.040 s <<< FAILURE!
java.lang.AssertionError: Status expected:<200> but was:<500>
	at org.springframework.test.util.AssertionErrors.fail(AssertionErrors.java:59)
	at org.springframework.test.util.AssertionErrors.assertEquals(AssertionErrors.java:122)
	at org.springframework.test.web.servlet.result.StatusResultMatchers.lambda$matcher$9(StatusResultMatchers.java:637)
	at org.springframework.test.web.servlet.MockMvc$1.andExpect(MockMvc.java:214)
	at com.kaknnea.pos.controller.CustomerCreditCollectionIntegrationTest.collectCollection_withSameIdempotencyKey_returnsSamePayment(CustomerCreditCollectionIntegrationTest.java:119)
	at java.base/java.lang.reflect.Method.invoke(Method.java:569)
	at java.base/java.util.ArrayList.forEach(ArrayList.java:1511)
	at java.base/java.util.ArrayList.forEach(ArrayList.java:1511)

com.kaknnea.pos.controller.CustomerCreditCollectionIntegrationTest.collect_manualAllocations_appliesRequestedTargets -- Time elapsed: 0.025 s <<< FAILURE!
java.lang.AssertionError: Status expected:<200> but was:<500>
	at org.springframework.test.util.AssertionErrors.fail(AssertionErrors.java:59)
	at org.springframework.test.util.AssertionErrors.assertEquals(AssertionErrors.java:122)
	at org.springframework.test.web.servlet.result.StatusResultMatchers.lambda$matcher$9(StatusResultMatchers.java:637)
	at org.springframework.test.web.servlet.MockMvc$1.andExpect(MockMvc.java:214)
	at com.kaknnea.pos.controller.CustomerCreditCollectionIntegrationTest.collect_manualAllocations_appliesRequestedTargets(CustomerCreditCollectionIntegrationTest.java:192)
	at java.base/java.lang.reflect.Method.invoke(Method.java:569)
	at java.base/java.util.ArrayList.forEach(ArrayList.java:1511)
	at java.base/java.util.ArrayList.forEach(ArrayList.java:1511)

com.kaknnea.pos.controller.CustomerCreditCollectionIntegrationTest.creditLedger_afterCollection_includesCollectionEntry -- Time elapsed: 0.017 s <<< FAILURE!
java.lang.AssertionError: Status expected:<200> but was:<500>
	at org.springframework.test.util.AssertionErrors.fail(AssertionErrors.java:59)
	at org.springframework.test.util.AssertionErrors.assertEquals(AssertionErrors.java:122)
	at org.springframework.test.web.servlet.result.StatusResultMatchers.lambda$matcher$9(StatusResultMatchers.java:637)
	at org.springframework.test.web.servlet.MockMvc$1.andExpect(MockMvc.java:214)
	at com.kaknnea.pos.controller.CustomerCreditCollectionIntegrationTest.creditLedger_afterCollection_includesCollectionEntry(CustomerCreditCollectionIntegrationTest.java:160)
	at java.base/java.lang.reflect.Method.invoke(Method.java:569)
	at java.base/java.util.ArrayList.forEach(ArrayList.java:1511)
	at java.base/java.util.ArrayList.forEach(ArrayList.java:1511)

