-------------------------------------------------------------------------------
Test set: com.kaknnea.pos.controller.PurchasingWorkflowIntegrationTest
-------------------------------------------------------------------------------
Tests run: 7, Failures: 1, Errors: 0, Skipped: 0, Time elapsed: 0.745 s <<< FAILURE! -- in com.kaknnea.pos.controller.PurchasingWorkflowIntegrationTest
com.kaknnea.pos.controller.PurchasingWorkflowIntegrationTest.purchaseOrder_sendMarksSentAt -- Time elapsed: 0.097 s <<< FAILURE!
java.lang.AssertionError: Status expected:<200> but was:<500>
	at org.springframework.test.util.AssertionErrors.fail(AssertionErrors.java:59)
	at org.springframework.test.util.AssertionErrors.assertEquals(AssertionErrors.java:122)
	at org.springframework.test.web.servlet.result.StatusResultMatchers.lambda$matcher$9(StatusResultMatchers.java:637)
	at org.springframework.test.web.servlet.MockMvc$1.andExpect(MockMvc.java:214)
	at com.kaknnea.pos.controller.PurchasingWorkflowIntegrationTest.purchaseOrder_sendMarksSentAt(PurchasingWorkflowIntegrationTest.java:366)
	at java.base/java.lang.reflect.Method.invoke(Method.java:569)
	at java.base/java.util.ArrayList.forEach(ArrayList.java:1511)
	at java.base/java.util.ArrayList.forEach(ArrayList.java:1511)

