-------------------------------------------------------------------------------
Test set: com.kaknnea.pos.service.CreditCollectionServiceTest
-------------------------------------------------------------------------------
Tests run: 9, Failures: 4, Errors: 1, Skipped: 0, Time elapsed: 0.371 s <<< FAILURE! -- in com.kaknnea.pos.service.CreditCollectionServiceTest
com.kaknnea.pos.service.CreditCollectionServiceTest.collect_withManualAllocations_sumMismatch_throwsApiException -- Time elapsed: 0.310 s <<< FAILURE!
org.opentest4j.AssertionFailedError: Unexpected exception type thrown, expected: <com.kaknnea.pos.exception.ApiException> but was: <java.lang.NullPointerException>
	at org.junit.jupiter.api.AssertionFailureBuilder.build(AssertionFailureBuilder.java:151)
	at org.junit.jupiter.api.AssertThrows.assertThrows(AssertThrows.java:67)
	at org.junit.jupiter.api.AssertThrows.assertThrows(AssertThrows.java:35)
	at org.junit.jupiter.api.Assertions.assertThrows(Assertions.java:3115)
	at com.kaknnea.pos.service.CreditCollectionServiceTest.collect_withManualAllocations_sumMismatch_throwsApiException(CreditCollectionServiceTest.java:257)
	at java.base/java.lang.reflect.Method.invoke(Method.java:569)
	at java.base/java.util.ArrayList.forEach(ArrayList.java:1511)
	at java.base/java.util.ArrayList.forEach(ArrayList.java:1511)
Caused by: java.lang.NullPointerException: Cannot invoke "com.kaknnea.pos.repository.UserRepository.findByEmail(String)" because "this.userRepository" is null
	at com.kaknnea.pos.service.CreditCollectionService.resolveShiftForCollection(CreditCollectionService.java:174)
	at com.kaknnea.pos.service.CreditCollectionService.collect(CreditCollectionService.java:126)
	at com.kaknnea.pos.service.CreditCollectionServiceTest.lambda$collect_withManualAllocations_sumMismatch_throwsApiException$0(CreditCollectionServiceTest.java:257)
	at org.junit.jupiter.api.AssertThrows.assertThrows(AssertThrows.java:53)
	... 6 more

com.kaknnea.pos.service.CreditCollectionServiceTest.collect_withManualAllocations_exceedsOutstanding_throwsApiException -- Time elapsed: 0.008 s <<< FAILURE!
org.opentest4j.AssertionFailedError: Unexpected exception type thrown, expected: <com.kaknnea.pos.exception.ApiException> but was: <java.lang.NullPointerException>
	at org.junit.jupiter.api.AssertionFailureBuilder.build(AssertionFailureBuilder.java:151)
	at org.junit.jupiter.api.AssertThrows.assertThrows(AssertThrows.java:67)
	at org.junit.jupiter.api.AssertThrows.assertThrows(AssertThrows.java:35)
	at org.junit.jupiter.api.Assertions.assertThrows(Assertions.java:3115)
	at com.kaknnea.pos.service.CreditCollectionServiceTest.collect_withManualAllocations_exceedsOutstanding_throwsApiException(CreditCollectionServiceTest.java:322)
	at java.base/java.lang.reflect.Method.invoke(Method.java:569)
	at java.base/java.util.ArrayList.forEach(ArrayList.java:1511)
	at java.base/java.util.ArrayList.forEach(ArrayList.java:1511)
Caused by: java.lang.NullPointerException: Cannot invoke "com.kaknnea.pos.repository.UserRepository.findByEmail(String)" because "this.userRepository" is null
	at com.kaknnea.pos.service.CreditCollectionService.resolveShiftForCollection(CreditCollectionService.java:174)
	at com.kaknnea.pos.service.CreditCollectionService.collect(CreditCollectionService.java:126)
	at com.kaknnea.pos.service.CreditCollectionServiceTest.lambda$collect_withManualAllocations_exceedsOutstanding_throwsApiException$2(CreditCollectionServiceTest.java:322)
	at org.junit.jupiter.api.AssertThrows.assertThrows(AssertThrows.java:53)
	... 6 more

com.kaknnea.pos.service.CreditCollectionServiceTest.collect_withManualAllocations_appliesManualRows -- Time elapsed: 0.006 s <<< ERROR!
java.lang.NullPointerException: Cannot invoke "com.kaknnea.pos.repository.UserRepository.findByEmail(String)" because "this.userRepository" is null
	at com.kaknnea.pos.service.CreditCollectionService.resolveShiftForCollection(CreditCollectionService.java:174)
	at com.kaknnea.pos.service.CreditCollectionService.collect(CreditCollectionService.java:126)
	at com.kaknnea.pos.service.CreditCollectionServiceTest.collect_withManualAllocations_appliesManualRows(CreditCollectionServiceTest.java:225)
	at java.base/java.lang.reflect.Method.invoke(Method.java:569)
	at java.base/java.util.ArrayList.forEach(ArrayList.java:1511)
	at java.base/java.util.ArrayList.forEach(ArrayList.java:1511)

com.kaknnea.pos.service.CreditCollectionServiceTest.collect_withManualAllocations_duplicateTarget_throwsApiException -- Time elapsed: 0.006 s <<< FAILURE!
org.opentest4j.AssertionFailedError: Unexpected exception type thrown, expected: <com.kaknnea.pos.exception.ApiException> but was: <java.lang.NullPointerException>
	at org.junit.jupiter.api.AssertionFailureBuilder.build(AssertionFailureBuilder.java:151)
	at org.junit.jupiter.api.AssertThrows.assertThrows(AssertThrows.java:67)
	at org.junit.jupiter.api.AssertThrows.assertThrows(AssertThrows.java:35)
	at org.junit.jupiter.api.Assertions.assertThrows(Assertions.java:3115)
	at com.kaknnea.pos.service.CreditCollectionServiceTest.collect_withManualAllocations_duplicateTarget_throwsApiException(CreditCollectionServiceTest.java:291)
	at java.base/java.lang.reflect.Method.invoke(Method.java:569)
	at java.base/java.util.ArrayList.forEach(ArrayList.java:1511)
	at java.base/java.util.ArrayList.forEach(ArrayList.java:1511)
Caused by: java.lang.NullPointerException: Cannot invoke "com.kaknnea.pos.repository.UserRepository.findByEmail(String)" because "this.userRepository" is null
	at com.kaknnea.pos.service.CreditCollectionService.resolveShiftForCollection(CreditCollectionService.java:174)
	at com.kaknnea.pos.service.CreditCollectionService.collect(CreditCollectionService.java:126)
	at com.kaknnea.pos.service.CreditCollectionServiceTest.lambda$collect_withManualAllocations_duplicateTarget_throwsApiException$1(CreditCollectionServiceTest.java:291)
	at org.junit.jupiter.api.AssertThrows.assertThrows(AssertThrows.java:53)
	... 6 more

com.kaknnea.pos.service.CreditCollectionServiceTest.collect_withSameIdempotencyKey_returnsExistingPaymentWithoutCreatingNew -- Time elapsed: 0.004 s <<< FAILURE!
org.opentest4j.AssertionFailedError: expected: <PAY-00099> but was: <PAY-2026-00099>
	at org.junit.jupiter.api.AssertionFailureBuilder.build(AssertionFailureBuilder.java:151)
	at org.junit.jupiter.api.AssertionFailureBuilder.buildAndThrow(AssertionFailureBuilder.java:132)
	at org.junit.jupiter.api.AssertEquals.failNotEqual(AssertEquals.java:197)
	at org.junit.jupiter.api.AssertEquals.assertEquals(AssertEquals.java:182)
	at org.junit.jupiter.api.AssertEquals.assertEquals(AssertEquals.java:177)
	at org.junit.jupiter.api.Assertions.assertEquals(Assertions.java:1145)
	at com.kaknnea.pos.service.CreditCollectionServiceTest.collect_withSameIdempotencyKey_returnsExistingPaymentWithoutCreatingNew(CreditCollectionServiceTest.java:167)
	at java.base/java.lang.reflect.Method.invoke(Method.java:569)
	at java.base/java.util.ArrayList.forEach(ArrayList.java:1511)
	at java.base/java.util.ArrayList.forEach(ArrayList.java:1511)

