<?xml version="1.0" encoding="UTF-8"?>
<testsuite xmlns:xsi="http://www.w3.org/2001/XMLSchema-instance" xsi:noNamespaceSchemaLocation="https://maven.apache.org/surefire/maven-surefire-plugin/xsd/surefire-test-report-3.0.xsd" version="3.0" name="com.kaknnea.pos.controller.EstimateWorkflowIntegrationTest" time="0.447" tests="5" errors="0" skipped="0" failures="0">
  <properties>
[...]
</properties>
  <testcase name="createEstimate" classname="com.kaknnea.pos.controller.EstimateWorkflowIntegrationTest" time="0.064">
    <system-out><![CDATA[2026-07-29T09:55:29.979+07:00 DEBUG 39817 --- [           main] .b.t.c.SpringBootTestContextBootstrapper : Neither @ContextConfiguration nor @ContextHierarchy found for test class [EstimateWorkflowIntegrationTest]: using SpringBootContextLoader
2026-07-29T09:55:29.980+07:00 DEBUG 39817 --- [           main] o.s.t.c.support.AbstractContextLoader    : Could not detect default resource locations for test class [com.kaknnea.pos.controller.EstimateWorkflowIntegrationTest]: no resource found for suffixes {-context.xml, Context.groovy}.
2026-07-29T09:55:29.980+07:00  INFO 39817 --- [           main] t.c.s.AnnotationConfigContextLoaderUtils : Could not detect default configuration classes for test class [com.kaknnea.pos.controller.EstimateWorkflowIntegrationTest]: EstimateWorkflowIntegrationTest does not declare any static, non-private, non-final, nested classes annotated with @Configuration.
2026-07-29T09:55:29.980+07:00 DEBUG 39817 --- [           main] .b.t.c.SpringBootTestContextBootstrapper : Using ContextCustomizerFactory implementations for test class [EstimateWorkflowIntegrationTest]: [ImportsContextCustomizerFactory, ExcludeFilterContextCustomizerFactory, HttpGraphQlTesterContextCustomizerFactory, DuplicateJsonObjectContextCustomizerFactory, MockitoContextCustomizerFactory, TestRestTemplateContextCustomizerFactory, WebTestClientContextCustomizerFactory, OverrideAutoConfigurationContextCustomizerFactory, ObservabilityContextCustomizerFactory, TypeExcludeFiltersContextCustomizerFactory, PropertyMappingContextCustomizerFactory, WebDriverContextCustomizerFactory, MockServerContainerContextCustomizerFactory, DynamicPropertiesContextCustomizerFactory]
2026-07-29T09:55:29.982+07:00 DEBUG 39817 --- [           main] .b.t.c.SpringBootTestContextBootstrapper : Using ContextCustomizers for test class [EstimateWorkflowIntegrationTest]: [ImportsContextCustomizer, ExcludeFilterContextCustomizer, DuplicateJsonObjectContextCustomizer, MockitoContextCustomizer, TestRestTemplateContextCustomizer, DisableObservabilityContextCustomizer, PropertyMappingContextCustomizer, WebDriverContextCustomizer]
2026-07-29T09:55:29.982+07:00  INFO 39817 --- [           main] .b.t.c.SpringBootTestContextBootstrapper : Found @SpringBootConfiguration com.kaknnea.pos.KaknneaPosApplication for test class com.kaknnea.pos.controller.EstimateWorkflowIntegrationTest
2026-07-29T09:55:29.983+07:00 DEBUG 39817 --- [           main] .s.t.c.u.TestContextSpringFactoriesUtils : Skipping candidate TestExecutionListener [org.springframework.test.context.observation.MicrometerObservationRegistryTestExecutionListener] due to a missing dependency. Specify custom TestExecutionListener classes or make the default TestExecutionListener classes and their required dependencies available. Offending class: io.micrometer.context.ThreadLocalAccessor. MicrometerObservationRegistryTestExecutionListener requires io.micrometer:micrometer-observation:1.10.8 or higher and io.micrometer:context-propagation:1.0.3 or higher.
2026-07-29T09:55:29.983+07:00 DEBUG 39817 --- [           main] .b.t.c.SpringBootTestContextBootstrapper : Using TestExecutionListeners for test class [EstimateWorkflowIntegrationTest]: [ServletTestExecutionListener, DirtiesContextBeforeModesTestExecutionListener, ApplicationEventsTestExecutionListener, MockitoTestExecutionListener, DependencyInjectionTestExecutionListener, DirtiesContextTestExecutionListener, TransactionalTestExecutionListener, SqlScriptsTestExecutionListener, EventPublishingTestExecutionListener, WithSecurityContextTestExecutionListener, ReactorContextTestExecutionListener, ResetMocksTestExecutionListener, RestDocsTestExecutionListener, MockRestServiceServerResetTestExecutionListener, MockMvcPrintOnlyOnFailureTestExecutionListener, WebDriverTestExecutionListener, MockWebServiceServerTestExecutionListener]
2026-07-29T09:55:29.984+07:00 DEBUG 39817 --- [           main] sContextBeforeModesTestExecutionListener : Before test class: class [EstimateWorkflowIntegrationTest], class annotated with @DirtiesContext [false] with mode [null]
2026-07-29T09:55:29.984+07:00 DEBUG 39817 --- [           main] org.springframework.test.context.cache   : Spring test ApplicationContext cache statistics: [DefaultContextCache@ac337e2 size = 1, maxSize = 32, parentContextCount = 0, hitCount = 900, missCount = 1, failureCount = 0]
2026-07-29T09:55:29.984+07:00 DEBUG 39817 --- [           main] org.springframework.test.context.cache   : Spring test ApplicationContext cache statistics: [DefaultContextCache@ac337e2 size = 1, maxSize = 32, parentContextCount = 0, hitCount = 901, missCount = 1, failureCount = 0]
2026-07-29T09:55:29.984+07:00 DEBUG 39817 --- [           main] o.s.t.c.w.ServletTestExecutionListener   : Setting up MockHttpServletRequest, MockHttpServletResponse, ServletWebRequest, and RequestContextHolder for test class com.kaknnea.pos.controller.EstimateWorkflowIntegrationTest
2026-07-29T09:55:29.984+07:00 DEBUG 39817 --- [           main] DependencyInjectionTestExecutionListener : Performing dependency injection for test class com.kaknnea.pos.controller.EstimateWorkflowIntegrationTest
2026-07-29T09:55:29.984+07:00 DEBUG 39817 --- [           main] org.springframework.test.context.cache   : Spring test ApplicationContext cache statistics: [DefaultContextCache@ac337e2 size = 1, maxSize = 32, parentContextCount = 0, hitCount = 902, missCount = 1, failureCount = 0]
2026-07-29T09:55:29.986+07:00 DEBUG 39817 --- [           main] org.springframework.test.context.cache   : Spring test ApplicationContext cache statistics: [DefaultContextCache@ac337e2 size = 1, maxSize = 32, parentContextCount = 0, hitCount = 903, missCount = 1, failureCount = 0]
2026-07-29T09:55:29.986+07:00 DEBUG 39817 --- [           main] sContextBeforeModesTestExecutionListener : Before test method: class [EstimateWorkflowIntegrationTest], method [createEstimate], class annotated with @DirtiesContext [false] with mode [null], method annotated with @DirtiesContext [false] with mode [null]
2026-07-29T09:55:29.987+07:00 DEBUG 39817 --- [           main] t.c.t.TransactionalTestExecutionListener : Explicit transaction definition [PROPAGATION_REQUIRED,ISOLATION_DEFAULT] found for test class [com.kaknnea.pos.controller.EstimateWorkflowIntegrationTest] and test method [createEstimate]
2026-07-29T09:55:29.987+07:00 DEBUG 39817 --- [           main] org.springframework.test.context.cache   : Spring test ApplicationContext cache statistics: [DefaultContextCache@ac337e2 size = 1, maxSize = 32, parentContextCount = 0, hitCount = 904, missCount = 1, failureCount = 0]
2026-07-29T09:55:29.987+07:00 DEBUG 39817 --- [           main] t.c.t.TransactionalTestExecutionListener : No method-level @Rollback override: using default rollback [true] for test method [void com.kaknnea.pos.controller.EstimateWorkflowIntegrationTest.createEstimate() throws java.lang.Exception]
2026-07-29T09:55:29.987+07:00 DEBUG 39817 --- [           main] o.s.orm.jpa.JpaTransactionManager        : Creating new transaction with name [com.kaknnea.pos.controller.EstimateWorkflowIntegrationTest.createEstimate]: PROPAGATION_REQUIRED,ISOLATION_DEFAULT
2026-07-29T09:55:29.987+07:00 DEBUG 39817 --- [           main] o.s.orm.jpa.JpaTransactionManager        : Opened new EntityManager [SessionImpl(765693649<open>)] for JPA transaction
2026-07-29T09:55:29.988+07:00 DEBUG 39817 --- [           main] o.s.orm.jpa.JpaTransactionManager        : Exposing JPA transaction as JDBC [org.springframework.orm.jpa.vendor.HibernateJpaDialect$HibernateConnectionHandle@d6b408]
2026-07-29T09:55:29.988+07:00 DEBUG 39817 --- [           main] o.s.t.c.transaction.TransactionContext   : Began transaction (1) for test class [com.kaknnea.pos.controller.EstimateWorkflowIntegrationTest]; test method [createEstimate]; transaction manager [org.springframework.orm.jpa.JpaTransactionManager@1ed69036]; rollback [true]
2026-07-29T09:55:29.988+07:00 DEBUG 39817 --- [           main] org.springframework.test.context.cache   : Spring test ApplicationContext cache statistics: [DefaultContextCache@ac337e2 size = 1, maxSize = 32, parentContextCount = 0, hitCount = 905, missCount = 1, failureCount = 0]
2026-07-29T09:55:29.988+07:00 DEBUG 39817 --- [           main] org.springframework.test.context.cache   : Spring test ApplicationContext cache statistics: [DefaultContextCache@ac337e2 size = 1, maxSize = 32, parentContextCount = 0, hitCount = 906, missCount = 1, failureCount = 0]
2026-07-29T09:55:29.988+07:00 DEBUG 39817 --- [           main] org.springframework.test.context.cache   : Spring test ApplicationContext cache statistics: [DefaultContextCache@ac337e2 size = 1, maxSize = 32, parentContextCount = 0, hitCount = 907, missCount = 1, failureCount = 0]
2026-07-29T09:55:29.988+07:00 DEBUG 39817 --- [           main] org.springframework.test.context.cache   : Spring test ApplicationContext cache statistics: [DefaultContextCache@ac337e2 size = 1, maxSize = 32, parentContextCount = 0, hitCount = 908, missCount = 1, failureCount = 0]
2026-07-29T09:55:29.990+07:00 DEBUG 39817 --- [           main] o.s.orm.jpa.JpaTransactionManager        : Found thread-bound EntityManager [SessionImpl(765693649<open>)] for JPA transaction
2026-07-29T09:55:29.990+07:00 DEBUG 39817 --- [           main] o.s.orm.jpa.JpaTransactionManager        : Participating in existing transaction
2026-07-29T09:55:29.990+07:00 DEBUG 39817 --- [           main] o.s.d.auditing.AuditingHandlerSupport    : Touched com.kaknnea.pos.domain.Customer@762e35f4 - Last modification at 2026-07-29T09:55:29.990769445 by unknown
2026-07-29T09:55:29.992+07:00 DEBUG 39817 --- [           main] o.s.orm.jpa.JpaTransactionManager        : Found thread-bound EntityManager [SessionImpl(765693649<open>)] for JPA transaction
2026-07-29T09:55:29.992+07:00 DEBUG 39817 --- [           main] o.s.orm.jpa.JpaTransactionManager        : Participating in existing transaction
2026-07-29T09:55:29.992+07:00 DEBUG 39817 --- [           main] o.s.d.auditing.AuditingHandlerSupport    : Touched com.kaknnea.pos.domain.Category@6f8011a0 - Last modification at 2026-07-29T09:55:29.992469281 by unknown
2026-07-29T09:55:29.993+07:00 DEBUG 39817 --- [           main] o.s.orm.jpa.JpaTransactionManager        : Found thread-bound EntityManager [SessionImpl(765693649<open>)] for JPA transaction
2026-07-29T09:55:29.993+07:00 DEBUG 39817 --- [           main] o.s.orm.jpa.JpaTransactionManager        : Participating in existing transaction
2026-07-29T09:55:29.993+07:00 DEBUG 39817 --- [           main] o.s.d.auditing.AuditingHandlerSupport    : Touched com.kaknnea.pos.domain.Product@3278f61c - Last modification at 2026-07-29T09:55:29.993817071 by unknown
2026-07-29T09:55:29.995+07:00 DEBUG 39817 --- [           main] o.s.orm.jpa.JpaTransactionManager        : Found thread-bound EntityManager [SessionImpl(765693649<open>)] for JPA transaction
2026-07-29T09:55:29.995+07:00 DEBUG 39817 --- [           main] o.s.orm.jpa.JpaTransactionManager        : Participating in existing transaction
2026-07-29T09:55:29.995+07:00 DEBUG 39817 --- [           main] o.s.d.auditing.AuditingHandlerSupport    : Touched com.kaknnea.pos.domain.Store@13ab68be - Last modification at 2026-07-29T09:55:29.995364057 by unknown
2026-07-29T09:55:29.996+07:00 DEBUG 39817 --- [           main] o.s.orm.jpa.JpaTransactionManager        : Found thread-bound EntityManager [SessionImpl(765693649<open>)] for JPA transaction
2026-07-29T09:55:29.996+07:00 DEBUG 39817 --- [           main] o.s.orm.jpa.JpaTransactionManager        : Participating in existing transaction
2026-07-29T09:55:29.997+07:00 DEBUG 39817 --- [           main] o.s.test.util.ReflectionTestUtils        : Invoking method 'getFilters' on target object [FilterChainProxy[Filter Chains: null]] or target class [null] with arguments {org.springframework.mock.web.MockHttpServletRequest@67deffb3}
2026-07-29T09:55:29.997+07:00 DEBUG 39817 --- [           main] o.s.test.util.ReflectionTestUtils        : Invoking method 'getFilters' on target object [FilterChainProxy[Filter Chains: null]] or target class [null] with arguments {org.springframework.mock.web.MockHttpServletRequest@67deffb3}
2026-07-29T09:55:29.997+07:00 DEBUG 39817 --- [           main] o.s.test.util.ReflectionTestUtils        : Getting field 'securityContextRepository' from target object [org.springframework.security.web.context.SecurityContextHolderFilter@266ac757] or target class [class org.springframework.security.web.context.SecurityContextHolderFilter]
2026-07-29T09:55:29.997+07:00 DEBUG 39817 --- [           main] o.s.security.web.FilterChainProxy        : Securing POST /api/shifts/open
2026-07-29T09:55:29.998+07:00 DEBUG 39817 --- [           main] o.s.security.web.FilterChainProxy        : Secured POST /api/shifts/open
2026-07-29T09:55:29.998+07:00 DEBUG 39817 --- [           main] o.s.t.web.servlet.TestDispatcherServlet  : POST "/api/shifts/open", parameters={}
2026-07-29T09:55:29.998+07:00 DEBUG 39817 --- [           main] s.w.s.m.m.a.RequestMappingHandlerMapping : Mapped to com.kaknnea.pos.controller.ShiftController#open(OpenShiftRequest)
2026-07-29T09:55:29.998+07:00 DEBUG 39817 --- [           main] m.m.a.RequestResponseBodyMethodProcessor : Read "application/json;charset=UTF-8" to [ShiftDtos.OpenShiftRequest(openingCash=1000, storeId=27)]
2026-07-29T09:55:29.998+07:00 DEBUG 39817 --- [           main] horizationManagerBeforeMethodInterceptor : Authorizing method invocation ReflectiveMethodInvocation: public com.kaknnea.pos.dto.ShiftDtos$ShiftResponse com.kaknnea.pos.controller.ShiftController.open(com.kaknnea.pos.dto.ShiftDtos$OpenShiftRequest); target is of class [com.kaknnea.pos.controller.ShiftController]
2026-07-29T09:55:29.999+07:00 DEBUG 39817 --- [           main] horizationManagerBeforeMethodInterceptor : Authorized method invocation ReflectiveMethodInvocation: public com.kaknnea.pos.dto.ShiftDtos$ShiftResponse com.kaknnea.pos.controller.ShiftController.open(com.kaknnea.pos.dto.ShiftDtos$OpenShiftRequest); target is of class [com.kaknnea.pos.controller.ShiftController]
2026-07-29T09:55:29.999+07:00 DEBUG 39817 --- [           main] o.s.orm.jpa.JpaTransactionManager        : Found thread-bound EntityManager [SessionImpl(765693649<open>)] for JPA transaction
2026-07-29T09:55:29.999+07:00 DEBUG 39817 --- [           main] o.s.orm.jpa.JpaTransactionManager        : Participating in existing transaction
2026-07-29T09:55:30.002+07:00 DEBUG 39817 --- [           main] o.s.orm.jpa.JpaTransactionManager        : Found thread-bound EntityManager [SessionImpl(765693649<open>)] for JPA transaction
2026-07-29T09:55:30.002+07:00 DEBUG 39817 --- [           main] o.s.orm.jpa.JpaTransactionManager        : Participating in existing transaction
2026-07-29T09:55:30.005+07:00 DEBUG 39817 --- [           main] o.s.orm.jpa.JpaTransactionManager        : Found thread-bound EntityManager [SessionImpl(765693649<open>)] for JPA transaction
2026-07-29T09:55:30.005+07:00 DEBUG 39817 --- [           main] o.s.orm.jpa.JpaTransactionManager        : Participating in existing transaction
2026-07-29T09:55:30.006+07:00 DEBUG 39817 --- [           main] o.s.orm.jpa.JpaTransactionManager        : Found thread-bound EntityManager [SessionImpl(765693649<open>)] for JPA transaction
2026-07-29T09:55:30.006+07:00 DEBUG 39817 --- [           main] o.s.orm.jpa.JpaTransactionManager        : Participating in existing transaction
2026-07-29T09:55:30.006+07:00 DEBUG 39817 --- [           main] o.s.orm.jpa.JpaTransactionManager        : Found thread-bound EntityManager [SessionImpl(765693649<open>)] for JPA transaction
2026-07-29T09:55:30.006+07:00 DEBUG 39817 --- [           main] o.s.orm.jpa.JpaTransactionManager        : Participating in existing transaction
2026-07-29T09:55:30.007+07:00 DEBUG 39817 --- [           main] o.s.orm.jpa.JpaTransactionManager        : Found thread-bound EntityManager [SessionImpl(765693649<open>)] for JPA transaction
2026-07-29T09:55:30.007+07:00 DEBUG 39817 --- [           main] o.s.orm.jpa.JpaTransactionManager        : Participating in existing transaction
2026-07-29T09:55:30.015+07:00 DEBUG 39817 --- [           main] m.m.a.RequestResponseBodyMethodProcessor : Using 'application/json', given [*/*] and supported [application/json, application/*+json]
2026-07-29T09:55:30.015+07:00 DEBUG 39817 --- [           main] m.m.a.RequestResponseBodyMethodProcessor : Writing [ShiftDtos.ShiftResponse(id=13, status=OPEN, openedAt=2026-07-29T02:55:30.005132837Z, closedAt=null,  (truncated)...]
2026-07-29T09:55:30.015+07:00 DEBUG 39817 --- [           main] o.s.t.web.servlet.TestDispatcherServlet  : Completed 200 OK
2026-07-29T09:55:30.016+07:00 DEBUG 39817 --- [           main] org.springframework.test.context.cache   : Spring test ApplicationContext cache statistics: [DefaultContextCache@ac337e2 size = 1, maxSize = 32, parentContextCount = 0, hitCount = 909, missCount = 1, failureCount = 0]
2026-07-29T09:55:30.016+07:00 DEBUG 39817 --- [           main] o.s.test.util.ReflectionTestUtils        : Invoking method 'getFilters' on target object [FilterChainProxy[Filter Chains: null]] or target class [null] with arguments {org.springframework.mock.web.MockHttpServletRequest@1bcd0e6f}
2026-07-29T09:55:30.016+07:00 DEBUG 39817 --- [           main] o.s.test.util.ReflectionTestUtils        : Invoking method 'getFilters' on target object [FilterChainProxy[Filter Chains: null]] or target class [null] with arguments {org.springframework.mock.web.MockHttpServletRequest@1bcd0e6f}
2026-07-29T09:55:30.016+07:00 DEBUG 39817 --- [           main] o.s.test.util.ReflectionTestUtils        : Getting field 'securityContextRepository' from target object [org.springframework.security.web.context.SecurityContextHolderFilter@266ac757] or target class [class org.springframework.security.web.context.SecurityContextHolderFilter]
2026-07-29T09:55:30.017+07:00 DEBUG 39817 --- [           main] o.s.security.web.FilterChainProxy        : Securing POST /api/pos/sales/estimates
2026-07-29T09:55:30.017+07:00 DEBUG 39817 --- [           main] o.s.security.web.FilterChainProxy        : Secured POST /api/pos/sales/estimates
2026-07-29T09:55:30.017+07:00 DEBUG 39817 --- [           main] o.s.t.web.servlet.TestDispatcherServlet  : POST "/api/pos/sales/estimates", parameters={}
2026-07-29T09:55:30.017+07:00 DEBUG 39817 --- [           main] s.w.s.m.m.a.RequestMappingHandlerMapping : Mapped to com.kaknnea.pos.controller.SaleController#createEstimate(SaleCreateRequest)
2026-07-29T09:55:30.018+07:00 DEBUG 39817 --- [           main] m.m.a.RequestResponseBodyMethodProcessor : Read "application/json;charset=UTF-8" to [SaleDtos.SaleCreateRequest(customerId=46, tableId=null, heldTicketId=null, terminalId=null, idempote (truncated)...]
2026-07-29T09:55:30.018+07:00 DEBUG 39817 --- [           main] o.s.orm.jpa.JpaTransactionManager        : Found thread-bound EntityManager [SessionImpl(765693649<open>)] for JPA transaction
2026-07-29T09:55:30.018+07:00 DEBUG 39817 --- [           main] o.s.orm.jpa.JpaTransactionManager        : Participating in existing transaction
2026-07-29T09:55:30.020+07:00 DEBUG 39817 --- [           main] o.s.orm.jpa.JpaTransactionManager        : Found thread-bound EntityManager [SessionImpl(765693649<open>)] for JPA transaction
2026-07-29T09:55:30.020+07:00 DEBUG 39817 --- [           main] o.s.orm.jpa.JpaTransactionManager        : Participating in existing transaction
2026-07-29T09:55:30.021+07:00 DEBUG 39817 --- [           main] o.s.orm.jpa.JpaTransactionManager        : Found thread-bound EntityManager [SessionImpl(765693649<open>)] for JPA transaction
2026-07-29T09:55:30.021+07:00 DEBUG 39817 --- [           main] o.s.orm.jpa.JpaTransactionManager        : Participating in existing transaction
2026-07-29T09:55:30.021+07:00 DEBUG 39817 --- [           main] o.s.orm.jpa.JpaTransactionManager        : Found thread-bound EntityManager [SessionImpl(765693649<open>)] for JPA transaction
2026-07-29T09:55:30.021+07:00 DEBUG 39817 --- [           main] o.s.orm.jpa.JpaTransactionManager        : Participating in existing transaction
2026-07-29T09:55:30.022+07:00 DEBUG 39817 --- [           main] o.s.d.auditing.AuditingHandlerSupport    : Touched com.kaknnea.pos.domain.Sale@d94d254 - Last modification at 2026-07-29T09:55:30.022060390 by unknown
2026-07-29T09:55:30.038+07:00 DEBUG 39817 --- [           main] o.s.orm.jpa.JpaTransactionManager        : Found thread-bound EntityManager [SessionImpl(765693649<open>)] for JPA transaction
2026-07-29T09:55:30.038+07:00 DEBUG 39817 --- [           main] o.s.orm.jpa.JpaTransactionManager        : Participating in existing transaction
2026-07-29T09:55:30.041+07:00  WARN 39817 --- [           main] o.h.engine.jdbc.spi.SqlExceptionHelper   : SQL Error: 1054, SQLState: 42S22
2026-07-29T09:55:30.041+07:00 ERROR 39817 --- [           main] o.h.engine.jdbc.spi.SqlExceptionHelper   : Unknown column 'bs1_0.auto_print_receipt' in 'field list'
2026-07-29T09:55:30.044+07:00 DEBUG 39817 --- [           main] m.m.a.RequestResponseBodyMethodProcessor : Using 'application/json', given [*/*] and supported [application/json, application/*+json]
2026-07-29T09:55:30.044+07:00 DEBUG 39817 --- [           main] m.m.a.RequestResponseBodyMethodProcessor : Writing [SaleDtos.SaleResponse(id=19, invoiceNumber=INV-2026-00019, status=ESTIMATE, currency=null, displayNa (truncated)...]
2026-07-29T09:55:30.045+07:00 DEBUG 39817 --- [           main] o.s.t.web.servlet.TestDispatcherServlet  : Completed 200 OK
2026-07-29T09:55:30.045+07:00 DEBUG 39817 --- [           main] org.springframework.test.context.cache   : Spring test ApplicationContext cache statistics: [DefaultContextCache@ac337e2 size = 1, maxSize = 32, parentContextCount = 0, hitCount = 910, missCount = 1, failureCount = 0]
2026-07-29T09:55:30.046+07:00 DEBUG 39817 --- [           main] org.springframework.test.context.cache   : Spring test ApplicationContext cache statistics: [DefaultContextCache@ac337e2 size = 1, maxSize = 32, parentContextCount = 0, hitCount = 911, missCount = 1, failureCount = 0]
2026-07-29T09:55:30.046+07:00 DEBUG 39817 --- [           main] org.springframework.test.context.cache   : Spring test ApplicationContext cache statistics: [DefaultContextCache@ac337e2 size = 1, maxSize = 32, parentContextCount = 0, hitCount = 912, missCount = 1, failureCount = 0]
2026-07-29T09:55:30.046+07:00 DEBUG 39817 --- [           main] org.springframework.test.context.cache   : Spring test ApplicationContext cache statistics: [DefaultContextCache@ac337e2 size = 1, maxSize = 32, parentContextCount = 0, hitCount = 913, missCount = 1, failureCount = 0]
2026-07-29T09:55:30.047+07:00 DEBUG 39817 --- [           main] org.springframework.test.context.cache   : Spring test ApplicationContext cache statistics: [DefaultContextCache@ac337e2 size = 1, maxSize = 32, parentContextCount = 0, hitCount = 914, missCount = 1, failureCount = 0]
2026-07-29T09:55:30.048+07:00 DEBUG 39817 --- [           main] org.springframework.test.context.cache   : Spring test ApplicationContext cache statistics: [DefaultContextCache@ac337e2 size = 1, maxSize = 32, parentContextCount = 0, hitCount = 915, missCount = 1, failureCount = 0]
2026-07-29T09:55:30.048+07:00 DEBUG 39817 --- [           main] org.springframework.test.context.cache   : Spring test ApplicationContext cache statistics: [DefaultContextCache@ac337e2 size = 1, maxSize = 32, parentContextCount = 0, hitCount = 916, missCount = 1, failureCount = 0]
2026-07-29T09:55:30.048+07:00 DEBUG 39817 --- [           main] o.s.orm.jpa.JpaTransactionManager        : Initiating transaction rollback
2026-07-29T09:55:30.048+07:00 DEBUG 39817 --- [           main] o.s.orm.jpa.JpaTransactionManager        : Rolling back JPA transaction on EntityManager [SessionImpl(765693649<open>)]
2026-07-29T09:55:30.050+07:00 DEBUG 39817 --- [           main] o.s.orm.jpa.JpaTransactionManager        : Closing JPA EntityManager [SessionImpl(765693649<open>)] after transaction
2026-07-29T09:55:30.050+07:00 DEBUG 39817 --- [           main] o.s.t.c.transaction.TransactionContext   : Rolled back transaction (1) for test class [com.kaknnea.pos.controller.EstimateWorkflowIntegrationTest]; test method [createEstimate]
2026-07-29T09:55:30.050+07:00 DEBUG 39817 --- [           main] .c.s.DirtiesContextTestExecutionListener : After test method: class [EstimateWorkflowIntegrationTest], method [createEstimate], class annotated with @DirtiesContext [false] with mode [null], method annotated with @DirtiesContext [false] with mode [null]
2026-07-29T09:55:30.050+07:00 DEBUG 39817 --- [           main] o.s.t.c.w.ServletTestExecutionListener   : Resetting RequestContextHolder for test class com.kaknnea.pos.controller.EstimateWorkflowIntegrationTest
]]></system-out>
  </testcase>
  <testcase name="fullLifecycle" classname="com.kaknnea.pos.controller.EstimateWorkflowIntegrationTest" time="0.198">
    <system-out><![CDATA[2026-07-29T09:55:30.051+07:00 DEBUG 39817 --- [           main] org.springframework.test.context.cache   : Spring test ApplicationContext cache statistics: [DefaultContextCache@ac337e2 size = 1, maxSize = 32, parentContextCount = 0, hitCount = 917, missCount = 1, failureCount = 0]
2026-07-29T09:55:30.051+07:00 DEBUG 39817 --- [           main] o.s.t.c.w.ServletTestExecutionListener   : Setting up MockHttpServletRequest, MockHttpServletResponse, ServletWebRequest, and RequestContextHolder for test class com.kaknnea.pos.controller.EstimateWorkflowIntegrationTest
2026-07-29T09:55:30.051+07:00 DEBUG 39817 --- [           main] DependencyInjectionTestExecutionListener : Performing dependency injection for test class com.kaknnea.pos.controller.EstimateWorkflowIntegrationTest
2026-07-29T09:55:30.051+07:00 DEBUG 39817 --- [           main] org.springframework.test.context.cache   : Spring test ApplicationContext cache statistics: [DefaultContextCache@ac337e2 size = 1, maxSize = 32, parentContextCount = 0, hitCount = 918, missCount = 1, failureCount = 0]
2026-07-29T09:55:30.051+07:00 DEBUG 39817 --- [           main] org.springframework.test.context.cache   : Spring test ApplicationContext cache statistics: [DefaultContextCache@ac337e2 size = 1, maxSize = 32, parentContextCount = 0, hitCount = 919, missCount = 1, failureCount = 0]
2026-07-29T09:55:30.052+07:00 DEBUG 39817 --- [           main] sContextBeforeModesTestExecutionListener : Before test method: class [EstimateWorkflowIntegrationTest], method [fullLifecycle], class annotated with @DirtiesContext [false] with mode [null], method annotated with @DirtiesContext [false] with mode [null]
2026-07-29T09:55:30.052+07:00 DEBUG 39817 --- [           main] t.c.t.TransactionalTestExecutionListener : Explicit transaction definition [PROPAGATION_REQUIRED,ISOLATION_DEFAULT] found for test class [com.kaknnea.pos.controller.EstimateWorkflowIntegrationTest] and test method [fullLifecycle]
2026-07-29T09:55:30.052+07:00 DEBUG 39817 --- [           main] org.springframework.test.context.cache   : Spring test ApplicationContext cache statistics: [DefaultContextCache@ac337e2 size = 1, maxSize = 32, parentContextCount = 0, hitCount = 920, missCount = 1, failureCount = 0]
2026-07-29T09:55:30.052+07:00 DEBUG 39817 --- [           main] t.c.t.TransactionalTestExecutionListener : No method-level @Rollback override: using default rollback [true] for test method [void com.kaknnea.pos.controller.EstimateWorkflowIntegrationTest.fullLifecycle() throws java.lang.Exception]
2026-07-29T09:55:30.052+07:00 DEBUG 39817 --- [           main] o.s.orm.jpa.JpaTransactionManager        : Creating new transaction with name [com.kaknnea.pos.controller.EstimateWorkflowIntegrationTest.fullLifecycle]: PROPAGATION_REQUIRED,ISOLATION_DEFAULT
2026-07-29T09:55:30.052+07:00 DEBUG 39817 --- [           main] o.s.orm.jpa.JpaTransactionManager        : Opened new EntityManager [SessionImpl(209016554<open>)] for JPA transaction
2026-07-29T09:55:30.053+07:00 DEBUG 39817 --- [           main] o.s.orm.jpa.JpaTransactionManager        : Exposing JPA transaction as JDBC [org.springframework.orm.jpa.vendor.HibernateJpaDialect$HibernateConnectionHandle@5acc8bbb]
2026-07-29T09:55:30.053+07:00 DEBUG 39817 --- [           main] o.s.t.c.transaction.TransactionContext   : Began transaction (1) for test class [com.kaknnea.pos.controller.EstimateWorkflowIntegrationTest]; test method [fullLifecycle]; transaction manager [org.springframework.orm.jpa.JpaTransactionManager@1ed69036]; rollback [true]
2026-07-29T09:55:30.053+07:00 DEBUG 39817 --- [           main] org.springframework.test.context.cache   : Spring test ApplicationContext cache statistics: [DefaultContextCache@ac337e2 size = 1, maxSize = 32, parentContextCount = 0, hitCount = 921, missCount = 1, failureCount = 0]
2026-07-29T09:55:30.053+07:00 DEBUG 39817 --- [           main] org.springframework.test.context.cache   : Spring test ApplicationContext cache statistics: [DefaultContextCache@ac337e2 size = 1, maxSize = 32, parentContextCount = 0, hitCount = 922, missCount = 1, failureCount = 0]
2026-07-29T09:55:30.053+07:00 DEBUG 39817 --- [           main] org.springframework.test.context.cache   : Spring test ApplicationContext cache statistics: [DefaultContextCache@ac337e2 size = 1, maxSize = 32, parentContextCount = 0, hitCount = 923, missCount = 1, failureCount = 0]
2026-07-29T09:55:30.053+07:00 DEBUG 39817 --- [           main] org.springframework.test.context.cache   : Spring test ApplicationContext cache statistics: [DefaultContextCache@ac337e2 size = 1, maxSize = 32, parentContextCount = 0, hitCount = 924, missCount = 1, failureCount = 0]
2026-07-29T09:55:30.055+07:00 DEBUG 39817 --- [           main] o.s.orm.jpa.JpaTransactionManager        : Found thread-bound EntityManager [SessionImpl(209016554<open>)] for JPA transaction
2026-07-29T09:55:30.055+07:00 DEBUG 39817 --- [           main] o.s.orm.jpa.JpaTransactionManager        : Participating in existing transaction
2026-07-29T09:55:30.055+07:00 DEBUG 39817 --- [           main] o.s.d.auditing.AuditingHandlerSupport    : Touched com.kaknnea.pos.domain.Customer@2fc1bfb4 - Last modification at 2026-07-29T09:55:30.055789576 by unknown
2026-07-29T09:55:30.057+07:00 DEBUG 39817 --- [           main] o.s.orm.jpa.JpaTransactionManager        : Found thread-bound EntityManager [SessionImpl(209016554<open>)] for JPA transaction
2026-07-29T09:55:30.057+07:00 DEBUG 39817 --- [           main] o.s.orm.jpa.JpaTransactionManager        : Participating in existing transaction
2026-07-29T09:55:30.057+07:00 DEBUG 39817 --- [           main] o.s.d.auditing.AuditingHandlerSupport    : Touched com.kaknnea.pos.domain.Category@6ecaedc6 - Last modification at 2026-07-29T09:55:30.057806101 by unknown
2026-07-29T09:55:30.058+07:00 DEBUG 39817 --- [           main] o.s.orm.jpa.JpaTransactionManager        : Found thread-bound EntityManager [SessionImpl(209016554<open>)] for JPA transaction
2026-07-29T09:55:30.058+07:00 DEBUG 39817 --- [           main] o.s.orm.jpa.JpaTransactionManager        : Participating in existing transaction
2026-07-29T09:55:30.059+07:00 DEBUG 39817 --- [           main] o.s.d.auditing.AuditingHandlerSupport    : Touched com.kaknnea.pos.domain.Product@656d978e - Last modification at 2026-07-29T09:55:30.059041558 by unknown
2026-07-29T09:55:30.060+07:00 DEBUG 39817 --- [           main] o.s.orm.jpa.JpaTransactionManager        : Found thread-bound EntityManager [SessionImpl(209016554<open>)] for JPA transaction
2026-07-29T09:55:30.060+07:00 DEBUG 39817 --- [           main] o.s.orm.jpa.JpaTransactionManager        : Participating in existing transaction
2026-07-29T09:55:30.060+07:00 DEBUG 39817 --- [           main] o.s.d.auditing.AuditingHandlerSupport    : Touched com.kaknnea.pos.domain.Store@79b35179 - Last modification at 2026-07-29T09:55:30.060522881 by unknown
2026-07-29T09:55:30.061+07:00 DEBUG 39817 --- [           main] o.s.orm.jpa.JpaTransactionManager        : Found thread-bound EntityManager [SessionImpl(209016554<open>)] for JPA transaction
2026-07-29T09:55:30.061+07:00 DEBUG 39817 --- [           main] o.s.orm.jpa.JpaTransactionManager        : Participating in existing transaction
2026-07-29T09:55:30.062+07:00 DEBUG 39817 --- [           main] o.s.test.util.ReflectionTestUtils        : Invoking method 'getFilters' on target object [FilterChainProxy[Filter Chains: null]] or target class [null] with arguments {org.springframework.mock.web.MockHttpServletRequest@1fa276d}
2026-07-29T09:55:30.062+07:00 DEBUG 39817 --- [           main] o.s.test.util.ReflectionTestUtils        : Invoking method 'getFilters' on target object [FilterChainProxy[Filter Chains: null]] or target class [null] with arguments {org.springframework.mock.web.MockHttpServletRequest@1fa276d}
2026-07-29T09:55:30.062+07:00 DEBUG 39817 --- [           main] o.s.test.util.ReflectionTestUtils        : Getting field 'securityContextRepository' from target object [org.springframework.security.web.context.SecurityContextHolderFilter@266ac757] or target class [class org.springframework.security.web.context.SecurityContextHolderFilter]
2026-07-29T09:55:30.063+07:00 DEBUG 39817 --- [           main] o.s.security.web.FilterChainProxy        : Securing POST /api/shifts/open
2026-07-29T09:55:30.063+07:00 DEBUG 39817 --- [           main] o.s.security.web.FilterChainProxy        : Secured POST /api/shifts/open
2026-07-29T09:55:30.063+07:00 DEBUG 39817 --- [           main] o.s.t.web.servlet.TestDispatcherServlet  : POST "/api/shifts/open", parameters={}
2026-07-29T09:55:30.063+07:00 DEBUG 39817 --- [           main] s.w.s.m.m.a.RequestMappingHandlerMapping : Mapped to com.kaknnea.pos.controller.ShiftController#open(OpenShiftRequest)
2026-07-29T09:55:30.064+07:00 DEBUG 39817 --- [           main] m.m.a.RequestResponseBodyMethodProcessor : Read "application/json;charset=UTF-8" to [ShiftDtos.OpenShiftRequest(openingCash=1000, storeId=28)]
2026-07-29T09:55:30.064+07:00 DEBUG 39817 --- [           main] horizationManagerBeforeMethodInterceptor : Authorizing method invocation ReflectiveMethodInvocation: public com.kaknnea.pos.dto.ShiftDtos$ShiftResponse com.kaknnea.pos.controller.ShiftController.open(com.kaknnea.pos.dto.ShiftDtos$OpenShiftRequest); target is of class [com.kaknnea.pos.controller.ShiftController]
2026-07-29T09:55:30.064+07:00 DEBUG 39817 --- [           main] horizationManagerBeforeMethodInterceptor : Authorized method invocation ReflectiveMethodInvocation: public com.kaknnea.pos.dto.ShiftDtos$ShiftResponse com.kaknnea.pos.controller.ShiftController.open(com.kaknnea.pos.dto.ShiftDtos$OpenShiftRequest); target is of class [com.kaknnea.pos.controller.ShiftController]
2026-07-29T09:55:30.064+07:00 DEBUG 39817 --- [           main] o.s.orm.jpa.JpaTransactionManager        : Found thread-bound EntityManager [SessionImpl(209016554<open>)] for JPA transaction
2026-07-29T09:55:30.064+07:00 DEBUG 39817 --- [           main] o.s.orm.jpa.JpaTransactionManager        : Participating in existing transaction
2026-07-29T09:55:30.067+07:00 DEBUG 39817 --- [           main] o.s.orm.jpa.JpaTransactionManager        : Found thread-bound EntityManager [SessionImpl(209016554<open>)] for JPA transaction
2026-07-29T09:55:30.067+07:00 DEBUG 39817 --- [           main] o.s.orm.jpa.JpaTransactionManager        : Participating in existing transaction
2026-07-29T09:55:30.069+07:00 DEBUG 39817 --- [           main] o.s.orm.jpa.JpaTransactionManager        : Found thread-bound EntityManager [SessionImpl(209016554<open>)] for JPA transaction
2026-07-29T09:55:30.069+07:00 DEBUG 39817 --- [           main] o.s.orm.jpa.JpaTransactionManager        : Participating in existing transaction
2026-07-29T09:55:30.070+07:00 DEBUG 39817 --- [           main] o.s.orm.jpa.JpaTransactionManager        : Found thread-bound EntityManager [SessionImpl(209016554<open>)] for JPA transaction
2026-07-29T09:55:30.071+07:00 DEBUG 39817 --- [           main] o.s.orm.jpa.JpaTransactionManager        : Participating in existing transaction
2026-07-29T09:55:30.071+07:00 DEBUG 39817 --- [           main] o.s.orm.jpa.JpaTransactionManager        : Found thread-bound EntityManager [SessionImpl(209016554<open>)] for JPA transaction
2026-07-29T09:55:30.071+07:00 DEBUG 39817 --- [           main] o.s.orm.jpa.JpaTransactionManager        : Participating in existing transaction
2026-07-29T09:55:30.071+07:00 DEBUG 39817 --- [           main] o.s.orm.jpa.JpaTransactionManager        : Found thread-bound EntityManager [SessionImpl(209016554<open>)] for JPA transaction
2026-07-29T09:55:30.071+07:00 DEBUG 39817 --- [           main] o.s.orm.jpa.JpaTransactionManager        : Participating in existing transaction
2026-07-29T09:55:30.077+07:00 DEBUG 39817 --- [           main] m.m.a.RequestResponseBodyMethodProcessor : Using 'application/json', given [*/*] and supported [application/json, application/*+json]
2026-07-29T09:55:30.077+07:00 DEBUG 39817 --- [           main] m.m.a.RequestResponseBodyMethodProcessor : Writing [ShiftDtos.ShiftResponse(id=14, status=OPEN, openedAt=2026-07-29T02:55:30.069472231Z, closedAt=null,  (truncated)...]
2026-07-29T09:55:30.078+07:00 DEBUG 39817 --- [           main] o.s.t.web.servlet.TestDispatcherServlet  : Completed 200 OK
2026-07-29T09:55:30.078+07:00 DEBUG 39817 --- [           main] org.springframework.test.context.cache   : Spring test ApplicationContext cache statistics: [DefaultContextCache@ac337e2 size = 1, maxSize = 32, parentContextCount = 0, hitCount = 925, missCount = 1, failureCount = 0]
2026-07-29T09:55:30.079+07:00 DEBUG 39817 --- [           main] o.s.test.util.ReflectionTestUtils        : Invoking method 'getFilters' on target object [FilterChainProxy[Filter Chains: null]] or target class [null] with arguments {org.springframework.mock.web.MockHttpServletRequest@6cb36d26}
2026-07-29T09:55:30.079+07:00 DEBUG 39817 --- [           main] o.s.test.util.ReflectionTestUtils        : Invoking method 'getFilters' on target object [FilterChainProxy[Filter Chains: null]] or target class [null] with arguments {org.springframework.mock.web.MockHttpServletRequest@6cb36d26}
2026-07-29T09:55:30.079+07:00 DEBUG 39817 --- [           main] o.s.test.util.ReflectionTestUtils        : Getting field 'securityContextRepository' from target object [org.springframework.security.web.context.SecurityContextHolderFilter@266ac757] or target class [class org.springframework.security.web.context.SecurityContextHolderFilter]
2026-07-29T09:55:30.079+07:00 DEBUG 39817 --- [           main] o.s.security.web.FilterChainProxy        : Securing POST /api/pos/sales/estimates
2026-07-29T09:55:30.079+07:00 DEBUG 39817 --- [           main] o.s.security.web.FilterChainProxy        : Secured POST /api/pos/sales/estimates
2026-07-29T09:55:30.079+07:00 DEBUG 39817 --- [           main] o.s.t.web.servlet.TestDispatcherServlet  : POST "/api/pos/sales/estimates", parameters={}
2026-07-29T09:55:30.079+07:00 DEBUG 39817 --- [           main] s.w.s.m.m.a.RequestMappingHandlerMapping : Mapped to com.kaknnea.pos.controller.SaleController#createEstimate(SaleCreateRequest)
2026-07-29T09:55:30.080+07:00 DEBUG 39817 --- [           main] m.m.a.RequestResponseBodyMethodProcessor : Read "application/json;charset=UTF-8" to [SaleDtos.SaleCreateRequest(customerId=47, tableId=null, heldTicketId=null, terminalId=null, idempote (truncated)...]
2026-07-29T09:55:30.080+07:00 DEBUG 39817 --- [           main] o.s.orm.jpa.JpaTransactionManager        : Found thread-bound EntityManager [SessionImpl(209016554<open>)] for JPA transaction
2026-07-29T09:55:30.080+07:00 DEBUG 39817 --- [           main] o.s.orm.jpa.JpaTransactionManager        : Participating in existing transaction
2026-07-29T09:55:30.081+07:00 DEBUG 39817 --- [           main] o.s.orm.jpa.JpaTransactionManager        : Found thread-bound EntityManager [SessionImpl(209016554<open>)] for JPA transaction
2026-07-29T09:55:30.081+07:00 DEBUG 39817 --- [           main] o.s.orm.jpa.JpaTransactionManager        : Participating in existing transaction
2026-07-29T09:55:30.082+07:00 DEBUG 39817 --- [           main] o.s.orm.jpa.JpaTransactionManager        : Found thread-bound EntityManager [SessionImpl(209016554<open>)] for JPA transaction
2026-07-29T09:55:30.082+07:00 DEBUG 39817 --- [           main] o.s.orm.jpa.JpaTransactionManager        : Participating in existing transaction
2026-07-29T09:55:30.082+07:00 DEBUG 39817 --- [           main] o.s.orm.jpa.JpaTransactionManager        : Found thread-bound EntityManager [SessionImpl(209016554<open>)] for JPA transaction
2026-07-29T09:55:30.082+07:00 DEBUG 39817 --- [           main] o.s.orm.jpa.JpaTransactionManager        : Participating in existing transaction
2026-07-29T09:55:30.082+07:00 DEBUG 39817 --- [           main] o.s.d.auditing.AuditingHandlerSupport    : Touched com.kaknnea.pos.domain.Sale@8c567e1 - Last modification at 2026-07-29T09:55:30.082353458 by unknown
2026-07-29T09:55:30.097+07:00 DEBUG 39817 --- [           main] o.s.orm.jpa.JpaTransactionManager        : Found thread-bound EntityManager [SessionImpl(209016554<open>)] for JPA transaction
2026-07-29T09:55:30.097+07:00 DEBUG 39817 --- [           main] o.s.orm.jpa.JpaTransactionManager        : Participating in existing transaction
2026-07-29T09:55:30.099+07:00  WARN 39817 --- [           main] o.h.engine.jdbc.spi.SqlExceptionHelper   : SQL Error: 1054, SQLState: 42S22
2026-07-29T09:55:30.099+07:00 ERROR 39817 --- [           main] o.h.engine.jdbc.spi.SqlExceptionHelper   : Unknown column 'bs1_0.auto_print_receipt' in 'field list'
2026-07-29T09:55:30.100+07:00 DEBUG 39817 --- [           main] m.m.a.RequestResponseBodyMethodProcessor : Using 'application/json', given [*/*] and supported [application/json, application/*+json]
2026-07-29T09:55:30.101+07:00 DEBUG 39817 --- [           main] m.m.a.RequestResponseBodyMethodProcessor : Writing [SaleDtos.SaleResponse(id=20, invoiceNumber=INV-2026-00020, status=ESTIMATE, currency=null, displayNa (truncated)...]
2026-07-29T09:55:30.101+07:00 DEBUG 39817 --- [           main] o.s.t.web.servlet.TestDispatcherServlet  : Completed 200 OK
2026-07-29T09:55:30.102+07:00 DEBUG 39817 --- [           main] o.s.test.util.ReflectionTestUtils        : Invoking method 'getFilters' on target object [FilterChainProxy[Filter Chains: null]] or target class [null] with arguments {org.springframework.mock.web.MockHttpServletRequest@3ecb9818}
2026-07-29T09:55:30.102+07:00 DEBUG 39817 --- [           main] o.s.test.util.ReflectionTestUtils        : Invoking method 'getFilters' on target object [FilterChainProxy[Filter Chains: null]] or target class [null] with arguments {org.springframework.mock.web.MockHttpServletRequest@3ecb9818}
2026-07-29T09:55:30.102+07:00 DEBUG 39817 --- [           main] o.s.test.util.ReflectionTestUtils        : Getting field 'securityContextRepository' from target object [org.springframework.security.web.context.SecurityContextHolderFilter@266ac757] or target class [class org.springframework.security.web.context.SecurityContextHolderFilter]
2026-07-29T09:55:30.102+07:00 DEBUG 39817 --- [           main] o.s.security.web.FilterChainProxy        : Securing POST /api/pos/sales/20/send-estimate
2026-07-29T09:55:30.102+07:00 DEBUG 39817 --- [           main] o.s.security.web.FilterChainProxy        : Secured POST /api/pos/sales/20/send-estimate
2026-07-29T09:55:30.102+07:00 DEBUG 39817 --- [           main] o.s.t.web.servlet.TestDispatcherServlet  : POST "/api/pos/sales/20/send-estimate", parameters={}
2026-07-29T09:55:30.102+07:00 DEBUG 39817 --- [           main] s.w.s.m.m.a.RequestMappingHandlerMapping : Mapped to com.kaknnea.pos.controller.SaleController#sendEstimate(Long)
2026-07-29T09:55:30.103+07:00 DEBUG 39817 --- [           main] o.s.orm.jpa.JpaTransactionManager        : Found thread-bound EntityManager [SessionImpl(209016554<open>)] for JPA transaction
2026-07-29T09:55:30.103+07:00 DEBUG 39817 --- [           main] o.s.orm.jpa.JpaTransactionManager        : Participating in existing transaction
2026-07-29T09:55:30.103+07:00 DEBUG 39817 --- [           main] o.s.orm.jpa.JpaTransactionManager        : Found thread-bound EntityManager [SessionImpl(209016554<open>)] for JPA transaction
2026-07-29T09:55:30.103+07:00 DEBUG 39817 --- [           main] o.s.orm.jpa.JpaTransactionManager        : Participating in existing transaction
2026-07-29T09:55:30.103+07:00 DEBUG 39817 --- [           main] o.s.orm.jpa.JpaTransactionManager        : Found thread-bound EntityManager [SessionImpl(209016554<open>)] for JPA transaction
2026-07-29T09:55:30.103+07:00 DEBUG 39817 --- [           main] o.s.orm.jpa.JpaTransactionManager        : Participating in existing transaction
2026-07-29T09:55:30.104+07:00 DEBUG 39817 --- [           main] o.s.d.auditing.AuditingHandlerSupport    : Touched com.kaknnea.pos.domain.Sale@8c567e1 - Last modification at 2026-07-29T09:55:30.104308512 by unknown
2026-07-29T09:55:30.116+07:00 DEBUG 39817 --- [           main] o.s.orm.jpa.JpaTransactionManager        : Found thread-bound EntityManager [SessionImpl(209016554<open>)] for JPA transaction
2026-07-29T09:55:30.116+07:00 DEBUG 39817 --- [           main] o.s.orm.jpa.JpaTransactionManager        : Participating in existing transaction
2026-07-29T09:55:30.118+07:00 DEBUG 39817 --- [           main] o.s.d.auditing.AuditingHandlerSupport    : Touched com.kaknnea.pos.domain.Sale@8c567e1 - Last modification at 2026-07-29T09:55:30.118480892 by unknown
2026-07-29T09:55:30.119+07:00  WARN 39817 --- [           main] o.h.engine.jdbc.spi.SqlExceptionHelper   : SQL Error: 1054, SQLState: 42S22
2026-07-29T09:55:30.119+07:00 ERROR 39817 --- [           main] o.h.engine.jdbc.spi.SqlExceptionHelper   : Unknown column 'bs1_0.auto_print_receipt' in 'field list'
2026-07-29T09:55:30.119+07:00 DEBUG 39817 --- [           main] o.s.d.auditing.AuditingHandlerSupport    : Touched com.kaknnea.pos.domain.Sale@8c567e1 - Last modification at 2026-07-29T09:55:30.119806119 by unknown
2026-07-29T09:55:30.121+07:00 DEBUG 39817 --- [           main] m.m.a.RequestResponseBodyMethodProcessor : Using 'application/json', given [*/*] and supported [application/json, application/*+json]
2026-07-29T09:55:30.121+07:00 DEBUG 39817 --- [           main] m.m.a.RequestResponseBodyMethodProcessor : Writing [SaleDtos.SaleResponse(id=20, invoiceNumber=INV-2026-00020, status=ESTIMATE_SENT, currency=null, disp (truncated)...]
2026-07-29T09:55:30.121+07:00 DEBUG 39817 --- [           main] o.s.t.web.servlet.TestDispatcherServlet  : Completed 200 OK
2026-07-29T09:55:30.122+07:00 DEBUG 39817 --- [           main] o.s.test.util.ReflectionTestUtils        : Invoking method 'getFilters' on target object [FilterChainProxy[Filter Chains: null]] or target class [null] with arguments {org.springframework.mock.web.MockHttpServletRequest@62458146}
2026-07-29T09:55:30.122+07:00 DEBUG 39817 --- [           main] o.s.test.util.ReflectionTestUtils        : Invoking method 'getFilters' on target object [FilterChainProxy[Filter Chains: null]] or target class [null] with arguments {org.springframework.mock.web.MockHttpServletRequest@62458146}
2026-07-29T09:55:30.122+07:00 DEBUG 39817 --- [           main] o.s.test.util.ReflectionTestUtils        : Getting field 'securityContextRepository' from target object [org.springframework.security.web.context.SecurityContextHolderFilter@266ac757] or target class [class org.springframework.security.web.context.SecurityContextHolderFilter]
2026-07-29T09:55:30.122+07:00 DEBUG 39817 --- [           main] o.s.security.web.FilterChainProxy        : Securing POST /api/pos/sales/20/accept-estimate
2026-07-29T09:55:30.123+07:00 DEBUG 39817 --- [           main] o.s.security.web.FilterChainProxy        : Secured POST /api/pos/sales/20/accept-estimate
2026-07-29T09:55:30.123+07:00 DEBUG 39817 --- [           main] o.s.t.web.servlet.TestDispatcherServlet  : POST "/api/pos/sales/20/accept-estimate", parameters={}
2026-07-29T09:55:30.123+07:00 DEBUG 39817 --- [           main] s.w.s.m.m.a.RequestMappingHandlerMapping : Mapped to com.kaknnea.pos.controller.SaleController#acceptEstimate(Long)
2026-07-29T09:55:30.123+07:00 DEBUG 39817 --- [           main] o.s.orm.jpa.JpaTransactionManager        : Found thread-bound EntityManager [SessionImpl(209016554<open>)] for JPA transaction
2026-07-29T09:55:30.123+07:00 DEBUG 39817 --- [           main] o.s.orm.jpa.JpaTransactionManager        : Participating in existing transaction
2026-07-29T09:55:30.123+07:00 DEBUG 39817 --- [           main] o.s.orm.jpa.JpaTransactionManager        : Found thread-bound EntityManager [SessionImpl(209016554<open>)] for JPA transaction
2026-07-29T09:55:30.123+07:00 DEBUG 39817 --- [           main] o.s.orm.jpa.JpaTransactionManager        : Participating in existing transaction
2026-07-29T09:55:30.123+07:00 DEBUG 39817 --- [           main] o.s.orm.jpa.JpaTransactionManager        : Found thread-bound EntityManager [SessionImpl(209016554<open>)] for JPA transaction
2026-07-29T09:55:30.123+07:00 DEBUG 39817 --- [           main] o.s.orm.jpa.JpaTransactionManager        : Participating in existing transaction
2026-07-29T09:55:30.124+07:00 DEBUG 39817 --- [           main] o.s.d.auditing.AuditingHandlerSupport    : Touched com.kaknnea.pos.domain.Sale@8c567e1 - Last modification at 2026-07-29T09:55:30.124860551 by unknown
2026-07-29T09:55:30.135+07:00 DEBUG 39817 --- [           main] o.s.orm.jpa.JpaTransactionManager        : Found thread-bound EntityManager [SessionImpl(209016554<open>)] for JPA transaction
2026-07-29T09:55:30.135+07:00 DEBUG 39817 --- [           main] o.s.orm.jpa.JpaTransactionManager        : Participating in existing transaction
2026-07-29T09:55:30.137+07:00 DEBUG 39817 --- [           main] o.s.d.auditing.AuditingHandlerSupport    : Touched com.kaknnea.pos.domain.Sale@8c567e1 - Last modification at 2026-07-29T09:55:30.137835235 by unknown
2026-07-29T09:55:30.138+07:00  WARN 39817 --- [           main] o.h.engine.jdbc.spi.SqlExceptionHelper   : SQL Error: 1054, SQLState: 42S22
2026-07-29T09:55:30.138+07:00 ERROR 39817 --- [           main] o.h.engine.jdbc.spi.SqlExceptionHelper   : Unknown column 'bs1_0.auto_print_receipt' in 'field list'
2026-07-29T09:55:30.139+07:00 DEBUG 39817 --- [           main] o.s.d.auditing.AuditingHandlerSupport    : Touched com.kaknnea.pos.domain.Sale@8c567e1 - Last modification at 2026-07-29T09:55:30.139344851 by unknown
2026-07-29T09:55:30.141+07:00 DEBUG 39817 --- [           main] m.m.a.RequestResponseBodyMethodProcessor : Using 'application/json', given [*/*] and supported [application/json, application/*+json]
2026-07-29T09:55:30.141+07:00 DEBUG 39817 --- [           main] m.m.a.RequestResponseBodyMethodProcessor : Writing [SaleDtos.SaleResponse(id=20, invoiceNumber=INV-2026-00020, status=ESTIMATE_ACCEPTED, currency=null,  (truncated)...]
2026-07-29T09:55:30.141+07:00 DEBUG 39817 --- [           main] o.s.t.web.servlet.TestDispatcherServlet  : Completed 200 OK
2026-07-29T09:55:30.142+07:00 DEBUG 39817 --- [           main] o.s.test.util.ReflectionTestUtils        : Invoking method 'getFilters' on target object [FilterChainProxy[Filter Chains: null]] or target class [null] with arguments {org.springframework.mock.web.MockHttpServletRequest@cfede3d}
2026-07-29T09:55:30.142+07:00 DEBUG 39817 --- [           main] o.s.test.util.ReflectionTestUtils        : Invoking method 'getFilters' on target object [FilterChainProxy[Filter Chains: null]] or target class [null] with arguments {org.springframework.mock.web.MockHttpServletRequest@cfede3d}
2026-07-29T09:55:30.142+07:00 DEBUG 39817 --- [           main] o.s.test.util.ReflectionTestUtils        : Getting field 'securityContextRepository' from target object [org.springframework.security.web.context.SecurityContextHolderFilter@266ac757] or target class [class org.springframework.security.web.context.SecurityContextHolderFilter]
2026-07-29T09:55:30.142+07:00 DEBUG 39817 --- [           main] o.s.security.web.FilterChainProxy        : Securing POST /api/pos/sales/20/convert-from-estimate
2026-07-29T09:55:30.143+07:00 DEBUG 39817 --- [           main] o.s.security.web.FilterChainProxy        : Secured POST /api/pos/sales/20/convert-from-estimate
2026-07-29T09:55:30.143+07:00 DEBUG 39817 --- [           main] o.s.t.web.servlet.TestDispatcherServlet  : POST "/api/pos/sales/20/convert-from-estimate", parameters={}
2026-07-29T09:55:30.143+07:00 DEBUG 39817 --- [           main] s.w.s.m.m.a.RequestMappingHandlerMapping : Mapped to com.kaknnea.pos.controller.SaleController#convertEstimateToSale(Long)
2026-07-29T09:55:30.143+07:00 DEBUG 39817 --- [           main] o.s.orm.jpa.JpaTransactionManager        : Found thread-bound EntityManager [SessionImpl(209016554<open>)] for JPA transaction
2026-07-29T09:55:30.143+07:00 DEBUG 39817 --- [           main] o.s.orm.jpa.JpaTransactionManager        : Participating in existing transaction
2026-07-29T09:55:30.143+07:00 DEBUG 39817 --- [           main] o.s.orm.jpa.JpaTransactionManager        : Found thread-bound EntityManager [SessionImpl(209016554<open>)] for JPA transaction
2026-07-29T09:55:30.143+07:00 DEBUG 39817 --- [           main] o.s.orm.jpa.JpaTransactionManager        : Participating in existing transaction
2026-07-29T09:55:30.144+07:00 DEBUG 39817 --- [           main] o.s.orm.jpa.JpaTransactionManager        : Found thread-bound EntityManager [SessionImpl(209016554<open>)] for JPA transaction
2026-07-29T09:55:30.144+07:00 DEBUG 39817 --- [           main] o.s.orm.jpa.JpaTransactionManager        : Participating in existing transaction
2026-07-29T09:55:30.144+07:00 DEBUG 39817 --- [           main] o.s.d.auditing.AuditingHandlerSupport    : Touched com.kaknnea.pos.domain.Sale@57bfc197 - Last modification at 2026-07-29T09:55:30.144503470 by unknown
2026-07-29T09:55:30.146+07:00 DEBUG 39817 --- [           main] o.s.orm.jpa.JpaTransactionManager        : Found thread-bound EntityManager [SessionImpl(209016554<open>)] for JPA transaction
2026-07-29T09:55:30.146+07:00 DEBUG 39817 --- [           main] o.s.orm.jpa.JpaTransactionManager        : Participating in existing transaction
2026-07-29T09:55:30.147+07:00 DEBUG 39817 --- [           main] o.s.d.auditing.AuditingHandlerSupport    : Touched com.kaknnea.pos.domain.Sale@8c567e1 - Last modification at 2026-07-29T09:55:30.147707992 by unknown
2026-07-29T09:55:30.161+07:00 DEBUG 39817 --- [           main] o.s.orm.jpa.JpaTransactionManager        : Found thread-bound EntityManager [SessionImpl(209016554<open>)] for JPA transaction
2026-07-29T09:55:30.161+07:00 DEBUG 39817 --- [           main] o.s.orm.jpa.JpaTransactionManager        : Participating in existing transaction
2026-07-29T09:55:30.172+07:00 DEBUG 39817 --- [           main] o.s.orm.jpa.JpaTransactionManager        : Found thread-bound EntityManager [SessionImpl(209016554<open>)] for JPA transaction
2026-07-29T09:55:30.172+07:00 DEBUG 39817 --- [           main] o.s.orm.jpa.JpaTransactionManager        : Participating in existing transaction
2026-07-29T09:55:30.174+07:00 DEBUG 39817 --- [           main] o.s.d.auditing.AuditingHandlerSupport    : Touched com.kaknnea.pos.domain.Sale@8c567e1 - Last modification at 2026-07-29T09:55:30.174462415 by unknown
2026-07-29T09:55:30.175+07:00  WARN 39817 --- [           main] o.h.engine.jdbc.spi.SqlExceptionHelper   : SQL Error: 1054, SQLState: 42S22
2026-07-29T09:55:30.175+07:00 ERROR 39817 --- [           main] o.h.engine.jdbc.spi.SqlExceptionHelper   : Unknown column 'bs1_0.auto_print_receipt' in 'field list'
2026-07-29T09:55:30.176+07:00 DEBUG 39817 --- [           main] o.s.d.auditing.AuditingHandlerSupport    : Touched com.kaknnea.pos.domain.Sale@8c567e1 - Last modification at 2026-07-29T09:55:30.176338454 by unknown
2026-07-29T09:55:30.178+07:00 DEBUG 39817 --- [           main] m.m.a.RequestResponseBodyMethodProcessor : Using 'application/json', given [*/*] and supported [application/json, application/*+json]
2026-07-29T09:55:30.178+07:00 DEBUG 39817 --- [           main] m.m.a.RequestResponseBodyMethodProcessor : Writing [SaleDtos.SaleResponse(id=21, invoiceNumber=INV-2026-00021, status=DRAFT, currency=null, displayName= (truncated)...]
2026-07-29T09:55:30.179+07:00 DEBUG 39817 --- [           main] o.s.t.web.servlet.TestDispatcherServlet  : Completed 200 OK
2026-07-29T09:55:30.180+07:00 DEBUG 39817 --- [           main] o.s.test.util.ReflectionTestUtils        : Invoking method 'getFilters' on target object [FilterChainProxy[Filter Chains: null]] or target class [null] with arguments {org.springframework.mock.web.MockHttpServletRequest@4d348d85}
2026-07-29T09:55:30.180+07:00 DEBUG 39817 --- [           main] o.s.test.util.ReflectionTestUtils        : Invoking method 'getFilters' on target object [FilterChainProxy[Filter Chains: null]] or target class [null] with arguments {org.springframework.mock.web.MockHttpServletRequest@4d348d85}
2026-07-29T09:55:30.180+07:00 DEBUG 39817 --- [           main] o.s.test.util.ReflectionTestUtils        : Getting field 'securityContextRepository' from target object [org.springframework.security.web.context.SecurityContextHolderFilter@266ac757] or target class [class org.springframework.security.web.context.SecurityContextHolderFilter]
2026-07-29T09:55:30.181+07:00 DEBUG 39817 --- [           main] o.s.security.web.FilterChainProxy        : Securing POST /api/pos/sales/21/pay
2026-07-29T09:55:30.181+07:00 DEBUG 39817 --- [           main] o.s.security.web.FilterChainProxy        : Secured POST /api/pos/sales/21/pay
2026-07-29T09:55:30.181+07:00 DEBUG 39817 --- [           main] o.s.t.web.servlet.TestDispatcherServlet  : POST "/api/pos/sales/21/pay", parameters={}
2026-07-29T09:55:30.181+07:00 DEBUG 39817 --- [           main] s.w.s.m.m.a.RequestMappingHandlerMapping : Mapped to com.kaknnea.pos.controller.SaleController#pay(Long, PayRequest)
2026-07-29T09:55:30.182+07:00 DEBUG 39817 --- [           main] m.m.a.RequestResponseBodyMethodProcessor : Read "application/json;charset=UTF-8" to [SaleDtos.PayRequest(payments=[SaleDtos.PaymentRequest(method=CASH, amount=225.00)])]
2026-07-29T09:55:30.182+07:00 DEBUG 39817 --- [           main] horizationManagerBeforeMethodInterceptor : Authorizing method invocation ReflectiveMethodInvocation: public com.kaknnea.pos.dto.SaleDtos$SaleResponse com.kaknnea.pos.controller.SaleController.pay(java.lang.Long,com.kaknnea.pos.dto.SaleDtos$PayRequest); target is of class [com.kaknnea.pos.controller.SaleController]
2026-07-29T09:55:30.182+07:00 DEBUG 39817 --- [           main] horizationManagerBeforeMethodInterceptor : Authorized method invocation ReflectiveMethodInvocation: public com.kaknnea.pos.dto.SaleDtos$SaleResponse com.kaknnea.pos.controller.SaleController.pay(java.lang.Long,com.kaknnea.pos.dto.SaleDtos$PayRequest); target is of class [com.kaknnea.pos.controller.SaleController]
2026-07-29T09:55:30.182+07:00 DEBUG 39817 --- [           main] o.s.orm.jpa.JpaTransactionManager        : Found thread-bound EntityManager [SessionImpl(209016554<open>)] for JPA transaction
2026-07-29T09:55:30.182+07:00 DEBUG 39817 --- [           main] o.s.orm.jpa.JpaTransactionManager        : Participating in existing transaction
2026-07-29T09:55:30.182+07:00 DEBUG 39817 --- [           main] o.s.orm.jpa.JpaTransactionManager        : Found thread-bound EntityManager [SessionImpl(209016554<open>)] for JPA transaction
2026-07-29T09:55:30.182+07:00 DEBUG 39817 --- [           main] o.s.orm.jpa.JpaTransactionManager        : Participating in existing transaction
2026-07-29T09:55:30.185+07:00 DEBUG 39817 --- [           main] o.s.orm.jpa.JpaTransactionManager        : Found thread-bound EntityManager [SessionImpl(209016554<open>)] for JPA transaction
2026-07-29T09:55:30.185+07:00 DEBUG 39817 --- [           main] o.s.orm.jpa.JpaTransactionManager        : Participating in existing transaction
2026-07-29T09:55:30.186+07:00 DEBUG 39817 --- [           main] o.s.orm.jpa.JpaTransactionManager        : Found thread-bound EntityManager [SessionImpl(209016554<open>)] for JPA transaction
2026-07-29T09:55:30.186+07:00 DEBUG 39817 --- [           main] o.s.orm.jpa.JpaTransactionManager        : Participating in existing transaction
2026-07-29T09:55:30.187+07:00 DEBUG 39817 --- [           main] o.s.orm.jpa.JpaTransactionManager        : Found thread-bound EntityManager [SessionImpl(209016554<open>)] for JPA transaction
2026-07-29T09:55:30.187+07:00 DEBUG 39817 --- [           main] o.s.orm.jpa.JpaTransactionManager        : Participating in existing transaction
2026-07-29T09:55:30.188+07:00 DEBUG 39817 --- [           main] o.s.orm.jpa.JpaTransactionManager        : Found thread-bound EntityManager [SessionImpl(209016554<open>)] for JPA transaction
2026-07-29T09:55:30.188+07:00 DEBUG 39817 --- [           main] o.s.orm.jpa.JpaTransactionManager        : Participating in existing transaction
2026-07-29T09:55:30.188+07:00 DEBUG 39817 --- [           main] o.s.orm.jpa.JpaTransactionManager        : Found thread-bound EntityManager [SessionImpl(209016554<open>)] for JPA transaction
2026-07-29T09:55:30.188+07:00 DEBUG 39817 --- [           main] o.s.orm.jpa.JpaTransactionManager        : Participating in existing transaction
2026-07-29T09:55:30.189+07:00 DEBUG 39817 --- [           main] o.s.d.auditing.AuditingHandlerSupport    : Touched com.kaknnea.pos.domain.Sale@57bfc197 - Last modification at 2026-07-29T09:55:30.189636811 by unknown
2026-07-29T09:55:30.205+07:00 DEBUG 39817 --- [           main] o.s.orm.jpa.JpaTransactionManager        : Found thread-bound EntityManager [SessionImpl(209016554<open>)] for JPA transaction
2026-07-29T09:55:30.205+07:00 DEBUG 39817 --- [           main] o.s.orm.jpa.JpaTransactionManager        : Participating in existing transaction
2026-07-29T09:55:30.206+07:00 DEBUG 39817 --- [           main] o.s.orm.jpa.JpaTransactionManager        : Found thread-bound EntityManager [SessionImpl(209016554<open>)] for JPA transaction
2026-07-29T09:55:30.206+07:00 DEBUG 39817 --- [           main] o.s.orm.jpa.JpaTransactionManager        : Participating in existing transaction
2026-07-29T09:55:30.206+07:00 DEBUG 39817 --- [           main] o.s.orm.jpa.JpaTransactionManager        : Found thread-bound EntityManager [SessionImpl(209016554<open>)] for JPA transaction
2026-07-29T09:55:30.206+07:00 DEBUG 39817 --- [           main] o.s.orm.jpa.JpaTransactionManager        : Participating in existing transaction
2026-07-29T09:55:30.223+07:00 DEBUG 39817 --- [           main] o.s.orm.jpa.JpaTransactionManager        : Found thread-bound EntityManager [SessionImpl(209016554<open>)] for JPA transaction
2026-07-29T09:55:30.223+07:00 DEBUG 39817 --- [           main] o.s.orm.jpa.JpaTransactionManager        : Participating in existing transaction
2026-07-29T09:55:30.225+07:00 DEBUG 39817 --- [           main] o.s.d.auditing.AuditingHandlerSupport    : Touched com.kaknnea.pos.domain.Sale@57bfc197 - Last modification at 2026-07-29T09:55:30.225348989 by unknown
2026-07-29T09:55:30.226+07:00  WARN 39817 --- [           main] o.h.engine.jdbc.spi.SqlExceptionHelper   : SQL Error: 1054, SQLState: 42S22
2026-07-29T09:55:30.226+07:00 ERROR 39817 --- [           main] o.h.engine.jdbc.spi.SqlExceptionHelper   : Unknown column 'bs1_0.auto_print_receipt' in 'field list'
2026-07-29T09:55:30.226+07:00 DEBUG 39817 --- [           main] o.s.d.auditing.AuditingHandlerSupport    : Touched com.kaknnea.pos.domain.Sale@57bfc197 - Last modification at 2026-07-29T09:55:30.226784825 by unknown
2026-07-29T09:55:30.229+07:00 DEBUG 39817 --- [           main] m.m.a.RequestResponseBodyMethodProcessor : Using 'application/json', given [*/*] and supported [application/json, application/*+json]
2026-07-29T09:55:30.229+07:00 DEBUG 39817 --- [           main] m.m.a.RequestResponseBodyMethodProcessor : Writing [SaleDtos.SaleResponse(id=21, invoiceNumber=SR-2026-00021, status=PAID, currency=null, displayName=nu (truncated)...]
2026-07-29T09:55:30.230+07:00 DEBUG 39817 --- [           main] o.s.t.web.servlet.TestDispatcherServlet  : Completed 200 OK
2026-07-29T09:55:30.231+07:00 DEBUG 39817 --- [           main] o.s.test.util.ReflectionTestUtils        : Invoking method 'getFilters' on target object [FilterChainProxy[Filter Chains: null]] or target class [null] with arguments {org.springframework.mock.web.MockHttpServletRequest@4e437772}
2026-07-29T09:55:30.231+07:00 DEBUG 39817 --- [           main] o.s.test.util.ReflectionTestUtils        : Invoking method 'getFilters' on target object [FilterChainProxy[Filter Chains: null]] or target class [null] with arguments {org.springframework.mock.web.MockHttpServletRequest@4e437772}
2026-07-29T09:55:30.231+07:00 DEBUG 39817 --- [           main] o.s.test.util.ReflectionTestUtils        : Getting field 'securityContextRepository' from target object [org.springframework.security.web.context.SecurityContextHolderFilter@266ac757] or target class [class org.springframework.security.web.context.SecurityContextHolderFilter]
2026-07-29T09:55:30.232+07:00 DEBUG 39817 --- [           main] o.s.security.web.FilterChainProxy        : Securing GET /api/pos/sales/20
2026-07-29T09:55:30.232+07:00 DEBUG 39817 --- [           main] o.s.security.web.FilterChainProxy        : Secured GET /api/pos/sales/20
2026-07-29T09:55:30.232+07:00 DEBUG 39817 --- [           main] o.s.t.web.servlet.TestDispatcherServlet  : GET "/api/pos/sales/20", parameters={}
2026-07-29T09:55:30.232+07:00 DEBUG 39817 --- [           main] s.w.s.m.m.a.RequestMappingHandlerMapping : Mapped to com.kaknnea.pos.controller.SaleController#getById(Long)
2026-07-29T09:55:30.232+07:00 DEBUG 39817 --- [           main] horizationManagerBeforeMethodInterceptor : Authorizing method invocation ReflectiveMethodInvocation: public com.kaknnea.pos.dto.SaleDtos$SaleResponse com.kaknnea.pos.controller.SaleController.getById(java.lang.Long); target is of class [com.kaknnea.pos.controller.SaleController]
2026-07-29T09:55:30.233+07:00 DEBUG 39817 --- [           main] horizationManagerBeforeMethodInterceptor : Authorized method invocation ReflectiveMethodInvocation: public com.kaknnea.pos.dto.SaleDtos$SaleResponse com.kaknnea.pos.controller.SaleController.getById(java.lang.Long); target is of class [com.kaknnea.pos.controller.SaleController]
2026-07-29T09:55:30.233+07:00 DEBUG 39817 --- [           main] o.s.orm.jpa.JpaTransactionManager        : Found thread-bound EntityManager [SessionImpl(209016554<open>)] for JPA transaction
2026-07-29T09:55:30.233+07:00 DEBUG 39817 --- [           main] o.s.orm.jpa.JpaTransactionManager        : Participating in existing transaction
2026-07-29T09:55:30.233+07:00 DEBUG 39817 --- [           main] o.s.orm.jpa.JpaTransactionManager        : Found thread-bound EntityManager [SessionImpl(209016554<open>)] for JPA transaction
2026-07-29T09:55:30.233+07:00 DEBUG 39817 --- [           main] o.s.orm.jpa.JpaTransactionManager        : Participating in existing transaction
2026-07-29T09:55:30.235+07:00  WARN 39817 --- [           main] o.h.engine.jdbc.spi.SqlExceptionHelper   : SQL Error: 1054, SQLState: 42S22
2026-07-29T09:55:30.235+07:00 ERROR 39817 --- [           main] o.h.engine.jdbc.spi.SqlExceptionHelper   : Unknown column 'bs1_0.auto_print_receipt' in 'field list'
2026-07-29T09:55:30.236+07:00 DEBUG 39817 --- [           main] m.m.a.RequestResponseBodyMethodProcessor : Using 'application/json', given [*/*] and supported [application/json, application/*+json]
2026-07-29T09:55:30.236+07:00 DEBUG 39817 --- [           main] m.m.a.RequestResponseBodyMethodProcessor : Writing [SaleDtos.SaleResponse(id=20, invoiceNumber=INV-2026-00020, status=ESTIMATE_CONVERTED, currency=null, (truncated)...]
2026-07-29T09:55:30.237+07:00 DEBUG 39817 --- [           main] o.s.t.web.servlet.TestDispatcherServlet  : Completed 200 OK
2026-07-29T09:55:30.237+07:00 DEBUG 39817 --- [           main] org.springframework.test.context.cache   : Spring test ApplicationContext cache statistics: [DefaultContextCache@ac337e2 size = 1, maxSize = 32, parentContextCount = 0, hitCount = 926, missCount = 1, failureCount = 0]
2026-07-29T09:55:30.237+07:00 DEBUG 39817 --- [           main] org.springframework.test.context.cache   : Spring test ApplicationContext cache statistics: [DefaultContextCache@ac337e2 size = 1, maxSize = 32, parentContextCount = 0, hitCount = 927, missCount = 1, failureCount = 0]
2026-07-29T09:55:30.237+07:00 DEBUG 39817 --- [           main] org.springframework.test.context.cache   : Spring test ApplicationContext cache statistics: [DefaultContextCache@ac337e2 size = 1, maxSize = 32, parentContextCount = 0, hitCount = 928, missCount = 1, failureCount = 0]
2026-07-29T09:55:30.238+07:00 DEBUG 39817 --- [           main] org.springframework.test.context.cache   : Spring test ApplicationContext cache statistics: [DefaultContextCache@ac337e2 size = 1, maxSize = 32, parentContextCount = 0, hitCount = 929, missCount = 1, failureCount = 0]
2026-07-29T09:55:30.238+07:00 DEBUG 39817 --- [           main] org.springframework.test.context.cache   : Spring test ApplicationContext cache statistics: [DefaultContextCache@ac337e2 size = 1, maxSize = 32, parentContextCount = 0, hitCount = 930, missCount = 1, failureCount = 0]
2026-07-29T09:55:30.239+07:00 DEBUG 39817 --- [           main] org.springframework.test.context.cache   : Spring test ApplicationContext cache statistics: [DefaultContextCache@ac337e2 size = 1, maxSize = 32, parentContextCount = 0, hitCount = 931, missCount = 1, failureCount = 0]
2026-07-29T09:55:30.239+07:00 DEBUG 39817 --- [           main] org.springframework.test.context.cache   : Spring test ApplicationContext cache statistics: [DefaultContextCache@ac337e2 size = 1, maxSize = 32, parentContextCount = 0, hitCount = 932, missCount = 1, failureCount = 0]
2026-07-29T09:55:30.239+07:00 DEBUG 39817 --- [           main] o.s.orm.jpa.JpaTransactionManager        : Initiating transaction rollback
2026-07-29T09:55:30.239+07:00 DEBUG 39817 --- [           main] o.s.orm.jpa.JpaTransactionManager        : Rolling back JPA transaction on EntityManager [SessionImpl(209016554<open>)]
2026-07-29T09:55:30.250+07:00 DEBUG 39817 --- [           main] o.s.orm.jpa.JpaTransactionManager        : Closing JPA EntityManager [SessionImpl(209016554<open>)] after transaction
2026-07-29T09:55:30.250+07:00 DEBUG 39817 --- [           main] o.s.t.c.transaction.TransactionContext   : Rolled back transaction (1) for test class [com.kaknnea.pos.controller.EstimateWorkflowIntegrationTest]; test method [fullLifecycle]
2026-07-29T09:55:30.250+07:00 DEBUG 39817 --- [           main] .c.s.DirtiesContextTestExecutionListener : After test method: class [EstimateWorkflowIntegrationTest], method [fullLifecycle], class annotated with @DirtiesContext [false] with mode [null], method annotated with @DirtiesContext [false] with mode [null]
2026-07-29T09:55:30.250+07:00 DEBUG 39817 --- [           main] o.s.t.c.w.ServletTestExecutionListener   : Resetting RequestContextHolder for test class com.kaknnea.pos.controller.EstimateWorkflowIntegrationTest
]]></system-out>
  </testcase>
  <testcase name="declineEstimate" classname="com.kaknnea.pos.controller.EstimateWorkflowIntegrationTest" time="0.083">
    <system-out><![CDATA[2026-07-29T09:55:30.251+07:00 DEBUG 39817 --- [           main] org.springframework.test.context.cache   : Spring test ApplicationContext cache statistics: [DefaultContextCache@ac337e2 size = 1, maxSize = 32, parentContextCount = 0, hitCount = 933, missCount = 1, failureCount = 0]
2026-07-29T09:55:30.251+07:00 DEBUG 39817 --- [           main] o.s.t.c.w.ServletTestExecutionListener   : Setting up MockHttpServletRequest, MockHttpServletResponse, ServletWebRequest, and RequestContextHolder for test class com.kaknnea.pos.controller.EstimateWorkflowIntegrationTest
2026-07-29T09:55:30.251+07:00 DEBUG 39817 --- [           main] DependencyInjectionTestExecutionListener : Performing dependency injection for test class com.kaknnea.pos.controller.EstimateWorkflowIntegrationTest
2026-07-29T09:55:30.251+07:00 DEBUG 39817 --- [           main] org.springframework.test.context.cache   : Spring test ApplicationContext cache statistics: [DefaultContextCache@ac337e2 size = 1, maxSize = 32, parentContextCount = 0, hitCount = 934, missCount = 1, failureCount = 0]
2026-07-29T09:55:30.251+07:00 DEBUG 39817 --- [           main] org.springframework.test.context.cache   : Spring test ApplicationContext cache statistics: [DefaultContextCache@ac337e2 size = 1, maxSize = 32, parentContextCount = 0, hitCount = 935, missCount = 1, failureCount = 0]
2026-07-29T09:55:30.251+07:00 DEBUG 39817 --- [           main] sContextBeforeModesTestExecutionListener : Before test method: class [EstimateWorkflowIntegrationTest], method [declineEstimate], class annotated with @DirtiesContext [false] with mode [null], method annotated with @DirtiesContext [false] with mode [null]
2026-07-29T09:55:30.251+07:00 DEBUG 39817 --- [           main] t.c.t.TransactionalTestExecutionListener : Explicit transaction definition [PROPAGATION_REQUIRED,ISOLATION_DEFAULT] found for test class [com.kaknnea.pos.controller.EstimateWorkflowIntegrationTest] and test method [declineEstimate]
2026-07-29T09:55:30.251+07:00 DEBUG 39817 --- [           main] org.springframework.test.context.cache   : Spring test ApplicationContext cache statistics: [DefaultContextCache@ac337e2 size = 1, maxSize = 32, parentContextCount = 0, hitCount = 936, missCount = 1, failureCount = 0]
2026-07-29T09:55:30.251+07:00 DEBUG 39817 --- [           main] t.c.t.TransactionalTestExecutionListener : No method-level @Rollback override: using default rollback [true] for test method [void com.kaknnea.pos.controller.EstimateWorkflowIntegrationTest.declineEstimate() throws java.lang.Exception]
2026-07-29T09:55:30.251+07:00 DEBUG 39817 --- [           main] o.s.orm.jpa.JpaTransactionManager        : Creating new transaction with name [com.kaknnea.pos.controller.EstimateWorkflowIntegrationTest.declineEstimate]: PROPAGATION_REQUIRED,ISOLATION_DEFAULT
2026-07-29T09:55:30.251+07:00 DEBUG 39817 --- [           main] o.s.orm.jpa.JpaTransactionManager        : Opened new EntityManager [SessionImpl(1982435322<open>)] for JPA transaction
2026-07-29T09:55:30.252+07:00 DEBUG 39817 --- [           main] o.s.orm.jpa.JpaTransactionManager        : Exposing JPA transaction as JDBC [org.springframework.orm.jpa.vendor.HibernateJpaDialect$HibernateConnectionHandle@29205ba5]
2026-07-29T09:55:30.252+07:00 DEBUG 39817 --- [           main] o.s.t.c.transaction.TransactionContext   : Began transaction (1) for test class [com.kaknnea.pos.controller.EstimateWorkflowIntegrationTest]; test method [declineEstimate]; transaction manager [org.springframework.orm.jpa.JpaTransactionManager@1ed69036]; rollback [true]
2026-07-29T09:55:30.252+07:00 DEBUG 39817 --- [           main] org.springframework.test.context.cache   : Spring test ApplicationContext cache statistics: [DefaultContextCache@ac337e2 size = 1, maxSize = 32, parentContextCount = 0, hitCount = 937, missCount = 1, failureCount = 0]
2026-07-29T09:55:30.252+07:00 DEBUG 39817 --- [           main] org.springframework.test.context.cache   : Spring test ApplicationContext cache statistics: [DefaultContextCache@ac337e2 size = 1, maxSize = 32, parentContextCount = 0, hitCount = 938, missCount = 1, failureCount = 0]
2026-07-29T09:55:30.252+07:00 DEBUG 39817 --- [           main] org.springframework.test.context.cache   : Spring test ApplicationContext cache statistics: [DefaultContextCache@ac337e2 size = 1, maxSize = 32, parentContextCount = 0, hitCount = 939, missCount = 1, failureCount = 0]
2026-07-29T09:55:30.252+07:00 DEBUG 39817 --- [           main] org.springframework.test.context.cache   : Spring test ApplicationContext cache statistics: [DefaultContextCache@ac337e2 size = 1, maxSize = 32, parentContextCount = 0, hitCount = 940, missCount = 1, failureCount = 0]
2026-07-29T09:55:30.253+07:00 DEBUG 39817 --- [           main] o.s.orm.jpa.JpaTransactionManager        : Found thread-bound EntityManager [SessionImpl(1982435322<open>)] for JPA transaction
2026-07-29T09:55:30.253+07:00 DEBUG 39817 --- [           main] o.s.orm.jpa.JpaTransactionManager        : Participating in existing transaction
2026-07-29T09:55:30.253+07:00 DEBUG 39817 --- [           main] o.s.d.auditing.AuditingHandlerSupport    : Touched com.kaknnea.pos.domain.Customer@2e9fe703 - Last modification at 2026-07-29T09:55:30.253642212 by unknown
2026-07-29T09:55:30.254+07:00 DEBUG 39817 --- [           main] o.s.orm.jpa.JpaTransactionManager        : Found thread-bound EntityManager [SessionImpl(1982435322<open>)] for JPA transaction
2026-07-29T09:55:30.254+07:00 DEBUG 39817 --- [           main] o.s.orm.jpa.JpaTransactionManager        : Participating in existing transaction
2026-07-29T09:55:30.254+07:00 DEBUG 39817 --- [           main] o.s.d.auditing.AuditingHandlerSupport    : Touched com.kaknnea.pos.domain.Category@6e299dba - Last modification at 2026-07-29T09:55:30.254540742 by unknown
2026-07-29T09:55:30.254+07:00 DEBUG 39817 --- [           main] o.s.orm.jpa.JpaTransactionManager        : Found thread-bound EntityManager [SessionImpl(1982435322<open>)] for JPA transaction
2026-07-29T09:55:30.254+07:00 DEBUG 39817 --- [           main] o.s.orm.jpa.JpaTransactionManager        : Participating in existing transaction
2026-07-29T09:55:30.255+07:00 DEBUG 39817 --- [           main] o.s.d.auditing.AuditingHandlerSupport    : Touched com.kaknnea.pos.domain.Product@4aca07cf - Last modification at 2026-07-29T09:55:30.254984251 by unknown
2026-07-29T09:55:30.255+07:00 DEBUG 39817 --- [           main] o.s.orm.jpa.JpaTransactionManager        : Found thread-bound EntityManager [SessionImpl(1982435322<open>)] for JPA transaction
2026-07-29T09:55:30.255+07:00 DEBUG 39817 --- [           main] o.s.orm.jpa.JpaTransactionManager        : Participating in existing transaction
2026-07-29T09:55:30.255+07:00 DEBUG 39817 --- [           main] o.s.d.auditing.AuditingHandlerSupport    : Touched com.kaknnea.pos.domain.Store@6be0fed1 - Last modification at 2026-07-29T09:55:30.255608181 by unknown
2026-07-29T09:55:30.255+07:00 DEBUG 39817 --- [           main] o.s.orm.jpa.JpaTransactionManager        : Found thread-bound EntityManager [SessionImpl(1982435322<open>)] for JPA transaction
2026-07-29T09:55:30.255+07:00 DEBUG 39817 --- [           main] o.s.orm.jpa.JpaTransactionManager        : Participating in existing transaction
2026-07-29T09:55:30.256+07:00 DEBUG 39817 --- [           main] o.s.test.util.ReflectionTestUtils        : Invoking method 'getFilters' on target object [FilterChainProxy[Filter Chains: null]] or target class [null] with arguments {org.springframework.mock.web.MockHttpServletRequest@1da5c207}
2026-07-29T09:55:30.256+07:00 DEBUG 39817 --- [           main] o.s.test.util.ReflectionTestUtils        : Invoking method 'getFilters' on target object [FilterChainProxy[Filter Chains: null]] or target class [null] with arguments {org.springframework.mock.web.MockHttpServletRequest@1da5c207}
2026-07-29T09:55:30.256+07:00 DEBUG 39817 --- [           main] o.s.test.util.ReflectionTestUtils        : Getting field 'securityContextRepository' from target object [org.springframework.security.web.context.SecurityContextHolderFilter@266ac757] or target class [class org.springframework.security.web.context.SecurityContextHolderFilter]
[...]
2026-07-29T09:55:30.398+07:00 DEBUG 39817 --- [           main] org.springframework.test.context.cache   : Spring test ApplicationContext cache statistics: [DefaultContextCache@ac337e2 size = 1, maxSize = 32, parentContextCount = 0, hitCount = 964, missCount = 1, failureCount = 0]
2026-07-29T09:55:30.398+07:00 DEBUG 39817 --- [           main] o.s.orm.jpa.JpaTransactionManager        : Initiating transaction rollback
2026-07-29T09:55:30.398+07:00 DEBUG 39817 --- [           main] o.s.orm.jpa.JpaTransactionManager        : Rolling back JPA transaction on EntityManager [SessionImpl(115735043<open>)]
2026-07-29T09:55:30.400+07:00 DEBUG 39817 --- [           main] o.s.orm.jpa.JpaTransactionManager        : Closing JPA EntityManager [SessionImpl(115735043<open>)] after transaction
2026-07-29T09:55:30.400+07:00 DEBUG 39817 --- [           main] o.s.t.c.transaction.TransactionContext   : Rolled back transaction (1) for test class [com.kaknnea.pos.controller.EstimateWorkflowIntegrationTest]; test method [cannotConvertUnaccepted]
2026-07-29T09:55:30.400+07:00 DEBUG 39817 --- [           main] .c.s.DirtiesContextTestExecutionListener : After test method: class [EstimateWorkflowIntegrationTest], method [cannotConvertUnaccepted], class annotated with @DirtiesContext [false] with mode [null], method annotated with @DirtiesContext [false] with mode [null]
2026-07-29T09:55:30.400+07:00 DEBUG 39817 --- [           main] o.s.t.c.w.ServletTestExecutionListener   : Resetting RequestContextHolder for test class com.kaknnea.pos.controller.EstimateWorkflowIntegrationTest
]]></system-out>
  </testcase>
  <testcase name="listEstimates" classname="com.kaknnea.pos.controller.EstimateWorkflowIntegrationTest" time="0.025">
    <system-out><![CDATA[2026-07-29T09:55:30.401+07:00 DEBUG 39817 --- [           main] org.springframework.test.context.cache   : Spring test ApplicationContext cache statistics: [DefaultContextCache@ac337e2 size = 1, maxSize = 32, parentContextCount = 0, hitCount = 965, missCount = 1, failureCount = 0]
2026-07-29T09:55:30.401+07:00 DEBUG 39817 --- [           main] o.s.t.c.w.ServletTestExecutionListener   : Setting up MockHttpServletRequest, MockHttpServletResponse, ServletWebRequest, and RequestContextHolder for test class com.kaknnea.pos.controller.EstimateWorkflowIntegrationTest
2026-07-29T09:55:30.401+07:00 DEBUG 39817 --- [           main] DependencyInjectionTestExecutionListener : Performing dependency injection for test class com.kaknnea.pos.controller.EstimateWorkflowIntegrationTest
2026-07-29T09:55:30.401+07:00 DEBUG 39817 --- [           main] org.springframework.test.context.cache   : Spring test ApplicationContext cache statistics: [DefaultContextCache@ac337e2 size = 1, maxSize = 32, parentContextCount = 0, hitCount = 966, missCount = 1, failureCount = 0]
2026-07-29T09:55:30.401+07:00 DEBUG 39817 --- [           main] org.springframework.test.context.cache   : Spring test ApplicationContext cache statistics: [DefaultContextCache@ac337e2 size = 1, maxSize = 32, parentContextCount = 0, hitCount = 967, missCount = 1, failureCount = 0]
2026-07-29T09:55:30.402+07:00 DEBUG 39817 --- [           main] sContextBeforeModesTestExecutionListener : Before test method: class [EstimateWorkflowIntegrationTest], method [listEstimates], class annotated with @DirtiesContext [false] with mode [null], method annotated with @DirtiesContext [false] with mode [null]
2026-07-29T09:55:30.402+07:00 DEBUG 39817 --- [           main] t.c.t.TransactionalTestExecutionListener : Explicit transaction definition [PROPAGATION_REQUIRED,ISOLATION_DEFAULT] found for test class [com.kaknnea.pos.controller.EstimateWorkflowIntegrationTest] and test method [listEstimates]
2026-07-29T09:55:30.402+07:00 DEBUG 39817 --- [           main] org.springframework.test.context.cache   : Spring test ApplicationContext cache statistics: [DefaultContextCache@ac337e2 size = 1, maxSize = 32, parentContextCount = 0, hitCount = 968, missCount = 1, failureCount = 0]
2026-07-29T09:55:30.402+07:00 DEBUG 39817 --- [           main] t.c.t.TransactionalTestExecutionListener : No method-level @Rollback override: using default rollback [true] for test method [void com.kaknnea.pos.controller.EstimateWorkflowIntegrationTest.listEstimates() throws java.lang.Exception]
2026-07-29T09:55:30.402+07:00 DEBUG 39817 --- [           main] o.s.orm.jpa.JpaTransactionManager        : Creating new transaction with name [com.kaknnea.pos.controller.EstimateWorkflowIntegrationTest.listEstimates]: PROPAGATION_REQUIRED,ISOLATION_DEFAULT
2026-07-29T09:55:30.402+07:00 DEBUG 39817 --- [           main] o.s.orm.jpa.JpaTransactionManager        : Opened new EntityManager [SessionImpl(871262813<open>)] for JPA transaction
2026-07-29T09:55:30.402+07:00 DEBUG 39817 --- [           main] o.s.orm.jpa.JpaTransactionManager        : Exposing JPA transaction as JDBC [org.springframework.orm.jpa.vendor.HibernateJpaDialect$HibernateConnectionHandle@2668f313]
2026-07-29T09:55:30.402+07:00 DEBUG 39817 --- [           main] o.s.t.c.transaction.TransactionContext   : Began transaction (1) for test class [com.kaknnea.pos.controller.EstimateWorkflowIntegrationTest]; test method [listEstimates]; transaction manager [org.springframework.orm.jpa.JpaTransactionManager@1ed69036]; rollback [true]
2026-07-29T09:55:30.402+07:00 DEBUG 39817 --- [           main] org.springframework.test.context.cache   : Spring test ApplicationContext cache statistics: [DefaultContextCache@ac337e2 size = 1, maxSize = 32, parentContextCount = 0, hitCount = 969, missCount = 1, failureCount = 0]
2026-07-29T09:55:30.402+07:00 DEBUG 39817 --- [           main] org.springframework.test.context.cache   : Spring test ApplicationContext cache statistics: [DefaultContextCache@ac337e2 size = 1, maxSize = 32, parentContextCount = 0, hitCount = 970, missCount = 1, failureCount = 0]
2026-07-29T09:55:30.402+07:00 DEBUG 39817 --- [           main] org.springframework.test.context.cache   : Spring test ApplicationContext cache statistics: [DefaultContextCache@ac337e2 size = 1, maxSize = 32, parentContextCount = 0, hitCount = 971, missCount = 1, failureCount = 0]
2026-07-29T09:55:30.402+07:00 DEBUG 39817 --- [           main] org.springframework.test.context.cache   : Spring test ApplicationContext cache statistics: [DefaultContextCache@ac337e2 size = 1, maxSize = 32, parentContextCount = 0, hitCount = 972, missCount = 1, failureCount = 0]
2026-07-29T09:55:30.403+07:00 DEBUG 39817 --- [           main] o.s.orm.jpa.JpaTransactionManager        : Found thread-bound EntityManager [SessionImpl(871262813<open>)] for JPA transaction
2026-07-29T09:55:30.403+07:00 DEBUG 39817 --- [           main] o.s.orm.jpa.JpaTransactionManager        : Participating in existing transaction
2026-07-29T09:55:30.403+07:00 DEBUG 39817 --- [           main] o.s.d.auditing.AuditingHandlerSupport    : Touched com.kaknnea.pos.domain.Customer@7c777ce5 - Last modification at 2026-07-29T09:55:30.403881736 by unknown
2026-07-29T09:55:30.404+07:00 DEBUG 39817 --- [           main] o.s.orm.jpa.JpaTransactionManager        : Found thread-bound EntityManager [SessionImpl(871262813<open>)] for JPA transaction
2026-07-29T09:55:30.404+07:00 DEBUG 39817 --- [           main] o.s.orm.jpa.JpaTransactionManager        : Participating in existing transaction
2026-07-29T09:55:30.404+07:00 DEBUG 39817 --- [           main] o.s.d.auditing.AuditingHandlerSupport    : Touched com.kaknnea.pos.domain.Category@3da98ec1 - Last modification at 2026-07-29T09:55:30.404789604 by unknown
2026-07-29T09:55:30.405+07:00 DEBUG 39817 --- [           main] o.s.orm.jpa.JpaTransactionManager        : Found thread-bound EntityManager [SessionImpl(871262813<open>)] for JPA transaction
2026-07-29T09:55:30.405+07:00 DEBUG 39817 --- [           main] o.s.orm.jpa.JpaTransactionManager        : Participating in existing transaction
2026-07-29T09:55:30.405+07:00 DEBUG 39817 --- [           main] o.s.d.auditing.AuditingHandlerSupport    : Touched com.kaknnea.pos.domain.Product@3287585d - Last modification at 2026-07-29T09:55:30.405226460 by unknown
2026-07-29T09:55:30.405+07:00 DEBUG 39817 --- [           main] o.s.orm.jpa.JpaTransactionManager        : Found thread-bound EntityManager [SessionImpl(871262813<open>)] for JPA transaction
2026-07-29T09:55:30.405+07:00 DEBUG 39817 --- [           main] o.s.orm.jpa.JpaTransactionManager        : Participating in existing transaction
2026-07-29T09:55:30.405+07:00 DEBUG 39817 --- [           main] o.s.d.auditing.AuditingHandlerSupport    : Touched com.kaknnea.pos.domain.Store@3373a2a8 - Last modification at 2026-07-29T09:55:30.405776821 by unknown
2026-07-29T09:55:30.406+07:00 DEBUG 39817 --- [           main] o.s.orm.jpa.JpaTransactionManager        : Found thread-bound EntityManager [SessionImpl(871262813<open>)] for JPA transaction
2026-07-29T09:55:30.406+07:00 DEBUG 39817 --- [           main] o.s.orm.jpa.JpaTransactionManager        : Participating in existing transaction
2026-07-29T09:55:30.406+07:00 DEBUG 39817 --- [           main] o.s.test.util.ReflectionTestUtils        : Invoking method 'getFilters' on target object [FilterChainProxy[Filter Chains: null]] or target class [null] with arguments {org.springframework.mock.web.MockHttpServletRequest@6fc6f884}
2026-07-29T09:55:30.406+07:00 DEBUG 39817 --- [           main] o.s.test.util.ReflectionTestUtils        : Invoking method 'getFilters' on target object [FilterChainProxy[Filter Chains: null]] or target class [null] with arguments {org.springframework.mock.web.MockHttpServletRequest@6fc6f884}
2026-07-29T09:55:30.406+07:00 DEBUG 39817 --- [           main] o.s.test.util.ReflectionTestUtils        : Getting field 'securityContextRepository' from target object [org.springframework.security.web.context.SecurityContextHolderFilter@266ac757] or target class [class org.springframework.security.web.context.SecurityContextHolderFilter]
2026-07-29T09:55:30.407+07:00 DEBUG 39817 --- [           main] o.s.security.web.FilterChainProxy        : Securing POST /api/shifts/open
2026-07-29T09:55:30.407+07:00 DEBUG 39817 --- [           main] o.s.security.web.FilterChainProxy        : Secured POST /api/shifts/open
2026-07-29T09:55:30.407+07:00 DEBUG 39817 --- [           main] o.s.t.web.servlet.TestDispatcherServlet  : POST "/api/shifts/open", parameters={}
2026-07-29T09:55:30.407+07:00 DEBUG 39817 --- [           main] s.w.s.m.m.a.RequestMappingHandlerMapping : Mapped to com.kaknnea.pos.controller.ShiftController#open(OpenShiftRequest)
2026-07-29T09:55:30.407+07:00 DEBUG 39817 --- [           main] m.m.a.RequestResponseBodyMethodProcessor : Read "application/json;charset=UTF-8" to [ShiftDtos.OpenShiftRequest(openingCash=1000, storeId=31)]
2026-07-29T09:55:30.407+07:00 DEBUG 39817 --- [           main] horizationManagerBeforeMethodInterceptor : Authorizing method invocation ReflectiveMethodInvocation: public com.kaknnea.pos.dto.ShiftDtos$ShiftResponse com.kaknnea.pos.controller.ShiftController.open(com.kaknnea.pos.dto.ShiftDtos$OpenShiftRequest); target is of class [com.kaknnea.pos.controller.ShiftController]
2026-07-29T09:55:30.407+07:00 DEBUG 39817 --- [           main] horizationManagerBeforeMethodInterceptor : Authorized method invocation ReflectiveMethodInvocation: public com.kaknnea.pos.dto.ShiftDtos$ShiftResponse com.kaknnea.pos.controller.ShiftController.open(com.kaknnea.pos.dto.ShiftDtos$OpenShiftRequest); target is of class [com.kaknnea.pos.controller.ShiftController]
2026-07-29T09:55:30.408+07:00 DEBUG 39817 --- [           main] o.s.orm.jpa.JpaTransactionManager        : Found thread-bound EntityManager [SessionImpl(871262813<open>)] for JPA transaction
2026-07-29T09:55:30.408+07:00 DEBUG 39817 --- [           main] o.s.orm.jpa.JpaTransactionManager        : Participating in existing transaction
2026-07-29T09:55:30.410+07:00 DEBUG 39817 --- [           main] o.s.orm.jpa.JpaTransactionManager        : Found thread-bound EntityManager [SessionImpl(871262813<open>)] for JPA transaction
2026-07-29T09:55:30.410+07:00 DEBUG 39817 --- [           main] o.s.orm.jpa.JpaTransactionManager        : Participating in existing transaction
2026-07-29T09:55:30.411+07:00 DEBUG 39817 --- [           main] o.s.orm.jpa.JpaTransactionManager        : Found thread-bound EntityManager [SessionImpl(871262813<open>)] for JPA transaction
2026-07-29T09:55:30.411+07:00 DEBUG 39817 --- [           main] o.s.orm.jpa.JpaTransactionManager        : Participating in existing transaction
2026-07-29T09:55:30.412+07:00 DEBUG 39817 --- [           main] o.s.orm.jpa.JpaTransactionManager        : Found thread-bound EntityManager [SessionImpl(871262813<open>)] for JPA transaction
2026-07-29T09:55:30.412+07:00 DEBUG 39817 --- [           main] o.s.orm.jpa.JpaTransactionManager        : Participating in existing transaction
2026-07-29T09:55:30.412+07:00 DEBUG 39817 --- [           main] o.s.orm.jpa.JpaTransactionManager        : Found thread-bound EntityManager [SessionImpl(871262813<open>)] for JPA transaction
2026-07-29T09:55:30.412+07:00 DEBUG 39817 --- [           main] o.s.orm.jpa.JpaTransactionManager        : Participating in existing transaction
2026-07-29T09:55:30.413+07:00 DEBUG 39817 --- [           main] o.s.orm.jpa.JpaTransactionManager        : Found thread-bound EntityManager [SessionImpl(871262813<open>)] for JPA transaction
2026-07-29T09:55:30.413+07:00 DEBUG 39817 --- [           main] o.s.orm.jpa.JpaTransactionManager        : Participating in existing transaction
2026-07-29T09:55:30.417+07:00 DEBUG 39817 --- [           main] m.m.a.RequestResponseBodyMethodProcessor : Using 'application/json', given [*/*] and supported [application/json, application/*+json]
2026-07-29T09:55:30.417+07:00 DEBUG 39817 --- [           main] m.m.a.RequestResponseBodyMethodProcessor : Writing [ShiftDtos.ShiftResponse(id=17, status=OPEN, openedAt=2026-07-29T02:55:30.411529714Z, closedAt=null,  (truncated)...]
2026-07-29T09:55:30.418+07:00 DEBUG 39817 --- [           main] o.s.t.web.servlet.TestDispatcherServlet  : Completed 200 OK
2026-07-29T09:55:30.418+07:00 DEBUG 39817 --- [           main] org.springframework.test.context.cache   : Spring test ApplicationContext cache statistics: [DefaultContextCache@ac337e2 size = 1, maxSize = 32, parentContextCount = 0, hitCount = 973, missCount = 1, failureCount = 0]
2026-07-29T09:55:30.418+07:00 DEBUG 39817 --- [           main] o.s.test.util.ReflectionTestUtils        : Invoking method 'getFilters' on target object [FilterChainProxy[Filter Chains: null]] or target class [null] with arguments {org.springframework.mock.web.MockHttpServletRequest@1be0c287}
2026-07-29T09:55:30.418+07:00 DEBUG 39817 --- [           main] o.s.test.util.ReflectionTestUtils        : Invoking method 'getFilters' on target object [FilterChainProxy[Filter Chains: null]] or target class [null] with arguments {org.springframework.mock.web.MockHttpServletRequest@1be0c287}
2026-07-29T09:55:30.418+07:00 DEBUG 39817 --- [           main] o.s.test.util.ReflectionTestUtils        : Getting field 'securityContextRepository' from target object [org.springframework.security.web.context.SecurityContextHolderFilter@266ac757] or target class [class org.springframework.security.web.context.SecurityContextHolderFilter]
2026-07-29T09:55:30.419+07:00 DEBUG 39817 --- [           main] o.s.security.web.FilterChainProxy        : Securing GET /api/pos/sales/estimates
2026-07-29T09:55:30.419+07:00 DEBUG 39817 --- [           main] o.s.security.web.FilterChainProxy        : Secured GET /api/pos/sales/estimates
2026-07-29T09:55:30.419+07:00 DEBUG 39817 --- [           main] o.s.t.web.servlet.TestDispatcherServlet  : GET "/api/pos/sales/estimates", parameters={}
2026-07-29T09:55:30.419+07:00 DEBUG 39817 --- [           main] s.w.s.m.m.a.RequestMappingHandlerMapping : Mapped to com.kaknnea.pos.controller.SaleController#listEstimates(String)
2026-07-29T09:55:30.419+07:00 DEBUG 39817 --- [           main] o.s.orm.jpa.JpaTransactionManager        : Found thread-bound EntityManager [SessionImpl(871262813<open>)] for JPA transaction
2026-07-29T09:55:30.419+07:00 DEBUG 39817 --- [           main] o.s.orm.jpa.JpaTransactionManager        : Participating in existing transaction
2026-07-29T09:55:30.421+07:00 DEBUG 39817 --- [           main] m.m.a.RequestResponseBodyMethodProcessor : Using 'application/json', given [*/*] and supported [application/json, application/*+json]
2026-07-29T09:55:30.421+07:00 DEBUG 39817 --- [           main] m.m.a.RequestResponseBodyMethodProcessor : Writing [[]]
2026-07-29T09:55:30.422+07:00 DEBUG 39817 --- [           main] o.s.t.web.servlet.TestDispatcherServlet  : Completed 200 OK
2026-07-29T09:55:30.422+07:00 DEBUG 39817 --- [           main] org.springframework.test.context.cache   : Spring test ApplicationContext cache statistics: [DefaultContextCache@ac337e2 size = 1, maxSize = 32, parentContextCount = 0, hitCount = 974, missCount = 1, failureCount = 0]
2026-07-29T09:55:30.422+07:00 DEBUG 39817 --- [           main] org.springframework.test.context.cache   : Spring test ApplicationContext cache statistics: [DefaultContextCache@ac337e2 size = 1, maxSize = 32, parentContextCount = 0, hitCount = 975, missCount = 1, failureCount = 0]
2026-07-29T09:55:30.422+07:00 DEBUG 39817 --- [           main] org.springframework.test.context.cache   : Spring test ApplicationContext cache statistics: [DefaultContextCache@ac337e2 size = 1, maxSize = 32, parentContextCount = 0, hitCount = 976, missCount = 1, failureCount = 0]
2026-07-29T09:55:30.422+07:00 DEBUG 39817 --- [           main] org.springframework.test.context.cache   : Spring test ApplicationContext cache statistics: [DefaultContextCache@ac337e2 size = 1, maxSize = 32, parentContextCount = 0, hitCount = 977, missCount = 1, failureCount = 0]
2026-07-29T09:55:30.423+07:00 DEBUG 39817 --- [           main] org.springframework.test.context.cache   : Spring test ApplicationContext cache statistics: [DefaultContextCache@ac337e2 size = 1, maxSize = 32, parentContextCount = 0, hitCount = 978, missCount = 1, failureCount = 0]
2026-07-29T09:55:30.423+07:00 DEBUG 39817 --- [           main] org.springframework.test.context.cache   : Spring test ApplicationContext cache statistics: [DefaultContextCache@ac337e2 size = 1, maxSize = 32, parentContextCount = 0, hitCount = 979, missCount = 1, failureCount = 0]
2026-07-29T09:55:30.423+07:00 DEBUG 39817 --- [           main] org.springframework.test.context.cache   : Spring test ApplicationContext cache statistics: [DefaultContextCache@ac337e2 size = 1, maxSize = 32, parentContextCount = 0, hitCount = 980, missCount = 1, failureCount = 0]
2026-07-29T09:55:30.424+07:00 DEBUG 39817 --- [           main] o.s.orm.jpa.JpaTransactionManager        : Initiating transaction rollback
2026-07-29T09:55:30.424+07:00 DEBUG 39817 --- [           main] o.s.orm.jpa.JpaTransactionManager        : Rolling back JPA transaction on EntityManager [SessionImpl(871262813<open>)]
2026-07-29T09:55:30.426+07:00 DEBUG 39817 --- [           main] o.s.orm.jpa.JpaTransactionManager        : Closing JPA EntityManager [SessionImpl(871262813<open>)] after transaction
2026-07-29T09:55:30.426+07:00 DEBUG 39817 --- [           main] o.s.t.c.transaction.TransactionContext   : Rolled back transaction (1) for test class [com.kaknnea.pos.controller.EstimateWorkflowIntegrationTest]; test method [listEstimates]
2026-07-29T09:55:30.426+07:00 DEBUG 39817 --- [           main] .c.s.DirtiesContextTestExecutionListener : After test method: class [EstimateWorkflowIntegrationTest], method [listEstimates], class annotated with @DirtiesContext [false] with mode [null], method annotated with @DirtiesContext [false] with mode [null]
2026-07-29T09:55:30.426+07:00 DEBUG 39817 --- [           main] o.s.t.c.w.ServletTestExecutionListener   : Resetting RequestContextHolder for test class com.kaknnea.pos.controller.EstimateWorkflowIntegrationTest
]]></system-out>
  </testcase>
</testsuite>