<?xml version="1.0" encoding="UTF-8"?>
<testsuite xmlns:xsi="http://www.w3.org/2001/XMLSchema-instance" xsi:noNamespaceSchemaLocation="https://maven.apache.org/surefire/maven-surefire-plugin/xsd/surefire-test-report-3.0.xsd" version="3.0" name="com.kaknnea.pos.controller.SettingsControllerIntegrationTest" time="16.818" tests="1" errors="0" skipped="0" failures="1">
  <properties>
[...]
</properties>
  <testcase name="generalAndCompanyProfileEndpoints_roundTrip" classname="com.kaknnea.pos.controller.SettingsControllerIntegrationTest" time="1.026">
    <failure message="Status expected:&lt;200&gt; but was:&lt;500&gt;" type="java.lang.AssertionError"><![CDATA[java.lang.AssertionError: Status expected:<200> but was:<500>
	at org.springframework.test.util.AssertionErrors.fail(AssertionErrors.java:59)
	at org.springframework.test.util.AssertionErrors.assertEquals(AssertionErrors.java:122)
	at org.springframework.test.web.servlet.result.StatusResultMatchers.lambda$matcher$9(StatusResultMatchers.java:637)
	at org.springframework.test.web.servlet.MockMvc$1.andExpect(MockMvc.java:214)
	at com.kaknnea.pos.controller.SettingsControllerIntegrationTest.generalAndCompanyProfileEndpoints_roundTrip(SettingsControllerIntegrationTest.java:38)
	at java.base/java.lang.reflect.Method.invoke(Method.java:569)
	at java.base/java.util.ArrayList.forEach(ArrayList.java:1511)
	at java.base/java.util.ArrayList.forEach(ArrayList.java:1511)
]]></failure>
    <system-out><![CDATA[Standard Commons Logging discovery in action with spring-jcl: please remove commons-logging.jar from classpath in order to avoid potential conflicts
09:57:02.686 [main] INFO org.springframework.test.context.support.AnnotationConfigContextLoaderUtils -- Could not detect default configuration classes for test class [com.kaknnea.pos.controller.SettingsControllerIntegrationTest]: SettingsControllerIntegrationTest does not declare any static, non-private, non-final, nested classes annotated with @Configuration.
09:57:02.888 [main] INFO org.springframework.boot.test.context.SpringBootTestContextBootstrapper -- Found @SpringBootConfiguration com.kaknnea.pos.KaknneaPosApplication for test class com.kaknnea.pos.controller.SettingsControllerIntegrationTest

  .   ____          _            __ _ _
 /\\ / ___'_ __ _ _(_)_ __  __ _ \ \ \ \
( ( )\___ | '_ | '_| | '_ \/ _` | \ \ \ \
 \\/  ___)| |_)| | | | | || (_| |  ) ) ) )
  '  |____| .__|_| |_|_| |_\__, | / / / /
 =========|_|==============|___/=/_/_/_/
 :: Spring Boot ::                (v3.2.2)

2026-07-29T09:57:03.344+07:00  INFO 43026 --- [           main] .k.p.c.SettingsControllerIntegrationTest : Starting SettingsControllerIntegrationTest using Java 17.0.19 with PID 43026 (started by luffy in /home/luffy/KAKNNEA/write-test-pos/backend-spring-boot)
2026-07-29T09:57:03.346+07:00  INFO 43026 --- [           main] .k.p.c.SettingsControllerIntegrationTest : No active profile set, falling back to 1 default profile: "default"
2026-07-29T09:57:03.346+07:00 DEBUG 43026 --- [           main] o.s.boot.SpringApplication               : Loading source class com.kaknnea.pos.KaknneaPosApplication
2026-07-29T09:57:03.368+07:00 DEBUG 43026 --- [           main] o.s.w.c.s.GenericWebApplicationContext   : Refreshing org.springframework.web.context.support.GenericWebApplicationContext@2375b321
2026-07-29T09:57:03.390+07:00 DEBUG 43026 --- [           main] o.s.b.f.s.DefaultListableBeanFactory     : Creating shared instance of singleton bean 'org.springframework.context.annotation.internalConfigurationAnnotationProcessor'
2026-07-29T09:57:03.404+07:00 DEBUG 43026 --- [           main] o.s.b.f.s.DefaultListableBeanFactory     : Creating shared instance of singleton bean 'org.springframework.boot.autoconfigure.internalCachingMetadataReaderFactory'
2026-07-29T09:57:03.478+07:00 DEBUG 43026 --- [           main] o.s.c.a.ClassPathBeanDefinitionScanner   : Identified candidate component class: file [/home/luffy/KAKNNEA/write-test-pos/backend-spring-boot/target/classes/com/kaknnea/pos/config/JpaConfig.class]
2026-07-29T09:57:03.480+07:00 DEBUG 43026 --- [           main] o.s.c.a.ClassPathBeanDefinitionScanner   : Identified candidate component class: file [/home/luffy/KAKNNEA/write-test-pos/backend-spring-boot/target/classes/com/kaknnea/pos/config/MapperConfig.class]
2026-07-29T09:57:03.482+07:00 DEBUG 43026 --- [           main] o.s.c.a.ClassPathBeanDefinitionScanner   : Identified candidate component class: file [/home/luffy/KAKNNEA/write-test-pos/backend-spring-boot/target/classes/com/kaknnea/pos/config/ScannerWebSocketConfig.class]
2026-07-29T09:57:03.483+07:00 DEBUG 43026 --- [           main] o.s.c.a.ClassPathBeanDefinitionScanner   : Identified candidate component class: file [/home/luffy/KAKNNEA/write-test-pos/backend-spring-boot/target/classes/com/kaknnea/pos/config/SwaggerConfig.class]
2026-07-29T09:57:03.484+07:00 DEBUG 43026 --- [           main] o.s.c.a.ClassPathBeanDefinitionScanner   : Identified candidate component class: file [/home/luffy/KAKNNEA/write-test-pos/backend-spring-boot/target/classes/com/kaknnea/pos/config/WebMvcConfig.class]
2026-07-29T09:57:03.485+07:00 DEBUG 43026 --- [           main] o.s.c.a.ClassPathBeanDefinitionScanner   : Identified candidate component class: file [/home/luffy/KAKNNEA/write-test-pos/backend-spring-boot/target/classes/com/kaknnea/pos/controller/AuthAliasController.class]
2026-07-29T09:57:03.486+07:00 DEBUG 43026 --- [           main] o.s.c.a.ClassPathBeanDefinitionScanner   : Identified candidate component class: file [/home/luffy/KAKNNEA/write-test-pos/backend-spring-boot/target/classes/com/kaknnea/pos/controller/AuthController.class]
2026-07-29T09:57:03.487+07:00 DEBUG 43026 --- [           main] o.s.c.a.ClassPathBeanDefinitionScanner   : Identified candidate component class: file [/home/luffy/KAKNNEA/write-test-pos/backend-spring-boot/target/classes/com/kaknnea/pos/controller/CartController.class]
2026-07-29T09:57:03.487+07:00 DEBUG 43026 --- [           main] o.s.c.a.ClassPathBeanDefinitionScanner   : Identified candidate component class: file [/home/luffy/KAKNNEA/write-test-pos/backend-spring-boot/target/classes/com/kaknnea/pos/controller/CategoryController.class]
2026-07-29T09:57:03.488+07:00 DEBUG 43026 --- [           main] o.s.c.a.ClassPathBeanDefinitionScanner   : Identified candidate component class: file [/home/luffy/KAKNNEA/write-test-pos/backend-spring-boot/target/classes/com/kaknnea/pos/controller/CreditCollectionController.class]
2026-07-29T09:57:03.489+07:00 DEBUG 43026 --- [           main] o.s.c.a.ClassPathBeanDefinitionScanner   : Identified candidate component class: file [/home/luffy/KAKNNEA/write-test-pos/backend-spring-boot/target/classes/com/kaknnea/pos/controller/CustomerController.class]
2026-07-29T09:57:03.490+07:00 DEBUG 43026 --- [           main] o.s.c.a.ClassPathBeanDefinitionScanner   : Identified candidate component class: file [/home/luffy/KAKNNEA/write-test-pos/backend-spring-boot/target/classes/com/kaknnea/pos/controller/DeliveryNoteController.class]
2026-07-29T09:57:03.491+07:00 DEBUG 43026 --- [           main] o.s.c.a.ClassPathBeanDefinitionScanner   : Identified candidate component class: file [/home/luffy/KAKNNEA/write-test-pos/backend-spring-boot/target/classes/com/kaknnea/pos/controller/EmployeeController.class]
2026-07-29T09:57:03.492+07:00 DEBUG 43026 --- [           main] o.s.c.a.ClassPathBeanDefinitionScanner   : Identified candidate component class: file [/home/luffy/KAKNNEA/write-test-pos/backend-spring-boot/target/classes/com/kaknnea/pos/controller/ExpenseCategoryController.class]
2026-07-29T09:57:03.496+07:00 DEBUG 43026 --- [           main] o.s.c.a.ClassPathBeanDefinitionScanner   : Identified candidate component class: file [/home/luffy/KAKNNEA/write-test-pos/backend-spring-boot/target/classes/com/kaknnea/pos/controller/ExpenseController.class]
2026-07-29T09:57:03.497+07:00 DEBUG 43026 --- [           main] o.s.c.a.ClassPathBeanDefinitionScanner   : Identified candidate component class: file [/home/luffy/KAKNNEA/write-test-pos/backend-spring-boot/target/classes/com/kaknnea/pos/controller/FinanceController.class]
2026-07-29T09:57:03.498+07:00 DEBUG 43026 --- [           main] o.s.c.a.ClassPathBeanDefinitionScanner   : Identified candidate component class: file [/home/luffy/KAKNNEA/write-test-pos/backend-spring-boot/target/classes/com/kaknnea/pos/controller/GoodsReceiptController.class]
2026-07-29T09:57:03.499+07:00 DEBUG 43026 --- [           main] o.s.c.a.ClassPathBeanDefinitionScanner   : Identified candidate component class: file [/home/luffy/KAKNNEA/write-test-pos/backend-spring-boot/target/classes/com/kaknnea/pos/controller/HeldTicketController.class]
2026-07-29T09:57:03.499+07:00 DEBUG 43026 --- [           main] o.s.c.a.ClassPathBeanDefinitionScanner   : Identified candidate component class: file [/home/luffy/KAKNNEA/write-test-pos/backend-spring-boot/target/classes/com/kaknnea/pos/controller/InventoryController.class]
2026-07-29T09:57:03.500+07:00 DEBUG 43026 --- [           main] o.s.c.a.ClassPathBeanDefinitionScanner   : Identified candidate component class: file [/home/luffy/KAKNNEA/write-test-pos/backend-spring-boot/target/classes/com/kaknnea/pos/controller/InventorySnapshotController.class]
2026-07-29T09:57:03.500+07:00 DEBUG 43026 --- [           main] o.s.c.a.ClassPathBeanDefinitionScanner   : Identified candidate component class: file [/home/luffy/KAKNNEA/write-test-pos/backend-spring-boot/target/classes/com/kaknnea/pos/controller/MediaController.class]
2026-07-29T09:57:03.501+07:00 DEBUG 43026 --- [           main] o.s.c.a.ClassPathBeanDefinitionScanner   : Identified candidate component class: file [/home/luffy/KAKNNEA/write-test-pos/backend-spring-boot/target/classes/com/kaknnea/pos/controller/ModifierController.class]
2026-07-29T09:57:03.502+07:00 DEBUG 43026 --- [           main] o.s.c.a.ClassPathBeanDefinitionScanner   : Identified candidate component class: file [/home/luffy/KAKNNEA/write-test-pos/backend-spring-boot/target/classes/com/kaknnea/pos/controller/OtherIncomeCategoryController.class]
2026-07-29T09:57:03.503+07:00 DEBUG 43026 --- [           main] o.s.c.a.ClassPathBeanDefinitionScanner   : Identified candidate component class: file [/home/luffy/KAKNNEA/write-test-pos/backend-spring-boot/target/classes/com/kaknnea/pos/controller/OtherIncomeController.class]
2026-07-29T09:57:03.504+07:00 DEBUG 43026 --- [           main] o.s.c.a.ClassPathBeanDefinitionScanner   : Identified candidate component class: file [/home/luffy/KAKNNEA/write-test-pos/backend-spring-boot/target/classes/com/kaknnea/pos/controller/OwnerReportController.class]
2026-07-29T09:57:03.505+07:00 DEBUG 43026 --- [           main] o.s.c.a.ClassPathBeanDefinitionScanner   : Identified candidate component class: file [/home/luffy/KAKNNEA/write-test-pos/backend-spring-boot/target/classes/com/kaknnea/pos/controller/PaymentController.class]
2026-07-29T09:57:03.506+07:00 DEBUG 43026 --- [           main] o.s.c.a.ClassPathBeanDefinitionScanner   : Identified candidate component class: file [/home/luffy/KAKNNEA/write-test-pos/backend-spring-boot/target/classes/com/kaknnea/pos/controller/PaymentMethodController.class]
2026-07-29T09:57:03.507+07:00 DEBUG 43026 --- [           main] o.s.c.a.ClassPathBeanDefinitionScanner   : Identified candidate component class: file [/home/luffy/KAKNNEA/write-test-pos/backend-spring-boot/target/classes/com/kaknnea/pos/controller/PermissionController.class]
2026-07-29T09:57:03.507+07:00 DEBUG 43026 --- [           main] o.s.c.a.ClassPathBeanDefinitionScanner   : Identified candidate component class: file [/home/luffy/KAKNNEA/write-test-pos/backend-spring-boot/target/classes/com/kaknnea/pos/controller/PredefinedTicketController.class]
2026-07-29T09:57:03.508+07:00 DEBUG 43026 --- [           main] o.s.c.a.ClassPathBeanDefinitionScanner   : Identified candidate component class: file [/home/luffy/KAKNNEA/write-test-pos/backend-spring-boot/target/classes/com/kaknnea/pos/controller/PriceListController.class]
2026-07-29T09:57:03.509+07:00 DEBUG 43026 --- [           main] o.s.c.a.ClassPathBeanDefinitionScanner   : Identified candidate component class: file [/home/luffy/KAKNNEA/write-test-pos/backend-spring-boot/target/classes/com/kaknnea/pos/controller/ProductController.class]
2026-07-29T09:57:03.509+07:00 DEBUG 43026 --- [           main] o.s.c.a.ClassPathBeanDefinitionScanner   : Identified candidate component class: file [/home/luffy/KAKNNEA/write-test-pos/backend-spring-boot/target/classes/com/kaknnea/pos/controller/ProductConversionController.class]
2026-07-29T09:57:03.510+07:00 DEBUG 43026 --- [           main] o.s.c.a.ClassPathBeanDefinitionScanner   : Identified candidate component class: file [/home/luffy/KAKNNEA/write-test-pos/backend-spring-boot/target/classes/com/kaknnea/pos/controller/ProductionController.class]
2026-07-29T09:57:03.510+07:00 DEBUG 43026 --- [           main] o.s.c.a.ClassPathBeanDefinitionScanner   : Identified candidate component class: file [/home/luffy/KAKNNEA/write-test-pos/backend-spring-boot/target/classes/com/kaknnea/pos/controller/PurchaseAttachmentController.class]
2026-07-29T09:57:03.511+07:00 DEBUG 43026 --- [           main] o.s.c.a.ClassPathBeanDefinitionScanner   : Identified candidate component class: file [/home/luffy/KAKNNEA/write-test-pos/backend-spring-boot/target/classes/com/kaknnea/pos/controller/PurchaseController.class]
2026-07-29T09:57:03.511+07:00 DEBUG 43026 --- [           main] o.s.c.a.ClassPathBeanDefinitionScanner   : Identified candidate component class: file [/home/luffy/KAKNNEA/write-test-pos/backend-spring-boot/target/classes/com/kaknnea/pos/controller/PurchaseOrderController.class]
2026-07-29T09:57:03.512+07:00 DEBUG 43026 --- [           main] o.s.c.a.ClassPathBeanDefinitionScanner   : Identified candidate component class: file [/home/luffy/KAKNNEA/write-test-pos/backend-spring-boot/target/classes/com/kaknnea/pos/controller/PurchaseReturnController.class]
2026-07-29T09:57:03.512+07:00 DEBUG 43026 --- [           main] o.s.c.a.ClassPathBeanDefinitionScanner   : Identified candidate component class: file [/home/luffy/KAKNNEA/write-test-pos/backend-spring-boot/target/classes/com/kaknnea/pos/controller/PurchaseRfqController.class]
2026-07-29T09:57:03.513+07:00 DEBUG 43026 --- [           main] o.s.c.a.ClassPathBeanDefinitionScanner   : Identified candidate component class: file [/home/luffy/KAKNNEA/write-test-pos/backend-spring-boot/target/classes/com/kaknnea/pos/controller/PurchasingInsightsController.class]
2026-07-29T09:57:03.514+07:00 DEBUG 43026 --- [           main] o.s.c.a.ClassPathBeanDefinitionScanner   : Identified candidate component class: file [/home/luffy/KAKNNEA/write-test-pos/backend-spring-boot/target/classes/com/kaknnea/pos/controller/RecurringInvoiceController.class]
2026-07-29T09:57:03.515+07:00 DEBUG 43026 --- [           main] o.s.c.a.ClassPathBeanDefinitionScanner   : Identified candidate component class: file [/home/luffy/KAKNNEA/write-test-pos/backend-spring-boot/target/classes/com/kaknnea/pos/controller/ReportController.class]
2026-07-29T09:57:03.516+07:00 DEBUG 43026 --- [           main] o.s.c.a.ClassPathBeanDefinitionScanner   : Identified candidate component class: file [/home/luffy/KAKNNEA/write-test-pos/backend-spring-boot/target/classes/com/kaknnea/pos/controller/RoleController.class]
2026-07-29T09:57:03.517+07:00 DEBUG 43026 --- [           main] o.s.c.a.ClassPathBeanDefinitionScanner   : Identified candidate component class: file [/home/luffy/KAKNNEA/write-test-pos/backend-spring-boot/target/classes/com/kaknnea/pos/controller/SaleController.class]
2026-07-29T09:57:03.518+07:00 DEBUG 43026 --- [           main] o.s.c.a.ClassPathBeanDefinitionScanner   : Identified candidate component class: file [/home/luffy/KAKNNEA/write-test-pos/backend-spring-boot/target/classes/com/kaknnea/pos/controller/SettingsController.class]
2026-07-29T09:57:03.519+07:00 DEBUG 43026 --- [           main] o.s.c.a.ClassPathBeanDefinitionScanner   : Identified candidate component class: file [/home/luffy/KAKNNEA/write-test-pos/backend-spring-boot/target/classes/com/kaknnea/pos/controller/ShiftController.class]
2026-07-29T09:57:03.519+07:00 DEBUG 43026 --- [           main] o.s.c.a.ClassPathBeanDefinitionScanner   : Identified candidate component class: file [/home/luffy/KAKNNEA/write-test-pos/backend-spring-boot/target/classes/com/kaknnea/pos/controller/StockTransferController.class]
2026-07-29T09:57:03.520+07:00 DEBUG 43026 --- [           main] o.s.c.a.ClassPathBeanDefinitionScanner   : Identified candidate component class: file [/home/luffy/KAKNNEA/write-test-pos/backend-spring-boot/target/classes/com/kaknnea/pos/controller/StoreController.class]
2026-07-29T09:57:03.524+07:00 DEBUG 43026 --- [           main] o.s.c.a.ClassPathBeanDefinitionScanner   : Identified candidate component class: file [/home/luffy/KAKNNEA/write-test-pos/backend-spring-boot/target/classes/com/kaknnea/pos/controller/SupplierCatalogController.class]
2026-07-29T09:57:03.525+07:00 DEBUG 43026 --- [           main] o.s.c.a.ClassPathBeanDefinitionScanner   : Identified candidate component class: file [/home/luffy/KAKNNEA/write-test-pos/backend-spring-boot/target/classes/com/kaknnea/pos/controller/SupplierController.class]
2026-07-29T09:57:03.526+07:00 DEBUG 43026 --- [           main] o.s.c.a.ClassPathBeanDefinitionScanner   : Identified candidate component class: file [/home/luffy/KAKNNEA/write-test-pos/backend-spring-boot/target/classes/com/kaknnea/pos/controller/SupplierInvoiceController.class]
2026-07-29T09:57:03.526+07:00 DEBUG 43026 --- [           main] o.s.c.a.ClassPathBeanDefinitionScanner   : Identified candidate component class: file [/home/luffy/KAKNNEA/write-test-pos/backend-spring-boot/target/classes/com/kaknnea/pos/controller/SupplierPaymentController.class]
2026-07-29T09:57:03.530+07:00 DEBUG 43026 --- [           main] o.s.c.a.ClassPathBeanDefinitionScanner   : Identified candidate component class: file [/home/luffy/KAKNNEA/write-test-pos/backend-spring-boot/target/classes/com/kaknnea/pos/controller/TableController.class]
2026-07-29T09:57:03.533+07:00 DEBUG 43026 --- [           main] o.s.c.a.ClassPathBeanDefinitionScanner   : Identified candidate component class: file [/home/luffy/KAKNNEA/write-test-pos/backend-spring-boot/target/classes/com/kaknnea/pos/controller/UnitController.class]
2026-07-29T09:57:03.534+07:00 DEBUG 43026 --- [           main] o.s.c.a.ClassPathBeanDefinitionScanner   : Identified candidate component class: file [/home/luffy/KAKNNEA/write-test-pos/backend-spring-boot/target/classes/com/kaknnea/pos/controller/UserController.class]
2026-07-29T09:57:03.639+07:00 DEBUG 43026 --- [           main] o.s.c.a.ClassPathBeanDefinitionScanner   : Identified candidate component class: file [/home/luffy/KAKNNEA/write-test-pos/backend-spring-boot/target/classes/com/kaknnea/pos/exception/GlobalExceptionHandler.class]
2026-07-29T09:57:03.641+07:00 DEBUG 43026 --- [           main] o.s.c.a.ClassPathBeanDefinitionScanner   : Identified candidate component class: file [/home/luffy/KAKNNEA/write-test-pos/backend-spring-boot/target/classes/com/kaknnea/pos/mapper/CategoryMapperImpl.class]
2026-07-29T09:57:03.641+07:00 DEBUG 43026 --- [           main] o.s.c.a.ClassPathBeanDefinitionScanner   : Identified candidate component class: file [/home/luffy/KAKNNEA/write-test-pos/backend-spring-boot/target/classes/com/kaknnea/pos/mapper/CustomerMapperImpl.class]
2026-07-29T09:57:03.641+07:00 DEBUG 43026 --- [           main] o.s.c.a.ClassPathBeanDefinitionScanner   : Identified candidate component class: file [/home/luffy/KAKNNEA/write-test-pos/backend-spring-boot/target/classes/com/kaknnea/pos/mapper/ModifierMapperImpl.class]
2026-07-29T09:57:03.642+07:00 DEBUG 43026 --- [           main] o.s.c.a.ClassPathBeanDefinitionScanner   : Identified candidate component class: file [/home/luffy/KAKNNEA/write-test-pos/backend-spring-boot/target/classes/com/kaknnea/pos/mapper/ProductMapperImpl.class]
2026-07-29T09:57:03.643+07:00 DEBUG 43026 --- [           main] o.s.c.a.ClassPathBeanDefinitionScanner   : Identified candidate component class: file [/home/luffy/KAKNNEA/write-test-pos/backend-spring-boot/target/classes/com/kaknnea/pos/mapper/SettingsMapperImpl.class]
2026-07-29T09:57:03.647+07:00 DEBUG 43026 --- [           main] o.s.c.a.ClassPathBeanDefinitionScanner   : Ignored because not a concrete top-level class: file [/home/luffy/KAKNNEA/write-test-pos/backend-spring-boot/target/classes/com/kaknnea/pos/repository/CartItemRepository.class]
2026-07-29T09:57:03.648+07:00 DEBUG 43026 --- [           main] o.s.c.a.ClassPathBeanDefinitionScanner   : Ignored because not a concrete top-level class: file [/home/luffy/KAKNNEA/write-test-pos/backend-spring-boot/target/classes/com/kaknnea/pos/repository/CartRepository.class]
2026-07-29T09:57:03.650+07:00 DEBUG 43026 --- [           main] o.s.c.a.ClassPathBeanDefinitionScanner   : Ignored because not a concrete top-level class: file [/home/luffy/KAKNNEA/write-test-pos/backend-spring-boot/target/classes/com/kaknnea/pos/repository/DeliveryNoteLineRepository.class]
2026-07-29T09:57:03.651+07:00 DEBUG 43026 --- [           main] o.s.c.a.ClassPathBeanDefinitionScanner   : Ignored because not a concrete top-level class: file [/home/luffy/KAKNNEA/write-test-pos/backend-spring-boot/target/classes/com/kaknnea/pos/repository/EodSnapshotRepository.class]
2026-07-29T09:57:03.652+07:00 DEBUG 43026 --- [           main] o.s.c.a.ClassPathBeanDefinitionScanner   : Ignored because not a concrete top-level class: file [/home/luffy/KAKNNEA/write-test-pos/backend-spring-boot/target/classes/com/kaknnea/pos/repository/PaymentRepository.class]
2026-07-29T09:57:03.656+07:00 DEBUG 43026 --- [           main] o.s.c.a.ClassPathBeanDefinitionScanner   : Ignored because not a concrete top-level class: file [/home/luffy/KAKNNEA/write-test-pos/backend-spring-boot/target/classes/com/kaknnea/pos/repository/TransactionRepository.class]
2026-07-29T09:57:03.658+07:00 DEBUG 43026 --- [           main] o.s.c.a.ClassPathBeanDefinitionScanner   : Identified candidate component class: file [/home/luffy/KAKNNEA/write-test-pos/backend-spring-boot/target/classes/com/kaknnea/pos/security/JwtAuthFilter.class]
2026-07-29T09:57:03.659+07:00 DEBUG 43026 --- [           main] o.s.c.a.ClassPathBeanDefinitionScanner   : Identified candidate component class: file [/home/luffy/KAKNNEA/write-test-pos/backend-spring-boot/target/classes/com/kaknnea/pos/security/JwtUtil.class]
2026-07-29T09:57:03.663+07:00 DEBUG 43026 --- [           main] o.s.c.a.ClassPathBeanDefinitionScanner   : Identified candidate component class: file [/home/luffy/KAKNNEA/write-test-pos/backend-spring-boot/target/classes/com/kaknnea/pos/security/SecurityConfig.class]
2026-07-29T09:57:03.665+07:00 DEBUG 43026 --- [           main] o.s.c.a.ClassPathBeanDefinitionScanner   : Identified candidate component class: file [/home/luffy/KAKNNEA/write-test-pos/backend-spring-boot/target/classes/com/kaknnea/pos/service/AuditService.class]
2026-07-29T09:57:03.666+07:00 DEBUG 43026 --- [           main] o.s.c.a.ClassPathBeanDefinitionScanner   : Identified candidate component class: file [/home/luffy/KAKNNEA/write-test-pos/backend-spring-boot/target/classes/com/kaknnea/pos/service/AuthService.class]
2026-07-29T09:57:03.667+07:00 DEBUG 43026 --- [           main] o.s.c.a.ClassPathBeanDefinitionScanner   : Identified candidate component class: file [/home/luffy/KAKNNEA/write-test-pos/backend-spring-boot/target/classes/com/kaknnea/pos/service/CartService.class]
2026-07-29T09:57:03.667+07:00 DEBUG 43026 --- [           main] o.s.c.a.ClassPathBeanDefinitionScanner   : Identified candidate component class: file [/home/luffy/KAKNNEA/write-test-pos/backend-spring-boot/target/classes/com/kaknnea/pos/service/CashEventService.class]
2026-07-29T09:57:03.668+07:00 DEBUG 43026 --- [           main] o.s.c.a.ClassPathBeanDefinitionScanner   : Identified candidate component class: file [/home/luffy/KAKNNEA/write-test-pos/backend-spring-boot/target/classes/com/kaknnea/pos/service/CategoryService.class]
2026-07-29T09:57:03.672+07:00 DEBUG 43026 --- [           main] o.s.c.a.ClassPathBeanDefinitionScanner   : Identified candidate component class: file [/home/luffy/KAKNNEA/write-test-pos/backend-spring-boot/target/classes/com/kaknnea/pos/service/CreditCollectionService.class]
2026-07-29T09:57:03.672+07:00 DEBUG 43026 --- [           main] o.s.c.a.ClassPathBeanDefinitionScanner   : Identified candidate component class: file [/home/luffy/KAKNNEA/write-test-pos/backend-spring-boot/target/classes/com/kaknnea/pos/service/CustomerService.class]
2026-07-29T09:57:03.674+07:00 DEBUG 43026 --- [           main] o.s.c.a.ClassPathBeanDefinitionScanner   : Identified candidate component class: file [/home/luffy/KAKNNEA/write-test-pos/backend-spring-boot/target/classes/com/kaknnea/pos/service/DeliveryNoteService.class]
2026-07-29T09:57:03.674+07:00 DEBUG 43026 --- [           main] o.s.c.a.ClassPathBeanDefinitionScanner   : Identified candidate component class: file [/home/luffy/KAKNNEA/write-test-pos/backend-spring-boot/target/classes/com/kaknnea/pos/service/EmailService.class]
2026-07-29T09:57:03.676+07:00 DEBUG 43026 --- [           main] o.s.c.a.ClassPathBeanDefinitionScanner   : Identified candidate component class: file [/home/luffy/KAKNNEA/write-test-pos/backend-spring-boot/target/classes/com/kaknnea/pos/service/EmployeeService.class]
2026-07-29T09:57:03.677+07:00 DEBUG 43026 --- [           main] o.s.c.a.ClassPathBeanDefinitionScanner   : Identified candidate component class: file [/home/luffy/KAKNNEA/write-test-pos/backend-spring-boot/target/classes/com/kaknnea/pos/service/ExpenseService.class]
2026-07-29T09:57:03.678+07:00 DEBUG 43026 --- [           main] o.s.c.a.ClassPathBeanDefinitionScanner   : Identified candidate component class: file [/home/luffy/KAKNNEA/write-test-pos/backend-spring-boot/target/classes/com/kaknnea/pos/service/FinanceService.class]
2026-07-29T09:57:03.681+07:00 DEBUG 43026 --- [           main] o.s.c.a.ClassPathBeanDefinitionScanner   : Identified candidate component class: file [/home/luffy/KAKNNEA/write-test-pos/backend-spring-boot/target/classes/com/kaknnea/pos/service/HeldTicketService.class]
2026-07-29T09:57:03.682+07:00 DEBUG 43026 --- [           main] o.s.c.a.ClassPathBeanDefinitionScanner   : Identified candidate component class: file [/home/luffy/KAKNNEA/write-test-pos/backend-spring-boot/target/classes/com/kaknnea/pos/service/InventoryService.class]
2026-07-29T09:57:03.683+07:00 DEBUG 43026 --- [           main] o.s.c.a.ClassPathBeanDefinitionScanner   : Identified candidate component class: file [/home/luffy/KAKNNEA/write-test-pos/backend-spring-boot/target/classes/com/kaknnea/pos/service/InventorySnapshotService.class]
2026-07-29T09:57:03.683+07:00 DEBUG 43026 --- [           main] o.s.c.a.ClassPathBeanDefinitionScanner   : Identified candidate component class: file [/home/luffy/KAKNNEA/write-test-pos/backend-spring-boot/target/classes/com/kaknnea/pos/service/MediaStorageService.class]
2026-07-29T09:57:03.683+07:00 DEBUG 43026 --- [           main] o.s.c.a.ClassPathBeanDefinitionScanner   : Identified candidate component class: file [/home/luffy/KAKNNEA/write-test-pos/backend-spring-boot/target/classes/com/kaknnea/pos/service/ModifierService.class]
2026-07-29T09:57:03.684+07:00 DEBUG 43026 --- [           main] o.s.c.a.ClassPathBeanDefinitionScanner   : Identified candidate component class: file [/home/luffy/KAKNNEA/write-test-pos/backend-spring-boot/target/classes/com/kaknnea/pos/service/OtherIncomeService.class]
2026-07-29T09:57:03.684+07:00 DEBUG 43026 --- [           main] o.s.c.a.ClassPathBeanDefinitionScanner   : Identified candidate component class: file [/home/luffy/KAKNNEA/write-test-pos/backend-spring-boot/target/classes/com/kaknnea/pos/service/PaymentService.class]
2026-07-29T09:57:03.684+07:00 DEBUG 43026 --- [           main] o.s.c.a.ClassPathBeanDefinitionScanner   : Identified candidate component class: file [/home/luffy/KAKNNEA/write-test-pos/backend-spring-boot/target/classes/com/kaknnea/pos/service/PdfService.class]
2026-07-29T09:57:03.687+07:00 DEBUG 43026 --- [           main] o.s.c.a.ClassPathBeanDefinitionScanner   : Identified candidate component class: file [/home/luffy/KAKNNEA/write-test-pos/backend-spring-boot/target/classes/com/kaknnea/pos/service/PriceListService.class]
2026-07-29T09:57:03.689+07:00 DEBUG 43026 --- [           main] o.s.c.a.ClassPathBeanDefinitionScanner   : Identified candidate component class: file [/home/luffy/KAKNNEA/write-test-pos/backend-spring-boot/target/classes/com/kaknnea/pos/service/ProductConversionService.class]
2026-07-29T09:57:03.690+07:00 DEBUG 43026 --- [           main] o.s.c.a.ClassPathBeanDefinitionScanner   : Identified candidate component class: file [/home/luffy/KAKNNEA/write-test-pos/backend-spring-boot/target/classes/com/kaknnea/pos/service/ProductImportService.class]
2026-07-29T09:57:03.694+07:00 DEBUG 43026 --- [           main] o.s.c.a.ClassPathBeanDefinitionScanner   : Identified candidate component class: file [/home/luffy/KAKNNEA/write-test-pos/backend-spring-boot/target/classes/com/kaknnea/pos/service/ProductService.class]
2026-07-29T09:57:03.697+07:00 DEBUG 43026 --- [           main] o.s.c.a.ClassPathBeanDefinitionScanner   : Identified candidate component class: file [/home/luffy/KAKNNEA/write-test-pos/backend-spring-boot/target/classes/com/kaknnea/pos/service/ProductionService.class]
2026-07-29T09:57:03.698+07:00 DEBUG 43026 --- [           main] o.s.c.a.ClassPathBeanDefinitionScanner   : Identified candidate component class: file [/home/luffy/KAKNNEA/write-test-pos/backend-spring-boot/target/classes/com/kaknnea/pos/service/PurchaseActivityService.class]
2026-07-29T09:57:03.698+07:00 DEBUG 43026 --- [           main] o.s.c.a.ClassPathBeanDefinitionScanner   : Identified candidate component class: file [/home/luffy/KAKNNEA/write-test-pos/backend-spring-boot/target/classes/com/kaknnea/pos/service/PurchaseAttachmentService.class]
2026-07-29T09:57:03.698+07:00 DEBUG 43026 --- [           main] o.s.c.a.ClassPathBeanDefinitionScanner   : Identified candidate component class: file [/home/luffy/KAKNNEA/write-test-pos/backend-spring-boot/target/classes/com/kaknnea/pos/service/PurchaseService.class]
2026-07-29T09:57:03.703+07:00 DEBUG 43026 --- [           main] o.s.c.a.ClassPathBeanDefinitionScanner   : Identified candidate component class: file [/home/luffy/KAKNNEA/write-test-pos/backend-spring-boot/target/classes/com/kaknnea/pos/service/PurchasingWorkflowService.class]
2026-07-29T09:57:03.711+07:00 DEBUG 43026 --- [           main] o.s.c.a.ClassPathBeanDefinitionScanner   : Identified candidate component class: file [/home/luffy/KAKNNEA/write-test-pos/backend-spring-boot/target/classes/com/kaknnea/pos/service/RecurringInvoiceService.class]
2026-07-29T09:57:03.714+07:00 DEBUG 43026 --- [           main] o.s.c.a.ClassPathBeanDefinitionScanner   : Identified candidate component class: file [/home/luffy/KAKNNEA/write-test-pos/backend-spring-boot/target/classes/com/kaknnea/pos/service/ReportService.class]
2026-07-29T09:57:03.717+07:00 DEBUG 43026 --- [           main] o.s.c.a.ClassPathBeanDefinitionScanner   : Identified candidate component class: file [/home/luffy/KAKNNEA/write-test-pos/backend-spring-boot/target/classes/com/kaknnea/pos/service/SaleService.class]
2026-07-29T09:57:03.718+07:00 DEBUG 43026 --- [           main] o.s.c.a.ClassPathBeanDefinitionScanner   : Identified candidate component class: file [/home/luffy/KAKNNEA/write-test-pos/backend-spring-boot/target/classes/com/kaknnea/pos/service/SettingsService.class]
2026-07-29T09:57:03.719+07:00 DEBUG 43026 --- [           main] o.s.c.a.ClassPathBeanDefinitionScanner   : Identified candidate component class: file [/home/luffy/KAKNNEA/write-test-pos/backend-spring-boot/target/classes/com/kaknnea/pos/service/ShiftService.class]
2026-07-29T09:57:03.720+07:00 DEBUG 43026 --- [           main] o.s.c.a.ClassPathBeanDefinitionScanner   : Identified candidate component class: file [/home/luffy/KAKNNEA/write-test-pos/backend-spring-boot/target/classes/com/kaknnea/pos/service/StockTransferService.class]
2026-07-29T09:57:03.720+07:00 DEBUG 43026 --- [           main] o.s.c.a.ClassPathBeanDefinitionScanner   : Identified candidate component class: file [/home/luffy/KAKNNEA/write-test-pos/backend-spring-boot/target/classes/com/kaknnea/pos/service/StoreService.class]
2026-07-29T09:57:03.720+07:00 DEBUG 43026 --- [           main] o.s.c.a.ClassPathBeanDefinitionScanner   : Identified candidate component class: file [/home/luffy/KAKNNEA/write-test-pos/backend-spring-boot/target/classes/com/kaknnea/pos/service/SupplierCatalogService.class]
2026-07-29T09:57:03.721+07:00 DEBUG 43026 --- [           main] o.s.c.a.ClassPathBeanDefinitionScanner   : Identified candidate component class: file [/home/luffy/KAKNNEA/write-test-pos/backend-spring-boot/target/classes/com/kaknnea/pos/service/SupplierService.class]
2026-07-29T09:57:03.721+07:00 DEBUG 43026 --- [           main] o.s.c.a.ClassPathBeanDefinitionScanner   : Identified candidate component class: file [/home/luffy/KAKNNEA/write-test-pos/backend-spring-boot/target/classes/com/kaknnea/pos/service/TableService.class]
2026-07-29T09:57:03.721+07:00 DEBUG 43026 --- [           main] o.s.c.a.ClassPathBeanDefinitionScanner   : Identified candidate component class: file [/home/luffy/KAKNNEA/write-test-pos/backend-spring-boot/target/classes/com/kaknnea/pos/service/UnitService.class]
2026-07-29T09:57:03.722+07:00 DEBUG 43026 --- [           main] o.s.c.a.ClassPathBeanDefinitionScanner   : Identified candidate component class: file [/home/luffy/KAKNNEA/write-test-pos/backend-spring-boot/target/classes/com/kaknnea/pos/service/UserService.class]
2026-07-29T09:57:03.723+07:00 DEBUG 43026 --- [           main] o.s.c.a.ClassPathBeanDefinitionScanner   : Identified candidate component class: file [/home/luffy/KAKNNEA/write-test-pos/backend-spring-boot/target/classes/com/kaknnea/pos/websocket/ScannerRelayWebSocketHandler.class]
2026-07-29T09:57:04.342+07:00 DEBUG 43026 --- [           main] ySourcesPropertyResolver$DefaultResolver : Found key 'TEST_DB_HOST' in PropertySource 'systemEnvironment' with value of type String
2026-07-29T09:57:04.343+07:00 DEBUG 43026 --- [           main] ySourcesPropertyResolver$DefaultResolver : Found key 'TEST_DB_PORT' in PropertySource 'systemEnvironment' with value of type String
2026-07-29T09:57:05.149+07:00  INFO 43026 --- [           main] .s.d.r.c.RepositoryConfigurationDelegate : Bootstrapping Spring Data JPA repositories in DEFAULT mode.
2026-07-29T09:57:05.158+07:00 DEBUG 43026 --- [           main] o.s.b.f.s.DefaultListableBeanFactory     : Creating shared instance of singleton bean 'org.springframework.boot.autoconfigure.AutoConfigurationPackages'
2026-07-29T09:57:05.179+07:00 DEBUG 43026 --- [           main] o.s.b.a.AutoConfigurationPackages        : @EnableAutoConfiguration was declared on a class in the package 'com.kaknnea.pos'. Automatic @Repository and @Entity scanning is enabled.
2026-07-29T09:57:05.180+07:00 DEBUG 43026 --- [           main] .s.d.r.c.RepositoryConfigurationDelegate : Scanning for JPA repositories in packages com.kaknnea.pos.
2026-07-29T09:57:05.212+07:00 DEBUG 43026 --- [           main] o.s.d.r.c.RepositoryComponentProvider    : Identified candidate component class: file [/home/luffy/KAKNNEA/write-test-pos/backend-spring-boot/target/classes/com/kaknnea/pos/repository/AuditLogRepository.class]
2026-07-29T09:57:05.213+07:00 DEBUG 43026 --- [           main] o.s.d.r.c.RepositoryComponentProvider    : Identified candidate component class: file [/home/luffy/KAKNNEA/write-test-pos/backend-spring-boot/target/classes/com/kaknnea/pos/repository/BusinessSettingsRepository.class]
2026-07-29T09:57:05.213+07:00 DEBUG 43026 --- [           main] o.s.d.r.c.RepositoryComponentProvider    : Identified candidate component class: file [/home/luffy/KAKNNEA/write-test-pos/backend-spring-boot/target/classes/com/kaknnea/pos/repository/CartItemRepository.class]
2026-07-29T09:57:05.213+07:00 DEBUG 43026 --- [           main] o.s.d.r.c.RepositoryComponentProvider    : Identified candidate component class: file [/home/luffy/KAKNNEA/write-test-pos/backend-spring-boot/target/classes/com/kaknnea/pos/repository/CartRepository.class]
2026-07-29T09:57:05.213+07:00 DEBUG 43026 --- [           main] o.s.d.r.c.RepositoryComponentProvider    : Identified candidate component class: file [/home/luffy/KAKNNEA/write-test-pos/backend-spring-boot/target/classes/com/kaknnea/pos/repository/CashEventRepository.class]
2026-07-29T09:57:05.213+07:00 DEBUG 43026 --- [           main] o.s.d.r.c.RepositoryComponentProvider    : Identified candidate component class: file [/home/luffy/KAKNNEA/write-test-pos/backend-spring-boot/target/classes/com/kaknnea/pos/repository/CategoryRepository.class]
2026-07-29T09:57:05.213+07:00 DEBUG 43026 --- [           main] o.s.d.r.c.RepositoryComponentProvider    : Identified candidate component class: file [/home/luffy/KAKNNEA/write-test-pos/backend-spring-boot/target/classes/com/kaknnea/pos/repository/CurrencySettingRepository.class]
2026-07-29T09:57:05.213+07:00 DEBUG 43026 --- [           main] o.s.d.r.c.RepositoryComponentProvider    : Identified candidate component class: file [/home/luffy/KAKNNEA/write-test-pos/backend-spring-boot/target/classes/com/kaknnea/pos/repository/CustomerAdjustmentRepository.class]
2026-07-29T09:57:05.213+07:00 DEBUG 43026 --- [           main] o.s.d.r.c.RepositoryComponentProvider    : Identified candidate component class: file [/home/luffy/KAKNNEA/write-test-pos/backend-spring-boot/target/classes/com/kaknnea/pos/repository/CustomerCreditAccountRepository.class]
2026-07-29T09:57:05.214+07:00 DEBUG 43026 --- [           main] o.s.d.r.c.RepositoryComponentProvider    : Identified candidate component class: file [/home/luffy/KAKNNEA/write-test-pos/backend-spring-boot/target/classes/com/kaknnea/pos/repository/CustomerCreditAllocationRepository.class]
2026-07-29T09:57:05.214+07:00 DEBUG 43026 --- [           main] o.s.d.r.c.RepositoryComponentProvider    : Identified candidate component class: file [/home/luffy/KAKNNEA/write-test-pos/backend-spring-boot/target/classes/com/kaknnea/pos/repository/CustomerCreditOpeningBalanceRepository.class]
2026-07-29T09:57:05.214+07:00 DEBUG 43026 --- [           main] o.s.d.r.c.RepositoryComponentProvider    : Identified candidate component class: file [/home/luffy/KAKNNEA/write-test-pos/backend-spring-boot/target/classes/com/kaknnea/pos/repository/CustomerRepository.class]
2026-07-29T09:57:05.214+07:00 DEBUG 43026 --- [           main] o.s.d.r.c.RepositoryComponentProvider    : Identified candidate component class: file [/home/luffy/KAKNNEA/write-test-pos/backend-spring-boot/target/classes/com/kaknnea/pos/repository/DeliveryNoteLineRepository.class]
2026-07-29T09:57:05.214+07:00 DEBUG 43026 --- [           main] o.s.d.r.c.RepositoryComponentProvider    : Identified candidate component class: file [/home/luffy/KAKNNEA/write-test-pos/backend-spring-boot/target/classes/com/kaknnea/pos/repository/DeliveryNoteRepository.class]
2026-07-29T09:57:05.214+07:00 DEBUG 43026 --- [           main] o.s.d.r.c.RepositoryComponentProvider    : Identified candidate component class: file [/home/luffy/KAKNNEA/write-test-pos/backend-spring-boot/target/classes/com/kaknnea/pos/repository/DeviceRepository.class]
2026-07-29T09:57:05.214+07:00 DEBUG 43026 --- [           main] o.s.d.r.c.RepositoryComponentProvider    : Identified candidate component class: file [/home/luffy/KAKNNEA/write-test-pos/backend-spring-boot/target/classes/com/kaknnea/pos/repository/EmployeeAdvancePaymentRepository.class]
2026-07-29T09:57:05.214+07:00 DEBUG 43026 --- [           main] o.s.d.r.c.RepositoryComponentProvider    : Identified candidate component class: file [/home/luffy/KAKNNEA/write-test-pos/backend-spring-boot/target/classes/com/kaknnea/pos/repository/EmployeeAdvanceRepository.class]
2026-07-29T09:57:05.214+07:00 DEBUG 43026 --- [           main] o.s.d.r.c.RepositoryComponentProvider    : Identified candidate component class: file [/home/luffy/KAKNNEA/write-test-pos/backend-spring-boot/target/classes/com/kaknnea/pos/repository/EmployeeExpenseRepository.class]
2026-07-29T09:57:05.214+07:00 DEBUG 43026 --- [           main] o.s.d.r.c.RepositoryComponentProvider    : Identified candidate component class: file [/home/luffy/KAKNNEA/write-test-pos/backend-spring-boot/target/classes/com/kaknnea/pos/repository/EmployeeRepository.class]
2026-07-29T09:57:05.214+07:00 DEBUG 43026 --- [           main] o.s.d.r.c.RepositoryComponentProvider    : Identified candidate component class: file [/home/luffy/KAKNNEA/write-test-pos/backend-spring-boot/target/classes/com/kaknnea/pos/repository/EodSnapshotRepository.class]
2026-07-29T09:57:05.214+07:00 DEBUG 43026 --- [           main] o.s.d.r.c.RepositoryComponentProvider    : Identified candidate component class: file [/home/luffy/KAKNNEA/write-test-pos/backend-spring-boot/target/classes/com/kaknnea/pos/repository/ExpenseCategoryRepository.class]
2026-07-29T09:57:05.214+07:00 DEBUG 43026 --- [           main] o.s.d.r.c.RepositoryComponentProvider    : Identified candidate component class: file [/home/luffy/KAKNNEA/write-test-pos/backend-spring-boot/target/classes/com/kaknnea/pos/repository/ExpenseRepository.class]
2026-07-29T09:57:05.214+07:00 DEBUG 43026 --- [           main] o.s.d.r.c.RepositoryComponentProvider    : Identified candidate component class: file [/home/luffy/KAKNNEA/write-test-pos/backend-spring-boot/target/classes/com/kaknnea/pos/repository/GoodsReceiptRepository.class]
2026-07-29T09:57:05.214+07:00 DEBUG 43026 --- [           main] o.s.d.r.c.RepositoryComponentProvider    : Identified candidate component class: file [/home/luffy/KAKNNEA/write-test-pos/backend-spring-boot/target/classes/com/kaknnea/pos/repository/InventorySnapshotRepository.class]
2026-07-29T09:57:05.215+07:00 DEBUG 43026 --- [           main] o.s.d.r.c.RepositoryComponentProvider    : Identified candidate component class: file [/home/luffy/KAKNNEA/write-test-pos/backend-spring-boot/target/classes/com/kaknnea/pos/repository/InvoiceSettingsRepository.class]
2026-07-29T09:57:05.215+07:00 DEBUG 43026 --- [           main] o.s.d.r.c.RepositoryComponentProvider    : Identified candidate component class: file [/home/luffy/KAKNNEA/write-test-pos/backend-spring-boot/target/classes/com/kaknnea/pos/repository/LoginAuditRepository.class]
2026-07-29T09:57:05.215+07:00 DEBUG 43026 --- [           main] o.s.d.r.c.RepositoryComponentProvider    : Identified candidate component class: file [/home/luffy/KAKNNEA/write-test-pos/backend-spring-boot/target/classes/com/kaknnea/pos/repository/ModifierGroupRepository.class]
2026-07-29T09:57:05.215+07:00 DEBUG 43026 --- [           main] o.s.d.r.c.RepositoryComponentProvider    : Identified candidate component class: file [/home/luffy/KAKNNEA/write-test-pos/backend-spring-boot/target/classes/com/kaknnea/pos/repository/ModifierOptionRepository.class]
2026-07-29T09:57:05.215+07:00 DEBUG 43026 --- [           main] o.s.d.r.c.RepositoryComponentProvider    : Identified candidate component class: file [/home/luffy/KAKNNEA/write-test-pos/backend-spring-boot/target/classes/com/kaknnea/pos/repository/OtherIncomeCategoryRepository.class]
2026-07-29T09:57:05.215+07:00 DEBUG 43026 --- [           main] o.s.d.r.c.RepositoryComponentProvider    : Identified candidate component class: file [/home/luffy/KAKNNEA/write-test-pos/backend-spring-boot/target/classes/com/kaknnea/pos/repository/OtherIncomeRepository.class]
2026-07-29T09:57:05.215+07:00 DEBUG 43026 --- [           main] o.s.d.r.c.RepositoryComponentProvider    : Identified candidate component class: file [/home/luffy/KAKNNEA/write-test-pos/backend-spring-boot/target/classes/com/kaknnea/pos/repository/PasswordResetTokenRepository.class]
2026-07-29T09:57:05.215+07:00 DEBUG 43026 --- [           main] o.s.d.r.c.RepositoryComponentProvider    : Identified candidate component class: file [/home/luffy/KAKNNEA/write-test-pos/backend-spring-boot/target/classes/com/kaknnea/pos/repository/PaymentMethodRepository.class]
2026-07-29T09:57:05.215+07:00 DEBUG 43026 --- [           main] o.s.d.r.c.RepositoryComponentProvider    : Identified candidate component class: file [/home/luffy/KAKNNEA/write-test-pos/backend-spring-boot/target/classes/com/kaknnea/pos/repository/PaymentRepository.class]
2026-07-29T09:57:05.215+07:00 DEBUG 43026 --- [           main] o.s.d.r.c.RepositoryComponentProvider    : Identified candidate component class: file [/home/luffy/KAKNNEA/write-test-pos/backend-spring-boot/target/classes/com/kaknnea/pos/repository/PayrollLineRepository.class]
2026-07-29T09:57:05.215+07:00 DEBUG 43026 --- [           main] o.s.d.r.c.RepositoryComponentProvider    : Identified candidate component class: file [/home/luffy/KAKNNEA/write-test-pos/backend-spring-boot/target/classes/com/kaknnea/pos/repository/PayrollRunRepository.class]
2026-07-29T09:57:05.215+07:00 DEBUG 43026 --- [           main] o.s.d.r.c.RepositoryComponentProvider    : Identified candidate component class: file [/home/luffy/KAKNNEA/write-test-pos/backend-spring-boot/target/classes/com/kaknnea/pos/repository/PermissionRepository.class]
2026-07-29T09:57:05.215+07:00 DEBUG 43026 --- [           main] o.s.d.r.c.RepositoryComponentProvider    : Identified candidate component class: file [/home/luffy/KAKNNEA/write-test-pos/backend-spring-boot/target/classes/com/kaknnea/pos/repository/PredefinedTicketRepository.class]
2026-07-29T09:57:05.215+07:00 DEBUG 43026 --- [           main] o.s.d.r.c.RepositoryComponentProvider    : Identified candidate component class: file [/home/luffy/KAKNNEA/write-test-pos/backend-spring-boot/target/classes/com/kaknnea/pos/repository/PriceListItemRepository.class]
2026-07-29T09:57:05.215+07:00 DEBUG 43026 --- [           main] o.s.d.r.c.RepositoryComponentProvider    : Identified candidate component class: file [/home/luffy/KAKNNEA/write-test-pos/backend-spring-boot/target/classes/com/kaknnea/pos/repository/PriceListRepository.class]
2026-07-29T09:57:05.216+07:00 DEBUG 43026 --- [           main] o.s.d.r.c.RepositoryComponentProvider    : Identified candidate component class: file [/home/luffy/KAKNNEA/write-test-pos/backend-spring-boot/target/classes/com/kaknnea/pos/repository/ProductBundleComponentRepository.class]
2026-07-29T09:57:05.216+07:00 DEBUG 43026 --- [           main] o.s.d.r.c.RepositoryComponentProvider    : Identified candidate component class: file [/home/luffy/KAKNNEA/write-test-pos/backend-spring-boot/target/classes/com/kaknnea/pos/repository/ProductImageRepository.class]
2026-07-29T09:57:05.216+07:00 DEBUG 43026 --- [           main] o.s.d.r.c.RepositoryComponentProvider    : Identified candidate component class: file [/home/luffy/KAKNNEA/write-test-pos/backend-spring-boot/target/classes/com/kaknnea/pos/repository/ProductRepository.class]
2026-07-29T09:57:05.216+07:00 DEBUG 43026 --- [           main] o.s.d.r.c.RepositoryComponentProvider    : Identified candidate component class: file [/home/luffy/KAKNNEA/write-test-pos/backend-spring-boot/target/classes/com/kaknnea/pos/repository/ProductUnitConversionRepository.class]
2026-07-29T09:57:05.216+07:00 DEBUG 43026 --- [           main] o.s.d.r.c.RepositoryComponentProvider    : Identified candidate component class: file [/home/luffy/KAKNNEA/write-test-pos/backend-spring-boot/target/classes/com/kaknnea/pos/repository/ProductionOrderRepository.class]
2026-07-29T09:57:05.216+07:00 DEBUG 43026 --- [           main] o.s.d.r.c.RepositoryComponentProvider    : Identified candidate component class: file [/home/luffy/KAKNNEA/write-test-pos/backend-spring-boot/target/classes/com/kaknnea/pos/repository/ProductionRecipeRepository.class]
2026-07-29T09:57:05.216+07:00 DEBUG 43026 --- [           main] o.s.d.r.c.RepositoryComponentProvider    : Identified candidate component class: file [/home/luffy/KAKNNEA/write-test-pos/backend-spring-boot/target/classes/com/kaknnea/pos/repository/PurchaseActivityRepository.class]
2026-07-29T09:57:05.216+07:00 DEBUG 43026 --- [           main] o.s.d.r.c.RepositoryComponentProvider    : Identified candidate component class: file [/home/luffy/KAKNNEA/write-test-pos/backend-spring-boot/target/classes/com/kaknnea/pos/repository/PurchaseAttachmentRepository.class]
2026-07-29T09:57:05.216+07:00 DEBUG 43026 --- [           main] o.s.d.r.c.RepositoryComponentProvider    : Identified candidate component class: file [/home/luffy/KAKNNEA/write-test-pos/backend-spring-boot/target/classes/com/kaknnea/pos/repository/PurchaseOrderRepository.class]
2026-07-29T09:57:05.216+07:00 DEBUG 43026 --- [           main] o.s.d.r.c.RepositoryComponentProvider    : Identified candidate component class: file [/home/luffy/KAKNNEA/write-test-pos/backend-spring-boot/target/classes/com/kaknnea/pos/repository/PurchaseRepository.class]
2026-07-29T09:57:05.216+07:00 DEBUG 43026 --- [           main] o.s.d.r.c.RepositoryComponentProvider    : Identified candidate component class: file [/home/luffy/KAKNNEA/write-test-pos/backend-spring-boot/target/classes/com/kaknnea/pos/repository/PurchaseReturnRepository.class]
2026-07-29T09:57:05.216+07:00 DEBUG 43026 --- [           main] o.s.d.r.c.RepositoryComponentProvider    : Identified candidate component class: file [/home/luffy/KAKNNEA/write-test-pos/backend-spring-boot/target/classes/com/kaknnea/pos/repository/PurchaseRfqRepository.class]
2026-07-29T09:57:05.216+07:00 DEBUG 43026 --- [           main] o.s.d.r.c.RepositoryComponentProvider    : Identified candidate component class: file [/home/luffy/KAKNNEA/write-test-pos/backend-spring-boot/target/classes/com/kaknnea/pos/repository/RecurringInvoiceTemplateRepository.class]
2026-07-29T09:57:05.216+07:00 DEBUG 43026 --- [           main] o.s.d.r.c.RepositoryComponentProvider    : Identified candidate component class: file [/home/luffy/KAKNNEA/write-test-pos/backend-spring-boot/target/classes/com/kaknnea/pos/repository/RoleRepository.class]
2026-07-29T09:57:05.217+07:00 DEBUG 43026 --- [           main] o.s.d.r.c.RepositoryComponentProvider    : Identified candidate component class: file [/home/luffy/KAKNNEA/write-test-pos/backend-spring-boot/target/classes/com/kaknnea/pos/repository/SaleDiscountRepository.class]
2026-07-29T09:57:05.217+07:00 DEBUG 43026 --- [           main] o.s.d.r.c.RepositoryComponentProvider    : Identified candidate component class: file [/home/luffy/KAKNNEA/write-test-pos/backend-spring-boot/target/classes/com/kaknnea/pos/repository/SaleRepository.class]
2026-07-29T09:57:05.217+07:00 DEBUG 43026 --- [           main] o.s.d.r.c.RepositoryComponentProvider    : Identified candidate component class: file [/home/luffy/KAKNNEA/write-test-pos/backend-spring-boot/target/classes/com/kaknnea/pos/repository/ShiftRepository.class]
2026-07-29T09:57:05.217+07:00 DEBUG 43026 --- [           main] o.s.d.r.c.RepositoryComponentProvider    : Identified candidate component class: file [/home/luffy/KAKNNEA/write-test-pos/backend-spring-boot/target/classes/com/kaknnea/pos/repository/StockItemRepository.class]
2026-07-29T09:57:05.217+07:00 DEBUG 43026 --- [           main] o.s.d.r.c.RepositoryComponentProvider    : Identified candidate component class: file [/home/luffy/KAKNNEA/write-test-pos/backend-spring-boot/target/classes/com/kaknnea/pos/repository/StockMovementRepository.class]
2026-07-29T09:57:05.217+07:00 DEBUG 43026 --- [           main] o.s.d.r.c.RepositoryComponentProvider    : Identified candidate component class: file [/home/luffy/KAKNNEA/write-test-pos/backend-spring-boot/target/classes/com/kaknnea/pos/repository/StockTransferRepository.class]
2026-07-29T09:57:05.217+07:00 DEBUG 43026 --- [           main] o.s.d.r.c.RepositoryComponentProvider    : Identified candidate component class: file [/home/luffy/KAKNNEA/write-test-pos/backend-spring-boot/target/classes/com/kaknnea/pos/repository/StoreRepository.class]
2026-07-29T09:57:05.217+07:00 DEBUG 43026 --- [           main] o.s.d.r.c.RepositoryComponentProvider    : Identified candidate component class: file [/home/luffy/KAKNNEA/write-test-pos/backend-spring-boot/target/classes/com/kaknnea/pos/repository/SupplierCatalogItemRepository.class]
2026-07-29T09:57:05.217+07:00 DEBUG 43026 --- [           main] o.s.d.r.c.RepositoryComponentProvider    : Identified candidate component class: file [/home/luffy/KAKNNEA/write-test-pos/backend-spring-boot/target/classes/com/kaknnea/pos/repository/SupplierInvoiceRepository.class]
2026-07-29T09:57:05.217+07:00 DEBUG 43026 --- [           main] o.s.d.r.c.RepositoryComponentProvider    : Identified candidate component class: file [/home/luffy/KAKNNEA/write-test-pos/backend-spring-boot/target/classes/com/kaknnea/pos/repository/SupplierPaymentRepository.class]
2026-07-29T09:57:05.217+07:00 DEBUG 43026 --- [           main] o.s.d.r.c.RepositoryComponentProvider    : Identified candidate component class: file [/home/luffy/KAKNNEA/write-test-pos/backend-spring-boot/target/classes/com/kaknnea/pos/repository/SupplierRepository.class]
2026-07-29T09:57:05.217+07:00 DEBUG 43026 --- [           main] o.s.d.r.c.RepositoryComponentProvider    : Identified candidate component class: file [/home/luffy/KAKNNEA/write-test-pos/backend-spring-boot/target/classes/com/kaknnea/pos/repository/SystemSettingRepository.class]
2026-07-29T09:57:05.217+07:00 DEBUG 43026 --- [           main] o.s.d.r.c.RepositoryComponentProvider    : Identified candidate component class: file [/home/luffy/KAKNNEA/write-test-pos/backend-spring-boot/target/classes/com/kaknnea/pos/repository/TableRepository.class]
2026-07-29T09:57:05.218+07:00 DEBUG 43026 --- [           main] o.s.d.r.c.RepositoryComponentProvider    : Identified candidate component class: file [/home/luffy/KAKNNEA/write-test-pos/backend-spring-boot/target/classes/com/kaknnea/pos/repository/TicketOperationLogRepository.class]
2026-07-29T09:57:05.218+07:00 DEBUG 43026 --- [           main] o.s.d.r.c.RepositoryComponentProvider    : Identified candidate component class: file [/home/luffy/KAKNNEA/write-test-pos/backend-spring-boot/target/classes/com/kaknnea/pos/repository/TransactionRepository.class]
2026-07-29T09:57:05.218+07:00 DEBUG 43026 --- [           main] o.s.d.r.c.RepositoryComponentProvider    : Identified candidate component class: file [/home/luffy/KAKNNEA/write-test-pos/backend-spring-boot/target/classes/com/kaknnea/pos/repository/UnitRepository.class]
2026-07-29T09:57:05.218+07:00 DEBUG 43026 --- [           main] o.s.d.r.c.RepositoryComponentProvider    : Identified candidate component class: file [/home/luffy/KAKNNEA/write-test-pos/backend-spring-boot/target/classes/com/kaknnea/pos/repository/UserRepository.class]
2026-07-29T09:57:05.359+07:00 DEBUG 43026 --- [           main] ssPathScanningCandidateComponentProvider : Identified candidate component class: file [/home/luffy/KAKNNEA/write-test-pos/backend-spring-boot/target/classes/com/kaknnea/pos/mapper/CategoryMapperImpl.class]
2026-07-29T09:57:05.359+07:00 DEBUG 43026 --- [           main] ssPathScanningCandidateComponentProvider : Identified candidate component class: file [/home/luffy/KAKNNEA/write-test-pos/backend-spring-boot/target/classes/com/kaknnea/pos/mapper/CustomerMapperImpl.class]
2026-07-29T09:57:05.359+07:00 DEBUG 43026 --- [           main] ssPathScanningCandidateComponentProvider : Identified candidate component class: file [/home/luffy/KAKNNEA/write-test-pos/backend-spring-boot/target/classes/com/kaknnea/pos/mapper/ModifierMapperImpl.class]
2026-07-29T09:57:05.359+07:00 DEBUG 43026 --- [           main] ssPathScanningCandidateComponentProvider : Identified candidate component class: file [/home/luffy/KAKNNEA/write-test-pos/backend-spring-boot/target/classes/com/kaknnea/pos/mapper/ProductMapperImpl.class]
2026-07-29T09:57:05.359+07:00 DEBUG 43026 --- [           main] ssPathScanningCandidateComponentProvider : Identified candidate component class: file [/home/luffy/KAKNNEA/write-test-pos/backend-spring-boot/target/classes/com/kaknnea/pos/mapper/SettingsMapperImpl.class]
2026-07-29T09:57:05.473+07:00  INFO 43026 --- [           main] .s.d.r.c.RepositoryConfigurationDelegate : Finished Spring Data repository scanning in 291 ms. Found 70 JPA repository interfaces.
2026-07-29T09:57:05.679+07:00 DEBUG 43026 --- [           main] o.s.b.f.s.DefaultListableBeanFactory     : Creating shared instance of singleton bean 'org.springframework.boot.test.context.ImportsContextCustomizer$ImportsCleanupPostProcessor'
2026-07-29T09:57:05.680+07:00 DEBUG 43026 --- [           main] o.s.b.f.s.DefaultListableBeanFactory     : Creating shared instance of singleton bean 'springSecurityHandlerMappingIntrospectorBeanDefinitionRegistryPostProcessor'
2026-07-29T09:57:05.872+07:00 DEBUG 43026 --- [           main] o.s.b.f.s.DefaultListableBeanFactory     : Creating shared instance of singleton bean 'propertySourcesPlaceholderConfigurer'
2026-07-29T09:57:05.881+07:00 DEBUG 43026 --- [           main] o.s.b.f.s.DefaultListableBeanFactory     : Creating shared instance of singleton bean 'org.springframework.boot.test.mock.mockito.MockitoPostProcessor'
2026-07-29T09:57:05.883+07:00 DEBUG 43026 --- [           main] o.s.b.f.s.DefaultListableBeanFactory     : Creating shared instance of singleton bean 'org.springframework.boot.sql.init.dependency.DatabaseInitializationDependencyConfigurer$DependsOnDatabaseInitializationPostProcessor'
2026-07-29T09:57:05.884+07:00 DEBUG 43026 --- [           main] o.s.b.f.s.DefaultListableBeanFactory     : Creating shared instance of singleton bean 'emBeanDefinitionRegistrarPostProcessor'
2026-07-29T09:57:06.079+07:00 DEBUG 43026 --- [           main] o.s.b.f.s.DefaultListableBeanFactory     : Creating shared instance of singleton bean 'org.springframework.context.event.internalEventListenerProcessor'
2026-07-29T09:57:06.082+07:00 DEBUG 43026 --- [           main] o.s.b.f.s.DefaultListableBeanFactory     : Creating shared instance of singleton bean 'org.springframework.data.jpa.domain.support.AuditingBeanFactoryPostProcessor'
2026-07-29T09:57:06.082+07:00 DEBUG 43026 --- [           main] o.s.b.f.s.DefaultListableBeanFactory     : Creating shared instance of singleton bean 'preserveErrorControllerTargetClassPostProcessor'
2026-07-29T09:57:06.083+07:00 DEBUG 43026 --- [           main] o.s.b.f.s.DefaultListableBeanFactory     : Creating shared instance of singleton bean 'conversionServicePostProcessor'
2026-07-29T09:57:06.096+07:00 DEBUG 43026 --- [           main] o.s.b.f.s.DefaultListableBeanFactory     : Creating shared instance of singleton bean 'org.springframework.context.event.internalEventListenerFactory'
2026-07-29T09:57:06.097+07:00 DEBUG 43026 --- [           main] o.s.b.f.s.DefaultListableBeanFactory     : Creating shared instance of singleton bean 'org.springframework.transaction.config.internalTransactionalEventListenerFactory'
2026-07-29T09:57:06.114+07:00 DEBUG 43026 --- [           main] o.s.b.f.s.DefaultListableBeanFactory     : Creating shared instance of singleton bean 'org.springframework.context.annotation.internalAutowiredAnnotationProcessor'
2026-07-29T09:57:06.117+07:00 DEBUG 43026 --- [           main] o.s.b.f.s.DefaultListableBeanFactory     : Creating shared instance of singleton bean 'org.springframework.context.annotation.internalCommonAnnotationProcessor'
2026-07-29T09:57:06.122+07:00 DEBUG 43026 --- [           main] o.s.b.f.s.DefaultListableBeanFactory     : Creating shared instance of singleton bean 'org.springframework.context.annotation.internalPersistenceAnnotationProcessor'
2026-07-29T09:57:06.123+07:00 DEBUG 43026 --- [           main] o.s.b.f.s.DefaultListableBeanFactory     : Creating shared instance of singleton bean 'org.springframework.boot.test.mock.mockito.MockitoPostProcessor$SpyPostProcessor'
2026-07-29T09:57:06.125+07:00 DEBUG 43026 --- [           main] o.s.b.f.s.DefaultListableBeanFactory     : Creating shared instance of singleton bean 'org.springframework.boot.context.properties.ConfigurationPropertiesBindingPostProcessor'
2026-07-29T09:57:06.126+07:00 DEBUG 43026 --- [           main] o.s.b.f.s.DefaultListableBeanFactory     : Creating shared instance of singleton bean 'org.springframework.boot.context.internalConfigurationPropertiesBinder'
2026-07-29T09:57:06.131+07:00 DEBUG 43026 --- [           main] o.s.b.f.s.DefaultListableBeanFactory     : Creating shared instance of singleton bean 'jdbcConnectionDetailsHikariBeanPostProcessor'
2026-07-29T09:57:06.134+07:00 DEBUG 43026 --- [           main] o.s.b.f.s.DefaultListableBeanFactory     : Creating shared instance of singleton bean 'org.springframework.aop.config.internalAutoProxyCreator'
2026-07-29T09:57:06.154+07:00 DEBUG 43026 --- [           main] o.s.b.f.s.DefaultListableBeanFactory     : Creating shared instance of singleton bean 'org.springframework.context.annotation.internalScheduledAnnotationProcessor'
2026-07-29T09:57:06.154+07:00 DEBUG 43026 --- [           main] o.s.b.f.s.DefaultListableBeanFactory     : Creating shared instance of singleton bean 'org.springframework.scheduling.annotation.SchedulingConfiguration'
2026-07-29T09:57:06.160+07:00 DEBUG 43026 --- [           main] o.s.b.f.s.DefaultListableBeanFactory     : Creating shared instance of singleton bean 'methodValidationPostProcessor'
2026-07-29T09:57:06.201+07:00 DEBUG 43026 --- [           main] o.s.b.f.s.DefaultListableBeanFactory     : Autowiring by type from bean name 'methodValidationPostProcessor' via factory method to bean named 'environment'
2026-07-29T09:57:06.204+07:00 DEBUG 43026 --- [           main] o.s.b.f.s.DefaultListableBeanFactory     : Creating shared instance of singleton bean 'org.springframework.boot.context.properties.EnableConfigurationPropertiesRegistrar.methodValidationExcludeFilter'
2026-07-29T09:57:06.216+07:00 DEBUG 43026 --- [           main] o.s.b.f.s.DefaultListableBeanFactory     : Creating shared instance of singleton bean 'persistenceExceptionTranslationPostProcessor'
2026-07-29T09:57:06.218+07:00 DEBUG 43026 --- [           main] o.s.b.f.s.DefaultListableBeanFactory     : Autowiring by type from bean name 'persistenceExceptionTranslationPostProcessor' via factory method to bean named 'environment'
2026-07-29T09:57:06.220+07:00 DEBUG 43026 --- [           main] o.s.b.f.s.DefaultListableBeanFactory     : Creating shared instance of singleton bean 'webServerFactoryCustomizerBeanPostProcessor'
2026-07-29T09:57:06.221+07:00 DEBUG 43026 --- [           main] o.s.b.f.s.DefaultListableBeanFactory     : Creating shared instance of singleton bean 'errorPageRegistrarBeanPostProcessor'
2026-07-29T09:57:06.222+07:00 DEBUG 43026 --- [           main] o.s.b.f.s.DefaultListableBeanFactory     : Creating shared instance of singleton bean 'healthEndpointGroupsBeanPostProcessor'
2026-07-29T09:57:06.226+07:00 DEBUG 43026 --- [           main] o.s.b.f.s.DefaultListableBeanFactory     : Creating shared instance of singleton bean 'preFilterAuthorizationAdvisor'
2026-07-29T09:57:06.228+07:00 DEBUG 43026 --- [           main] o.s.b.f.s.DefaultListableBeanFactory     : Autowiring by type from bean name 'preFilterAuthorizationAdvisor' via factory method to bean named 'org.springframework.web.context.support.GenericWebApplicationContext@2375b321'
2026-07-29T09:57:06.243+07:00 DEBUG 43026 --- [           main] o.s.b.f.s.DefaultListableBeanFactory     : Creating shared instance of singleton bean 'preAuthorizeAuthorizationAdvisor'
2026-07-29T09:57:06.246+07:00 DEBUG 43026 --- [           main] o.s.b.f.s.DefaultListableBeanFactory     : Autowiring by type from bean name 'preAuthorizeAuthorizationAdvisor' via factory method to bean named 'org.springframework.web.context.support.GenericWebApplicationContext@2375b321'
2026-07-29T09:57:06.257+07:00 DEBUG 43026 --- [           main] o.s.b.f.s.DefaultListableBeanFactory     : Creating shared instance of singleton bean 'postFilterAuthorizationAdvisor'
2026-07-29T09:57:06.260+07:00 DEBUG 43026 --- [           main] o.s.b.f.s.DefaultListableBeanFactory     : Autowiring by type from bean name 'postFilterAuthorizationAdvisor' via factory method to bean named 'org.springframework.web.context.support.GenericWebApplicationContext@2375b321'
2026-07-29T09:57:06.266+07:00 DEBUG 43026 --- [           main] o.s.b.f.s.DefaultListableBeanFactory     : Creating shared instance of singleton bean 'postAuthorizeAuthorizationAdvisor'
2026-07-29T09:57:06.270+07:00 DEBUG 43026 --- [           main] o.s.b.f.s.DefaultListableBeanFactory     : Autowiring by type from bean name 'postAuthorizeAuthorizationAdvisor' via factory method to bean named 'org.springframework.web.context.support.GenericWebApplicationContext@2375b321'
2026-07-29T09:57:06.278+07:00 DEBUG 43026 --- [           main] o.s.b.f.s.DefaultListableBeanFactory     : Creating shared instance of singleton bean 'org.springframework.transaction.config.internalTransactionAdvisor'
2026-07-29T09:57:06.278+07:00 DEBUG 43026 --- [           main] o.s.b.f.s.DefaultListableBeanFactory     : Creating shared instance of singleton bean 'org.springframework.transaction.annotation.ProxyTransactionManagementConfiguration'
2026-07-29T09:57:06.308+07:00 DEBUG 43026 --- [           main] .s.a.a.a.ReflectiveAspectJAdvisorFactory : Found AspectJ method: public java.lang.Object io.micrometer.observation.aop.ObservedAspect.observeClass(org.aspectj.lang.ProceedingJoinPoint) throws java.lang.Throwable
2026-07-29T09:57:06.310+07:00 DEBUG 43026 --- [           main] .s.a.a.a.ReflectiveAspectJAdvisorFactory : Found AspectJ method: public java.lang.Object io.micrometer.observation.aop.ObservedAspect.observeMethod(org.aspectj.lang.ProceedingJoinPoint) throws java.lang.Throwable
2026-07-29T09:57:06.470+07:00 DEBUG 43026 --- [           main] o.s.b.f.s.DefaultListableBeanFactory     : Creating shared instance of singleton bean 'transactionAttributeSource'
2026-07-29T09:57:06.481+07:00 DEBUG 43026 --- [           main] o.s.b.f.s.DefaultListableBeanFactory     : Creating shared instance of singleton bean 'transactionInterceptor'
2026-07-29T09:57:06.483+07:00 DEBUG 43026 --- [           main] o.s.b.f.s.DefaultListableBeanFactory     : Autowiring by type from bean name 'transactionInterceptor' via factory method to bean named 'transactionAttributeSource'
2026-07-29T09:57:06.489+07:00 DEBUG 43026 --- [           main] o.s.b.f.s.DefaultListableBeanFactory     : Autowiring by type from bean name 'org.springframework.transaction.config.internalTransactionAdvisor' via factory method to bean named 'transactionAttributeSource'
2026-07-29T09:57:06.490+07:00 DEBUG 43026 --- [           main] o.s.b.f.s.DefaultListableBeanFactory     : Autowiring by type from bean name 'org.springframework.transaction.config.internalTransactionAdvisor' via factory method to bean named 'transactionInterceptor'
2026-07-29T09:57:06.500+07:00 DEBUG 43026 --- [           main] o.s.b.f.s.DefaultListableBeanFactory     : Creating shared instance of singleton bean 'meterRegistryPostProcessor'
2026-07-29T09:57:06.502+07:00 DEBUG 43026 --- [           main] o.s.b.f.s.DefaultListableBeanFactory     : Autowiring by type from bean name 'meterRegistryPostProcessor' via factory method to bean named 'org.springframework.web.context.support.GenericWebApplicationContext@2375b321'
2026-07-29T09:57:06.510+07:00 DEBUG 43026 --- [           main] o.s.b.f.s.DefaultListableBeanFactory     : Creating shared instance of singleton bean 'metricsRepositoryMethodInvocationListenerBeanPostProcessor'
2026-07-29T09:57:06.515+07:00 DEBUG 43026 --- [           main] o.s.b.f.s.DefaultListableBeanFactory     : Creating shared instance of singleton bean 'observationRegistryPostProcessor'
2026-07-29T09:57:06.520+07:00 DEBUG 43026 --- [           main] o.s.b.f.s.DefaultListableBeanFactory     : Creating shared instance of singleton bean 'projectingArgumentResolverBeanPostProcessor'
2026-07-29T09:57:06.545+07:00 DEBUG 43026 --- [           main] o.s.u.c.s.UiApplicationContextUtils      : Unable to locate ThemeSource with name 'themeSource': using default [org.springframework.ui.context.support.ResourceBundleThemeSource@632d4cf2]
2026-07-29T09:57:06.550+07:00 DEBUG 43026 --- [           main] o.s.b.f.s.DefaultListableBeanFactory     : Creating shared instance of singleton bean 'flyway'
2026-07-29T09:57:06.552+07:00 DEBUG 43026 --- [           main] o.s.b.f.s.DefaultListableBeanFactory     : Creating shared instance of singleton bean 'org.springframework.boot.autoconfigure.flyway.FlywayAutoConfiguration$FlywayConfiguration'
2026-07-29T09:57:06.556+07:00 DEBUG 43026 --- [           main] o.s.b.f.s.DefaultListableBeanFactory     : Creating shared instance of singleton bean 'spring.flyway-org.springframework.boot.autoconfigure.flyway.FlywayProperties'
2026-07-29T09:57:06.560+07:00 DEBUG 43026 --- [           main] o.s.b.f.s.DefaultListableBeanFactory     : Creating shared instance of singleton bean 'org.springframework.boot.context.properties.BoundConfigurationProperties'
2026-07-29T09:57:06.575+07:00 DEBUG 43026 --- [           main] o.s.b.f.s.DefaultListableBeanFactory     : Creating shared instance of singleton bean 'stringOrNumberMigrationVersionConverter'
2026-07-29T09:57:06.575+07:00 DEBUG 43026 --- [           main] o.s.b.f.s.DefaultListableBeanFactory     : Creating shared instance of singleton bean 'org.springframework.boot.autoconfigure.flyway.FlywayAutoConfiguration'
2026-07-29T09:57:06.656+07:00 DEBUG 43026 --- [           main] o.s.b.f.s.DefaultListableBeanFactory     : Autowiring by type from bean name 'org.springframework.boot.autoconfigure.flyway.FlywayAutoConfiguration$FlywayConfiguration' via constructor to bean named 'spring.flyway-org.springframework.boot.autoconfigure.flyway.FlywayProperties'
2026-07-29T09:57:06.672+07:00 DEBUG 43026 --- [           main] o.s.b.f.s.DefaultListableBeanFactory     : Creating shared instance of singleton bean 'flywayConnectionDetails'
2026-07-29T09:57:06.681+07:00 DEBUG 43026 --- [           main] o.s.b.f.s.DefaultListableBeanFactory     : Creating shared instance of singleton bean 'resourceProviderCustomizer'
2026-07-29T09:57:06.684+07:00 DEBUG 43026 --- [           main] o.s.b.f.s.DefaultListableBeanFactory     : Autowiring by type from bean name 'flyway' via factory method to bean named 'flywayConnectionDetails'
2026-07-29T09:57:06.685+07:00 DEBUG 43026 --- [           main] o.s.b.f.s.DefaultListableBeanFactory     : Autowiring by type from bean name 'flyway' via factory method to bean named 'org.springframework.web.context.support.GenericWebApplicationContext@2375b321'
2026-07-29T09:57:06.685+07:00 DEBUG 43026 --- [           main] o.s.b.f.s.DefaultListableBeanFactory     : Autowiring by type from bean name 'flyway' via factory method to bean named 'resourceProviderCustomizer'
2026-07-29T09:57:06.698+07:00 DEBUG 43026 --- [           main] o.s.b.f.s.DefaultListableBeanFactory     : Creating shared instance of singleton bean 'dataSource'
2026-07-29T09:57:06.699+07:00 DEBUG 43026 --- [           main] o.s.b.f.s.DefaultListableBeanFactory     : Creating shared instance of singleton bean 'org.springframework.boot.autoconfigure.jdbc.DataSourceConfiguration$Hikari'
2026-07-29T09:57:06.705+07:00 DEBUG 43026 --- [           main] o.s.b.f.s.DefaultListableBeanFactory     : Creating shared instance of singleton bean 'spring.datasource-org.springframework.boot.autoconfigure.jdbc.DataSourceProperties'
2026-07-29T09:57:06.713+07:00 DEBUG 43026 --- [           main] ySourcesPropertyResolver$DefaultResolver : Found key 'TEST_DB_PASSWORD' in PropertySource 'systemEnvironment' with value of type String
2026-07-29T09:57:06.714+07:00 DEBUG 43026 --- [           main] ySourcesPropertyResolver$DefaultResolver : Found key 'TEST_DB_HOST' in PropertySource 'systemEnvironment' with value of type String
2026-07-29T09:57:06.714+07:00 DEBUG 43026 --- [           main] ySourcesPropertyResolver$DefaultResolver : Found key 'TEST_DB_PORT' in PropertySource 'systemEnvironment' with value of type String
2026-07-29T09:57:06.714+07:00 DEBUG 43026 --- [           main] ySourcesPropertyResolver$DefaultResolver : Found key 'TEST_DB_USER' in PropertySource 'systemEnvironment' with value of type String
2026-07-29T09:57:06.725+07:00 DEBUG 43026 --- [           main] o.s.b.f.s.DefaultListableBeanFactory     : Creating shared instance of singleton bean 'jdbcConnectionDetails'
2026-07-29T09:57:06.726+07:00 DEBUG 43026 --- [           main] o.s.b.f.s.DefaultListableBeanFactory     : Creating shared instance of singleton bean 'org.springframework.boot.autoconfigure.jdbc.DataSourceAutoConfiguration$PooledDataSourceConfiguration'
2026-07-29T09:57:06.744+07:00 DEBUG 43026 --- [           main] o.s.b.f.s.DefaultListableBeanFactory     : Autowiring by type from bean name 'jdbcConnectionDetails' via factory method to bean named 'spring.datasource-org.springframework.boot.autoconfigure.jdbc.DataSourceProperties'
2026-07-29T09:57:06.748+07:00 DEBUG 43026 --- [           main] o.s.b.f.s.DefaultListableBeanFactory     : Autowiring by type from bean name 'dataSource' via factory method to bean named 'spring.datasource-org.springframework.boot.autoconfigure.jdbc.DataSourceProperties'
2026-07-29T09:57:06.748+07:00 DEBUG 43026 --- [           main] o.s.b.f.s.DefaultListableBeanFactory     : Autowiring by type from bean name 'dataSource' via factory method to bean named 'jdbcConnectionDetails'
2026-07-29T09:57:06.794+07:00  INFO 43026 --- [           main] com.zaxxer.hikari.HikariDataSource       : HikariPool-1 - Starting...
2026-07-29T09:57:07.023+07:00  INFO 43026 --- [           main] com.zaxxer.hikari.pool.HikariPool        : HikariPool-1 - Added connection com.mysql.cj.jdbc.ConnectionImpl@6bc25ac2
2026-07-29T09:57:07.026+07:00  INFO 43026 --- [           main] com.zaxxer.hikari.HikariDataSource       : HikariPool-1 - Start completed.
2026-07-29T09:57:07.103+07:00 DEBUG 43026 --- [           main] o.s.b.f.s.DefaultListableBeanFactory     : Creating shared instance of singleton bean 'postgresqlFlywayConfigurationCustomizer'
2026-07-29T09:57:07.139+07:00 DEBUG 43026 --- [           main] o.s.b.f.s.DefaultListableBeanFactory     : Creating shared instance of singleton bean 'flywayInitializer'
2026-07-29T09:57:07.141+07:00 DEBUG 43026 --- [           main] o.s.b.f.s.DefaultListableBeanFactory     : Autowiring by type from bean name 'flywayInitializer' via factory method to bean named 'flyway'
2026-07-29T09:57:07.149+07:00  INFO 43026 --- [           main] o.f.c.internal.license.VersionPrinter    : Flyway Community Edition 9.22.3 by Redgate
2026-07-29T09:57:07.150+07:00  INFO 43026 --- [           main] o.f.c.internal.license.VersionPrinter    : See release notes here: https://rd.gt/416ObMi
2026-07-29T09:57:07.150+07:00  INFO 43026 --- [           main] o.f.c.internal.license.VersionPrinter    : 
2026-07-29T09:57:07.181+07:00  INFO 43026 --- [           main] org.flywaydb.core.FlywayExecutor         : Database: jdbc:mysql://127.0.0.1:3306/kaknnea_pos_test (MySQL 9.6)
2026-07-29T09:57:07.202+07:00  WARN 43026 --- [           main] o.f.c.internal.database.base.Database    : Flyway upgrade recommended: MySQL 9.6 is newer than this version of Flyway and support has not been tested. The latest supported version of MySQL is 8.0.
2026-07-29T09:57:07.314+07:00  INFO 43026 --- [           main] o.f.core.internal.command.DbValidate     : Successfully validated 96 migrations (execution time 00:00.099s)
2026-07-29T09:57:07.342+07:00  INFO 43026 --- [           main] o.f.core.internal.command.DbMigrate      : Current version of schema `kaknnea_pos_test`: 107
2026-07-29T09:57:07.347+07:00  INFO 43026 --- [           main] o.f.core.internal.command.DbMigrate      : Schema `kaknnea_pos_test` is up to date. No migration necessary.
2026-07-29T09:57:07.356+07:00 DEBUG 43026 --- [           main] o.s.b.f.s.DefaultListableBeanFactory     : Creating shared instance of singleton bean 'dataSourceScriptDatabaseInitializer'
2026-07-29T09:57:07.356+07:00 DEBUG 43026 --- [           main] o.s.b.f.s.DefaultListableBeanFactory     : Creating shared instance of singleton bean 'org.springframework.boot.autoconfigure.sql.init.DataSourceInitializationConfiguration'
2026-07-29T09:57:07.361+07:00 DEBUG 43026 --- [           main] o.s.b.f.s.DefaultListableBeanFactory     : Creating shared instance of singleton bean 'spring.sql.init-org.springframework.boot.autoconfigure.sql.init.SqlInitializationProperties'
2026-07-29T09:57:07.369+07:00 DEBUG 43026 --- [           main] o.s.b.f.s.DefaultListableBeanFactory     : Autowiring by type from bean name 'dataSourceScriptDatabaseInitializer' via factory method to bean named 'dataSource'
2026-07-29T09:57:07.370+07:00 DEBUG 43026 --- [           main] o.s.b.f.s.DefaultListableBeanFactory     : Autowiring by type from bean name 'dataSourceScriptDatabaseInitializer' via factory method to bean named 'spring.sql.init-org.springframework.boot.autoconfigure.sql.init.SqlInitializationProperties'
2026-07-29T09:57:07.381+07:00 DEBUG 43026 --- [           main] o.s.b.f.s.DefaultListableBeanFactory     : Creating shared instance of singleton bean 'org.springframework.context.config.internalBeanConfigurerAspect'
2026-07-29T09:57:07.390+07:00 DEBUG 43026 --- [           main] o.s.b.f.s.DefaultListableBeanFactory     : Creating shared instance of singleton bean 'entityManagerFactory'
2026-07-29T09:57:07.392+07:00 DEBUG 43026 --- [           main] o.s.b.f.s.DefaultListableBeanFactory     : Creating shared instance of singleton bean 'org.springframework.boot.autoconfigure.orm.jpa.HibernateJpaConfiguration'
2026-07-29T09:57:07.396+07:00 DEBUG 43026 --- [           main] o.s.b.f.s.DefaultListableBeanFactory     : Creating shared instance of singleton bean 'spring.jpa-org.springframework.boot.autoconfigure.orm.jpa.JpaProperties'
2026-07-29T09:57:07.413+07:00 DEBUG 43026 --- [           main] o.s.b.f.s.DefaultListableBeanFactory     : Creating shared instance of singleton bean 'spring.jpa.hibernate-org.springframework.boot.autoconfigure.orm.jpa.HibernateProperties'
2026-07-29T09:57:07.421+07:00 DEBUG 43026 --- [           main] o.s.b.f.s.DefaultListableBeanFactory     : Autowiring by type from bean name 'org.springframework.boot.autoconfigure.orm.jpa.HibernateJpaConfiguration' via constructor to bean named 'dataSource'
2026-07-29T09:57:07.422+07:00 DEBUG 43026 --- [           main] o.s.b.f.s.DefaultListableBeanFactory     : Autowiring by type from bean name 'org.springframework.boot.autoconfigure.orm.jpa.HibernateJpaConfiguration' via constructor to bean named 'spring.jpa-org.springframework.boot.autoconfigure.orm.jpa.JpaProperties'
2026-07-29T09:57:07.422+07:00 DEBUG 43026 --- [           main] o.s.b.f.s.DefaultListableBeanFactory     : Autowiring by type from bean name 'org.springframework.boot.autoconfigure.orm.jpa.HibernateJpaConfiguration' via constructor to bean named 'org.springframework.beans.factory.support.DefaultListableBeanFactory@388b401d'
2026-07-29T09:57:07.422+07:00 DEBUG 43026 --- [           main] o.s.b.f.s.DefaultListableBeanFactory     : Autowiring by type from bean name 'org.springframework.boot.autoconfigure.orm.jpa.HibernateJpaConfiguration' via constructor to bean named 'spring.jpa.hibernate-org.springframework.boot.autoconfigure.orm.jpa.HibernateProperties'
2026-07-29T09:57:07.426+07:00 DEBUG 43026 --- [           main] o.s.b.f.s.DefaultListableBeanFactory     : Creating shared instance of singleton bean 'hikariPoolDataSourceMetadataProvider'
2026-07-29T09:57:07.426+07:00 DEBUG 43026 --- [           main] o.s.b.f.s.DefaultListableBeanFactory     : Creating shared instance of singleton bean 'org.springframework.boot.autoconfigure.jdbc.metadata.DataSourcePoolMetadataProvidersConfiguration$HikariPoolDataSourceMetadataProviderConfiguration'
2026-07-29T09:57:07.454+07:00 DEBUG 43026 --- [           main] o.s.b.f.s.DefaultListableBeanFactory     : Creating shared instance of singleton bean 'entityManagerFactoryBuilder'
[...]
      Did not match:
         - @ConditionalOnBean (types: org.springframework.web.socket.config.annotation.DelegatingWebSocketMessageBrokerConfiguration,com.fasterxml.jackson.databind.ObjectMapper; SearchStrategy: all) did not find any beans of type org.springframework.web.socket.config.annotation.DelegatingWebSocketMessageBrokerConfiguration (OnBeanCondition)
      Matched:
         - @ConditionalOnClass found required classes 'com.fasterxml.jackson.databind.ObjectMapper', 'org.springframework.messaging.simp.config.AbstractMessageBrokerConfiguration' (OnClassCondition)

   WebSocketReactiveAutoConfiguration:
      Did not match:
         - @ConditionalOnWebApplication did not find reactive web application classes (OnWebApplicationCondition)

   WebSocketServletAutoConfiguration.JettyWebSocketConfiguration:
      Did not match:
         - @ConditionalOnClass did not find required class 'org.eclipse.jetty.ee10.websocket.jakarta.server.config.JakartaWebSocketServletContainerInitializer' (OnClassCondition)

   WebSocketServletAutoConfiguration.UndertowWebSocketConfiguration:
      Did not match:
         - @ConditionalOnClass did not find required class 'io.undertow.websockets.jsr.Bootstrap' (OnClassCondition)

   WebTestClientAutoConfiguration:
      Did not match:
         - @ConditionalOnClass did not find required class 'org.springframework.web.reactive.function.client.WebClient' (OnClassCondition)

   XADataSourceAutoConfiguration:
      Did not match:
         - @ConditionalOnBean (types: org.springframework.boot.jdbc.XADataSourceWrapper; SearchStrategy: all) did not find any beans of type org.springframework.boot.jdbc.XADataSourceWrapper (OnBeanCondition)
      Matched:
         - @ConditionalOnClass found required classes 'javax.sql.DataSource', 'jakarta.transaction.TransactionManager', 'org.springframework.jdbc.datasource.embedded.EmbeddedDatabaseType' (OnClassCondition)

   ZipkinAutoConfiguration:
      Did not match:
         - @ConditionalOnClass did not find required class 'zipkin2.reporter.Sender' (OnClassCondition)


Exclusions:
-----------

    None


Unconditional classes:
----------------------

    org.springframework.boot.autoconfigure.context.ConfigurationPropertiesAutoConfiguration

    org.springframework.boot.actuate.autoconfigure.availability.AvailabilityHealthContributorAutoConfiguration

    org.springframework.boot.autoconfigure.ssl.SslAutoConfiguration

    org.springframework.boot.actuate.autoconfigure.info.InfoContributorAutoConfiguration

    org.springframework.boot.autoconfigure.context.PropertyPlaceholderAutoConfiguration

    org.springframework.boot.autoconfigure.context.LifecycleAutoConfiguration

    org.springframework.boot.actuate.autoconfigure.metrics.integration.IntegrationMetricsAutoConfiguration

    org.springframework.boot.actuate.autoconfigure.endpoint.EndpointAutoConfiguration

    org.springframework.boot.actuate.autoconfigure.web.server.ManagementContextAutoConfiguration

    org.springframework.boot.actuate.autoconfigure.health.HealthContributorAutoConfiguration

    org.springframework.boot.actuate.autoconfigure.endpoint.jackson.JacksonEndpointAutoConfiguration

    org.springframework.boot.autoconfigure.availability.ApplicationAvailabilityAutoConfiguration

    org.springframework.boot.autoconfigure.info.ProjectInfoAutoConfiguration



2026-07-29T09:57:18.182+07:00  INFO 43026 --- [           main] .k.p.c.SettingsControllerIntegrationTest : Started SettingsControllerIntegrationTest in 15.158 seconds (process running for 16.237)
2026-07-29T09:57:18.260+07:00 DEBUG 43026 --- [           main] o.s.b.a.ApplicationAvailabilityBean      : Application availability state LivenessState changed to CORRECT
2026-07-29T09:57:18.263+07:00 DEBUG 43026 --- [           main] o.s.b.a.ApplicationAvailabilityBean      : Application availability state ReadinessState changed to ACCEPTING_TRAFFIC
2026-07-29T09:57:18.265+07:00 DEBUG 43026 --- [           main] org.springframework.test.context.cache   : Spring test ApplicationContext cache statistics: [DefaultContextCache@527deae9 size = 1, maxSize = 32, parentContextCount = 0, hitCount = 0, missCount = 1, failureCount = 0]
2026-07-29T09:57:18.266+07:00 DEBUG 43026 --- [           main] o.s.t.c.w.ServletTestExecutionListener   : Setting up MockHttpServletRequest, MockHttpServletResponse, ServletWebRequest, and RequestContextHolder for test class com.kaknnea.pos.controller.SettingsControllerIntegrationTest
2026-07-29T09:57:18.279+07:00 DEBUG 43026 --- [           main] DependencyInjectionTestExecutionListener : Performing dependency injection for test class com.kaknnea.pos.controller.SettingsControllerIntegrationTest
2026-07-29T09:57:18.280+07:00 DEBUG 43026 --- [           main] org.springframework.test.context.cache   : Spring test ApplicationContext cache statistics: [DefaultContextCache@527deae9 size = 1, maxSize = 32, parentContextCount = 0, hitCount = 1, missCount = 1, failureCount = 0]
2026-07-29T09:57:18.285+07:00 DEBUG 43026 --- [           main] org.springframework.test.context.cache   : Spring test ApplicationContext cache statistics: [DefaultContextCache@527deae9 size = 1, maxSize = 32, parentContextCount = 0, hitCount = 2, missCount = 1, failureCount = 0]
2026-07-29T09:57:18.292+07:00 DEBUG 43026 --- [           main] sContextBeforeModesTestExecutionListener : Before test method: class [SettingsControllerIntegrationTest], method [generalAndCompanyProfileEndpoints_roundTrip], class annotated with @DirtiesContext [false] with mode [null], method annotated with @DirtiesContext [false] with mode [null]
2026-07-29T09:57:18.295+07:00 DEBUG 43026 --- [           main] t.c.t.TransactionalTestExecutionListener : Explicit transaction definition [PROPAGATION_REQUIRED,ISOLATION_DEFAULT] found for test class [com.kaknnea.pos.controller.SettingsControllerIntegrationTest] and test method [generalAndCompanyProfileEndpoints_roundTrip]
2026-07-29T09:57:18.296+07:00 DEBUG 43026 --- [           main] org.springframework.test.context.cache   : Spring test ApplicationContext cache statistics: [DefaultContextCache@527deae9 size = 1, maxSize = 32, parentContextCount = 0, hitCount = 3, missCount = 1, failureCount = 0]
2026-07-29T09:57:18.301+07:00 DEBUG 43026 --- [           main] t.c.t.TransactionalTestExecutionListener : No method-level @Rollback override: using default rollback [true] for test method [void com.kaknnea.pos.controller.SettingsControllerIntegrationTest.generalAndCompanyProfileEndpoints_roundTrip() throws java.lang.Exception]
2026-07-29T09:57:18.303+07:00 DEBUG 43026 --- [           main] o.s.orm.jpa.JpaTransactionManager        : Creating new transaction with name [com.kaknnea.pos.controller.SettingsControllerIntegrationTest.generalAndCompanyProfileEndpoints_roundTrip]: PROPAGATION_REQUIRED,ISOLATION_DEFAULT
2026-07-29T09:57:18.303+07:00 DEBUG 43026 --- [           main] o.s.orm.jpa.JpaTransactionManager        : Opened new EntityManager [SessionImpl(256753106<open>)] for JPA transaction
2026-07-29T09:57:18.309+07:00 DEBUG 43026 --- [           main] o.s.orm.jpa.JpaTransactionManager        : Exposing JPA transaction as JDBC [org.springframework.orm.jpa.vendor.HibernateJpaDialect$HibernateConnectionHandle@3ba16088]
2026-07-29T09:57:18.310+07:00 DEBUG 43026 --- [           main] o.s.t.c.transaction.TransactionContext   : Began transaction (1) for test class [com.kaknnea.pos.controller.SettingsControllerIntegrationTest]; test method [generalAndCompanyProfileEndpoints_roundTrip]; transaction manager [org.springframework.orm.jpa.JpaTransactionManager@1572f95a]; rollback [true]
2026-07-29T09:57:18.312+07:00 DEBUG 43026 --- [           main] org.springframework.test.context.cache   : Spring test ApplicationContext cache statistics: [DefaultContextCache@527deae9 size = 1, maxSize = 32, parentContextCount = 0, hitCount = 4, missCount = 1, failureCount = 0]
2026-07-29T09:57:18.313+07:00 DEBUG 43026 --- [           main] org.springframework.test.context.cache   : Spring test ApplicationContext cache statistics: [DefaultContextCache@527deae9 size = 1, maxSize = 32, parentContextCount = 0, hitCount = 5, missCount = 1, failureCount = 0]
2026-07-29T09:57:18.318+07:00 DEBUG 43026 --- [           main] org.springframework.test.context.cache   : Spring test ApplicationContext cache statistics: [DefaultContextCache@527deae9 size = 1, maxSize = 32, parentContextCount = 0, hitCount = 6, missCount = 1, failureCount = 0]
2026-07-29T09:57:18.322+07:00 DEBUG 43026 --- [           main] org.springframework.test.context.cache   : Spring test ApplicationContext cache statistics: [DefaultContextCache@527deae9 size = 1, maxSize = 32, parentContextCount = 0, hitCount = 7, missCount = 1, failureCount = 0]
2026-07-29T09:57:18.907+07:00 DEBUG 43026 --- [           main] org.springframework.test.context.cache   : Spring test ApplicationContext cache statistics: [DefaultContextCache@527deae9 size = 1, maxSize = 32, parentContextCount = 0, hitCount = 8, missCount = 1, failureCount = 0]
2026-07-29T09:57:18.927+07:00 DEBUG 43026 --- [           main] o.s.test.util.ReflectionTestUtils        : Invoking method 'getFilters' on target object [FilterChainProxy[Filter Chains: null]] or target class [null] with arguments {org.springframework.mock.web.MockHttpServletRequest@5345f771}
2026-07-29T09:57:18.928+07:00 DEBUG 43026 --- [           main] o.s.test.util.ReflectionTestUtils        : Invoking method 'getFilters' on target object [FilterChainProxy[Filter Chains: null]] or target class [null] with arguments {org.springframework.mock.web.MockHttpServletRequest@5345f771}
2026-07-29T09:57:18.929+07:00 DEBUG 43026 --- [           main] o.s.test.util.ReflectionTestUtils        : Getting field 'securityContextRepository' from target object [org.springframework.security.web.context.SecurityContextHolderFilter@510261b9] or target class [class org.springframework.security.web.context.SecurityContextHolderFilter]
2026-07-29T09:57:18.929+07:00 DEBUG 43026 --- [           main] o.s.test.util.ReflectionTestUtils        : Invoking method 'getFilters' on target object [FilterChainProxy[Filter Chains: null]] or target class [null] with arguments {org.springframework.mock.web.MockHttpServletRequest@5345f771}
2026-07-29T09:57:18.929+07:00 DEBUG 43026 --- [           main] o.s.test.util.ReflectionTestUtils        : Invoking method 'getFilters' on target object [FilterChainProxy[Filter Chains: null]] or target class [null] with arguments {org.springframework.mock.web.MockHttpServletRequest@5345f771}
2026-07-29T09:57:18.930+07:00 DEBUG 43026 --- [           main] o.s.test.util.ReflectionTestUtils        : Setting field 'securityContextRepository' of type [null] on target object [org.springframework.security.web.context.SecurityContextHolderFilter@510261b9] or target class [class org.springframework.security.web.context.SecurityContextHolderFilter] to value [org.springframework.security.test.web.servlet.request.SecurityMockMvcRequestPostProcessors$SecurityContextRequestPostProcessorSupport$TestSecurityContextRepository@6d1a9e8]
2026-07-29T09:57:18.960+07:00 DEBUG 43026 --- [           main] o.s.security.web.FilterChainProxy        : Securing GET /api/settings/general
2026-07-29T09:57:18.991+07:00 DEBUG 43026 --- [           main] o.s.security.web.FilterChainProxy        : Secured GET /api/settings/general
2026-07-29T09:57:18.998+07:00 DEBUG 43026 --- [           main] o.s.t.web.servlet.TestDispatcherServlet  : GET "/api/settings/general", parameters={}
2026-07-29T09:57:19.004+07:00 DEBUG 43026 --- [           main] s.w.s.m.m.a.RequestMappingHandlerMapping : Mapped to com.kaknnea.pos.controller.SettingsController#getGeneral()
2026-07-29T09:57:19.019+07:00 DEBUG 43026 --- [           main] horizationManagerBeforeMethodInterceptor : Authorizing method invocation ReflectiveMethodInvocation: public com.kaknnea.pos.dto.SettingsDtos$GeneralSettingsResponse com.kaknnea.pos.controller.SettingsController.getGeneral(); target is of class [com.kaknnea.pos.controller.SettingsController]
2026-07-29T09:57:19.043+07:00 DEBUG 43026 --- [           main] horizationManagerBeforeMethodInterceptor : Authorized method invocation ReflectiveMethodInvocation: public com.kaknnea.pos.dto.SettingsDtos$GeneralSettingsResponse com.kaknnea.pos.controller.SettingsController.getGeneral(); target is of class [com.kaknnea.pos.controller.SettingsController]
2026-07-29T09:57:19.170+07:00  WARN 43026 --- [           main] o.h.engine.jdbc.spi.SqlExceptionHelper   : SQL Error: 1054, SQLState: 42S22
2026-07-29T09:57:19.171+07:00 ERROR 43026 --- [           main] o.h.engine.jdbc.spi.SqlExceptionHelper   : Unknown column 'bs1_0.auto_print_receipt' in 'field list'
2026-07-29T09:57:19.191+07:00 DEBUG 43026 --- [           main] .m.m.a.ExceptionHandlerExceptionResolver : Using @ExceptionHandler com.kaknnea.pos.exception.GlobalExceptionHandler#handleOther(Exception)
2026-07-29T09:57:19.221+07:00 DEBUG 43026 --- [           main] o.s.w.s.m.m.a.HttpEntityMethodProcessor  : Using 'application/json', given [*/*] and supported [application/json, application/*+json]
2026-07-29T09:57:19.224+07:00 DEBUG 43026 --- [           main] o.s.w.s.m.m.a.HttpEntityMethodProcessor  : Writing [{message=JDBC exception executing SQL [select bs1_0.id,bs1_0.address,bs1_0.auto_print_receipt,bs1_0. (truncated)...]
2026-07-29T09:57:19.261+07:00 DEBUG 43026 --- [           main] .m.m.a.ExceptionHandlerExceptionResolver : Resolved [org.springframework.dao.InvalidDataAccessResourceUsageException: JDBC exception executing SQL [select bs1_0.id,bs1_0.address,bs1_0.auto_print_receipt,bs1_0.business_name,bs1_0.cash_rounding_interval,bs1_0.cash_rounding_mode,bs1_0.created_at,bs1_0.currency,bs1_0.default_language,bs1_0.discount_presets,bs1_0.enable_favorites,bs1_0.enable_kitchen_display,bs1_0.khqr_image_url,bs1_0.kitchen_printer_name,bs1_0.logo_url,bs1_0.low_stock_alert,bs1_0.low_stock_alert_email,bs1_0.open_ticket_config,bs1_0.phone,bs1_0.pos_layout_config,bs1_0.product_grid_columns,bs1_0.receipt_footer,bs1_0.receipt_paper_width,bs1_0.receipt_show_barcode,bs1_0.receipt_show_customer,bs1_0.require_discount_reason,bs1_0.require_pin_for_pos,bs1_0.require_shift_for_sales,bs1_0.sale_screen_layout,bs1_0.show_demo_account,bs1_0.tax_rate,bs1_0.updated_at from business_settings bs1_0 order by bs1_0.id limit ?] [Unknown column 'bs1_0.auto_print_receipt' in 'field list'] [n/a]; SQL [n/a]]
2026-07-29T09:57:19.262+07:00 DEBUG 43026 --- [           main] o.s.t.web.servlet.TestDispatcherServlet  : Completed 500 INTERNAL_SERVER_ERROR
2026-07-29T09:57:19.284+07:00 DEBUG 43026 --- [           main] org.springframework.test.context.cache   : Spring test ApplicationContext cache statistics: [DefaultContextCache@527deae9 size = 1, maxSize = 32, parentContextCount = 0, hitCount = 9, missCount = 1, failureCount = 0]
2026-07-29T09:57:19.285+07:00 DEBUG 43026 --- [           main] org.springframework.test.context.cache   : Spring test ApplicationContext cache statistics: [DefaultContextCache@527deae9 size = 1, maxSize = 32, parentContextCount = 0, hitCount = 10, missCount = 1, failureCount = 0]
2026-07-29T09:57:19.285+07:00 DEBUG 43026 --- [           main] org.springframework.test.context.cache   : Spring test ApplicationContext cache statistics: [DefaultContextCache@527deae9 size = 1, maxSize = 32, parentContextCount = 0, hitCount = 11, missCount = 1, failureCount = 0]

MockHttpServletRequest:
      HTTP Method = GET
      Request URI = /api/settings/general
       Parameters = {}
          Headers = []
             Body = null
    Session Attrs = {}

Handler:
             Type = com.kaknnea.pos.controller.SettingsController
           Method = com.kaknnea.pos.controller.SettingsController#getGeneral()

Async:
    Async started = false
     Async result = null

Resolved Exception:
             Type = org.springframework.dao.InvalidDataAccessResourceUsageException

ModelAndView:
        View name = null
             View = null
            Model = null

FlashMap:
       Attributes = null

MockHttpServletResponse:
           Status = 500
    Error message = null
          Headers = [Vary:"Origin", "Access-Control-Request-Method", "Access-Control-Request-Headers", Content-Type:"application/json", X-Content-Type-Options:"nosniff", X-XSS-Protection:"0", Cache-Control:"no-cache, no-store, max-age=0, must-revalidate", Pragma:"no-cache", Expires:"0", X-Frame-Options:"DENY"]
     Content type = application/json
             Body = {"message":"JDBC exception executing SQL [select bs1_0.id,bs1_0.address,bs1_0.auto_print_receipt,bs1_0.business_name,bs1_0.cash_rounding_interval,bs1_0.cash_rounding_mode,bs1_0.created_at,bs1_0.currency,bs1_0.default_language,bs1_0.discount_presets,bs1_0.enable_favorites,bs1_0.enable_kitchen_display,bs1_0.khqr_image_url,bs1_0.kitchen_printer_name,bs1_0.logo_url,bs1_0.low_stock_alert,bs1_0.low_stock_alert_email,bs1_0.open_ticket_config,bs1_0.phone,bs1_0.pos_layout_config,bs1_0.product_grid_columns,bs1_0.receipt_footer,bs1_0.receipt_paper_width,bs1_0.receipt_show_barcode,bs1_0.receipt_show_customer,bs1_0.require_discount_reason,bs1_0.require_pin_for_pos,bs1_0.require_shift_for_sales,bs1_0.sale_screen_layout,bs1_0.show_demo_account,bs1_0.tax_rate,bs1_0.updated_at from business_settings bs1_0 order by bs1_0.id limit ?] [Unknown column 'bs1_0.auto_print_receipt' in 'field list'] [n/a]; SQL [n/a]"}
    Forwarded URL = null
   Redirected URL = null
          Cookies = []
2026-07-29T09:57:19.286+07:00 DEBUG 43026 --- [           main] org.springframework.test.context.cache   : Spring test ApplicationContext cache statistics: [DefaultContextCache@527deae9 size = 1, maxSize = 32, parentContextCount = 0, hitCount = 12, missCount = 1, failureCount = 0]
2026-07-29T09:57:19.288+07:00 DEBUG 43026 --- [           main] org.springframework.test.context.cache   : Spring test ApplicationContext cache statistics: [DefaultContextCache@527deae9 size = 1, maxSize = 32, parentContextCount = 0, hitCount = 13, missCount = 1, failureCount = 0]
2026-07-29T09:57:19.291+07:00 DEBUG 43026 --- [           main] org.springframework.test.context.cache   : Spring test ApplicationContext cache statistics: [DefaultContextCache@527deae9 size = 1, maxSize = 32, parentContextCount = 0, hitCount = 14, missCount = 1, failureCount = 0]
2026-07-29T09:57:19.292+07:00 DEBUG 43026 --- [           main] org.springframework.test.context.cache   : Spring test ApplicationContext cache statistics: [DefaultContextCache@527deae9 size = 1, maxSize = 32, parentContextCount = 0, hitCount = 15, missCount = 1, failureCount = 0]
2026-07-29T09:57:19.294+07:00 DEBUG 43026 --- [           main] o.s.orm.jpa.JpaTransactionManager        : Initiating transaction rollback
2026-07-29T09:57:19.294+07:00 DEBUG 43026 --- [           main] o.s.orm.jpa.JpaTransactionManager        : Rolling back JPA transaction on EntityManager [SessionImpl(256753106<open>)]
2026-07-29T09:57:19.299+07:00 DEBUG 43026 --- [           main] o.s.orm.jpa.JpaTransactionManager        : Closing JPA EntityManager [SessionImpl(256753106<open>)] after transaction
2026-07-29T09:57:19.300+07:00 DEBUG 43026 --- [           main] o.s.t.c.transaction.TransactionContext   : Rolled back transaction (1) for test class [com.kaknnea.pos.controller.SettingsControllerIntegrationTest]; test method [generalAndCompanyProfileEndpoints_roundTrip]
2026-07-29T09:57:19.300+07:00 DEBUG 43026 --- [           main] .c.s.DirtiesContextTestExecutionListener : After test method: class [SettingsControllerIntegrationTest], method [generalAndCompanyProfileEndpoints_roundTrip], class annotated with @DirtiesContext [false] with mode [null], method annotated with @DirtiesContext [false] with mode [null]
2026-07-29T09:57:19.300+07:00 DEBUG 43026 --- [           main] o.s.t.c.w.ServletTestExecutionListener   : Resetting RequestContextHolder for test class com.kaknnea.pos.controller.SettingsControllerIntegrationTest
]]></system-out>
  </testcase>
</testsuite>