<?xml version="1.0" encoding="UTF-8"?>
<testsuite xmlns:xsi="http://www.w3.org/2001/XMLSchema-instance" xsi:noNamespaceSchemaLocation="https://maven.apache.org/surefire/maven-surefire-plugin/xsd/surefire-test-report-3.0.xsd" version="3.0" name="com.kaknnea.pos.api.CustomerApiTest" time="10.302" tests="1" errors="0" skipped="0" failures="0">
  <properties>
[...]
</properties>
  <testcase name="testGetCustomerProfile" classname="com.kaknnea.pos.api.CustomerApiTest" time="0.333">
    <system-out><![CDATA[09:55:14.586 [main] INFO org.springframework.test.context.support.AnnotationConfigContextLoaderUtils -- Could not detect default configuration classes for test class [com.kaknnea.pos.api.CustomerApiTest]: CustomerApiTest does not declare any static, non-private, non-final, nested classes annotated with @Configuration.
09:55:14.708 [main] INFO org.springframework.boot.test.context.SpringBootTestContextBootstrapper -- Found @SpringBootConfiguration com.kaknnea.pos.KaknneaPosApplication for test class com.kaknnea.pos.api.CustomerApiTest

  .   ____          _            __ _ _
 /\\ / ___'_ __ _ _(_)_ __  __ _ \ \ \ \
( ( )\___ | '_ | '_| | '_ \/ _` | \ \ \ \
 \\/  ___)| |_)| | | | | || (_| |  ) ) ) )
  '  |____| .__|_| |_|_| |_\__, | / / / /
 =========|_|==============|___/=/_/_/_/
 :: Spring Boot ::                (v3.2.2)

2026-07-29T09:55:15.010+07:00  INFO 39817 --- [           main] com.kaknnea.pos.api.CustomerApiTest      : Starting CustomerApiTest using Java 17.0.19 with PID 39817 (started by luffy in /home/luffy/KAKNNEA/write-test-pos/backend-spring-boot)
2026-07-29T09:55:15.012+07:00  INFO 39817 --- [           main] com.kaknnea.pos.api.CustomerApiTest      : No active profile set, falling back to 1 default profile: "default"
2026-07-29T09:55:15.012+07:00 DEBUG 39817 --- [           main] o.s.boot.SpringApplication               : Loading source class com.kaknnea.pos.KaknneaPosApplication
2026-07-29T09:55:15.033+07:00 DEBUG 39817 --- [           main] o.s.w.c.s.GenericWebApplicationContext   : Refreshing org.springframework.web.context.support.GenericWebApplicationContext@6a0e97fc
2026-07-29T09:55:15.046+07:00 DEBUG 39817 --- [           main] o.s.b.f.s.DefaultListableBeanFactory     : Creating shared instance of singleton bean 'org.springframework.context.annotation.internalConfigurationAnnotationProcessor'
2026-07-29T09:55:15.054+07:00 DEBUG 39817 --- [           main] o.s.b.f.s.DefaultListableBeanFactory     : Creating shared instance of singleton bean 'org.springframework.boot.autoconfigure.internalCachingMetadataReaderFactory'
2026-07-29T09:55:15.119+07:00 DEBUG 39817 --- [           main] o.s.c.a.ClassPathBeanDefinitionScanner   : Identified candidate component class: file [/home/luffy/KAKNNEA/write-test-pos/backend-spring-boot/target/classes/com/kaknnea/pos/config/JpaConfig.class]
2026-07-29T09:55:15.120+07:00 DEBUG 39817 --- [           main] o.s.c.a.ClassPathBeanDefinitionScanner   : Identified candidate component class: file [/home/luffy/KAKNNEA/write-test-pos/backend-spring-boot/target/classes/com/kaknnea/pos/config/MapperConfig.class]
2026-07-29T09:55:15.122+07:00 DEBUG 39817 --- [           main] o.s.c.a.ClassPathBeanDefinitionScanner   : Identified candidate component class: file [/home/luffy/KAKNNEA/write-test-pos/backend-spring-boot/target/classes/com/kaknnea/pos/config/ScannerWebSocketConfig.class]
2026-07-29T09:55:15.122+07:00 DEBUG 39817 --- [           main] o.s.c.a.ClassPathBeanDefinitionScanner   : Identified candidate component class: file [/home/luffy/KAKNNEA/write-test-pos/backend-spring-boot/target/classes/com/kaknnea/pos/config/SwaggerConfig.class]
2026-07-29T09:55:15.123+07:00 DEBUG 39817 --- [           main] o.s.c.a.ClassPathBeanDefinitionScanner   : Identified candidate component class: file [/home/luffy/KAKNNEA/write-test-pos/backend-spring-boot/target/classes/com/kaknnea/pos/config/WebMvcConfig.class]
2026-07-29T09:55:15.130+07:00 DEBUG 39817 --- [           main] o.s.c.a.ClassPathBeanDefinitionScanner   : Identified candidate component class: file [/home/luffy/KAKNNEA/write-test-pos/backend-spring-boot/target/classes/com/kaknnea/pos/controller/AuthAliasController.class]
2026-07-29T09:55:15.131+07:00 DEBUG 39817 --- [           main] o.s.c.a.ClassPathBeanDefinitionScanner   : Identified candidate component class: file [/home/luffy/KAKNNEA/write-test-pos/backend-spring-boot/target/classes/com/kaknnea/pos/controller/AuthController.class]
2026-07-29T09:55:15.136+07:00 DEBUG 39817 --- [           main] o.s.c.a.ClassPathBeanDefinitionScanner   : Identified candidate component class: file [/home/luffy/KAKNNEA/write-test-pos/backend-spring-boot/target/classes/com/kaknnea/pos/controller/CartController.class]
2026-07-29T09:55:15.137+07:00 DEBUG 39817 --- [           main] o.s.c.a.ClassPathBeanDefinitionScanner   : Identified candidate component class: file [/home/luffy/KAKNNEA/write-test-pos/backend-spring-boot/target/classes/com/kaknnea/pos/controller/CategoryController.class]
2026-07-29T09:55:15.137+07:00 DEBUG 39817 --- [           main] o.s.c.a.ClassPathBeanDefinitionScanner   : Identified candidate component class: file [/home/luffy/KAKNNEA/write-test-pos/backend-spring-boot/target/classes/com/kaknnea/pos/controller/CreditCollectionController.class]
2026-07-29T09:55:15.138+07:00 DEBUG 39817 --- [           main] o.s.c.a.ClassPathBeanDefinitionScanner   : Identified candidate component class: file [/home/luffy/KAKNNEA/write-test-pos/backend-spring-boot/target/classes/com/kaknnea/pos/controller/CustomerController.class]
2026-07-29T09:55:15.139+07:00 DEBUG 39817 --- [           main] o.s.c.a.ClassPathBeanDefinitionScanner   : Identified candidate component class: file [/home/luffy/KAKNNEA/write-test-pos/backend-spring-boot/target/classes/com/kaknnea/pos/controller/DeliveryNoteController.class]
2026-07-29T09:55:15.140+07:00 DEBUG 39817 --- [           main] o.s.c.a.ClassPathBeanDefinitionScanner   : Identified candidate component class: file [/home/luffy/KAKNNEA/write-test-pos/backend-spring-boot/target/classes/com/kaknnea/pos/controller/EmployeeController.class]
2026-07-29T09:55:15.140+07:00 DEBUG 39817 --- [           main] o.s.c.a.ClassPathBeanDefinitionScanner   : Identified candidate component class: file [/home/luffy/KAKNNEA/write-test-pos/backend-spring-boot/target/classes/com/kaknnea/pos/controller/ExpenseCategoryController.class]
2026-07-29T09:55:15.141+07:00 DEBUG 39817 --- [           main] o.s.c.a.ClassPathBeanDefinitionScanner   : Identified candidate component class: file [/home/luffy/KAKNNEA/write-test-pos/backend-spring-boot/target/classes/com/kaknnea/pos/controller/ExpenseController.class]
2026-07-29T09:55:15.142+07:00 DEBUG 39817 --- [           main] o.s.c.a.ClassPathBeanDefinitionScanner   : Identified candidate component class: file [/home/luffy/KAKNNEA/write-test-pos/backend-spring-boot/target/classes/com/kaknnea/pos/controller/FinanceController.class]
2026-07-29T09:55:15.142+07:00 DEBUG 39817 --- [           main] o.s.c.a.ClassPathBeanDefinitionScanner   : Identified candidate component class: file [/home/luffy/KAKNNEA/write-test-pos/backend-spring-boot/target/classes/com/kaknnea/pos/controller/GoodsReceiptController.class]
2026-07-29T09:55:15.143+07:00 DEBUG 39817 --- [           main] o.s.c.a.ClassPathBeanDefinitionScanner   : Identified candidate component class: file [/home/luffy/KAKNNEA/write-test-pos/backend-spring-boot/target/classes/com/kaknnea/pos/controller/HeldTicketController.class]
2026-07-29T09:55:15.143+07:00 DEBUG 39817 --- [           main] o.s.c.a.ClassPathBeanDefinitionScanner   : Identified candidate component class: file [/home/luffy/KAKNNEA/write-test-pos/backend-spring-boot/target/classes/com/kaknnea/pos/controller/InventoryController.class]
2026-07-29T09:55:15.144+07:00 DEBUG 39817 --- [           main] o.s.c.a.ClassPathBeanDefinitionScanner   : Identified candidate component class: file [/home/luffy/KAKNNEA/write-test-pos/backend-spring-boot/target/classes/com/kaknnea/pos/controller/InventorySnapshotController.class]
2026-07-29T09:55:15.144+07:00 DEBUG 39817 --- [           main] o.s.c.a.ClassPathBeanDefinitionScanner   : Identified candidate component class: file [/home/luffy/KAKNNEA/write-test-pos/backend-spring-boot/target/classes/com/kaknnea/pos/controller/MediaController.class]
2026-07-29T09:55:15.145+07:00 DEBUG 39817 --- [           main] o.s.c.a.ClassPathBeanDefinitionScanner   : Identified candidate component class: file [/home/luffy/KAKNNEA/write-test-pos/backend-spring-boot/target/classes/com/kaknnea/pos/controller/ModifierController.class]
2026-07-29T09:55:15.146+07:00 DEBUG 39817 --- [           main] o.s.c.a.ClassPathBeanDefinitionScanner   : Identified candidate component class: file [/home/luffy/KAKNNEA/write-test-pos/backend-spring-boot/target/classes/com/kaknnea/pos/controller/OtherIncomeCategoryController.class]
2026-07-29T09:55:15.146+07:00 DEBUG 39817 --- [           main] o.s.c.a.ClassPathBeanDefinitionScanner   : Identified candidate component class: file [/home/luffy/KAKNNEA/write-test-pos/backend-spring-boot/target/classes/com/kaknnea/pos/controller/OtherIncomeController.class]
2026-07-29T09:55:15.146+07:00 DEBUG 39817 --- [           main] o.s.c.a.ClassPathBeanDefinitionScanner   : Identified candidate component class: file [/home/luffy/KAKNNEA/write-test-pos/backend-spring-boot/target/classes/com/kaknnea/pos/controller/OwnerReportController.class]
2026-07-29T09:55:15.147+07:00 DEBUG 39817 --- [           main] o.s.c.a.ClassPathBeanDefinitionScanner   : Identified candidate component class: file [/home/luffy/KAKNNEA/write-test-pos/backend-spring-boot/target/classes/com/kaknnea/pos/controller/PaymentController.class]
2026-07-29T09:55:15.147+07:00 DEBUG 39817 --- [           main] o.s.c.a.ClassPathBeanDefinitionScanner   : Identified candidate component class: file [/home/luffy/KAKNNEA/write-test-pos/backend-spring-boot/target/classes/com/kaknnea/pos/controller/PaymentMethodController.class]
2026-07-29T09:55:15.148+07:00 DEBUG 39817 --- [           main] o.s.c.a.ClassPathBeanDefinitionScanner   : Identified candidate component class: file [/home/luffy/KAKNNEA/write-test-pos/backend-spring-boot/target/classes/com/kaknnea/pos/controller/PermissionController.class]
2026-07-29T09:55:15.148+07:00 DEBUG 39817 --- [           main] o.s.c.a.ClassPathBeanDefinitionScanner   : Identified candidate component class: file [/home/luffy/KAKNNEA/write-test-pos/backend-spring-boot/target/classes/com/kaknnea/pos/controller/PredefinedTicketController.class]
2026-07-29T09:55:15.148+07:00 DEBUG 39817 --- [           main] o.s.c.a.ClassPathBeanDefinitionScanner   : Identified candidate component class: file [/home/luffy/KAKNNEA/write-test-pos/backend-spring-boot/target/classes/com/kaknnea/pos/controller/PriceListController.class]
2026-07-29T09:55:15.149+07:00 DEBUG 39817 --- [           main] o.s.c.a.ClassPathBeanDefinitionScanner   : Identified candidate component class: file [/home/luffy/KAKNNEA/write-test-pos/backend-spring-boot/target/classes/com/kaknnea/pos/controller/ProductController.class]
2026-07-29T09:55:15.149+07:00 DEBUG 39817 --- [           main] o.s.c.a.ClassPathBeanDefinitionScanner   : Identified candidate component class: file [/home/luffy/KAKNNEA/write-test-pos/backend-spring-boot/target/classes/com/kaknnea/pos/controller/ProductConversionController.class]
2026-07-29T09:55:15.152+07:00 DEBUG 39817 --- [           main] o.s.c.a.ClassPathBeanDefinitionScanner   : Identified candidate component class: file [/home/luffy/KAKNNEA/write-test-pos/backend-spring-boot/target/classes/com/kaknnea/pos/controller/ProductionController.class]
2026-07-29T09:55:15.153+07:00 DEBUG 39817 --- [           main] o.s.c.a.ClassPathBeanDefinitionScanner   : Identified candidate component class: file [/home/luffy/KAKNNEA/write-test-pos/backend-spring-boot/target/classes/com/kaknnea/pos/controller/PurchaseAttachmentController.class]
2026-07-29T09:55:15.153+07:00 DEBUG 39817 --- [           main] o.s.c.a.ClassPathBeanDefinitionScanner   : Identified candidate component class: file [/home/luffy/KAKNNEA/write-test-pos/backend-spring-boot/target/classes/com/kaknnea/pos/controller/PurchaseController.class]
2026-07-29T09:55:15.154+07:00 DEBUG 39817 --- [           main] o.s.c.a.ClassPathBeanDefinitionScanner   : Identified candidate component class: file [/home/luffy/KAKNNEA/write-test-pos/backend-spring-boot/target/classes/com/kaknnea/pos/controller/PurchaseOrderController.class]
2026-07-29T09:55:15.155+07:00 DEBUG 39817 --- [           main] o.s.c.a.ClassPathBeanDefinitionScanner   : Identified candidate component class: file [/home/luffy/KAKNNEA/write-test-pos/backend-spring-boot/target/classes/com/kaknnea/pos/controller/PurchaseReturnController.class]
2026-07-29T09:55:15.155+07:00 DEBUG 39817 --- [           main] o.s.c.a.ClassPathBeanDefinitionScanner   : Identified candidate component class: file [/home/luffy/KAKNNEA/write-test-pos/backend-spring-boot/target/classes/com/kaknnea/pos/controller/PurchaseRfqController.class]
2026-07-29T09:55:15.155+07:00 DEBUG 39817 --- [           main] o.s.c.a.ClassPathBeanDefinitionScanner   : Identified candidate component class: file [/home/luffy/KAKNNEA/write-test-pos/backend-spring-boot/target/classes/com/kaknnea/pos/controller/PurchasingInsightsController.class]
2026-07-29T09:55:15.156+07:00 DEBUG 39817 --- [           main] o.s.c.a.ClassPathBeanDefinitionScanner   : Identified candidate component class: file [/home/luffy/KAKNNEA/write-test-pos/backend-spring-boot/target/classes/com/kaknnea/pos/controller/RecurringInvoiceController.class]
2026-07-29T09:55:15.156+07:00 DEBUG 39817 --- [           main] o.s.c.a.ClassPathBeanDefinitionScanner   : Identified candidate component class: file [/home/luffy/KAKNNEA/write-test-pos/backend-spring-boot/target/classes/com/kaknnea/pos/controller/ReportController.class]
2026-07-29T09:55:15.157+07:00 DEBUG 39817 --- [           main] o.s.c.a.ClassPathBeanDefinitionScanner   : Identified candidate component class: file [/home/luffy/KAKNNEA/write-test-pos/backend-spring-boot/target/classes/com/kaknnea/pos/controller/RoleController.class]
2026-07-29T09:55:15.158+07:00 DEBUG 39817 --- [           main] o.s.c.a.ClassPathBeanDefinitionScanner   : Identified candidate component class: file [/home/luffy/KAKNNEA/write-test-pos/backend-spring-boot/target/classes/com/kaknnea/pos/controller/SaleController.class]
2026-07-29T09:55:15.159+07:00 DEBUG 39817 --- [           main] o.s.c.a.ClassPathBeanDefinitionScanner   : Identified candidate component class: file [/home/luffy/KAKNNEA/write-test-pos/backend-spring-boot/target/classes/com/kaknnea/pos/controller/SettingsController.class]
2026-07-29T09:55:15.159+07:00 DEBUG 39817 --- [           main] o.s.c.a.ClassPathBeanDefinitionScanner   : Identified candidate component class: file [/home/luffy/KAKNNEA/write-test-pos/backend-spring-boot/target/classes/com/kaknnea/pos/controller/ShiftController.class]
2026-07-29T09:55:15.160+07:00 DEBUG 39817 --- [           main] o.s.c.a.ClassPathBeanDefinitionScanner   : Identified candidate component class: file [/home/luffy/KAKNNEA/write-test-pos/backend-spring-boot/target/classes/com/kaknnea/pos/controller/StockTransferController.class]
2026-07-29T09:55:15.160+07:00 DEBUG 39817 --- [           main] o.s.c.a.ClassPathBeanDefinitionScanner   : Identified candidate component class: file [/home/luffy/KAKNNEA/write-test-pos/backend-spring-boot/target/classes/com/kaknnea/pos/controller/StoreController.class]
2026-07-29T09:55:15.160+07:00 DEBUG 39817 --- [           main] o.s.c.a.ClassPathBeanDefinitionScanner   : Identified candidate component class: file [/home/luffy/KAKNNEA/write-test-pos/backend-spring-boot/target/classes/com/kaknnea/pos/controller/SupplierCatalogController.class]
2026-07-29T09:55:15.160+07:00 DEBUG 39817 --- [           main] o.s.c.a.ClassPathBeanDefinitionScanner   : Identified candidate component class: file [/home/luffy/KAKNNEA/write-test-pos/backend-spring-boot/target/classes/com/kaknnea/pos/controller/SupplierController.class]
2026-07-29T09:55:15.161+07:00 DEBUG 39817 --- [           main] o.s.c.a.ClassPathBeanDefinitionScanner   : Identified candidate component class: file [/home/luffy/KAKNNEA/write-test-pos/backend-spring-boot/target/classes/com/kaknnea/pos/controller/SupplierInvoiceController.class]
2026-07-29T09:55:15.161+07:00 DEBUG 39817 --- [           main] o.s.c.a.ClassPathBeanDefinitionScanner   : Identified candidate component class: file [/home/luffy/KAKNNEA/write-test-pos/backend-spring-boot/target/classes/com/kaknnea/pos/controller/SupplierPaymentController.class]
2026-07-29T09:55:15.162+07:00 DEBUG 39817 --- [           main] o.s.c.a.ClassPathBeanDefinitionScanner   : Identified candidate component class: file [/home/luffy/KAKNNEA/write-test-pos/backend-spring-boot/target/classes/com/kaknnea/pos/controller/TableController.class]
2026-07-29T09:55:15.162+07:00 DEBUG 39817 --- [           main] o.s.c.a.ClassPathBeanDefinitionScanner   : Identified candidate component class: file [/home/luffy/KAKNNEA/write-test-pos/backend-spring-boot/target/classes/com/kaknnea/pos/controller/UnitController.class]
2026-07-29T09:55:15.163+07:00 DEBUG 39817 --- [           main] o.s.c.a.ClassPathBeanDefinitionScanner   : Identified candidate component class: file [/home/luffy/KAKNNEA/write-test-pos/backend-spring-boot/target/classes/com/kaknnea/pos/controller/UserController.class]
2026-07-29T09:55:15.217+07:00 DEBUG 39817 --- [           main] o.s.c.a.ClassPathBeanDefinitionScanner   : Identified candidate component class: file [/home/luffy/KAKNNEA/write-test-pos/backend-spring-boot/target/classes/com/kaknnea/pos/exception/GlobalExceptionHandler.class]
2026-07-29T09:55:15.217+07:00 DEBUG 39817 --- [           main] o.s.c.a.ClassPathBeanDefinitionScanner   : Identified candidate component class: file [/home/luffy/KAKNNEA/write-test-pos/backend-spring-boot/target/classes/com/kaknnea/pos/mapper/CategoryMapperImpl.class]
2026-07-29T09:55:15.217+07:00 DEBUG 39817 --- [           main] o.s.c.a.ClassPathBeanDefinitionScanner   : Identified candidate component class: file [/home/luffy/KAKNNEA/write-test-pos/backend-spring-boot/target/classes/com/kaknnea/pos/mapper/CustomerMapperImpl.class]
2026-07-29T09:55:15.218+07:00 DEBUG 39817 --- [           main] o.s.c.a.ClassPathBeanDefinitionScanner   : Identified candidate component class: file [/home/luffy/KAKNNEA/write-test-pos/backend-spring-boot/target/classes/com/kaknnea/pos/mapper/ModifierMapperImpl.class]
2026-07-29T09:55:15.218+07:00 DEBUG 39817 --- [           main] o.s.c.a.ClassPathBeanDefinitionScanner   : Identified candidate component class: file [/home/luffy/KAKNNEA/write-test-pos/backend-spring-boot/target/classes/com/kaknnea/pos/mapper/ProductMapperImpl.class]
2026-07-29T09:55:15.218+07:00 DEBUG 39817 --- [           main] o.s.c.a.ClassPathBeanDefinitionScanner   : Identified candidate component class: file [/home/luffy/KAKNNEA/write-test-pos/backend-spring-boot/target/classes/com/kaknnea/pos/mapper/SettingsMapperImpl.class]
2026-07-29T09:55:15.219+07:00 DEBUG 39817 --- [           main] o.s.c.a.ClassPathBeanDefinitionScanner   : Ignored because not a concrete top-level class: file [/home/luffy/KAKNNEA/write-test-pos/backend-spring-boot/target/classes/com/kaknnea/pos/repository/CartItemRepository.class]
2026-07-29T09:55:15.219+07:00 DEBUG 39817 --- [           main] o.s.c.a.ClassPathBeanDefinitionScanner   : Ignored because not a concrete top-level class: file [/home/luffy/KAKNNEA/write-test-pos/backend-spring-boot/target/classes/com/kaknnea/pos/repository/CartRepository.class]
2026-07-29T09:55:15.220+07:00 DEBUG 39817 --- [           main] o.s.c.a.ClassPathBeanDefinitionScanner   : Ignored because not a concrete top-level class: file [/home/luffy/KAKNNEA/write-test-pos/backend-spring-boot/target/classes/com/kaknnea/pos/repository/DeliveryNoteLineRepository.class]
2026-07-29T09:55:15.220+07:00 DEBUG 39817 --- [           main] o.s.c.a.ClassPathBeanDefinitionScanner   : Ignored because not a concrete top-level class: file [/home/luffy/KAKNNEA/write-test-pos/backend-spring-boot/target/classes/com/kaknnea/pos/repository/EodSnapshotRepository.class]
2026-07-29T09:55:15.220+07:00 DEBUG 39817 --- [           main] o.s.c.a.ClassPathBeanDefinitionScanner   : Ignored because not a concrete top-level class: file [/home/luffy/KAKNNEA/write-test-pos/backend-spring-boot/target/classes/com/kaknnea/pos/repository/PaymentRepository.class]
2026-07-29T09:55:15.222+07:00 DEBUG 39817 --- [           main] o.s.c.a.ClassPathBeanDefinitionScanner   : Ignored because not a concrete top-level class: file [/home/luffy/KAKNNEA/write-test-pos/backend-spring-boot/target/classes/com/kaknnea/pos/repository/TransactionRepository.class]
2026-07-29T09:55:15.222+07:00 DEBUG 39817 --- [           main] o.s.c.a.ClassPathBeanDefinitionScanner   : Identified candidate component class: file [/home/luffy/KAKNNEA/write-test-pos/backend-spring-boot/target/classes/com/kaknnea/pos/security/JwtAuthFilter.class]
2026-07-29T09:55:15.223+07:00 DEBUG 39817 --- [           main] o.s.c.a.ClassPathBeanDefinitionScanner   : Identified candidate component class: file [/home/luffy/KAKNNEA/write-test-pos/backend-spring-boot/target/classes/com/kaknnea/pos/security/JwtUtil.class]
2026-07-29T09:55:15.224+07:00 DEBUG 39817 --- [           main] o.s.c.a.ClassPathBeanDefinitionScanner   : Identified candidate component class: file [/home/luffy/KAKNNEA/write-test-pos/backend-spring-boot/target/classes/com/kaknnea/pos/security/SecurityConfig.class]
2026-07-29T09:55:15.225+07:00 DEBUG 39817 --- [           main] o.s.c.a.ClassPathBeanDefinitionScanner   : Identified candidate component class: file [/home/luffy/KAKNNEA/write-test-pos/backend-spring-boot/target/classes/com/kaknnea/pos/service/AuditService.class]
2026-07-29T09:55:15.225+07:00 DEBUG 39817 --- [           main] o.s.c.a.ClassPathBeanDefinitionScanner   : Identified candidate component class: file [/home/luffy/KAKNNEA/write-test-pos/backend-spring-boot/target/classes/com/kaknnea/pos/service/AuthService.class]
2026-07-29T09:55:15.225+07:00 DEBUG 39817 --- [           main] o.s.c.a.ClassPathBeanDefinitionScanner   : Identified candidate component class: file [/home/luffy/KAKNNEA/write-test-pos/backend-spring-boot/target/classes/com/kaknnea/pos/service/CartService.class]
2026-07-29T09:55:15.225+07:00 DEBUG 39817 --- [           main] o.s.c.a.ClassPathBeanDefinitionScanner   : Identified candidate component class: file [/home/luffy/KAKNNEA/write-test-pos/backend-spring-boot/target/classes/com/kaknnea/pos/service/CashEventService.class]
2026-07-29T09:55:15.225+07:00 DEBUG 39817 --- [           main] o.s.c.a.ClassPathBeanDefinitionScanner   : Identified candidate component class: file [/home/luffy/KAKNNEA/write-test-pos/backend-spring-boot/target/classes/com/kaknnea/pos/service/CategoryService.class]
2026-07-29T09:55:15.226+07:00 DEBUG 39817 --- [           main] o.s.c.a.ClassPathBeanDefinitionScanner   : Identified candidate component class: file [/home/luffy/KAKNNEA/write-test-pos/backend-spring-boot/target/classes/com/kaknnea/pos/service/CreditCollectionService.class]
2026-07-29T09:55:15.226+07:00 DEBUG 39817 --- [           main] o.s.c.a.ClassPathBeanDefinitionScanner   : Identified candidate component class: file [/home/luffy/KAKNNEA/write-test-pos/backend-spring-boot/target/classes/com/kaknnea/pos/service/CustomerService.class]
2026-07-29T09:55:15.226+07:00 DEBUG 39817 --- [           main] o.s.c.a.ClassPathBeanDefinitionScanner   : Identified candidate component class: file [/home/luffy/KAKNNEA/write-test-pos/backend-spring-boot/target/classes/com/kaknnea/pos/service/DeliveryNoteService.class]
2026-07-29T09:55:15.227+07:00 DEBUG 39817 --- [           main] o.s.c.a.ClassPathBeanDefinitionScanner   : Identified candidate component class: file [/home/luffy/KAKNNEA/write-test-pos/backend-spring-boot/target/classes/com/kaknnea/pos/service/EmailService.class]
2026-07-29T09:55:15.227+07:00 DEBUG 39817 --- [           main] o.s.c.a.ClassPathBeanDefinitionScanner   : Identified candidate component class: file [/home/luffy/KAKNNEA/write-test-pos/backend-spring-boot/target/classes/com/kaknnea/pos/service/EmployeeService.class]
2026-07-29T09:55:15.227+07:00 DEBUG 39817 --- [           main] o.s.c.a.ClassPathBeanDefinitionScanner   : Identified candidate component class: file [/home/luffy/KAKNNEA/write-test-pos/backend-spring-boot/target/classes/com/kaknnea/pos/service/ExpenseService.class]
2026-07-29T09:55:15.228+07:00 DEBUG 39817 --- [           main] o.s.c.a.ClassPathBeanDefinitionScanner   : Identified candidate component class: file [/home/luffy/KAKNNEA/write-test-pos/backend-spring-boot/target/classes/com/kaknnea/pos/service/FinanceService.class]
2026-07-29T09:55:15.229+07:00 DEBUG 39817 --- [           main] o.s.c.a.ClassPathBeanDefinitionScanner   : Identified candidate component class: file [/home/luffy/KAKNNEA/write-test-pos/backend-spring-boot/target/classes/com/kaknnea/pos/service/HeldTicketService.class]
2026-07-29T09:55:15.229+07:00 DEBUG 39817 --- [           main] o.s.c.a.ClassPathBeanDefinitionScanner   : Identified candidate component class: file [/home/luffy/KAKNNEA/write-test-pos/backend-spring-boot/target/classes/com/kaknnea/pos/service/InventoryService.class]
2026-07-29T09:55:15.230+07:00 DEBUG 39817 --- [           main] o.s.c.a.ClassPathBeanDefinitionScanner   : Identified candidate component class: file [/home/luffy/KAKNNEA/write-test-pos/backend-spring-boot/target/classes/com/kaknnea/pos/service/InventorySnapshotService.class]
2026-07-29T09:55:15.230+07:00 DEBUG 39817 --- [           main] o.s.c.a.ClassPathBeanDefinitionScanner   : Identified candidate component class: file [/home/luffy/KAKNNEA/write-test-pos/backend-spring-boot/target/classes/com/kaknnea/pos/service/MediaStorageService.class]
2026-07-29T09:55:15.230+07:00 DEBUG 39817 --- [           main] o.s.c.a.ClassPathBeanDefinitionScanner   : Identified candidate component class: file [/home/luffy/KAKNNEA/write-test-pos/backend-spring-boot/target/classes/com/kaknnea/pos/service/ModifierService.class]
2026-07-29T09:55:15.230+07:00 DEBUG 39817 --- [           main] o.s.c.a.ClassPathBeanDefinitionScanner   : Identified candidate component class: file [/home/luffy/KAKNNEA/write-test-pos/backend-spring-boot/target/classes/com/kaknnea/pos/service/OtherIncomeService.class]
2026-07-29T09:55:15.230+07:00 DEBUG 39817 --- [           main] o.s.c.a.ClassPathBeanDefinitionScanner   : Identified candidate component class: file [/home/luffy/KAKNNEA/write-test-pos/backend-spring-boot/target/classes/com/kaknnea/pos/service/PaymentService.class]
2026-07-29T09:55:15.230+07:00 DEBUG 39817 --- [           main] o.s.c.a.ClassPathBeanDefinitionScanner   : Identified candidate component class: file [/home/luffy/KAKNNEA/write-test-pos/backend-spring-boot/target/classes/com/kaknnea/pos/service/PdfService.class]
2026-07-29T09:55:15.231+07:00 DEBUG 39817 --- [           main] o.s.c.a.ClassPathBeanDefinitionScanner   : Identified candidate component class: file [/home/luffy/KAKNNEA/write-test-pos/backend-spring-boot/target/classes/com/kaknnea/pos/service/PriceListService.class]
2026-07-29T09:55:15.231+07:00 DEBUG 39817 --- [           main] o.s.c.a.ClassPathBeanDefinitionScanner   : Identified candidate component class: file [/home/luffy/KAKNNEA/write-test-pos/backend-spring-boot/target/classes/com/kaknnea/pos/service/ProductConversionService.class]
2026-07-29T09:55:15.231+07:00 DEBUG 39817 --- [           main] o.s.c.a.ClassPathBeanDefinitionScanner   : Identified candidate component class: file [/home/luffy/KAKNNEA/write-test-pos/backend-spring-boot/target/classes/com/kaknnea/pos/service/ProductImportService.class]
2026-07-29T09:55:15.232+07:00 DEBUG 39817 --- [           main] o.s.c.a.ClassPathBeanDefinitionScanner   : Identified candidate component class: file [/home/luffy/KAKNNEA/write-test-pos/backend-spring-boot/target/classes/com/kaknnea/pos/service/ProductService.class]
2026-07-29T09:55:15.232+07:00 DEBUG 39817 --- [           main] o.s.c.a.ClassPathBeanDefinitionScanner   : Identified candidate component class: file [/home/luffy/KAKNNEA/write-test-pos/backend-spring-boot/target/classes/com/kaknnea/pos/service/ProductionService.class]
2026-07-29T09:55:15.232+07:00 DEBUG 39817 --- [           main] o.s.c.a.ClassPathBeanDefinitionScanner   : Identified candidate component class: file [/home/luffy/KAKNNEA/write-test-pos/backend-spring-boot/target/classes/com/kaknnea/pos/service/PurchaseActivityService.class]
2026-07-29T09:55:15.232+07:00 DEBUG 39817 --- [           main] o.s.c.a.ClassPathBeanDefinitionScanner   : Identified candidate component class: file [/home/luffy/KAKNNEA/write-test-pos/backend-spring-boot/target/classes/com/kaknnea/pos/service/PurchaseAttachmentService.class]
2026-07-29T09:55:15.232+07:00 DEBUG 39817 --- [           main] o.s.c.a.ClassPathBeanDefinitionScanner   : Identified candidate component class: file [/home/luffy/KAKNNEA/write-test-pos/backend-spring-boot/target/classes/com/kaknnea/pos/service/PurchaseService.class]
2026-07-29T09:55:15.233+07:00 DEBUG 39817 --- [           main] o.s.c.a.ClassPathBeanDefinitionScanner   : Identified candidate component class: file [/home/luffy/KAKNNEA/write-test-pos/backend-spring-boot/target/classes/com/kaknnea/pos/service/PurchasingWorkflowService.class]
2026-07-29T09:55:15.234+07:00 DEBUG 39817 --- [           main] o.s.c.a.ClassPathBeanDefinitionScanner   : Identified candidate component class: file [/home/luffy/KAKNNEA/write-test-pos/backend-spring-boot/target/classes/com/kaknnea/pos/service/RecurringInvoiceService.class]
2026-07-29T09:55:15.236+07:00 DEBUG 39817 --- [           main] o.s.c.a.ClassPathBeanDefinitionScanner   : Identified candidate component class: file [/home/luffy/KAKNNEA/write-test-pos/backend-spring-boot/target/classes/com/kaknnea/pos/service/ReportService.class]
2026-07-29T09:55:15.237+07:00 DEBUG 39817 --- [           main] o.s.c.a.ClassPathBeanDefinitionScanner   : Identified candidate component class: file [/home/luffy/KAKNNEA/write-test-pos/backend-spring-boot/target/classes/com/kaknnea/pos/service/SaleService.class]
2026-07-29T09:55:15.237+07:00 DEBUG 39817 --- [           main] o.s.c.a.ClassPathBeanDefinitionScanner   : Identified candidate component class: file [/home/luffy/KAKNNEA/write-test-pos/backend-spring-boot/target/classes/com/kaknnea/pos/service/SettingsService.class]
2026-07-29T09:55:15.238+07:00 DEBUG 39817 --- [           main] o.s.c.a.ClassPathBeanDefinitionScanner   : Identified candidate component class: file [/home/luffy/KAKNNEA/write-test-pos/backend-spring-boot/target/classes/com/kaknnea/pos/service/ShiftService.class]
2026-07-29T09:55:15.238+07:00 DEBUG 39817 --- [           main] o.s.c.a.ClassPathBeanDefinitionScanner   : Identified candidate component class: file [/home/luffy/KAKNNEA/write-test-pos/backend-spring-boot/target/classes/com/kaknnea/pos/service/StockTransferService.class]
2026-07-29T09:55:15.238+07:00 DEBUG 39817 --- [           main] o.s.c.a.ClassPathBeanDefinitionScanner   : Identified candidate component class: file [/home/luffy/KAKNNEA/write-test-pos/backend-spring-boot/target/classes/com/kaknnea/pos/service/StoreService.class]
2026-07-29T09:55:15.238+07:00 DEBUG 39817 --- [           main] o.s.c.a.ClassPathBeanDefinitionScanner   : Identified candidate component class: file [/home/luffy/KAKNNEA/write-test-pos/backend-spring-boot/target/classes/com/kaknnea/pos/service/SupplierCatalogService.class]
2026-07-29T09:55:15.238+07:00 DEBUG 39817 --- [           main] o.s.c.a.ClassPathBeanDefinitionScanner   : Identified candidate component class: file [/home/luffy/KAKNNEA/write-test-pos/backend-spring-boot/target/classes/com/kaknnea/pos/service/SupplierService.class]
2026-07-29T09:55:15.238+07:00 DEBUG 39817 --- [           main] o.s.c.a.ClassPathBeanDefinitionScanner   : Identified candidate component class: file [/home/luffy/KAKNNEA/write-test-pos/backend-spring-boot/target/classes/com/kaknnea/pos/service/TableService.class]
2026-07-29T09:55:15.238+07:00 DEBUG 39817 --- [           main] o.s.c.a.ClassPathBeanDefinitionScanner   : Identified candidate component class: file [/home/luffy/KAKNNEA/write-test-pos/backend-spring-boot/target/classes/com/kaknnea/pos/service/UnitService.class]
2026-07-29T09:55:15.238+07:00 DEBUG 39817 --- [           main] o.s.c.a.ClassPathBeanDefinitionScanner   : Identified candidate component class: file [/home/luffy/KAKNNEA/write-test-pos/backend-spring-boot/target/classes/com/kaknnea/pos/service/UserService.class]
2026-07-29T09:55:15.239+07:00 DEBUG 39817 --- [           main] o.s.c.a.ClassPathBeanDefinitionScanner   : Identified candidate component class: file [/home/luffy/KAKNNEA/write-test-pos/backend-spring-boot/target/classes/com/kaknnea/pos/websocket/ScannerRelayWebSocketHandler.class]
2026-07-29T09:55:15.576+07:00 DEBUG 39817 --- [           main] ySourcesPropertyResolver$DefaultResolver : Found key 'TEST_DB_HOST' in PropertySource 'systemEnvironment' with value of type String
2026-07-29T09:55:15.576+07:00 DEBUG 39817 --- [           main] ySourcesPropertyResolver$DefaultResolver : Found key 'TEST_DB_PORT' in PropertySource 'systemEnvironment' with value of type String
2026-07-29T09:55:16.085+07:00  INFO 39817 --- [           main] .s.d.r.c.RepositoryConfigurationDelegate : Bootstrapping Spring Data JPA repositories in DEFAULT mode.
2026-07-29T09:55:16.089+07:00 DEBUG 39817 --- [           main] o.s.b.f.s.DefaultListableBeanFactory     : Creating shared instance of singleton bean 'org.springframework.boot.autoconfigure.AutoConfigurationPackages'
2026-07-29T09:55:16.094+07:00 DEBUG 39817 --- [           main] o.s.b.a.AutoConfigurationPackages        : @EnableAutoConfiguration was declared on a class in the package 'com.kaknnea.pos'. Automatic @Repository and @Entity scanning is enabled.
2026-07-29T09:55:16.095+07:00 DEBUG 39817 --- [           main] .s.d.r.c.RepositoryConfigurationDelegate : Scanning for JPA repositories in packages com.kaknnea.pos.
2026-07-29T09:55:16.111+07:00 DEBUG 39817 --- [           main] o.s.d.r.c.RepositoryComponentProvider    : Identified candidate component class: file [/home/luffy/KAKNNEA/write-test-pos/backend-spring-boot/target/classes/com/kaknnea/pos/repository/AuditLogRepository.class]
2026-07-29T09:55:16.111+07:00 DEBUG 39817 --- [           main] o.s.d.r.c.RepositoryComponentProvider    : Identified candidate component class: file [/home/luffy/KAKNNEA/write-test-pos/backend-spring-boot/target/classes/com/kaknnea/pos/repository/BusinessSettingsRepository.class]
2026-07-29T09:55:16.111+07:00 DEBUG 39817 --- [           main] o.s.d.r.c.RepositoryComponentProvider    : Identified candidate component class: file [/home/luffy/KAKNNEA/write-test-pos/backend-spring-boot/target/classes/com/kaknnea/pos/repository/CartItemRepository.class]
2026-07-29T09:55:16.111+07:00 DEBUG 39817 --- [           main] o.s.d.r.c.RepositoryComponentProvider    : Identified candidate component class: file [/home/luffy/KAKNNEA/write-test-pos/backend-spring-boot/target/classes/com/kaknnea/pos/repository/CartRepository.class]
2026-07-29T09:55:16.111+07:00 DEBUG 39817 --- [           main] o.s.d.r.c.RepositoryComponentProvider    : Identified candidate component class: file [/home/luffy/KAKNNEA/write-test-pos/backend-spring-boot/target/classes/com/kaknnea/pos/repository/CashEventRepository.class]
2026-07-29T09:55:16.111+07:00 DEBUG 39817 --- [           main] o.s.d.r.c.RepositoryComponentProvider    : Identified candidate component class: file [/home/luffy/KAKNNEA/write-test-pos/backend-spring-boot/target/classes/com/kaknnea/pos/repository/CategoryRepository.class]
2026-07-29T09:55:16.111+07:00 DEBUG 39817 --- [           main] o.s.d.r.c.RepositoryComponentProvider    : Identified candidate component class: file [/home/luffy/KAKNNEA/write-test-pos/backend-spring-boot/target/classes/com/kaknnea/pos/repository/CurrencySettingRepository.class]
2026-07-29T09:55:16.112+07:00 DEBUG 39817 --- [           main] o.s.d.r.c.RepositoryComponentProvider    : Identified candidate component class: file [/home/luffy/KAKNNEA/write-test-pos/backend-spring-boot/target/classes/com/kaknnea/pos/repository/CustomerAdjustmentRepository.class]
2026-07-29T09:55:16.112+07:00 DEBUG 39817 --- [           main] o.s.d.r.c.RepositoryComponentProvider    : Identified candidate component class: file [/home/luffy/KAKNNEA/write-test-pos/backend-spring-boot/target/classes/com/kaknnea/pos/repository/CustomerCreditAccountRepository.class]
2026-07-29T09:55:16.112+07:00 DEBUG 39817 --- [           main] o.s.d.r.c.RepositoryComponentProvider    : Identified candidate component class: file [/home/luffy/KAKNNEA/write-test-pos/backend-spring-boot/target/classes/com/kaknnea/pos/repository/CustomerCreditAllocationRepository.class]
2026-07-29T09:55:16.112+07:00 DEBUG 39817 --- [           main] o.s.d.r.c.RepositoryComponentProvider    : Identified candidate component class: file [/home/luffy/KAKNNEA/write-test-pos/backend-spring-boot/target/classes/com/kaknnea/pos/repository/CustomerCreditOpeningBalanceRepository.class]
2026-07-29T09:55:16.112+07:00 DEBUG 39817 --- [           main] o.s.d.r.c.RepositoryComponentProvider    : Identified candidate component class: file [/home/luffy/KAKNNEA/write-test-pos/backend-spring-boot/target/classes/com/kaknnea/pos/repository/CustomerRepository.class]
2026-07-29T09:55:16.112+07:00 DEBUG 39817 --- [           main] o.s.d.r.c.RepositoryComponentProvider    : Identified candidate component class: file [/home/luffy/KAKNNEA/write-test-pos/backend-spring-boot/target/classes/com/kaknnea/pos/repository/DeliveryNoteLineRepository.class]
2026-07-29T09:55:16.112+07:00 DEBUG 39817 --- [           main] o.s.d.r.c.RepositoryComponentProvider    : Identified candidate component class: file [/home/luffy/KAKNNEA/write-test-pos/backend-spring-boot/target/classes/com/kaknnea/pos/repository/DeliveryNoteRepository.class]
2026-07-29T09:55:16.112+07:00 DEBUG 39817 --- [           main] o.s.d.r.c.RepositoryComponentProvider    : Identified candidate component class: file [/home/luffy/KAKNNEA/write-test-pos/backend-spring-boot/target/classes/com/kaknnea/pos/repository/DeviceRepository.class]
2026-07-29T09:55:16.112+07:00 DEBUG 39817 --- [           main] o.s.d.r.c.RepositoryComponentProvider    : Identified candidate component class: file [/home/luffy/KAKNNEA/write-test-pos/backend-spring-boot/target/classes/com/kaknnea/pos/repository/EmployeeAdvancePaymentRepository.class]
2026-07-29T09:55:16.112+07:00 DEBUG 39817 --- [           main] o.s.d.r.c.RepositoryComponentProvider    : Identified candidate component class: file [/home/luffy/KAKNNEA/write-test-pos/backend-spring-boot/target/classes/com/kaknnea/pos/repository/EmployeeAdvanceRepository.class]
2026-07-29T09:55:16.112+07:00 DEBUG 39817 --- [           main] o.s.d.r.c.RepositoryComponentProvider    : Identified candidate component class: file [/home/luffy/KAKNNEA/write-test-pos/backend-spring-boot/target/classes/com/kaknnea/pos/repository/EmployeeExpenseRepository.class]
2026-07-29T09:55:16.112+07:00 DEBUG 39817 --- [           main] o.s.d.r.c.RepositoryComponentProvider    : Identified candidate component class: file [/home/luffy/KAKNNEA/write-test-pos/backend-spring-boot/target/classes/com/kaknnea/pos/repository/EmployeeRepository.class]
2026-07-29T09:55:16.112+07:00 DEBUG 39817 --- [           main] o.s.d.r.c.RepositoryComponentProvider    : Identified candidate component class: file [/home/luffy/KAKNNEA/write-test-pos/backend-spring-boot/target/classes/com/kaknnea/pos/repository/EodSnapshotRepository.class]
2026-07-29T09:55:16.113+07:00 DEBUG 39817 --- [           main] o.s.d.r.c.RepositoryComponentProvider    : Identified candidate component class: file [/home/luffy/KAKNNEA/write-test-pos/backend-spring-boot/target/classes/com/kaknnea/pos/repository/ExpenseCategoryRepository.class]
2026-07-29T09:55:16.113+07:00 DEBUG 39817 --- [           main] o.s.d.r.c.RepositoryComponentProvider    : Identified candidate component class: file [/home/luffy/KAKNNEA/write-test-pos/backend-spring-boot/target/classes/com/kaknnea/pos/repository/ExpenseRepository.class]
2026-07-29T09:55:16.113+07:00 DEBUG 39817 --- [           main] o.s.d.r.c.RepositoryComponentProvider    : Identified candidate component class: file [/home/luffy/KAKNNEA/write-test-pos/backend-spring-boot/target/classes/com/kaknnea/pos/repository/GoodsReceiptRepository.class]
2026-07-29T09:55:16.113+07:00 DEBUG 39817 --- [           main] o.s.d.r.c.RepositoryComponentProvider    : Identified candidate component class: file [/home/luffy/KAKNNEA/write-test-pos/backend-spring-boot/target/classes/com/kaknnea/pos/repository/InventorySnapshotRepository.class]
2026-07-29T09:55:16.113+07:00 DEBUG 39817 --- [           main] o.s.d.r.c.RepositoryComponentProvider    : Identified candidate component class: file [/home/luffy/KAKNNEA/write-test-pos/backend-spring-boot/target/classes/com/kaknnea/pos/repository/InvoiceSettingsRepository.class]
2026-07-29T09:55:16.113+07:00 DEBUG 39817 --- [           main] o.s.d.r.c.RepositoryComponentProvider    : Identified candidate component class: file [/home/luffy/KAKNNEA/write-test-pos/backend-spring-boot/target/classes/com/kaknnea/pos/repository/LoginAuditRepository.class]
2026-07-29T09:55:16.113+07:00 DEBUG 39817 --- [           main] o.s.d.r.c.RepositoryComponentProvider    : Identified candidate component class: file [/home/luffy/KAKNNEA/write-test-pos/backend-spring-boot/target/classes/com/kaknnea/pos/repository/ModifierGroupRepository.class]
2026-07-29T09:55:16.113+07:00 DEBUG 39817 --- [           main] o.s.d.r.c.RepositoryComponentProvider    : Identified candidate component class: file [/home/luffy/KAKNNEA/write-test-pos/backend-spring-boot/target/classes/com/kaknnea/pos/repository/ModifierOptionRepository.class]
2026-07-29T09:55:16.113+07:00 DEBUG 39817 --- [           main] o.s.d.r.c.RepositoryComponentProvider    : Identified candidate component class: file [/home/luffy/KAKNNEA/write-test-pos/backend-spring-boot/target/classes/com/kaknnea/pos/repository/OtherIncomeCategoryRepository.class]
2026-07-29T09:55:16.113+07:00 DEBUG 39817 --- [           main] o.s.d.r.c.RepositoryComponentProvider    : Identified candidate component class: file [/home/luffy/KAKNNEA/write-test-pos/backend-spring-boot/target/classes/com/kaknnea/pos/repository/OtherIncomeRepository.class]
2026-07-29T09:55:16.113+07:00 DEBUG 39817 --- [           main] o.s.d.r.c.RepositoryComponentProvider    : Identified candidate component class: file [/home/luffy/KAKNNEA/write-test-pos/backend-spring-boot/target/classes/com/kaknnea/pos/repository/PasswordResetTokenRepository.class]
2026-07-29T09:55:16.113+07:00 DEBUG 39817 --- [           main] o.s.d.r.c.RepositoryComponentProvider    : Identified candidate component class: file [/home/luffy/KAKNNEA/write-test-pos/backend-spring-boot/target/classes/com/kaknnea/pos/repository/PaymentMethodRepository.class]
2026-07-29T09:55:16.113+07:00 DEBUG 39817 --- [           main] o.s.d.r.c.RepositoryComponentProvider    : Identified candidate component class: file [/home/luffy/KAKNNEA/write-test-pos/backend-spring-boot/target/classes/com/kaknnea/pos/repository/PaymentRepository.class]
2026-07-29T09:55:16.113+07:00 DEBUG 39817 --- [           main] o.s.d.r.c.RepositoryComponentProvider    : Identified candidate component class: file [/home/luffy/KAKNNEA/write-test-pos/backend-spring-boot/target/classes/com/kaknnea/pos/repository/PayrollLineRepository.class]
2026-07-29T09:55:16.113+07:00 DEBUG 39817 --- [           main] o.s.d.r.c.RepositoryComponentProvider    : Identified candidate component class: file [/home/luffy/KAKNNEA/write-test-pos/backend-spring-boot/target/classes/com/kaknnea/pos/repository/PayrollRunRepository.class]
2026-07-29T09:55:16.113+07:00 DEBUG 39817 --- [           main] o.s.d.r.c.RepositoryComponentProvider    : Identified candidate component class: file [/home/luffy/KAKNNEA/write-test-pos/backend-spring-boot/target/classes/com/kaknnea/pos/repository/PermissionRepository.class]
2026-07-29T09:55:16.113+07:00 DEBUG 39817 --- [           main] o.s.d.r.c.RepositoryComponentProvider    : Identified candidate component class: file [/home/luffy/KAKNNEA/write-test-pos/backend-spring-boot/target/classes/com/kaknnea/pos/repository/PredefinedTicketRepository.class]
2026-07-29T09:55:16.113+07:00 DEBUG 39817 --- [           main] o.s.d.r.c.RepositoryComponentProvider    : Identified candidate component class: file [/home/luffy/KAKNNEA/write-test-pos/backend-spring-boot/target/classes/com/kaknnea/pos/repository/PriceListItemRepository.class]
2026-07-29T09:55:16.113+07:00 DEBUG 39817 --- [           main] o.s.d.r.c.RepositoryComponentProvider    : Identified candidate component class: file [/home/luffy/KAKNNEA/write-test-pos/backend-spring-boot/target/classes/com/kaknnea/pos/repository/PriceListRepository.class]
2026-07-29T09:55:16.113+07:00 DEBUG 39817 --- [           main] o.s.d.r.c.RepositoryComponentProvider    : Identified candidate component class: file [/home/luffy/KAKNNEA/write-test-pos/backend-spring-boot/target/classes/com/kaknnea/pos/repository/ProductBundleComponentRepository.class]
2026-07-29T09:55:16.114+07:00 DEBUG 39817 --- [           main] o.s.d.r.c.RepositoryComponentProvider    : Identified candidate component class: file [/home/luffy/KAKNNEA/write-test-pos/backend-spring-boot/target/classes/com/kaknnea/pos/repository/ProductImageRepository.class]
2026-07-29T09:55:16.114+07:00 DEBUG 39817 --- [           main] o.s.d.r.c.RepositoryComponentProvider    : Identified candidate component class: file [/home/luffy/KAKNNEA/write-test-pos/backend-spring-boot/target/classes/com/kaknnea/pos/repository/ProductRepository.class]
2026-07-29T09:55:16.114+07:00 DEBUG 39817 --- [           main] o.s.d.r.c.RepositoryComponentProvider    : Identified candidate component class: file [/home/luffy/KAKNNEA/write-test-pos/backend-spring-boot/target/classes/com/kaknnea/pos/repository/ProductUnitConversionRepository.class]
2026-07-29T09:55:16.114+07:00 DEBUG 39817 --- [           main] o.s.d.r.c.RepositoryComponentProvider    : Identified candidate component class: file [/home/luffy/KAKNNEA/write-test-pos/backend-spring-boot/target/classes/com/kaknnea/pos/repository/ProductionOrderRepository.class]
2026-07-29T09:55:16.114+07:00 DEBUG 39817 --- [           main] o.s.d.r.c.RepositoryComponentProvider    : Identified candidate component class: file [/home/luffy/KAKNNEA/write-test-pos/backend-spring-boot/target/classes/com/kaknnea/pos/repository/ProductionRecipeRepository.class]
2026-07-29T09:55:16.114+07:00 DEBUG 39817 --- [           main] o.s.d.r.c.RepositoryComponentProvider    : Identified candidate component class: file [/home/luffy/KAKNNEA/write-test-pos/backend-spring-boot/target/classes/com/kaknnea/pos/repository/PurchaseActivityRepository.class]
2026-07-29T09:55:16.114+07:00 DEBUG 39817 --- [           main] o.s.d.r.c.RepositoryComponentProvider    : Identified candidate component class: file [/home/luffy/KAKNNEA/write-test-pos/backend-spring-boot/target/classes/com/kaknnea/pos/repository/PurchaseAttachmentRepository.class]
2026-07-29T09:55:16.114+07:00 DEBUG 39817 --- [           main] o.s.d.r.c.RepositoryComponentProvider    : Identified candidate component class: file [/home/luffy/KAKNNEA/write-test-pos/backend-spring-boot/target/classes/com/kaknnea/pos/repository/PurchaseOrderRepository.class]
2026-07-29T09:55:16.114+07:00 DEBUG 39817 --- [           main] o.s.d.r.c.RepositoryComponentProvider    : Identified candidate component class: file [/home/luffy/KAKNNEA/write-test-pos/backend-spring-boot/target/classes/com/kaknnea/pos/repository/PurchaseRepository.class]
2026-07-29T09:55:16.114+07:00 DEBUG 39817 --- [           main] o.s.d.r.c.RepositoryComponentProvider    : Identified candidate component class: file [/home/luffy/KAKNNEA/write-test-pos/backend-spring-boot/target/classes/com/kaknnea/pos/repository/PurchaseReturnRepository.class]
2026-07-29T09:55:16.114+07:00 DEBUG 39817 --- [           main] o.s.d.r.c.RepositoryComponentProvider    : Identified candidate component class: file [/home/luffy/KAKNNEA/write-test-pos/backend-spring-boot/target/classes/com/kaknnea/pos/repository/PurchaseRfqRepository.class]
2026-07-29T09:55:16.114+07:00 DEBUG 39817 --- [           main] o.s.d.r.c.RepositoryComponentProvider    : Identified candidate component class: file [/home/luffy/KAKNNEA/write-test-pos/backend-spring-boot/target/classes/com/kaknnea/pos/repository/RecurringInvoiceTemplateRepository.class]
2026-07-29T09:55:16.114+07:00 DEBUG 39817 --- [           main] o.s.d.r.c.RepositoryComponentProvider    : Identified candidate component class: file [/home/luffy/KAKNNEA/write-test-pos/backend-spring-boot/target/classes/com/kaknnea/pos/repository/RoleRepository.class]
2026-07-29T09:55:16.114+07:00 DEBUG 39817 --- [           main] o.s.d.r.c.RepositoryComponentProvider    : Identified candidate component class: file [/home/luffy/KAKNNEA/write-test-pos/backend-spring-boot/target/classes/com/kaknnea/pos/repository/SaleDiscountRepository.class]
2026-07-29T09:55:16.114+07:00 DEBUG 39817 --- [           main] o.s.d.r.c.RepositoryComponentProvider    : Identified candidate component class: file [/home/luffy/KAKNNEA/write-test-pos/backend-spring-boot/target/classes/com/kaknnea/pos/repository/SaleRepository.class]
2026-07-29T09:55:16.114+07:00 DEBUG 39817 --- [           main] o.s.d.r.c.RepositoryComponentProvider    : Identified candidate component class: file [/home/luffy/KAKNNEA/write-test-pos/backend-spring-boot/target/classes/com/kaknnea/pos/repository/ShiftRepository.class]
2026-07-29T09:55:16.114+07:00 DEBUG 39817 --- [           main] o.s.d.r.c.RepositoryComponentProvider    : Identified candidate component class: file [/home/luffy/KAKNNEA/write-test-pos/backend-spring-boot/target/classes/com/kaknnea/pos/repository/StockItemRepository.class]
2026-07-29T09:55:16.114+07:00 DEBUG 39817 --- [           main] o.s.d.r.c.RepositoryComponentProvider    : Identified candidate component class: file [/home/luffy/KAKNNEA/write-test-pos/backend-spring-boot/target/classes/com/kaknnea/pos/repository/StockMovementRepository.class]
2026-07-29T09:55:16.114+07:00 DEBUG 39817 --- [           main] o.s.d.r.c.RepositoryComponentProvider    : Identified candidate component class: file [/home/luffy/KAKNNEA/write-test-pos/backend-spring-boot/target/classes/com/kaknnea/pos/repository/StockTransferRepository.class]
2026-07-29T09:55:16.114+07:00 DEBUG 39817 --- [           main] o.s.d.r.c.RepositoryComponentProvider    : Identified candidate component class: file [/home/luffy/KAKNNEA/write-test-pos/backend-spring-boot/target/classes/com/kaknnea/pos/repository/StoreRepository.class]
2026-07-29T09:55:16.114+07:00 DEBUG 39817 --- [           main] o.s.d.r.c.RepositoryComponentProvider    : Identified candidate component class: file [/home/luffy/KAKNNEA/write-test-pos/backend-spring-boot/target/classes/com/kaknnea/pos/repository/SupplierCatalogItemRepository.class]
2026-07-29T09:55:16.114+07:00 DEBUG 39817 --- [           main] o.s.d.r.c.RepositoryComponentProvider    : Identified candidate component class: file [/home/luffy/KAKNNEA/write-test-pos/backend-spring-boot/target/classes/com/kaknnea/pos/repository/SupplierInvoiceRepository.class]
2026-07-29T09:55:16.114+07:00 DEBUG 39817 --- [           main] o.s.d.r.c.RepositoryComponentProvider    : Identified candidate component class: file [/home/luffy/KAKNNEA/write-test-pos/backend-spring-boot/target/classes/com/kaknnea/pos/repository/SupplierPaymentRepository.class]
2026-07-29T09:55:16.114+07:00 DEBUG 39817 --- [           main] o.s.d.r.c.RepositoryComponentProvider    : Identified candidate component class: file [/home/luffy/KAKNNEA/write-test-pos/backend-spring-boot/target/classes/com/kaknnea/pos/repository/SupplierRepository.class]
2026-07-29T09:55:16.114+07:00 DEBUG 39817 --- [           main] o.s.d.r.c.RepositoryComponentProvider    : Identified candidate component class: file [/home/luffy/KAKNNEA/write-test-pos/backend-spring-boot/target/classes/com/kaknnea/pos/repository/SystemSettingRepository.class]
2026-07-29T09:55:16.114+07:00 DEBUG 39817 --- [           main] o.s.d.r.c.RepositoryComponentProvider    : Identified candidate component class: file [/home/luffy/KAKNNEA/write-test-pos/backend-spring-boot/target/classes/com/kaknnea/pos/repository/TableRepository.class]
2026-07-29T09:55:16.114+07:00 DEBUG 39817 --- [           main] o.s.d.r.c.RepositoryComponentProvider    : Identified candidate component class: file [/home/luffy/KAKNNEA/write-test-pos/backend-spring-boot/target/classes/com/kaknnea/pos/repository/TicketOperationLogRepository.class]
2026-07-29T09:55:16.115+07:00 DEBUG 39817 --- [           main] o.s.d.r.c.RepositoryComponentProvider    : Identified candidate component class: file [/home/luffy/KAKNNEA/write-test-pos/backend-spring-boot/target/classes/com/kaknnea/pos/repository/TransactionRepository.class]
2026-07-29T09:55:16.115+07:00 DEBUG 39817 --- [           main] o.s.d.r.c.RepositoryComponentProvider    : Identified candidate component class: file [/home/luffy/KAKNNEA/write-test-pos/backend-spring-boot/target/classes/com/kaknnea/pos/repository/UnitRepository.class]
2026-07-29T09:55:16.115+07:00 DEBUG 39817 --- [           main] o.s.d.r.c.RepositoryComponentProvider    : Identified candidate component class: file [/home/luffy/KAKNNEA/write-test-pos/backend-spring-boot/target/classes/com/kaknnea/pos/repository/UserRepository.class]
2026-07-29T09:55:16.164+07:00 DEBUG 39817 --- [           main] ssPathScanningCandidateComponentProvider : Identified candidate component class: file [/home/luffy/KAKNNEA/write-test-pos/backend-spring-boot/target/classes/com/kaknnea/pos/mapper/CategoryMapperImpl.class]
2026-07-29T09:55:16.164+07:00 DEBUG 39817 --- [           main] ssPathScanningCandidateComponentProvider : Identified candidate component class: file [/home/luffy/KAKNNEA/write-test-pos/backend-spring-boot/target/classes/com/kaknnea/pos/mapper/CustomerMapperImpl.class]
2026-07-29T09:55:16.164+07:00 DEBUG 39817 --- [           main] ssPathScanningCandidateComponentProvider : Identified candidate component class: file [/home/luffy/KAKNNEA/write-test-pos/backend-spring-boot/target/classes/com/kaknnea/pos/mapper/ModifierMapperImpl.class]
2026-07-29T09:55:16.164+07:00 DEBUG 39817 --- [           main] ssPathScanningCandidateComponentProvider : Identified candidate component class: file [/home/luffy/KAKNNEA/write-test-pos/backend-spring-boot/target/classes/com/kaknnea/pos/mapper/ProductMapperImpl.class]
2026-07-29T09:55:16.164+07:00 DEBUG 39817 --- [           main] ssPathScanningCandidateComponentProvider : Identified candidate component class: file [/home/luffy/KAKNNEA/write-test-pos/backend-spring-boot/target/classes/com/kaknnea/pos/mapper/SettingsMapperImpl.class]
2026-07-29T09:55:16.204+07:00  INFO 39817 --- [           main] .s.d.r.c.RepositoryConfigurationDelegate : Finished Spring Data repository scanning in 108 ms. Found 70 JPA repository interfaces.
2026-07-29T09:55:16.334+07:00 DEBUG 39817 --- [           main] o.s.b.f.s.DefaultListableBeanFactory     : Creating shared instance of singleton bean 'org.springframework.boot.test.context.ImportsContextCustomizer$ImportsCleanupPostProcessor'
2026-07-29T09:55:16.335+07:00 DEBUG 39817 --- [           main] o.s.b.f.s.DefaultListableBeanFactory     : Creating shared instance of singleton bean 'springSecurityHandlerMappingIntrospectorBeanDefinitionRegistryPostProcessor'
2026-07-29T09:55:16.406+07:00 DEBUG 39817 --- [           main] o.s.b.f.s.DefaultListableBeanFactory     : Creating shared instance of singleton bean 'propertySourcesPlaceholderConfigurer'
2026-07-29T09:55:16.410+07:00 DEBUG 39817 --- [           main] o.s.b.f.s.DefaultListableBeanFactory     : Creating shared instance of singleton bean 'org.springframework.boot.test.mock.mockito.MockitoPostProcessor'
2026-07-29T09:55:16.411+07:00 DEBUG 39817 --- [           main] o.s.b.f.s.DefaultListableBeanFactory     : Creating shared instance of singleton bean 'org.springframework.boot.sql.init.dependency.DatabaseInitializationDependencyConfigurer$DependsOnDatabaseInitializationPostProcessor'
2026-07-29T09:55:16.411+07:00 DEBUG 39817 --- [           main] o.s.b.f.s.DefaultListableBeanFactory     : Creating shared instance of singleton bean 'emBeanDefinitionRegistrarPostProcessor'
2026-07-29T09:55:16.477+07:00 DEBUG 39817 --- [           main] o.s.b.f.s.DefaultListableBeanFactory     : Creating shared instance of singleton bean 'org.springframework.context.event.internalEventListenerProcessor'
2026-07-29T09:55:16.479+07:00 DEBUG 39817 --- [           main] o.s.b.f.s.DefaultListableBeanFactory     : Creating shared instance of singleton bean 'org.springframework.data.jpa.domain.support.AuditingBeanFactoryPostProcessor'
2026-07-29T09:55:16.479+07:00 DEBUG 39817 --- [           main] o.s.b.f.s.DefaultListableBeanFactory     : Creating shared instance of singleton bean 'preserveErrorControllerTargetClassPostProcessor'
2026-07-29T09:55:16.479+07:00 DEBUG 39817 --- [           main] o.s.b.f.s.DefaultListableBeanFactory     : Creating shared instance of singleton bean 'conversionServicePostProcessor'
2026-07-29T09:55:16.484+07:00 DEBUG 39817 --- [           main] o.s.b.f.s.DefaultListableBeanFactory     : Creating shared instance of singleton bean 'org.springframework.context.event.internalEventListenerFactory'
2026-07-29T09:55:16.484+07:00 DEBUG 39817 --- [           main] o.s.b.f.s.DefaultListableBeanFactory     : Creating shared instance of singleton bean 'org.springframework.transaction.config.internalTransactionalEventListenerFactory'
2026-07-29T09:55:16.491+07:00 DEBUG 39817 --- [           main] o.s.b.f.s.DefaultListableBeanFactory     : Creating shared instance of singleton bean 'org.springframework.context.annotation.internalAutowiredAnnotationProcessor'
2026-07-29T09:55:16.492+07:00 DEBUG 39817 --- [           main] o.s.b.f.s.DefaultListableBeanFactory     : Creating shared instance of singleton bean 'org.springframework.context.annotation.internalCommonAnnotationProcessor'
2026-07-29T09:55:16.494+07:00 DEBUG 39817 --- [           main] o.s.b.f.s.DefaultListableBeanFactory     : Creating shared instance of singleton bean 'org.springframework.context.annotation.internalPersistenceAnnotationProcessor'
2026-07-29T09:55:16.494+07:00 DEBUG 39817 --- [           main] o.s.b.f.s.DefaultListableBeanFactory     : Creating shared instance of singleton bean 'org.springframework.boot.test.mock.mockito.MockitoPostProcessor$SpyPostProcessor'
2026-07-29T09:55:16.495+07:00 DEBUG 39817 --- [           main] o.s.b.f.s.DefaultListableBeanFactory     : Creating shared instance of singleton bean 'org.springframework.boot.context.properties.ConfigurationPropertiesBindingPostProcessor'
2026-07-29T09:55:16.495+07:00 DEBUG 39817 --- [           main] o.s.b.f.s.DefaultListableBeanFactory     : Creating shared instance of singleton bean 'org.springframework.boot.context.internalConfigurationPropertiesBinder'
2026-07-29T09:55:16.497+07:00 DEBUG 39817 --- [           main] o.s.b.f.s.DefaultListableBeanFactory     : Creating shared instance of singleton bean 'jdbcConnectionDetailsHikariBeanPostProcessor'
2026-07-29T09:55:16.499+07:00 DEBUG 39817 --- [           main] o.s.b.f.s.DefaultListableBeanFactory     : Creating shared instance of singleton bean 'org.springframework.aop.config.internalAutoProxyCreator'
2026-07-29T09:55:16.512+07:00 DEBUG 39817 --- [           main] o.s.b.f.s.DefaultListableBeanFactory     : Creating shared instance of singleton bean 'org.springframework.context.annotation.internalScheduledAnnotationProcessor'
2026-07-29T09:55:16.512+07:00 DEBUG 39817 --- [           main] o.s.b.f.s.DefaultListableBeanFactory     : Creating shared instance of singleton bean 'org.springframework.scheduling.annotation.SchedulingConfiguration'
2026-07-29T09:55:16.516+07:00 DEBUG 39817 --- [           main] o.s.b.f.s.DefaultListableBeanFactory     : Creating shared instance of singleton bean 'methodValidationPostProcessor'
2026-07-29T09:55:16.542+07:00 DEBUG 39817 --- [           main] o.s.b.f.s.DefaultListableBeanFactory     : Autowiring by type from bean name 'methodValidationPostProcessor' via factory method to bean named 'environment'
2026-07-29T09:55:16.545+07:00 DEBUG 39817 --- [           main] o.s.b.f.s.DefaultListableBeanFactory     : Creating shared instance of singleton bean 'org.springframework.boot.context.properties.EnableConfigurationPropertiesRegistrar.methodValidationExcludeFilter'
2026-07-29T09:55:16.553+07:00 DEBUG 39817 --- [           main] o.s.b.f.s.DefaultListableBeanFactory     : Creating shared instance of singleton bean 'persistenceExceptionTranslationPostProcessor'
2026-07-29T09:55:16.555+07:00 DEBUG 39817 --- [           main] o.s.b.f.s.DefaultListableBeanFactory     : Autowiring by type from bean name 'persistenceExceptionTranslationPostProcessor' via factory method to bean named 'environment'
2026-07-29T09:55:16.557+07:00 DEBUG 39817 --- [           main] o.s.b.f.s.DefaultListableBeanFactory     : Creating shared instance of singleton bean 'webServerFactoryCustomizerBeanPostProcessor'
2026-07-29T09:55:16.557+07:00 DEBUG 39817 --- [           main] o.s.b.f.s.DefaultListableBeanFactory     : Creating shared instance of singleton bean 'errorPageRegistrarBeanPostProcessor'
2026-07-29T09:55:16.558+07:00 DEBUG 39817 --- [           main] o.s.b.f.s.DefaultListableBeanFactory     : Creating shared instance of singleton bean 'healthEndpointGroupsBeanPostProcessor'
2026-07-29T09:55:16.560+07:00 DEBUG 39817 --- [           main] o.s.b.f.s.DefaultListableBeanFactory     : Creating shared instance of singleton bean 'preFilterAuthorizationAdvisor'
2026-07-29T09:55:16.562+07:00 DEBUG 39817 --- [           main] o.s.b.f.s.DefaultListableBeanFactory     : Autowiring by type from bean name 'preFilterAuthorizationAdvisor' via factory method to bean named 'org.springframework.web.context.support.GenericWebApplicationContext@6a0e97fc'
2026-07-29T09:55:16.571+07:00 DEBUG 39817 --- [           main] o.s.b.f.s.DefaultListableBeanFactory     : Creating shared instance of singleton bean 'preAuthorizeAuthorizationAdvisor'
2026-07-29T09:55:16.573+07:00 DEBUG 39817 --- [           main] o.s.b.f.s.DefaultListableBeanFactory     : Autowiring by type from bean name 'preAuthorizeAuthorizationAdvisor' via factory method to bean named 'org.springframework.web.context.support.GenericWebApplicationContext@6a0e97fc'
2026-07-29T09:55:16.577+07:00 DEBUG 39817 --- [           main] o.s.b.f.s.DefaultListableBeanFactory     : Creating shared instance of singleton bean 'postFilterAuthorizationAdvisor'
2026-07-29T09:55:16.578+07:00 DEBUG 39817 --- [           main] o.s.b.f.s.DefaultListableBeanFactory     : Autowiring by type from bean name 'postFilterAuthorizationAdvisor' via factory method to bean named 'org.springframework.web.context.support.GenericWebApplicationContext@6a0e97fc'
2026-07-29T09:55:16.580+07:00 DEBUG 39817 --- [           main] o.s.b.f.s.DefaultListableBeanFactory     : Creating shared instance of singleton bean 'postAuthorizeAuthorizationAdvisor'
2026-07-29T09:55:16.581+07:00 DEBUG 39817 --- [           main] o.s.b.f.s.DefaultListableBeanFactory     : Autowiring by type from bean name 'postAuthorizeAuthorizationAdvisor' via factory method to bean named 'org.springframework.web.context.support.GenericWebApplicationContext@6a0e97fc'
2026-07-29T09:55:16.584+07:00 DEBUG 39817 --- [           main] o.s.b.f.s.DefaultListableBeanFactory     : Creating shared instance of singleton bean 'org.springframework.transaction.config.internalTransactionAdvisor'
2026-07-29T09:55:16.584+07:00 DEBUG 39817 --- [           main] o.s.b.f.s.DefaultListableBeanFactory     : Creating shared instance of singleton bean 'org.springframework.transaction.annotation.ProxyTransactionManagementConfiguration'
2026-07-29T09:55:16.599+07:00 DEBUG 39817 --- [           main] .s.a.a.a.ReflectiveAspectJAdvisorFactory : Found AspectJ method: public java.lang.Object io.micrometer.observation.aop.ObservedAspect.observeClass(org.aspectj.lang.ProceedingJoinPoint) throws java.lang.Throwable
2026-07-29T09:55:16.600+07:00 DEBUG 39817 --- [           main] .s.a.a.a.ReflectiveAspectJAdvisorFactory : Found AspectJ method: public java.lang.Object io.micrometer.observation.aop.ObservedAspect.observeMethod(org.aspectj.lang.ProceedingJoinPoint) throws java.lang.Throwable
2026-07-29T09:55:16.679+07:00 DEBUG 39817 --- [           main] o.s.b.f.s.DefaultListableBeanFactory     : Creating shared instance of singleton bean 'transactionAttributeSource'
2026-07-29T09:55:16.687+07:00 DEBUG 39817 --- [           main] o.s.b.f.s.DefaultListableBeanFactory     : Creating shared instance of singleton bean 'transactionInterceptor'
2026-07-29T09:55:16.688+07:00 DEBUG 39817 --- [           main] o.s.b.f.s.DefaultListableBeanFactory     : Autowiring by type from bean name 'transactionInterceptor' via factory method to bean named 'transactionAttributeSource'
2026-07-29T09:55:16.692+07:00 DEBUG 39817 --- [           main] o.s.b.f.s.DefaultListableBeanFactory     : Autowiring by type from bean name 'org.springframework.transaction.config.internalTransactionAdvisor' via factory method to bean named 'transactionAttributeSource'
2026-07-29T09:55:16.692+07:00 DEBUG 39817 --- [           main] o.s.b.f.s.DefaultListableBeanFactory     : Autowiring by type from bean name 'org.springframework.transaction.config.internalTransactionAdvisor' via factory method to bean named 'transactionInterceptor'
2026-07-29T09:55:16.697+07:00 DEBUG 39817 --- [           main] o.s.b.f.s.DefaultListableBeanFactory     : Creating shared instance of singleton bean 'meterRegistryPostProcessor'
2026-07-29T09:55:16.699+07:00 DEBUG 39817 --- [           main] o.s.b.f.s.DefaultListableBeanFactory     : Autowiring by type from bean name 'meterRegistryPostProcessor' via factory method to bean named 'org.springframework.web.context.support.GenericWebApplicationContext@6a0e97fc'
2026-07-29T09:55:16.704+07:00 DEBUG 39817 --- [           main] o.s.b.f.s.DefaultListableBeanFactory     : Creating shared instance of singleton bean 'metricsRepositoryMethodInvocationListenerBeanPostProcessor'
2026-07-29T09:55:16.707+07:00 DEBUG 39817 --- [           main] o.s.b.f.s.DefaultListableBeanFactory     : Creating shared instance of singleton bean 'observationRegistryPostProcessor'
2026-07-29T09:55:16.709+07:00 DEBUG 39817 --- [           main] o.s.b.f.s.DefaultListableBeanFactory     : Creating shared instance of singleton bean 'projectingArgumentResolverBeanPostProcessor'
2026-07-29T09:55:16.722+07:00 DEBUG 39817 --- [           main] o.s.u.c.s.UiApplicationContextUtils      : Unable to locate ThemeSource with name 'themeSource': using default [org.springframework.ui.context.support.ResourceBundleThemeSource@34e4a136]
2026-07-29T09:55:16.725+07:00 DEBUG 39817 --- [           main] o.s.b.f.s.DefaultListableBeanFactory     : Creating shared instance of singleton bean 'flyway'
2026-07-29T09:55:16.725+07:00 DEBUG 39817 --- [           main] o.s.b.f.s.DefaultListableBeanFactory     : Creating shared instance of singleton bean 'org.springframework.boot.autoconfigure.flyway.FlywayAutoConfiguration$FlywayConfiguration'
2026-07-29T09:55:16.727+07:00 DEBUG 39817 --- [           main] o.s.b.f.s.DefaultListableBeanFactory     : Creating shared instance of singleton bean 'spring.flyway-org.springframework.boot.autoconfigure.flyway.FlywayProperties'
2026-07-29T09:55:16.729+07:00 DEBUG 39817 --- [           main] o.s.b.f.s.DefaultListableBeanFactory     : Creating shared instance of singleton bean 'org.springframework.boot.context.properties.BoundConfigurationProperties'
2026-07-29T09:55:16.738+07:00 DEBUG 39817 --- [           main] o.s.b.f.s.DefaultListableBeanFactory     : Creating shared instance of singleton bean 'stringOrNumberMigrationVersionConverter'
2026-07-29T09:55:16.738+07:00 DEBUG 39817 --- [           main] o.s.b.f.s.DefaultListableBeanFactory     : Creating shared instance of singleton bean 'org.springframework.boot.autoconfigure.flyway.FlywayAutoConfiguration'
2026-07-29T09:55:16.771+07:00 DEBUG 39817 --- [           main] o.s.b.f.s.DefaultListableBeanFactory     : Autowiring by type from bean name 'org.springframework.boot.autoconfigure.flyway.FlywayAutoConfiguration$FlywayConfiguration' via constructor to bean named 'spring.flyway-org.springframework.boot.autoconfigure.flyway.FlywayProperties'
2026-07-29T09:55:16.781+07:00 DEBUG 39817 --- [           main] o.s.b.f.s.DefaultListableBeanFactory     : Creating shared instance of singleton bean 'flywayConnectionDetails'
2026-07-29T09:55:16.788+07:00 DEBUG 39817 --- [           main] o.s.b.f.s.DefaultListableBeanFactory     : Creating shared instance of singleton bean 'resourceProviderCustomizer'
2026-07-29T09:55:16.790+07:00 DEBUG 39817 --- [           main] o.s.b.f.s.DefaultListableBeanFactory     : Autowiring by type from bean name 'flyway' via factory method to bean named 'flywayConnectionDetails'
2026-07-29T09:55:16.790+07:00 DEBUG 39817 --- [           main] o.s.b.f.s.DefaultListableBeanFactory     : Autowiring by type from bean name 'flyway' via factory method to bean named 'org.springframework.web.context.support.GenericWebApplicationContext@6a0e97fc'
2026-07-29T09:55:16.790+07:00 DEBUG 39817 --- [           main] o.s.b.f.s.DefaultListableBeanFactory     : Autowiring by type from bean name 'flyway' via factory method to bean named 'resourceProviderCustomizer'
2026-07-29T09:55:16.800+07:00 DEBUG 39817 --- [           main] o.s.b.f.s.DefaultListableBeanFactory     : Creating shared instance of singleton bean 'dataSource'
2026-07-29T09:55:16.801+07:00 DEBUG 39817 --- [           main] o.s.b.f.s.DefaultListableBeanFactory     : Creating shared instance of singleton bean 'org.springframework.boot.autoconfigure.jdbc.DataSourceConfiguration$Hikari'
2026-07-29T09:55:16.804+07:00 DEBUG 39817 --- [           main] o.s.b.f.s.DefaultListableBeanFactory     : Creating shared instance of singleton bean 'spring.datasource-org.springframework.boot.autoconfigure.jdbc.DataSourceProperties'
2026-07-29T09:55:16.808+07:00 DEBUG 39817 --- [           main] ySourcesPropertyResolver$DefaultResolver : Found key 'TEST_DB_PASSWORD' in PropertySource 'systemEnvironment' with value of type String
2026-07-29T09:55:16.809+07:00 DEBUG 39817 --- [           main] ySourcesPropertyResolver$DefaultResolver : Found key 'TEST_DB_HOST' in PropertySource 'systemEnvironment' with value of type String
2026-07-29T09:55:16.809+07:00 DEBUG 39817 --- [           main] ySourcesPropertyResolver$DefaultResolver : Found key 'TEST_DB_PORT' in PropertySource 'systemEnvironment' with value of type String
2026-07-29T09:55:16.809+07:00 DEBUG 39817 --- [           main] ySourcesPropertyResolver$DefaultResolver : Found key 'TEST_DB_USER' in PropertySource 'systemEnvironment' with value of type String
2026-07-29T09:55:16.817+07:00 DEBUG 39817 --- [           main] o.s.b.f.s.DefaultListableBeanFactory     : Creating shared instance of singleton bean 'jdbcConnectionDetails'
2026-07-29T09:55:16.817+07:00 DEBUG 39817 --- [           main] o.s.b.f.s.DefaultListableBeanFactory     : Creating shared instance of singleton bean 'org.springframework.boot.autoconfigure.jdbc.DataSourceAutoConfiguration$PooledDataSourceConfiguration'
2026-07-29T09:55:16.820+07:00 DEBUG 39817 --- [           main] o.s.b.f.s.DefaultListableBeanFactory     : Autowiring by type from bean name 'jdbcConnectionDetails' via factory method to bean named 'spring.datasource-org.springframework.boot.autoconfigure.jdbc.DataSourceProperties'
2026-07-29T09:55:16.822+07:00 DEBUG 39817 --- [           main] o.s.b.f.s.DefaultListableBeanFactory     : Autowiring by type from bean name 'dataSource' via factory method to bean named 'spring.datasource-org.springframework.boot.autoconfigure.jdbc.DataSourceProperties'
2026-07-29T09:55:16.822+07:00 DEBUG 39817 --- [           main] o.s.b.f.s.DefaultListableBeanFactory     : Autowiring by type from bean name 'dataSource' via factory method to bean named 'jdbcConnectionDetails'
2026-07-29T09:55:16.857+07:00  INFO 39817 --- [           main] com.zaxxer.hikari.HikariDataSource       : HikariPool-1 - Starting...
2026-07-29T09:55:17.032+07:00  INFO 39817 --- [           main] com.zaxxer.hikari.pool.HikariPool        : HikariPool-1 - Added connection com.mysql.cj.jdbc.ConnectionImpl@74974165
2026-07-29T09:55:17.034+07:00  INFO 39817 --- [           main] com.zaxxer.hikari.HikariDataSource       : HikariPool-1 - Start completed.
2026-07-29T09:55:17.091+07:00 DEBUG 39817 --- [           main] o.s.b.f.s.DefaultListableBeanFactory     : Creating shared instance of singleton bean 'postgresqlFlywayConfigurationCustomizer'
2026-07-29T09:55:17.118+07:00 DEBUG 39817 --- [           main] o.s.b.f.s.DefaultListableBeanFactory     : Creating shared instance of singleton bean 'flywayInitializer'
2026-07-29T09:55:17.120+07:00 DEBUG 39817 --- [           main] o.s.b.f.s.DefaultListableBeanFactory     : Autowiring by type from bean name 'flywayInitializer' via factory method to bean named 'flyway'
2026-07-29T09:55:17.126+07:00  INFO 39817 --- [           main] o.f.c.internal.license.VersionPrinter    : Flyway Community Edition 9.22.3 by Redgate
2026-07-29T09:55:17.126+07:00  INFO 39817 --- [           main] o.f.c.internal.license.VersionPrinter    : See release notes here: https://rd.gt/416ObMi
2026-07-29T09:55:17.126+07:00  INFO 39817 --- [           main] o.f.c.internal.license.VersionPrinter    : 
2026-07-29T09:55:17.152+07:00  INFO 39817 --- [           main] org.flywaydb.core.FlywayExecutor         : Database: jdbc:mysql://127.0.0.1:3306/kaknnea_pos_test (MySQL 9.6)
2026-07-29T09:55:17.171+07:00  WARN 39817 --- [           main] o.f.c.internal.database.base.Database    : Flyway upgrade recommended: MySQL 9.6 is newer than this version of Flyway and support has not been tested. The latest supported version of MySQL is 8.0.
2026-07-29T09:55:17.286+07:00  INFO 39817 --- [           main] o.f.core.internal.command.DbValidate     : Successfully validated 96 migrations (execution time 00:00.102s)
2026-07-29T09:55:17.304+07:00  INFO 39817 --- [           main] o.f.core.internal.command.DbMigrate      : Current version of schema `kaknnea_pos_test`: 107
2026-07-29T09:55:17.307+07:00  INFO 39817 --- [           main] o.f.core.internal.command.DbMigrate      : Schema `kaknnea_pos_test` is up to date. No migration necessary.
2026-07-29T09:55:17.312+07:00 DEBUG 39817 --- [           main] o.s.b.f.s.DefaultListableBeanFactory     : Creating shared instance of singleton bean 'dataSourceScriptDatabaseInitializer'
2026-07-29T09:55:17.312+07:00 DEBUG 39817 --- [           main] o.s.b.f.s.DefaultListableBeanFactory     : Creating shared instance of singleton bean 'org.springframework.boot.autoconfigure.sql.init.DataSourceInitializationConfiguration'
2026-07-29T09:55:17.316+07:00 DEBUG 39817 --- [           main] o.s.b.f.s.DefaultListableBeanFactory     : Creating shared instance of singleton bean 'spring.sql.init-org.springframework.boot.autoconfigure.sql.init.SqlInitializationProperties'
2026-07-29T09:55:17.336+07:00 DEBUG 39817 --- [           main] o.s.b.f.s.DefaultListableBeanFactory     : Autowiring by type from bean name 'dataSourceScriptDatabaseInitializer' via factory method to bean named 'dataSource'
2026-07-29T09:55:17.336+07:00 DEBUG 39817 --- [           main] o.s.b.f.s.DefaultListableBeanFactory     : Autowiring by type from bean name 'dataSourceScriptDatabaseInitializer' via factory method to bean named 'spring.sql.init-org.springframework.boot.autoconfigure.sql.init.SqlInitializationProperties'
2026-07-29T09:55:17.342+07:00 DEBUG 39817 --- [           main] o.s.b.f.s.DefaultListableBeanFactory     : Creating shared instance of singleton bean 'org.springframework.context.config.internalBeanConfigurerAspect'
2026-07-29T09:55:17.347+07:00 DEBUG 39817 --- [           main] o.s.b.f.s.DefaultListableBeanFactory     : Creating shared instance of singleton bean 'entityManagerFactory'
2026-07-29T09:55:17.348+07:00 DEBUG 39817 --- [           main] o.s.b.f.s.DefaultListableBeanFactory     : Creating shared instance of singleton bean 'org.springframework.boot.autoconfigure.orm.jpa.HibernateJpaConfiguration'
2026-07-29T09:55:17.351+07:00 DEBUG 39817 --- [           main] o.s.b.f.s.DefaultListableBeanFactory     : Creating shared instance of singleton bean 'spring.jpa-org.springframework.boot.autoconfigure.orm.jpa.JpaProperties'
2026-07-29T09:55:17.361+07:00 DEBUG 39817 --- [           main] o.s.b.f.s.DefaultListableBeanFactory     : Creating shared instance of singleton bean 'spring.jpa.hibernate-org.springframework.boot.autoconfigure.orm.jpa.HibernateProperties'
2026-07-29T09:55:17.365+07:00 DEBUG 39817 --- [           main] o.s.b.f.s.DefaultListableBeanFactory     : Autowiring by type from bean name 'org.springframework.boot.autoconfigure.orm.jpa.HibernateJpaConfiguration' via constructor to bean named 'dataSource'
2026-07-29T09:55:17.366+07:00 DEBUG 39817 --- [           main] o.s.b.f.s.DefaultListableBeanFactory     : Autowiring by type from bean name 'org.springframework.boot.autoconfigure.orm.jpa.HibernateJpaConfiguration' via constructor to bean named 'spring.jpa-org.springframework.boot.autoconfigure.orm.jpa.JpaProperties'
2026-07-29T09:55:17.366+07:00 DEBUG 39817 --- [           main] o.s.b.f.s.DefaultListableBeanFactory     : Autowiring by type from bean name 'org.springframework.boot.autoconfigure.orm.jpa.HibernateJpaConfiguration' via constructor to bean named 'org.springframework.beans.factory.support.DefaultListableBeanFactory@621a387f'
2026-07-29T09:55:17.366+07:00 DEBUG 39817 --- [           main] o.s.b.f.s.DefaultListableBeanFactory     : Autowiring by type from bean name 'org.springframework.boot.autoconfigure.orm.jpa.HibernateJpaConfiguration' via constructor to bean named 'spring.jpa.hibernate-org.springframework.boot.autoconfigure.orm.jpa.HibernateProperties'
2026-07-29T09:55:17.368+07:00 DEBUG 39817 --- [           main] o.s.b.f.s.DefaultListableBeanFactory     : Creating shared instance of singleton bean 'hikariPoolDataSourceMetadataProvider'
2026-07-29T09:55:17.369+07:00 DEBUG 39817 --- [           main] o.s.b.f.s.DefaultListableBeanFactory     : Creating shared instance of singleton bean 'org.springframework.boot.autoconfigure.jdbc.metadata.DataSourcePoolMetadataProvidersConfiguration$HikariPoolDataSourceMetadataProviderConfiguration'
2026-07-29T09:55:17.383+07:00 DEBUG 39817 --- [           main] o.s.b.f.s.DefaultListableBeanFactory     : Creating shared instance of singleton bean 'entityManagerFactoryBuilder'
2026-07-29T09:55:17.385+07:00 DEBUG 39817 --- [           main] o.s.b.f.s.DefaultListableBeanFactory     : Creating shared instance of singleton bean 'jpaVendorAdapter'
2026-07-29T09:55:17.401+07:00 DEBUG 39817 --- [           main] o.s.b.f.s.DefaultListableBeanFactory     : Autowiring by type from bean name 'entityManagerFactoryBuilder' via factory method to bean named 'jpaVendorAdapter'
2026-07-29T09:55:17.407+07:00 DEBUG 39817 --- [           main] o.s.b.f.s.DefaultListableBeanFactory     : Creating shared instance of singleton bean 'persistenceManagedTypes'
2026-07-29T09:55:17.410+07:00 DEBUG 39817 --- [           main] o.s.b.f.s.DefaultListableBeanFactory     : Autowiring by type from bean name 'persistenceManagedTypes' via factory method to bean named 'org.springframework.beans.factory.support.DefaultListableBeanFactory@621a387f'
2026-07-29T09:55:17.410+07:00 DEBUG 39817 --- [           main] o.s.b.f.s.DefaultListableBeanFactory     : Autowiring by type from bean name 'persistenceManagedTypes' via factory method to bean named 'org.springframework.web.context.support.GenericWebApplicationContext@6a0e97fc'
[...]

   WebFluxEndpointManagementContextConfiguration:
      Did not match:
         - @ConditionalOnClass did not find required class 'org.springframework.web.reactive.DispatcherHandler' (OnClassCondition)

   WebFluxObservationAutoConfiguration:
      Did not match:
         - @ConditionalOnWebApplication did not find reactive web application classes (OnWebApplicationCondition)

   WebMvcAutoConfiguration#hiddenHttpMethodFilter:
      Did not match:
         - @ConditionalOnProperty (spring.mvc.hiddenmethod.filter.enabled) did not find property 'enabled' (OnPropertyCondition)

   WebMvcAutoConfiguration.ProblemDetailsErrorHandlingConfiguration:
      Did not match:
         - @ConditionalOnProperty (spring.mvc.problemdetails.enabled=true) did not find property 'enabled' (OnPropertyCondition)

   WebMvcAutoConfiguration.ResourceChainCustomizerConfiguration:
      Did not match:
         - @ConditionalOnEnabledResourceChain did not find class org.webjars.WebJarAssetLocator (OnEnabledResourceChainCondition)

   WebMvcAutoConfiguration.WebMvcAutoConfigurationAdapter#beanNameViewResolver:
      Did not match:
         - @ConditionalOnMissingBean (types: org.springframework.web.servlet.view.BeanNameViewResolver; SearchStrategy: all) found beans of type 'org.springframework.web.servlet.view.BeanNameViewResolver' beanNameViewResolver (OnBeanCondition)

   WebMvcEndpointManagementContextConfiguration#managementHealthEndpointWebMvcHandlerMapping:
      Did not match:
         - Management Port actual port type (SAME) did not match required type (DIFFERENT) (OnManagementPortCondition)

   WebServiceTemplateAutoConfiguration:
      Did not match:
         - @ConditionalOnClass did not find required class 'org.springframework.oxm.Marshaller' (OnClassCondition)

   WebServicesAutoConfiguration:
      Did not match:
         - @ConditionalOnClass did not find required class 'org.springframework.ws.transport.http.MessageDispatcherServlet' (OnClassCondition)

   WebSessionIdResolverAutoConfiguration:
      Did not match:
         - @ConditionalOnClass did not find required class 'reactor.core.publisher.Mono' (OnClassCondition)

   WebSocketMessagingAutoConfiguration.WebSocketMessageConverterConfiguration:
      Did not match:
         - @ConditionalOnBean (types: org.springframework.web.socket.config.annotation.DelegatingWebSocketMessageBrokerConfiguration,com.fasterxml.jackson.databind.ObjectMapper; SearchStrategy: all) did not find any beans of type org.springframework.web.socket.config.annotation.DelegatingWebSocketMessageBrokerConfiguration (OnBeanCondition)
      Matched:
         - @ConditionalOnClass found required classes 'com.fasterxml.jackson.databind.ObjectMapper', 'org.springframework.messaging.simp.config.AbstractMessageBrokerConfiguration' (OnClassCondition)

   WebSocketReactiveAutoConfiguration:
      Did not match:
         - @ConditionalOnWebApplication did not find reactive web application classes (OnWebApplicationCondition)

   WebSocketServletAutoConfiguration.JettyWebSocketConfiguration:
      Did not match:
         - @ConditionalOnClass did not find required class 'org.eclipse.jetty.ee10.websocket.jakarta.server.config.JakartaWebSocketServletContainerInitializer' (OnClassCondition)

   WebSocketServletAutoConfiguration.UndertowWebSocketConfiguration:
      Did not match:
         - @ConditionalOnClass did not find required class 'io.undertow.websockets.jsr.Bootstrap' (OnClassCondition)

   WebTestClientAutoConfiguration:
      Did not match:
         - @ConditionalOnClass did not find required class 'org.springframework.web.reactive.function.client.WebClient' (OnClassCondition)

   XADataSourceAutoConfiguration:
      Did not match:
         - @ConditionalOnBean (types: org.springframework.boot.jdbc.XADataSourceWrapper; SearchStrategy: all) did not find any beans of type org.springframework.boot.jdbc.XADataSourceWrapper (OnBeanCondition)
      Matched:
         - @ConditionalOnClass found required classes 'javax.sql.DataSource', 'jakarta.transaction.TransactionManager', 'org.springframework.jdbc.datasource.embedded.EmbeddedDatabaseType' (OnClassCondition)

   ZipkinAutoConfiguration:
      Did not match:
         - @ConditionalOnClass did not find required class 'zipkin2.reporter.Sender' (OnClassCondition)


Exclusions:
-----------

    None


Unconditional classes:
----------------------

    org.springframework.boot.autoconfigure.context.ConfigurationPropertiesAutoConfiguration

    org.springframework.boot.actuate.autoconfigure.availability.AvailabilityHealthContributorAutoConfiguration

    org.springframework.boot.autoconfigure.ssl.SslAutoConfiguration

    org.springframework.boot.actuate.autoconfigure.info.InfoContributorAutoConfiguration

    org.springframework.boot.autoconfigure.context.PropertyPlaceholderAutoConfiguration

    org.springframework.boot.autoconfigure.context.LifecycleAutoConfiguration

    org.springframework.boot.actuate.autoconfigure.metrics.integration.IntegrationMetricsAutoConfiguration

    org.springframework.boot.actuate.autoconfigure.endpoint.EndpointAutoConfiguration

    org.springframework.boot.actuate.autoconfigure.web.server.ManagementContextAutoConfiguration

    org.springframework.boot.actuate.autoconfigure.health.HealthContributorAutoConfiguration

    org.springframework.boot.actuate.autoconfigure.endpoint.jackson.JacksonEndpointAutoConfiguration

    org.springframework.boot.autoconfigure.availability.ApplicationAvailabilityAutoConfiguration

    org.springframework.boot.autoconfigure.info.ProjectInfoAutoConfiguration



2026-07-29T09:55:24.417+07:00  INFO 39817 --- [           main] com.kaknnea.pos.api.CustomerApiTest      : Started CustomerApiTest in 9.605 seconds (process running for 12.937)
2026-07-29T09:55:24.448+07:00 DEBUG 39817 --- [           main] o.s.b.a.ApplicationAvailabilityBean      : Application availability state LivenessState changed to CORRECT
2026-07-29T09:55:24.450+07:00 DEBUG 39817 --- [           main] o.s.b.a.ApplicationAvailabilityBean      : Application availability state ReadinessState changed to ACCEPTING_TRAFFIC
2026-07-29T09:55:24.451+07:00 DEBUG 39817 --- [           main] org.springframework.test.context.cache   : Spring test ApplicationContext cache statistics: [DefaultContextCache@ac337e2 size = 1, maxSize = 32, parentContextCount = 0, hitCount = 0, missCount = 1, failureCount = 0]
2026-07-29T09:55:24.451+07:00 DEBUG 39817 --- [           main] o.s.t.c.w.ServletTestExecutionListener   : Setting up MockHttpServletRequest, MockHttpServletResponse, ServletWebRequest, and RequestContextHolder for test class com.kaknnea.pos.api.CustomerApiTest
2026-07-29T09:55:24.457+07:00 DEBUG 39817 --- [           main] DependencyInjectionTestExecutionListener : Performing dependency injection for test class com.kaknnea.pos.api.CustomerApiTest
2026-07-29T09:55:24.457+07:00 DEBUG 39817 --- [           main] org.springframework.test.context.cache   : Spring test ApplicationContext cache statistics: [DefaultContextCache@ac337e2 size = 1, maxSize = 32, parentContextCount = 0, hitCount = 1, missCount = 1, failureCount = 0]
2026-07-29T09:55:24.459+07:00 DEBUG 39817 --- [           main] org.springframework.test.context.cache   : Spring test ApplicationContext cache statistics: [DefaultContextCache@ac337e2 size = 1, maxSize = 32, parentContextCount = 0, hitCount = 2, missCount = 1, failureCount = 0]
2026-07-29T09:55:24.460+07:00 DEBUG 39817 --- [           main] sContextBeforeModesTestExecutionListener : Before test method: class [CustomerApiTest], method [testGetCustomerProfile], class annotated with @DirtiesContext [false] with mode [null], method annotated with @DirtiesContext [false] with mode [null]
2026-07-29T09:55:24.462+07:00 DEBUG 39817 --- [           main] org.springframework.test.context.cache   : Spring test ApplicationContext cache statistics: [DefaultContextCache@ac337e2 size = 1, maxSize = 32, parentContextCount = 0, hitCount = 3, missCount = 1, failureCount = 0]
2026-07-29T09:55:24.462+07:00 DEBUG 39817 --- [           main] org.springframework.test.context.cache   : Spring test ApplicationContext cache statistics: [DefaultContextCache@ac337e2 size = 1, maxSize = 32, parentContextCount = 0, hitCount = 4, missCount = 1, failureCount = 0]
2026-07-29T09:55:24.464+07:00 DEBUG 39817 --- [           main] org.springframework.test.context.cache   : Spring test ApplicationContext cache statistics: [DefaultContextCache@ac337e2 size = 1, maxSize = 32, parentContextCount = 0, hitCount = 5, missCount = 1, failureCount = 0]
2026-07-29T09:55:24.466+07:00 DEBUG 39817 --- [           main] org.springframework.test.context.cache   : Spring test ApplicationContext cache statistics: [DefaultContextCache@ac337e2 size = 1, maxSize = 32, parentContextCount = 0, hitCount = 6, missCount = 1, failureCount = 0]
2026-07-29T09:55:24.477+07:00 DEBUG 39817 --- [           main] org.springframework.test.context.cache   : Spring test ApplicationContext cache statistics: [DefaultContextCache@ac337e2 size = 1, maxSize = 32, parentContextCount = 0, hitCount = 7, missCount = 1, failureCount = 0]
2026-07-29T09:55:24.482+07:00 DEBUG 39817 --- [           main] o.s.orm.jpa.JpaTransactionManager        : Creating new transaction with name [org.springframework.data.jpa.repository.support.SimpleJpaRepository.save]: PROPAGATION_REQUIRED,ISOLATION_DEFAULT
2026-07-29T09:55:24.482+07:00 DEBUG 39817 --- [           main] o.s.orm.jpa.JpaTransactionManager        : Opened new EntityManager [SessionImpl(283611255<open>)] for JPA transaction
2026-07-29T09:55:24.486+07:00 DEBUG 39817 --- [           main] o.s.orm.jpa.JpaTransactionManager        : Exposing JPA transaction as JDBC [org.springframework.orm.jpa.vendor.HibernateJpaDialect$HibernateConnectionHandle@51c80219]
2026-07-29T09:55:24.506+07:00 DEBUG 39817 --- [           main] o.s.d.auditing.AuditingHandlerSupport    : Touched com.kaknnea.pos.domain.Customer@1b9a5f35 - Last modification at 2026-07-29T09:55:24.499460339 by unknown
2026-07-29T09:55:24.529+07:00 DEBUG 39817 --- [           main] o.s.orm.jpa.JpaTransactionManager        : Initiating transaction commit
2026-07-29T09:55:24.530+07:00 DEBUG 39817 --- [           main] o.s.orm.jpa.JpaTransactionManager        : Committing JPA transaction on EntityManager [SessionImpl(283611255<open>)]
2026-07-29T09:55:24.554+07:00 DEBUG 39817 --- [           main] o.s.orm.jpa.JpaTransactionManager        : Closing JPA EntityManager [SessionImpl(283611255<open>)] after transaction
2026-07-29T09:55:24.557+07:00 DEBUG 39817 --- [           main] o.s.test.util.ReflectionTestUtils        : Invoking method 'getFilters' on target object [FilterChainProxy[Filter Chains: null]] or target class [null] with arguments {org.springframework.mock.web.MockHttpServletRequest@5d96ae08}
2026-07-29T09:55:24.558+07:00 DEBUG 39817 --- [           main] o.s.test.util.ReflectionTestUtils        : Invoking method 'getFilters' on target object [FilterChainProxy[Filter Chains: null]] or target class [null] with arguments {org.springframework.mock.web.MockHttpServletRequest@5d96ae08}
2026-07-29T09:55:24.558+07:00 DEBUG 39817 --- [           main] o.s.test.util.ReflectionTestUtils        : Getting field 'securityContextRepository' from target object [org.springframework.security.web.context.SecurityContextHolderFilter@266ac757] or target class [class org.springframework.security.web.context.SecurityContextHolderFilter]
2026-07-29T09:55:24.558+07:00 DEBUG 39817 --- [           main] o.s.test.util.ReflectionTestUtils        : Invoking method 'getFilters' on target object [FilterChainProxy[Filter Chains: null]] or target class [null] with arguments {org.springframework.mock.web.MockHttpServletRequest@5d96ae08}
2026-07-29T09:55:24.558+07:00 DEBUG 39817 --- [           main] o.s.test.util.ReflectionTestUtils        : Invoking method 'getFilters' on target object [FilterChainProxy[Filter Chains: null]] or target class [null] with arguments {org.springframework.mock.web.MockHttpServletRequest@5d96ae08}
2026-07-29T09:55:24.558+07:00 DEBUG 39817 --- [           main] o.s.test.util.ReflectionTestUtils        : Setting field 'securityContextRepository' of type [null] on target object [org.springframework.security.web.context.SecurityContextHolderFilter@266ac757] or target class [class org.springframework.security.web.context.SecurityContextHolderFilter] to value [org.springframework.security.test.web.servlet.request.SecurityMockMvcRequestPostProcessors$SecurityContextRequestPostProcessorSupport$TestSecurityContextRepository@15c69b7]
2026-07-29T09:55:24.571+07:00 DEBUG 39817 --- [           main] o.s.security.web.FilterChainProxy        : Securing GET /api/customers/25
2026-07-29T09:55:24.582+07:00 DEBUG 39817 --- [           main] o.s.security.web.FilterChainProxy        : Secured GET /api/customers/25
2026-07-29T09:55:24.583+07:00 DEBUG 39817 --- [           main] o.s.t.web.servlet.TestDispatcherServlet  : GET "/api/customers/25", parameters={}
2026-07-29T09:55:24.585+07:00 DEBUG 39817 --- [           main] s.w.s.m.m.a.RequestMappingHandlerMapping : Mapped to com.kaknnea.pos.controller.CustomerController#getById(Long)
2026-07-29T09:55:24.596+07:00 DEBUG 39817 --- [           main] horizationManagerBeforeMethodInterceptor : Authorizing method invocation ReflectiveMethodInvocation: public com.kaknnea.pos.dto.CustomerDtos$CustomerResponse com.kaknnea.pos.controller.CustomerController.getById(java.lang.Long); target is of class [com.kaknnea.pos.controller.CustomerController]
2026-07-29T09:55:24.616+07:00 DEBUG 39817 --- [           main] horizationManagerBeforeMethodInterceptor : Authorized method invocation ReflectiveMethodInvocation: public com.kaknnea.pos.dto.CustomerDtos$CustomerResponse com.kaknnea.pos.controller.CustomerController.getById(java.lang.Long); target is of class [com.kaknnea.pos.controller.CustomerController]
2026-07-29T09:55:24.616+07:00 DEBUG 39817 --- [           main] o.s.orm.jpa.JpaTransactionManager        : Creating new transaction with name [com.kaknnea.pos.service.CustomerService.getById]: PROPAGATION_REQUIRED,ISOLATION_DEFAULT,readOnly
2026-07-29T09:55:24.616+07:00 DEBUG 39817 --- [           main] o.s.orm.jpa.JpaTransactionManager        : Opened new EntityManager [SessionImpl(1103573926<open>)] for JPA transaction
2026-07-29T09:55:24.617+07:00 DEBUG 39817 --- [           main] o.s.jdbc.datasource.DataSourceUtils      : Setting JDBC Connection [HikariProxyConnection@198607281 wrapping com.mysql.cj.jdbc.ConnectionImpl@74974165] read-only
2026-07-29T09:55:24.618+07:00 DEBUG 39817 --- [           main] o.s.orm.jpa.JpaTransactionManager        : Exposing JPA transaction as JDBC [org.springframework.orm.jpa.vendor.HibernateJpaDialect$HibernateConnectionHandle@37c81a7e]
2026-07-29T09:55:24.618+07:00 DEBUG 39817 --- [           main] o.s.orm.jpa.JpaTransactionManager        : Found thread-bound EntityManager [SessionImpl(1103573926<open>)] for JPA transaction
2026-07-29T09:55:24.618+07:00 DEBUG 39817 --- [           main] o.s.orm.jpa.JpaTransactionManager        : Participating in existing transaction
2026-07-29T09:55:24.618+07:00 DEBUG 39817 --- [           main] o.s.orm.jpa.JpaTransactionManager        : Found thread-bound EntityManager [SessionImpl(1103573926<open>)] for JPA transaction
2026-07-29T09:55:24.618+07:00 DEBUG 39817 --- [           main] o.s.orm.jpa.JpaTransactionManager        : Participating in existing transaction
2026-07-29T09:55:24.701+07:00 DEBUG 39817 --- [           main] o.s.orm.jpa.JpaTransactionManager        : Found thread-bound EntityManager [SessionImpl(1103573926<open>)] for JPA transaction
2026-07-29T09:55:24.701+07:00 DEBUG 39817 --- [           main] o.s.orm.jpa.JpaTransactionManager        : Participating in existing transaction
2026-07-29T09:55:24.707+07:00 DEBUG 39817 --- [           main] o.s.orm.jpa.JpaTransactionManager        : Found thread-bound EntityManager [SessionImpl(1103573926<open>)] for JPA transaction
2026-07-29T09:55:24.707+07:00 DEBUG 39817 --- [           main] o.s.orm.jpa.JpaTransactionManager        : Participating in existing transaction
2026-07-29T09:55:24.732+07:00 DEBUG 39817 --- [           main] o.s.orm.jpa.JpaTransactionManager        : Initiating transaction commit
2026-07-29T09:55:24.732+07:00 DEBUG 39817 --- [           main] o.s.orm.jpa.JpaTransactionManager        : Committing JPA transaction on EntityManager [SessionImpl(1103573926<open>)]
2026-07-29T09:55:24.733+07:00 DEBUG 39817 --- [           main] o.s.jdbc.datasource.DataSourceUtils      : Resetting read-only flag of JDBC Connection [HikariProxyConnection@198607281 wrapping com.mysql.cj.jdbc.ConnectionImpl@74974165]
2026-07-29T09:55:24.733+07:00 DEBUG 39817 --- [           main] o.s.orm.jpa.JpaTransactionManager        : Closing JPA EntityManager [SessionImpl(1103573926<open>)] after transaction
2026-07-29T09:55:24.748+07:00 DEBUG 39817 --- [           main] m.m.a.RequestResponseBodyMethodProcessor : Using 'application/json', given [*/*] and supported [application/json, application/*+json]
2026-07-29T09:55:24.755+07:00 DEBUG 39817 --- [           main] m.m.a.RequestResponseBodyMethodProcessor : Writing [CustomerDtos.CustomerResponse(id=25, code=API-CUST-3130453061533, type=INDIVIDUAL, status=ACTIVE, na (truncated)...]
2026-07-29T09:55:24.764+07:00 DEBUG 39817 --- [           main] o.s.t.web.servlet.TestDispatcherServlet  : Completed 200 OK
2026-07-29T09:55:24.787+07:00 DEBUG 39817 --- [           main] org.springframework.test.context.cache   : Spring test ApplicationContext cache statistics: [DefaultContextCache@ac337e2 size = 1, maxSize = 32, parentContextCount = 0, hitCount = 8, missCount = 1, failureCount = 0]
2026-07-29T09:55:24.788+07:00 DEBUG 39817 --- [           main] org.springframework.test.context.cache   : Spring test ApplicationContext cache statistics: [DefaultContextCache@ac337e2 size = 1, maxSize = 32, parentContextCount = 0, hitCount = 9, missCount = 1, failureCount = 0]
2026-07-29T09:55:24.788+07:00 DEBUG 39817 --- [           main] org.springframework.test.context.cache   : Spring test ApplicationContext cache statistics: [DefaultContextCache@ac337e2 size = 1, maxSize = 32, parentContextCount = 0, hitCount = 10, missCount = 1, failureCount = 0]
2026-07-29T09:55:24.788+07:00 DEBUG 39817 --- [           main] org.springframework.test.context.cache   : Spring test ApplicationContext cache statistics: [DefaultContextCache@ac337e2 size = 1, maxSize = 32, parentContextCount = 0, hitCount = 11, missCount = 1, failureCount = 0]
2026-07-29T09:55:24.789+07:00 DEBUG 39817 --- [           main] org.springframework.test.context.cache   : Spring test ApplicationContext cache statistics: [DefaultContextCache@ac337e2 size = 1, maxSize = 32, parentContextCount = 0, hitCount = 12, missCount = 1, failureCount = 0]
2026-07-29T09:55:24.791+07:00 DEBUG 39817 --- [           main] org.springframework.test.context.cache   : Spring test ApplicationContext cache statistics: [DefaultContextCache@ac337e2 size = 1, maxSize = 32, parentContextCount = 0, hitCount = 13, missCount = 1, failureCount = 0]
2026-07-29T09:55:24.791+07:00 DEBUG 39817 --- [           main] org.springframework.test.context.cache   : Spring test ApplicationContext cache statistics: [DefaultContextCache@ac337e2 size = 1, maxSize = 32, parentContextCount = 0, hitCount = 14, missCount = 1, failureCount = 0]
2026-07-29T09:55:24.791+07:00 DEBUG 39817 --- [           main] .c.s.DirtiesContextTestExecutionListener : After test method: class [CustomerApiTest], method [testGetCustomerProfile], class annotated with @DirtiesContext [false] with mode [null], method annotated with @DirtiesContext [false] with mode [null]
2026-07-29T09:55:24.792+07:00 DEBUG 39817 --- [           main] o.s.t.c.w.ServletTestExecutionListener   : Resetting RequestContextHolder for test class com.kaknnea.pos.api.CustomerApiTest
]]></system-out>
  </testcase>
</testsuite>