<?xml version="1.0" encoding="UTF-8"?>
<testsuite xmlns:xsi="http://www.w3.org/2001/XMLSchema-instance" xsi:noNamespaceSchemaLocation="https://maven.apache.org/surefire/maven-surefire-plugin/xsd/surefire-test-report-3.0.xsd" version="3.0" name="com.kaknnea.pos.controller.InventoryControllerIntegrationTest" time="0.115" tests="2" errors="0" skipped="0" failures="0">
  <properties>
[...]
</properties>
  <testcase name="stockEndpoints_areStoreAware" classname="com.kaknnea.pos.controller.InventoryControllerIntegrationTest" time="0.034">
    <system-out><![CDATA[2026-07-29T09:55:26.966+07:00 DEBUG 39817 --- [           main] .b.t.c.SpringBootTestContextBootstrapper : Neither @ContextConfiguration nor @ContextHierarchy found for test class [InventoryControllerIntegrationTest]: using SpringBootContextLoader
2026-07-29T09:55:26.966+07:00 DEBUG 39817 --- [           main] o.s.t.c.support.AbstractContextLoader    : Could not detect default resource locations for test class [com.kaknnea.pos.controller.InventoryControllerIntegrationTest]: no resource found for suffixes {-context.xml, Context.groovy}.
2026-07-29T09:55:26.966+07:00  INFO 39817 --- [           main] t.c.s.AnnotationConfigContextLoaderUtils : Could not detect default configuration classes for test class [com.kaknnea.pos.controller.InventoryControllerIntegrationTest]: InventoryControllerIntegrationTest does not declare any static, non-private, non-final, nested classes annotated with @Configuration.
2026-07-29T09:55:26.970+07:00 DEBUG 39817 --- [           main] .b.t.c.SpringBootTestContextBootstrapper : Using ContextCustomizerFactory implementations for test class [InventoryControllerIntegrationTest]: [ImportsContextCustomizerFactory, ExcludeFilterContextCustomizerFactory, HttpGraphQlTesterContextCustomizerFactory, DuplicateJsonObjectContextCustomizerFactory, MockitoContextCustomizerFactory, TestRestTemplateContextCustomizerFactory, WebTestClientContextCustomizerFactory, OverrideAutoConfigurationContextCustomizerFactory, ObservabilityContextCustomizerFactory, TypeExcludeFiltersContextCustomizerFactory, PropertyMappingContextCustomizerFactory, WebDriverContextCustomizerFactory, MockServerContainerContextCustomizerFactory, DynamicPropertiesContextCustomizerFactory]
2026-07-29T09:55:26.972+07:00 DEBUG 39817 --- [           main] .b.t.c.SpringBootTestContextBootstrapper : Using ContextCustomizers for test class [InventoryControllerIntegrationTest]: [ImportsContextCustomizer, ExcludeFilterContextCustomizer, DuplicateJsonObjectContextCustomizer, MockitoContextCustomizer, TestRestTemplateContextCustomizer, DisableObservabilityContextCustomizer, PropertyMappingContextCustomizer, WebDriverContextCustomizer]
2026-07-29T09:55:26.972+07:00  INFO 39817 --- [           main] .b.t.c.SpringBootTestContextBootstrapper : Found @SpringBootConfiguration com.kaknnea.pos.KaknneaPosApplication for test class com.kaknnea.pos.controller.InventoryControllerIntegrationTest
2026-07-29T09:55:26.973+07:00 DEBUG 39817 --- [           main] .s.t.c.u.TestContextSpringFactoriesUtils : Skipping candidate TestExecutionListener [org.springframework.test.context.observation.MicrometerObservationRegistryTestExecutionListener] due to a missing dependency. Specify custom TestExecutionListener classes or make the default TestExecutionListener classes and their required dependencies available. Offending class: io.micrometer.context.ThreadLocalAccessor. MicrometerObservationRegistryTestExecutionListener requires io.micrometer:micrometer-observation:1.10.8 or higher and io.micrometer:context-propagation:1.0.3 or higher.
2026-07-29T09:55:26.974+07:00 DEBUG 39817 --- [           main] .b.t.c.SpringBootTestContextBootstrapper : Using TestExecutionListeners for test class [InventoryControllerIntegrationTest]: [ServletTestExecutionListener, DirtiesContextBeforeModesTestExecutionListener, ApplicationEventsTestExecutionListener, MockitoTestExecutionListener, DependencyInjectionTestExecutionListener, DirtiesContextTestExecutionListener, TransactionalTestExecutionListener, SqlScriptsTestExecutionListener, EventPublishingTestExecutionListener, WithSecurityContextTestExecutionListener, ReactorContextTestExecutionListener, ResetMocksTestExecutionListener, RestDocsTestExecutionListener, MockRestServiceServerResetTestExecutionListener, MockMvcPrintOnlyOnFailureTestExecutionListener, WebDriverTestExecutionListener, MockWebServiceServerTestExecutionListener]
2026-07-29T09:55:26.974+07:00 DEBUG 39817 --- [           main] sContextBeforeModesTestExecutionListener : Before test class: class [InventoryControllerIntegrationTest], class annotated with @DirtiesContext [false] with mode [null]
2026-07-29T09:55:26.974+07:00 DEBUG 39817 --- [           main] org.springframework.test.context.cache   : Spring test ApplicationContext cache statistics: [DefaultContextCache@ac337e2 size = 1, maxSize = 32, parentContextCount = 0, hitCount = 408, missCount = 1, failureCount = 0]
2026-07-29T09:55:26.974+07:00 DEBUG 39817 --- [           main] org.springframework.test.context.cache   : Spring test ApplicationContext cache statistics: [DefaultContextCache@ac337e2 size = 1, maxSize = 32, parentContextCount = 0, hitCount = 409, missCount = 1, failureCount = 0]
2026-07-29T09:55:26.974+07:00 DEBUG 39817 --- [           main] o.s.t.c.w.ServletTestExecutionListener   : Setting up MockHttpServletRequest, MockHttpServletResponse, ServletWebRequest, and RequestContextHolder for test class com.kaknnea.pos.controller.InventoryControllerIntegrationTest
2026-07-29T09:55:26.974+07:00 DEBUG 39817 --- [           main] DependencyInjectionTestExecutionListener : Performing dependency injection for test class com.kaknnea.pos.controller.InventoryControllerIntegrationTest
2026-07-29T09:55:26.974+07:00 DEBUG 39817 --- [           main] org.springframework.test.context.cache   : Spring test ApplicationContext cache statistics: [DefaultContextCache@ac337e2 size = 1, maxSize = 32, parentContextCount = 0, hitCount = 410, missCount = 1, failureCount = 0]
2026-07-29T09:55:26.975+07:00 DEBUG 39817 --- [           main] org.springframework.test.context.cache   : Spring test ApplicationContext cache statistics: [DefaultContextCache@ac337e2 size = 1, maxSize = 32, parentContextCount = 0, hitCount = 411, missCount = 1, failureCount = 0]
2026-07-29T09:55:26.976+07:00 DEBUG 39817 --- [           main] sContextBeforeModesTestExecutionListener : Before test method: class [InventoryControllerIntegrationTest], method [stockEndpoints_areStoreAware], class annotated with @DirtiesContext [false] with mode [null], method annotated with @DirtiesContext [false] with mode [null]
2026-07-29T09:55:26.976+07:00 DEBUG 39817 --- [           main] t.c.t.TransactionalTestExecutionListener : Explicit transaction definition [PROPAGATION_REQUIRED,ISOLATION_DEFAULT] found for test class [com.kaknnea.pos.controller.InventoryControllerIntegrationTest] and test method [stockEndpoints_areStoreAware]
2026-07-29T09:55:26.976+07:00 DEBUG 39817 --- [           main] org.springframework.test.context.cache   : Spring test ApplicationContext cache statistics: [DefaultContextCache@ac337e2 size = 1, maxSize = 32, parentContextCount = 0, hitCount = 412, missCount = 1, failureCount = 0]
2026-07-29T09:55:26.976+07:00 DEBUG 39817 --- [           main] t.c.t.TransactionalTestExecutionListener : No method-level @Rollback override: using default rollback [true] for test method [void com.kaknnea.pos.controller.InventoryControllerIntegrationTest.stockEndpoints_areStoreAware() throws java.lang.Exception]
2026-07-29T09:55:26.976+07:00 DEBUG 39817 --- [           main] o.s.orm.jpa.JpaTransactionManager        : Creating new transaction with name [com.kaknnea.pos.controller.InventoryControllerIntegrationTest.stockEndpoints_areStoreAware]: PROPAGATION_REQUIRED,ISOLATION_DEFAULT
2026-07-29T09:55:26.976+07:00 DEBUG 39817 --- [           main] o.s.orm.jpa.JpaTransactionManager        : Opened new EntityManager [SessionImpl(1536704362<open>)] for JPA transaction
2026-07-29T09:55:26.977+07:00 DEBUG 39817 --- [           main] o.s.orm.jpa.JpaTransactionManager        : Exposing JPA transaction as JDBC [org.springframework.orm.jpa.vendor.HibernateJpaDialect$HibernateConnectionHandle@50400a24]
2026-07-29T09:55:26.977+07:00 DEBUG 39817 --- [           main] o.s.t.c.transaction.TransactionContext   : Began transaction (1) for test class [com.kaknnea.pos.controller.InventoryControllerIntegrationTest]; test method [stockEndpoints_areStoreAware]; transaction manager [org.springframework.orm.jpa.JpaTransactionManager@1ed69036]; rollback [true]
2026-07-29T09:55:26.977+07:00 DEBUG 39817 --- [           main] org.springframework.test.context.cache   : Spring test ApplicationContext cache statistics: [DefaultContextCache@ac337e2 size = 1, maxSize = 32, parentContextCount = 0, hitCount = 413, missCount = 1, failureCount = 0]
2026-07-29T09:55:26.977+07:00 DEBUG 39817 --- [           main] org.springframework.test.context.cache   : Spring test ApplicationContext cache statistics: [DefaultContextCache@ac337e2 size = 1, maxSize = 32, parentContextCount = 0, hitCount = 414, missCount = 1, failureCount = 0]
2026-07-29T09:55:26.977+07:00 DEBUG 39817 --- [           main] org.springframework.test.context.cache   : Spring test ApplicationContext cache statistics: [DefaultContextCache@ac337e2 size = 1, maxSize = 32, parentContextCount = 0, hitCount = 415, missCount = 1, failureCount = 0]
2026-07-29T09:55:26.977+07:00 DEBUG 39817 --- [           main] org.springframework.test.context.cache   : Spring test ApplicationContext cache statistics: [DefaultContextCache@ac337e2 size = 1, maxSize = 32, parentContextCount = 0, hitCount = 416, missCount = 1, failureCount = 0]
2026-07-29T09:55:26.978+07:00 DEBUG 39817 --- [           main] o.s.orm.jpa.JpaTransactionManager        : Found thread-bound EntityManager [SessionImpl(1536704362<open>)] for JPA transaction
2026-07-29T09:55:26.978+07:00 DEBUG 39817 --- [           main] o.s.orm.jpa.JpaTransactionManager        : Participating in existing transaction
2026-07-29T09:55:26.979+07:00 DEBUG 39817 --- [           main] o.s.d.auditing.AuditingHandlerSupport    : Touched com.kaknnea.pos.domain.Store@6ad96d11 - Last modification at 2026-07-29T09:55:26.978895760 by unknown
2026-07-29T09:55:26.980+07:00 DEBUG 39817 --- [           main] o.s.orm.jpa.JpaTransactionManager        : Found thread-bound EntityManager [SessionImpl(1536704362<open>)] for JPA transaction
2026-07-29T09:55:26.980+07:00 DEBUG 39817 --- [           main] o.s.orm.jpa.JpaTransactionManager        : Participating in existing transaction
2026-07-29T09:55:26.980+07:00 DEBUG 39817 --- [           main] o.s.d.auditing.AuditingHandlerSupport    : Touched com.kaknnea.pos.domain.Store@5faa31de - Last modification at 2026-07-29T09:55:26.980195078 by unknown
2026-07-29T09:55:26.981+07:00 DEBUG 39817 --- [           main] o.s.orm.jpa.JpaTransactionManager        : Found thread-bound EntityManager [SessionImpl(1536704362<open>)] for JPA transaction
2026-07-29T09:55:26.981+07:00 DEBUG 39817 --- [           main] o.s.orm.jpa.JpaTransactionManager        : Participating in existing transaction
2026-07-29T09:55:26.981+07:00 DEBUG 39817 --- [           main] o.s.d.auditing.AuditingHandlerSupport    : Touched com.kaknnea.pos.domain.Category@51efa55e - Last modification at 2026-07-29T09:55:26.981088317 by unknown
2026-07-29T09:55:26.981+07:00 DEBUG 39817 --- [           main] o.s.orm.jpa.JpaTransactionManager        : Found thread-bound EntityManager [SessionImpl(1536704362<open>)] for JPA transaction
2026-07-29T09:55:26.981+07:00 DEBUG 39817 --- [           main] o.s.orm.jpa.JpaTransactionManager        : Participating in existing transaction
2026-07-29T09:55:26.981+07:00 DEBUG 39817 --- [           main] o.s.d.auditing.AuditingHandlerSupport    : Touched com.kaknnea.pos.domain.Product@9e4a8ea - Last modification at 2026-07-29T09:55:26.981695676 by unknown
2026-07-29T09:55:26.982+07:00 DEBUG 39817 --- [           main] o.s.orm.jpa.JpaTransactionManager        : Found thread-bound EntityManager [SessionImpl(1536704362<open>)] for JPA transaction
2026-07-29T09:55:26.982+07:00 DEBUG 39817 --- [           main] o.s.orm.jpa.JpaTransactionManager        : Participating in existing transaction
2026-07-29T09:55:26.983+07:00 DEBUG 39817 --- [           main] o.s.orm.jpa.JpaTransactionManager        : Found thread-bound EntityManager [SessionImpl(1536704362<open>)] for JPA transaction
2026-07-29T09:55:26.983+07:00 DEBUG 39817 --- [           main] o.s.orm.jpa.JpaTransactionManager        : Participating in existing transaction
2026-07-29T09:55:26.983+07:00 DEBUG 39817 --- [           main] org.springframework.test.context.cache   : Spring test ApplicationContext cache statistics: [DefaultContextCache@ac337e2 size = 1, maxSize = 32, parentContextCount = 0, hitCount = 417, missCount = 1, failureCount = 0]
2026-07-29T09:55:26.984+07:00 DEBUG 39817 --- [           main] o.s.test.util.ReflectionTestUtils        : Invoking method 'getFilters' on target object [FilterChainProxy[Filter Chains: null]] or target class [null] with arguments {org.springframework.mock.web.MockHttpServletRequest@43af3c73}
2026-07-29T09:55:26.984+07:00 DEBUG 39817 --- [           main] o.s.test.util.ReflectionTestUtils        : Invoking method 'getFilters' on target object [FilterChainProxy[Filter Chains: null]] or target class [null] with arguments {org.springframework.mock.web.MockHttpServletRequest@43af3c73}
2026-07-29T09:55:26.984+07:00 DEBUG 39817 --- [           main] o.s.test.util.ReflectionTestUtils        : Getting field 'securityContextRepository' from target object [org.springframework.security.web.context.SecurityContextHolderFilter@266ac757] or target class [class org.springframework.security.web.context.SecurityContextHolderFilter]
2026-07-29T09:55:26.984+07:00 DEBUG 39817 --- [           main] o.s.security.web.FilterChainProxy        : Securing GET /api/inventory/stocks
2026-07-29T09:55:26.984+07:00 DEBUG 39817 --- [           main] o.s.security.web.FilterChainProxy        : Secured GET /api/inventory/stocks
2026-07-29T09:55:26.985+07:00 DEBUG 39817 --- [           main] o.s.t.web.servlet.TestDispatcherServlet  : GET "/api/inventory/stocks", parameters={masked}
2026-07-29T09:55:26.985+07:00 DEBUG 39817 --- [           main] s.w.s.m.m.a.RequestMappingHandlerMapping : Mapped to com.kaknnea.pos.controller.InventoryController#list(Long)
2026-07-29T09:55:26.985+07:00 DEBUG 39817 --- [           main] horizationManagerBeforeMethodInterceptor : Authorizing method invocation ReflectiveMethodInvocation: public java.util.List com.kaknnea.pos.controller.InventoryController.list(java.lang.Long); target is of class [com.kaknnea.pos.controller.InventoryController]
2026-07-29T09:55:26.985+07:00 DEBUG 39817 --- [           main] horizationManagerBeforeMethodInterceptor : Authorized method invocation ReflectiveMethodInvocation: public java.util.List com.kaknnea.pos.controller.InventoryController.list(java.lang.Long); target is of class [com.kaknnea.pos.controller.InventoryController]
2026-07-29T09:55:26.985+07:00 DEBUG 39817 --- [           main] o.s.orm.jpa.JpaTransactionManager        : Found thread-bound EntityManager [SessionImpl(1536704362<open>)] for JPA transaction
2026-07-29T09:55:26.985+07:00 DEBUG 39817 --- [           main] o.s.orm.jpa.JpaTransactionManager        : Participating in existing transaction
2026-07-29T09:55:26.988+07:00 DEBUG 39817 --- [           main] m.m.a.RequestResponseBodyMethodProcessor : Using 'application/json', given [*/*] and supported [application/json, application/*+json]
2026-07-29T09:55:26.989+07:00 DEBUG 39817 --- [           main] m.m.a.RequestResponseBodyMethodProcessor : Writing [[InventoryDtos.StockResponse(id=24, productId=77, productNameEn=Coffee Bean 3132953648896, productNa (truncated)...]
2026-07-29T09:55:26.990+07:00 DEBUG 39817 --- [           main] o.s.t.web.servlet.TestDispatcherServlet  : Completed 200 OK
2026-07-29T09:55:26.994+07:00 DEBUG 39817 --- [           main] o.s.test.util.ReflectionTestUtils        : Invoking method 'getFilters' on target object [FilterChainProxy[Filter Chains: null]] or target class [null] with arguments {org.springframework.mock.web.MockHttpServletRequest@10d089d7}
2026-07-29T09:55:26.994+07:00 DEBUG 39817 --- [           main] o.s.test.util.ReflectionTestUtils        : Invoking method 'getFilters' on target object [FilterChainProxy[Filter Chains: null]] or target class [null] with arguments {org.springframework.mock.web.MockHttpServletRequest@10d089d7}
2026-07-29T09:55:26.994+07:00 DEBUG 39817 --- [           main] o.s.test.util.ReflectionTestUtils        : Getting field 'securityContextRepository' from target object [org.springframework.security.web.context.SecurityContextHolderFilter@266ac757] or target class [class org.springframework.security.web.context.SecurityContextHolderFilter]
2026-07-29T09:55:26.994+07:00 DEBUG 39817 --- [           main] o.s.security.web.FilterChainProxy        : Securing POST /api/inventory/stocks/in
2026-07-29T09:55:26.995+07:00 DEBUG 39817 --- [           main] o.s.security.web.FilterChainProxy        : Secured POST /api/inventory/stocks/in
2026-07-29T09:55:26.995+07:00 DEBUG 39817 --- [           main] o.s.t.web.servlet.TestDispatcherServlet  : POST "/api/inventory/stocks/in", parameters={}
2026-07-29T09:55:26.995+07:00 DEBUG 39817 --- [           main] s.w.s.m.m.a.RequestMappingHandlerMapping : Mapped to com.kaknnea.pos.controller.InventoryController#stockIn(StockInRequest)
2026-07-29T09:55:26.996+07:00 DEBUG 39817 --- [           main] m.m.a.RequestResponseBodyMethodProcessor : Read "application/json;charset=UTF-8" to [InventoryDtos.StockInRequest(productId=77, quantity=2, storeId=13, reason=Manual receipt)]
2026-07-29T09:55:26.997+07:00 DEBUG 39817 --- [           main] horizationManagerBeforeMethodInterceptor : Authorizing method invocation ReflectiveMethodInvocation: public com.kaknnea.pos.dto.InventoryDtos$StockResponse com.kaknnea.pos.controller.InventoryController.stockIn(com.kaknnea.pos.dto.InventoryDtos$StockInRequest); target is of class [com.kaknnea.pos.controller.InventoryController]
2026-07-29T09:55:26.998+07:00 DEBUG 39817 --- [           main] horizationManagerBeforeMethodInterceptor : Authorized method invocation ReflectiveMethodInvocation: public com.kaknnea.pos.dto.InventoryDtos$StockResponse com.kaknnea.pos.controller.InventoryController.stockIn(com.kaknnea.pos.dto.InventoryDtos$StockInRequest); target is of class [com.kaknnea.pos.controller.InventoryController]
2026-07-29T09:55:26.998+07:00 DEBUG 39817 --- [           main] o.s.orm.jpa.JpaTransactionManager        : Found thread-bound EntityManager [SessionImpl(1536704362<open>)] for JPA transaction
2026-07-29T09:55:26.998+07:00 DEBUG 39817 --- [           main] o.s.orm.jpa.JpaTransactionManager        : Participating in existing transaction
2026-07-29T09:55:26.998+07:00 DEBUG 39817 --- [           main] o.s.orm.jpa.JpaTransactionManager        : Found thread-bound EntityManager [SessionImpl(1536704362<open>)] for JPA transaction
2026-07-29T09:55:26.998+07:00 DEBUG 39817 --- [           main] o.s.orm.jpa.JpaTransactionManager        : Participating in existing transaction
2026-07-29T09:55:26.998+07:00 DEBUG 39817 --- [           main] o.s.orm.jpa.JpaTransactionManager        : Found thread-bound EntityManager [SessionImpl(1536704362<open>)] for JPA transaction
2026-07-29T09:55:26.998+07:00 DEBUG 39817 --- [           main] o.s.orm.jpa.JpaTransactionManager        : Participating in existing transaction
2026-07-29T09:55:27.001+07:00 DEBUG 39817 --- [           main] o.s.orm.jpa.JpaTransactionManager        : Found thread-bound EntityManager [SessionImpl(1536704362<open>)] for JPA transaction
2026-07-29T09:55:27.001+07:00 DEBUG 39817 --- [           main] o.s.orm.jpa.JpaTransactionManager        : Participating in existing transaction
2026-07-29T09:55:27.001+07:00 DEBUG 39817 --- [           main] o.s.orm.jpa.JpaTransactionManager        : Found thread-bound EntityManager [SessionImpl(1536704362<open>)] for JPA transaction
2026-07-29T09:55:27.001+07:00 DEBUG 39817 --- [           main] o.s.orm.jpa.JpaTransactionManager        : Participating in existing transaction
2026-07-29T09:55:27.005+07:00 DEBUG 39817 --- [           main] m.m.a.RequestResponseBodyMethodProcessor : Using 'application/json', given [*/*] and supported [application/json, application/*+json]
2026-07-29T09:55:27.005+07:00 DEBUG 39817 --- [           main] m.m.a.RequestResponseBodyMethodProcessor : Writing [InventoryDtos.StockResponse(id=25, productId=77, productNameEn=Coffee Bean 3132953648896, productNam (truncated)...]
2026-07-29T09:55:27.005+07:00 DEBUG 39817 --- [           main] o.s.t.web.servlet.TestDispatcherServlet  : Completed 200 OK
2026-07-29T09:55:27.007+07:00 DEBUG 39817 --- [           main] org.springframework.test.context.cache   : Spring test ApplicationContext cache statistics: [DefaultContextCache@ac337e2 size = 1, maxSize = 32, parentContextCount = 0, hitCount = 418, missCount = 1, failureCount = 0]
2026-07-29T09:55:27.007+07:00 DEBUG 39817 --- [           main] org.springframework.test.context.cache   : Spring test ApplicationContext cache statistics: [DefaultContextCache@ac337e2 size = 1, maxSize = 32, parentContextCount = 0, hitCount = 419, missCount = 1, failureCount = 0]
2026-07-29T09:55:27.007+07:00 DEBUG 39817 --- [           main] org.springframework.test.context.cache   : Spring test ApplicationContext cache statistics: [DefaultContextCache@ac337e2 size = 1, maxSize = 32, parentContextCount = 0, hitCount = 420, missCount = 1, failureCount = 0]
2026-07-29T09:55:27.007+07:00 DEBUG 39817 --- [           main] org.springframework.test.context.cache   : Spring test ApplicationContext cache statistics: [DefaultContextCache@ac337e2 size = 1, maxSize = 32, parentContextCount = 0, hitCount = 421, missCount = 1, failureCount = 0]
2026-07-29T09:55:27.008+07:00 DEBUG 39817 --- [           main] org.springframework.test.context.cache   : Spring test ApplicationContext cache statistics: [DefaultContextCache@ac337e2 size = 1, maxSize = 32, parentContextCount = 0, hitCount = 422, missCount = 1, failureCount = 0]
2026-07-29T09:55:27.009+07:00 DEBUG 39817 --- [           main] org.springframework.test.context.cache   : Spring test ApplicationContext cache statistics: [DefaultContextCache@ac337e2 size = 1, maxSize = 32, parentContextCount = 0, hitCount = 423, missCount = 1, failureCount = 0]
2026-07-29T09:55:27.009+07:00 DEBUG 39817 --- [           main] org.springframework.test.context.cache   : Spring test ApplicationContext cache statistics: [DefaultContextCache@ac337e2 size = 1, maxSize = 32, parentContextCount = 0, hitCount = 424, missCount = 1, failureCount = 0]
2026-07-29T09:55:27.009+07:00 DEBUG 39817 --- [           main] o.s.orm.jpa.JpaTransactionManager        : Initiating transaction rollback
2026-07-29T09:55:27.009+07:00 DEBUG 39817 --- [           main] o.s.orm.jpa.JpaTransactionManager        : Rolling back JPA transaction on EntityManager [SessionImpl(1536704362<open>)]
2026-07-29T09:55:27.010+07:00 DEBUG 39817 --- [           main] o.s.orm.jpa.JpaTransactionManager        : Closing JPA EntityManager [SessionImpl(1536704362<open>)] after transaction
2026-07-29T09:55:27.010+07:00 DEBUG 39817 --- [           main] o.s.t.c.transaction.TransactionContext   : Rolled back transaction (1) for test class [com.kaknnea.pos.controller.InventoryControllerIntegrationTest]; test method [stockEndpoints_areStoreAware]
2026-07-29T09:55:27.010+07:00 DEBUG 39817 --- [           main] .c.s.DirtiesContextTestExecutionListener : After test method: class [InventoryControllerIntegrationTest], method [stockEndpoints_areStoreAware], class annotated with @DirtiesContext [false] with mode [null], method annotated with @DirtiesContext [false] with mode [null]
2026-07-29T09:55:27.010+07:00 DEBUG 39817 --- [           main] o.s.t.c.w.ServletTestExecutionListener   : Resetting RequestContextHolder for test class com.kaknnea.pos.controller.InventoryControllerIntegrationTest
]]></system-out>
  </testcase>
  <testcase name="movements_normalizeLegacyTypesAndSnapshotIsPerStore" classname="com.kaknnea.pos.controller.InventoryControllerIntegrationTest" time="0.069">
    <system-out><![CDATA[2026-07-29T09:55:27.011+07:00 DEBUG 39817 --- [           main] org.springframework.test.context.cache   : Spring test ApplicationContext cache statistics: [DefaultContextCache@ac337e2 size = 1, maxSize = 32, parentContextCount = 0, hitCount = 425, missCount = 1, failureCount = 0]
2026-07-29T09:55:27.011+07:00 DEBUG 39817 --- [           main] o.s.t.c.w.ServletTestExecutionListener   : Setting up MockHttpServletRequest, MockHttpServletResponse, ServletWebRequest, and RequestContextHolder for test class com.kaknnea.pos.controller.InventoryControllerIntegrationTest
2026-07-29T09:55:27.011+07:00 DEBUG 39817 --- [           main] DependencyInjectionTestExecutionListener : Performing dependency injection for test class com.kaknnea.pos.controller.InventoryControllerIntegrationTest
2026-07-29T09:55:27.011+07:00 DEBUG 39817 --- [           main] org.springframework.test.context.cache   : Spring test ApplicationContext cache statistics: [DefaultContextCache@ac337e2 size = 1, maxSize = 32, parentContextCount = 0, hitCount = 426, missCount = 1, failureCount = 0]
2026-07-29T09:55:27.011+07:00 DEBUG 39817 --- [           main] org.springframework.test.context.cache   : Spring test ApplicationContext cache statistics: [DefaultContextCache@ac337e2 size = 1, maxSize = 32, parentContextCount = 0, hitCount = 427, missCount = 1, failureCount = 0]
2026-07-29T09:55:27.012+07:00 DEBUG 39817 --- [           main] sContextBeforeModesTestExecutionListener : Before test method: class [InventoryControllerIntegrationTest], method [movements_normalizeLegacyTypesAndSnapshotIsPerStore], class annotated with @DirtiesContext [false] with mode [null], method annotated with @DirtiesContext [false] with mode [null]
2026-07-29T09:55:27.012+07:00 DEBUG 39817 --- [           main] t.c.t.TransactionalTestExecutionListener : Explicit transaction definition [PROPAGATION_REQUIRED,ISOLATION_DEFAULT] found for test class [com.kaknnea.pos.controller.InventoryControllerIntegrationTest] and test method [movements_normalizeLegacyTypesAndSnapshotIsPerStore]
2026-07-29T09:55:27.012+07:00 DEBUG 39817 --- [           main] org.springframework.test.context.cache   : Spring test ApplicationContext cache statistics: [DefaultContextCache@ac337e2 size = 1, maxSize = 32, parentContextCount = 0, hitCount = 428, missCount = 1, failureCount = 0]
2026-07-29T09:55:27.012+07:00 DEBUG 39817 --- [           main] t.c.t.TransactionalTestExecutionListener : No method-level @Rollback override: using default rollback [true] for test method [void com.kaknnea.pos.controller.InventoryControllerIntegrationTest.movements_normalizeLegacyTypesAndSnapshotIsPerStore() throws java.lang.Exception]
2026-07-29T09:55:27.012+07:00 DEBUG 39817 --- [           main] o.s.orm.jpa.JpaTransactionManager        : Creating new transaction with name [com.kaknnea.pos.controller.InventoryControllerIntegrationTest.movements_normalizeLegacyTypesAndSnapshotIsPerStore]: PROPAGATION_REQUIRED,ISOLATION_DEFAULT
2026-07-29T09:55:27.012+07:00 DEBUG 39817 --- [           main] o.s.orm.jpa.JpaTransactionManager        : Opened new EntityManager [SessionImpl(1663902812<open>)] for JPA transaction
2026-07-29T09:55:27.012+07:00 DEBUG 39817 --- [           main] o.s.orm.jpa.JpaTransactionManager        : Exposing JPA transaction as JDBC [org.springframework.orm.jpa.vendor.HibernateJpaDialect$HibernateConnectionHandle@5b5e5e1a]
2026-07-29T09:55:27.012+07:00 DEBUG 39817 --- [           main] o.s.t.c.transaction.TransactionContext   : Began transaction (1) for test class [com.kaknnea.pos.controller.InventoryControllerIntegrationTest]; test method [movements_normalizeLegacyTypesAndSnapshotIsPerStore]; transaction manager [org.springframework.orm.jpa.JpaTransactionManager@1ed69036]; rollback [true]
2026-07-29T09:55:27.012+07:00 DEBUG 39817 --- [           main] org.springframework.test.context.cache   : Spring test ApplicationContext cache statistics: [DefaultContextCache@ac337e2 size = 1, maxSize = 32, parentContextCount = 0, hitCount = 429, missCount = 1, failureCount = 0]
2026-07-29T09:55:27.012+07:00 DEBUG 39817 --- [           main] org.springframework.test.context.cache   : Spring test ApplicationContext cache statistics: [DefaultContextCache@ac337e2 size = 1, maxSize = 32, parentContextCount = 0, hitCount = 430, missCount = 1, failureCount = 0]
2026-07-29T09:55:27.012+07:00 DEBUG 39817 --- [           main] org.springframework.test.context.cache   : Spring test ApplicationContext cache statistics: [DefaultContextCache@ac337e2 size = 1, maxSize = 32, parentContextCount = 0, hitCount = 431, missCount = 1, failureCount = 0]
2026-07-29T09:55:27.013+07:00 DEBUG 39817 --- [           main] org.springframework.test.context.cache   : Spring test ApplicationContext cache statistics: [DefaultContextCache@ac337e2 size = 1, maxSize = 32, parentContextCount = 0, hitCount = 432, missCount = 1, failureCount = 0]
2026-07-29T09:55:27.014+07:00 DEBUG 39817 --- [           main] o.s.orm.jpa.JpaTransactionManager        : Found thread-bound EntityManager [SessionImpl(1663902812<open>)] for JPA transaction
2026-07-29T09:55:27.014+07:00 DEBUG 39817 --- [           main] o.s.orm.jpa.JpaTransactionManager        : Participating in existing transaction
2026-07-29T09:55:27.014+07:00 DEBUG 39817 --- [           main] o.s.d.auditing.AuditingHandlerSupport    : Touched com.kaknnea.pos.domain.Store@4fd43df4 - Last modification at 2026-07-29T09:55:27.014435199 by unknown
2026-07-29T09:55:27.015+07:00 DEBUG 39817 --- [           main] o.s.orm.jpa.JpaTransactionManager        : Found thread-bound EntityManager [SessionImpl(1663902812<open>)] for JPA transaction
2026-07-29T09:55:27.015+07:00 DEBUG 39817 --- [           main] o.s.orm.jpa.JpaTransactionManager        : Participating in existing transaction
2026-07-29T09:55:27.015+07:00 DEBUG 39817 --- [           main] o.s.d.auditing.AuditingHandlerSupport    : Touched com.kaknnea.pos.domain.Store@69299006 - Last modification at 2026-07-29T09:55:27.015645338 by unknown
2026-07-29T09:55:27.016+07:00 DEBUG 39817 --- [           main] o.s.orm.jpa.JpaTransactionManager        : Found thread-bound EntityManager [SessionImpl(1663902812<open>)] for JPA transaction
2026-07-29T09:55:27.016+07:00 DEBUG 39817 --- [           main] o.s.orm.jpa.JpaTransactionManager        : Participating in existing transaction
2026-07-29T09:55:27.016+07:00 DEBUG 39817 --- [           main] o.s.d.auditing.AuditingHandlerSupport    : Touched com.kaknnea.pos.domain.Category@17072211 - Last modification at 2026-07-29T09:55:27.016468826 by unknown
2026-07-29T09:55:27.017+07:00 DEBUG 39817 --- [           main] o.s.orm.jpa.JpaTransactionManager        : Found thread-bound EntityManager [SessionImpl(1663902812<open>)] for JPA transaction
2026-07-29T09:55:27.017+07:00 DEBUG 39817 --- [           main] o.s.orm.jpa.JpaTransactionManager        : Participating in existing transaction
2026-07-29T09:55:27.017+07:00 DEBUG 39817 --- [           main] o.s.d.auditing.AuditingHandlerSupport    : Touched com.kaknnea.pos.domain.Product@3dcc6232 - Last modification at 2026-07-29T09:55:27.017264612 by unknown
2026-07-29T09:55:27.018+07:00 DEBUG 39817 --- [           main] o.s.orm.jpa.JpaTransactionManager        : Found thread-bound EntityManager [SessionImpl(1663902812<open>)] for JPA transaction
2026-07-29T09:55:27.018+07:00 DEBUG 39817 --- [           main] o.s.orm.jpa.JpaTransactionManager        : Participating in existing transaction
2026-07-29T09:55:27.018+07:00 DEBUG 39817 --- [           main] o.s.orm.jpa.JpaTransactionManager        : Found thread-bound EntityManager [SessionImpl(1663902812<open>)] for JPA transaction
2026-07-29T09:55:27.018+07:00 DEBUG 39817 --- [           main] o.s.orm.jpa.JpaTransactionManager        : Participating in existing transaction
2026-07-29T09:55:27.020+07:00 DEBUG 39817 --- [           main] org.springframework.test.context.cache   : Spring test ApplicationContext cache statistics: [DefaultContextCache@ac337e2 size = 1, maxSize = 32, parentContextCount = 0, hitCount = 433, missCount = 1, failureCount = 0]
2026-07-29T09:55:27.020+07:00 DEBUG 39817 --- [           main] o.s.test.util.ReflectionTestUtils        : Invoking method 'getFilters' on target object [FilterChainProxy[Filter Chains: null]] or target class [null] with arguments {org.springframework.mock.web.MockHttpServletRequest@6c555b2d}
2026-07-29T09:55:27.020+07:00 DEBUG 39817 --- [           main] o.s.test.util.ReflectionTestUtils        : Invoking method 'getFilters' on target object [FilterChainProxy[Filter Chains: null]] or target class [null] with arguments {org.springframework.mock.web.MockHttpServletRequest@6c555b2d}
2026-07-29T09:55:27.020+07:00 DEBUG 39817 --- [           main] o.s.test.util.ReflectionTestUtils        : Getting field 'securityContextRepository' from target object [org.springframework.security.web.context.SecurityContextHolderFilter@266ac757] or target class [class org.springframework.security.web.context.SecurityContextHolderFilter]
2026-07-29T09:55:27.021+07:00 DEBUG 39817 --- [           main] o.s.security.web.FilterChainProxy        : Securing POST /api/inventory/stocks/adjust
2026-07-29T09:55:27.021+07:00 DEBUG 39817 --- [           main] o.s.security.web.FilterChainProxy        : Secured POST /api/inventory/stocks/adjust
2026-07-29T09:55:27.021+07:00 DEBUG 39817 --- [           main] o.s.t.web.servlet.TestDispatcherServlet  : POST "/api/inventory/stocks/adjust", parameters={}
2026-07-29T09:55:27.021+07:00 DEBUG 39817 --- [           main] s.w.s.m.m.a.RequestMappingHandlerMapping : Mapped to com.kaknnea.pos.controller.InventoryController#adjust(StockAdjustRequest)
2026-07-29T09:55:27.023+07:00 DEBUG 39817 --- [           main] m.m.a.RequestResponseBodyMethodProcessor : Read "application/json;charset=UTF-8" to [InventoryDtos.StockAdjustRequest(productId=78, quantity=-1, storeId=14, reason=Damage)]
2026-07-29T09:55:27.024+07:00 DEBUG 39817 --- [           main] horizationManagerBeforeMethodInterceptor : Authorizing method invocation ReflectiveMethodInvocation: public com.kaknnea.pos.dto.InventoryDtos$StockResponse com.kaknnea.pos.controller.InventoryController.adjust(com.kaknnea.pos.dto.InventoryDtos$StockAdjustRequest); target is of class [com.kaknnea.pos.controller.InventoryController]
2026-07-29T09:55:27.024+07:00 DEBUG 39817 --- [           main] horizationManagerBeforeMethodInterceptor : Authorized method invocation ReflectiveMethodInvocation: public com.kaknnea.pos.dto.InventoryDtos$StockResponse com.kaknnea.pos.controller.InventoryController.adjust(com.kaknnea.pos.dto.InventoryDtos$StockAdjustRequest); target is of class [com.kaknnea.pos.controller.InventoryController]
2026-07-29T09:55:27.024+07:00 DEBUG 39817 --- [           main] o.s.orm.jpa.JpaTransactionManager        : Found thread-bound EntityManager [SessionImpl(1663902812<open>)] for JPA transaction
2026-07-29T09:55:27.024+07:00 DEBUG 39817 --- [           main] o.s.orm.jpa.JpaTransactionManager        : Participating in existing transaction
2026-07-29T09:55:27.024+07:00 DEBUG 39817 --- [           main] o.s.orm.jpa.JpaTransactionManager        : Found thread-bound EntityManager [SessionImpl(1663902812<open>)] for JPA transaction
2026-07-29T09:55:27.024+07:00 DEBUG 39817 --- [           main] o.s.orm.jpa.JpaTransactionManager        : Participating in existing transaction
2026-07-29T09:55:27.025+07:00 DEBUG 39817 --- [           main] o.s.orm.jpa.JpaTransactionManager        : Found thread-bound EntityManager [SessionImpl(1663902812<open>)] for JPA transaction
2026-07-29T09:55:27.025+07:00 DEBUG 39817 --- [           main] o.s.orm.jpa.JpaTransactionManager        : Participating in existing transaction
2026-07-29T09:55:27.028+07:00 DEBUG 39817 --- [           main] o.s.orm.jpa.JpaTransactionManager        : Found thread-bound EntityManager [SessionImpl(1663902812<open>)] for JPA transaction
2026-07-29T09:55:27.028+07:00 DEBUG 39817 --- [           main] o.s.orm.jpa.JpaTransactionManager        : Participating in existing transaction
2026-07-29T09:55:27.028+07:00 DEBUG 39817 --- [           main] o.s.orm.jpa.JpaTransactionManager        : Found thread-bound EntityManager [SessionImpl(1663902812<open>)] for JPA transaction
2026-07-29T09:55:27.028+07:00 DEBUG 39817 --- [           main] o.s.orm.jpa.JpaTransactionManager        : Participating in existing transaction
2026-07-29T09:55:27.032+07:00 DEBUG 39817 --- [           main] m.m.a.RequestResponseBodyMethodProcessor : Using 'application/json', given [*/*] and supported [application/json, application/*+json]
2026-07-29T09:55:27.032+07:00 DEBUG 39817 --- [           main] m.m.a.RequestResponseBodyMethodProcessor : Writing [InventoryDtos.StockResponse(id=26, productId=78, productNameEn=Coffee Bean 3132989265301, productNam (truncated)...]
2026-07-29T09:55:27.033+07:00 DEBUG 39817 --- [           main] o.s.t.web.servlet.TestDispatcherServlet  : Completed 200 OK
2026-07-29T09:55:27.033+07:00 DEBUG 39817 --- [           main] o.s.test.util.ReflectionTestUtils        : Invoking method 'getFilters' on target object [FilterChainProxy[Filter Chains: null]] or target class [null] with arguments {org.springframework.mock.web.MockHttpServletRequest@14379f00}
2026-07-29T09:55:27.033+07:00 DEBUG 39817 --- [           main] o.s.test.util.ReflectionTestUtils        : Invoking method 'getFilters' on target object [FilterChainProxy[Filter Chains: null]] or target class [null] with arguments {org.springframework.mock.web.MockHttpServletRequest@14379f00}
2026-07-29T09:55:27.033+07:00 DEBUG 39817 --- [           main] o.s.test.util.ReflectionTestUtils        : Getting field 'securityContextRepository' from target object [org.springframework.security.web.context.SecurityContextHolderFilter@266ac757] or target class [class org.springframework.security.web.context.SecurityContextHolderFilter]
2026-07-29T09:55:27.034+07:00 DEBUG 39817 --- [           main] o.s.security.web.FilterChainProxy        : Securing GET /api/inventory/movements
2026-07-29T09:55:27.034+07:00 DEBUG 39817 --- [           main] o.s.security.web.FilterChainProxy        : Secured GET /api/inventory/movements
2026-07-29T09:55:27.034+07:00 DEBUG 39817 --- [           main] o.s.t.web.servlet.TestDispatcherServlet  : GET "/api/inventory/movements", parameters={masked}
2026-07-29T09:55:27.034+07:00 DEBUG 39817 --- [           main] s.w.s.m.m.a.RequestMappingHandlerMapping : Mapped to com.kaknnea.pos.controller.InventoryController#movements(Long)
2026-07-29T09:55:27.034+07:00 DEBUG 39817 --- [           main] horizationManagerBeforeMethodInterceptor : Authorizing method invocation ReflectiveMethodInvocation: public java.util.List com.kaknnea.pos.controller.InventoryController.movements(java.lang.Long); target is of class [com.kaknnea.pos.controller.InventoryController]
2026-07-29T09:55:27.035+07:00 DEBUG 39817 --- [           main] horizationManagerBeforeMethodInterceptor : Authorized method invocation ReflectiveMethodInvocation: public java.util.List com.kaknnea.pos.controller.InventoryController.movements(java.lang.Long); target is of class [com.kaknnea.pos.controller.InventoryController]
2026-07-29T09:55:27.035+07:00 DEBUG 39817 --- [           main] o.s.orm.jpa.JpaTransactionManager        : Found thread-bound EntityManager [SessionImpl(1663902812<open>)] for JPA transaction
2026-07-29T09:55:27.035+07:00 DEBUG 39817 --- [           main] o.s.orm.jpa.JpaTransactionManager        : Participating in existing transaction
2026-07-29T09:55:27.038+07:00 DEBUG 39817 --- [           main] m.m.a.RequestResponseBodyMethodProcessor : Using 'application/json', given [*/*] and supported [application/json, application/*+json]
2026-07-29T09:55:27.039+07:00 DEBUG 39817 --- [           main] m.m.a.RequestResponseBodyMethodProcessor : Writing [[InventoryDtos.StockMovementResponse(id=11, productId=78, productNameEn=Coffee Bean 3132989265301, s (truncated)...]
2026-07-29T09:55:27.040+07:00 DEBUG 39817 --- [           main] o.s.t.web.servlet.TestDispatcherServlet  : Completed 200 OK
2026-07-29T09:55:27.041+07:00 DEBUG 39817 --- [           main] o.s.test.util.ReflectionTestUtils        : Invoking method 'getFilters' on target object [FilterChainProxy[Filter Chains: null]] or target class [null] with arguments {org.springframework.mock.web.MockHttpServletRequest@3c840a00}
2026-07-29T09:55:27.041+07:00 DEBUG 39817 --- [           main] o.s.test.util.ReflectionTestUtils        : Invoking method 'getFilters' on target object [FilterChainProxy[Filter Chains: null]] or target class [null] with arguments {org.springframework.mock.web.MockHttpServletRequest@3c840a00}
2026-07-29T09:55:27.041+07:00 DEBUG 39817 --- [           main] o.s.test.util.ReflectionTestUtils        : Getting field 'securityContextRepository' from target object [org.springframework.security.web.context.SecurityContextHolderFilter@266ac757] or target class [class org.springframework.security.web.context.SecurityContextHolderFilter]
2026-07-29T09:55:27.041+07:00 DEBUG 39817 --- [           main] o.s.security.web.FilterChainProxy        : Securing POST /api/inventory/snapshots
2026-07-29T09:55:27.041+07:00 DEBUG 39817 --- [           main] o.s.security.web.FilterChainProxy        : Secured POST /api/inventory/snapshots
2026-07-29T09:55:27.041+07:00 DEBUG 39817 --- [           main] o.s.t.web.servlet.TestDispatcherServlet  : POST "/api/inventory/snapshots", parameters={masked}
2026-07-29T09:55:27.041+07:00 DEBUG 39817 --- [           main] s.w.s.m.m.a.RequestMappingHandlerMapping : Mapped to com.kaknnea.pos.controller.InventorySnapshotController#snapshot(LocalDate, Long)
2026-07-29T09:55:27.043+07:00 DEBUG 39817 --- [           main] horizationManagerBeforeMethodInterceptor : Authorizing method invocation ReflectiveMethodInvocation: public void com.kaknnea.pos.controller.InventorySnapshotController.snapshot(java.time.LocalDate,java.lang.Long); target is of class [com.kaknnea.pos.controller.InventorySnapshotController]
2026-07-29T09:55:27.044+07:00 DEBUG 39817 --- [           main] horizationManagerBeforeMethodInterceptor : Authorized method invocation ReflectiveMethodInvocation: public void com.kaknnea.pos.controller.InventorySnapshotController.snapshot(java.time.LocalDate,java.lang.Long); target is of class [com.kaknnea.pos.controller.InventorySnapshotController]
2026-07-29T09:55:27.044+07:00 DEBUG 39817 --- [           main] o.s.orm.jpa.JpaTransactionManager        : Found thread-bound EntityManager [SessionImpl(1663902812<open>)] for JPA transaction
2026-07-29T09:55:27.044+07:00 DEBUG 39817 --- [           main] o.s.orm.jpa.JpaTransactionManager        : Participating in existing transaction
2026-07-29T09:55:27.044+07:00 DEBUG 39817 --- [           main] o.s.orm.jpa.JpaTransactionManager        : Found thread-bound EntityManager [SessionImpl(1663902812<open>)] for JPA transaction
2026-07-29T09:55:27.044+07:00 DEBUG 39817 --- [           main] o.s.orm.jpa.JpaTransactionManager        : Participating in existing transaction
2026-07-29T09:55:27.052+07:00 DEBUG 39817 --- [           main] o.s.orm.jpa.JpaTransactionManager        : Found thread-bound EntityManager [SessionImpl(1663902812<open>)] for JPA transaction
2026-07-29T09:55:27.052+07:00 DEBUG 39817 --- [           main] o.s.orm.jpa.JpaTransactionManager        : Participating in existing transaction
2026-07-29T09:55:27.055+07:00 DEBUG 39817 --- [           main] m.m.a.RequestResponseBodyMethodProcessor : Using 'application/json', given [*/*] and supported [application/json, application/*+json]
2026-07-29T09:55:27.055+07:00 DEBUG 39817 --- [           main] m.m.a.RequestResponseBodyMethodProcessor : Nothing to write: null body
2026-07-29T09:55:27.055+07:00 DEBUG 39817 --- [           main] o.s.t.web.servlet.TestDispatcherServlet  : Completed 200 OK
2026-07-29T09:55:27.056+07:00 DEBUG 39817 --- [           main] o.s.test.util.ReflectionTestUtils        : Invoking method 'getFilters' on target object [FilterChainProxy[Filter Chains: null]] or target class [null] with arguments {org.springframework.mock.web.MockHttpServletRequest@e056783}
2026-07-29T09:55:27.056+07:00 DEBUG 39817 --- [           main] o.s.test.util.ReflectionTestUtils        : Invoking method 'getFilters' on target object [FilterChainProxy[Filter Chains: null]] or target class [null] with arguments {org.springframework.mock.web.MockHttpServletRequest@e056783}
2026-07-29T09:55:27.056+07:00 DEBUG 39817 --- [           main] o.s.test.util.ReflectionTestUtils        : Getting field 'securityContextRepository' from target object [org.springframework.security.web.context.SecurityContextHolderFilter@266ac757] or target class [class org.springframework.security.web.context.SecurityContextHolderFilter]
2026-07-29T09:55:27.056+07:00 DEBUG 39817 --- [           main] o.s.security.web.FilterChainProxy        : Securing POST /api/inventory/snapshots
2026-07-29T09:55:27.057+07:00 DEBUG 39817 --- [           main] o.s.security.web.FilterChainProxy        : Secured POST /api/inventory/snapshots
2026-07-29T09:55:27.057+07:00 DEBUG 39817 --- [           main] o.s.t.web.servlet.TestDispatcherServlet  : POST "/api/inventory/snapshots", parameters={masked}
2026-07-29T09:55:27.057+07:00 DEBUG 39817 --- [           main] s.w.s.m.m.a.RequestMappingHandlerMapping : Mapped to com.kaknnea.pos.controller.InventorySnapshotController#snapshot(LocalDate, Long)
2026-07-29T09:55:27.057+07:00 DEBUG 39817 --- [           main] horizationManagerBeforeMethodInterceptor : Authorizing method invocation ReflectiveMethodInvocation: public void com.kaknnea.pos.controller.InventorySnapshotController.snapshot(java.time.LocalDate,java.lang.Long); target is of class [com.kaknnea.pos.controller.InventorySnapshotController]
2026-07-29T09:55:27.057+07:00 DEBUG 39817 --- [           main] horizationManagerBeforeMethodInterceptor : Authorized method invocation ReflectiveMethodInvocation: public void com.kaknnea.pos.controller.InventorySnapshotController.snapshot(java.time.LocalDate,java.lang.Long); target is of class [com.kaknnea.pos.controller.InventorySnapshotController]
2026-07-29T09:55:27.057+07:00 DEBUG 39817 --- [           main] o.s.orm.jpa.JpaTransactionManager        : Found thread-bound EntityManager [SessionImpl(1663902812<open>)] for JPA transaction
2026-07-29T09:55:27.057+07:00 DEBUG 39817 --- [           main] o.s.orm.jpa.JpaTransactionManager        : Participating in existing transaction
2026-07-29T09:55:27.057+07:00 DEBUG 39817 --- [           main] o.s.orm.jpa.JpaTransactionManager        : Found thread-bound EntityManager [SessionImpl(1663902812<open>)] for JPA transaction
2026-07-29T09:55:27.057+07:00 DEBUG 39817 --- [           main] o.s.orm.jpa.JpaTransactionManager        : Participating in existing transaction
2026-07-29T09:55:27.061+07:00 DEBUG 39817 --- [           main] o.s.orm.jpa.JpaTransactionManager        : Participating transaction failed - marking existing transaction as rollback-only
2026-07-29T09:55:27.072+07:00 DEBUG 39817 --- [           main] o.s.orm.jpa.JpaTransactionManager        : Setting JPA transaction on EntityManager [SessionImpl(1663902812<open>)] rollback-only
2026-07-29T09:55:27.072+07:00 DEBUG 39817 --- [           main] .m.m.a.ExceptionHandlerExceptionResolver : Using @ExceptionHandler com.kaknnea.pos.exception.GlobalExceptionHandler#handleApi(ApiException)
2026-07-29T09:55:27.072+07:00 DEBUG 39817 --- [           main] o.s.w.s.m.m.a.HttpEntityMethodProcessor  : Using 'application/json', given [*/*] and supported [application/json, application/*+json]
2026-07-29T09:55:27.073+07:00 DEBUG 39817 --- [           main] o.s.w.s.m.m.a.HttpEntityMethodProcessor  : Writing [{message=Inventory snapshot already exists for this store and date}]
2026-07-29T09:55:27.073+07:00 DEBUG 39817 --- [           main] .m.m.a.ExceptionHandlerExceptionResolver : Resolved [com.kaknnea.pos.exception.ApiException: Inventory snapshot already exists for this store and date]
2026-07-29T09:55:27.073+07:00 DEBUG 39817 --- [           main] o.s.t.web.servlet.TestDispatcherServlet  : Completed 400 BAD_REQUEST
2026-07-29T09:55:27.074+07:00 DEBUG 39817 --- [           main] org.springframework.test.context.cache   : Spring test ApplicationContext cache statistics: [DefaultContextCache@ac337e2 size = 1, maxSize = 32, parentContextCount = 0, hitCount = 434, missCount = 1, failureCount = 0]
2026-07-29T09:55:27.074+07:00 DEBUG 39817 --- [           main] org.springframework.test.context.cache   : Spring test ApplicationContext cache statistics: [DefaultContextCache@ac337e2 size = 1, maxSize = 32, parentContextCount = 0, hitCount = 435, missCount = 1, failureCount = 0]
2026-07-29T09:55:27.074+07:00 DEBUG 39817 --- [           main] org.springframework.test.context.cache   : Spring test ApplicationContext cache statistics: [DefaultContextCache@ac337e2 size = 1, maxSize = 32, parentContextCount = 0, hitCount = 436, missCount = 1, failureCount = 0]
2026-07-29T09:55:27.074+07:00 DEBUG 39817 --- [           main] org.springframework.test.context.cache   : Spring test ApplicationContext cache statistics: [DefaultContextCache@ac337e2 size = 1, maxSize = 32, parentContextCount = 0, hitCount = 437, missCount = 1, failureCount = 0]
2026-07-29T09:55:27.075+07:00 DEBUG 39817 --- [           main] org.springframework.test.context.cache   : Spring test ApplicationContext cache statistics: [DefaultContextCache@ac337e2 size = 1, maxSize = 32, parentContextCount = 0, hitCount = 438, missCount = 1, failureCount = 0]
2026-07-29T09:55:27.077+07:00 DEBUG 39817 --- [           main] org.springframework.test.context.cache   : Spring test ApplicationContext cache statistics: [DefaultContextCache@ac337e2 size = 1, maxSize = 32, parentContextCount = 0, hitCount = 439, missCount = 1, failureCount = 0]
2026-07-29T09:55:27.077+07:00 DEBUG 39817 --- [           main] org.springframework.test.context.cache   : Spring test ApplicationContext cache statistics: [DefaultContextCache@ac337e2 size = 1, maxSize = 32, parentContextCount = 0, hitCount = 440, missCount = 1, failureCount = 0]
2026-07-29T09:55:27.077+07:00 DEBUG 39817 --- [           main] o.s.orm.jpa.JpaTransactionManager        : Initiating transaction rollback
2026-07-29T09:55:27.077+07:00 DEBUG 39817 --- [           main] o.s.orm.jpa.JpaTransactionManager        : Rolling back JPA transaction on EntityManager [SessionImpl(1663902812<open>)]
2026-07-29T09:55:27.079+07:00 DEBUG 39817 --- [           main] o.s.orm.jpa.JpaTransactionManager        : Closing JPA EntityManager [SessionImpl(1663902812<open>)] after transaction
2026-07-29T09:55:27.079+07:00 DEBUG 39817 --- [           main] o.s.t.c.transaction.TransactionContext   : Rolled back transaction (1) for test class [com.kaknnea.pos.controller.InventoryControllerIntegrationTest]; test method [movements_normalizeLegacyTypesAndSnapshotIsPerStore]
2026-07-29T09:55:27.080+07:00 DEBUG 39817 --- [           main] .c.s.DirtiesContextTestExecutionListener : After test method: class [InventoryControllerIntegrationTest], method [movements_normalizeLegacyTypesAndSnapshotIsPerStore], class annotated with @DirtiesContext [false] with mode [null], method annotated with @DirtiesContext [false] with mode [null]
2026-07-29T09:55:27.080+07:00 DEBUG 39817 --- [           main] o.s.t.c.w.ServletTestExecutionListener   : Resetting RequestContextHolder for test class com.kaknnea.pos.controller.InventoryControllerIntegrationTest
]]></system-out>
  </testcase>
</testsuite>